{"/Users/okuni/WebstormProjects/fur/Gruntfile.js":{"path":"/Users/okuni/WebstormProjects/fur/Gruntfile.js","s":{"1":1,"2":1,"3":1,"4":13,"5":0,"6":0,"7":0,"8":0,"9":0,"10":0,"11":1,"12":1,"13":1,"14":1,"15":1,"16":1,"17":1,"18":1,"19":1,"20":1,"21":1,"22":1,"23":1,"24":1,"25":1,"26":1,"27":1,"28":1,"29":1,"30":1,"31":1,"32":1,"33":1,"34":1,"35":1,"36":1,"37":1},"b":{"1":[0,0]},"f":{"1":1,"2":13,"3":0,"4":0},"fnMap":{"1":{"name":"(anonymous_1)","line":14,"loc":{"start":{"line":14,"column":17},"end":{"line":14,"column":34}}},"2":{"name":"ciTask","line":21,"loc":{"start":{"line":21,"column":4},"end":{"line":21,"column":30}}},"3":{"name":"(anonymous_3)","line":22,"loc":{"start":{"line":22,"column":15},"end":{"line":22,"column":27}}},"4":{"name":"(anonymous_4)","line":25,"loc":{"start":{"line":25,"column":56},"end":{"line":25,"column":71}}}},"statementMap":{"1":{"start":{"line":10,"column":0},"end":{"line":11,"column":23}},"2":{"start":{"line":14,"column":0},"end":{"line":127,"column":2}},"3":{"start":{"line":21,"column":4},"end":{"line":33,"column":5}},"4":{"start":{"line":22,"column":8},"end":{"line":33,"column":4}},"5":{"start":{"line":23,"column":12},"end":{"line":24,"column":35}},"6":{"start":{"line":25,"column":12},"end":{"line":31,"column":15}},"7":{"start":{"line":26,"column":16},"end":{"line":28,"column":17}},"8":{"start":{"line":27,"column":20},"end":{"line":27,"column":41}},"9":{"start":{"line":29,"column":16},"end":{"line":29,"column":23}},"10":{"start":{"line":30,"column":16},"end":{"line":30,"column":28}},"11":{"start":{"line":36,"column":4},"end":{"line":55,"column":7}},"12":{"start":{"line":57,"column":4},"end":{"line":57,"column":38}},"13":{"start":{"line":58,"column":4},"end":{"line":58,"column":38}},"14":{"start":{"line":59,"column":4},"end":{"line":59,"column":49}},"15":{"start":{"line":60,"column":4},"end":{"line":60,"column":37}},"16":{"start":{"line":61,"column":4},"end":{"line":61,"column":38}},"17":{"start":{"line":63,"column":4},"end":{"line":63,"column":101}},"18":{"start":{"line":64,"column":4},"end":{"line":64,"column":106}},"19":{"start":{"line":65,"column":4},"end":{"line":65,"column":90}},"20":{"start":{"line":66,"column":4},"end":{"line":66,"column":95}},"21":{"start":{"line":67,"column":4},"end":{"line":67,"column":98}},"22":{"start":{"line":68,"column":4},"end":{"line":68,"column":101}},"23":{"start":{"line":69,"column":4},"end":{"line":69,"column":101}},"24":{"start":{"line":70,"column":4},"end":{"line":70,"column":95}},"25":{"start":{"line":71,"column":4},"end":{"line":71,"column":93}},"26":{"start":{"line":72,"column":4},"end":{"line":72,"column":104}},"27":{"start":{"line":73,"column":4},"end":{"line":73,"column":107}},"28":{"start":{"line":74,"column":4},"end":{"line":74,"column":104}},"29":{"start":{"line":75,"column":4},"end":{"line":75,"column":108}},"30":{"start":{"line":78,"column":4},"end":{"line":85,"column":7}},"31":{"start":{"line":87,"column":4},"end":{"line":89,"column":7}},"32":{"start":{"line":91,"column":4},"end":{"line":93,"column":7}},"33":{"start":{"line":95,"column":4},"end":{"line":103,"column":7}},"34":{"start":{"line":105,"column":4},"end":{"line":109,"column":7}},"35":{"start":{"line":112,"column":4},"end":{"line":116,"column":7}},"36":{"start":{"line":118,"column":4},"end":{"line":122,"column":7}},"37":{"start":{"line":124,"column":4},"end":{"line":126,"column":7}}},"branchMap":{"1":{"line":26,"type":"if","locations":[{"start":{"line":26,"column":16},"end":{"line":26,"column":16}},{"start":{"line":26,"column":16},"end":{"line":26,"column":16}}]}}},"/Users/okuni/WebstormProjects/fur/ci/config/badge-task-config.js":{"path":"/Users/okuni/WebstormProjects/fur/ci/config/badge-task-config.js","s":{"1":1,"2":1,"3":2,"4":4,"5":2,"6":1,"7":4,"8":4},"b":{},"f":{"1":2,"2":4,"3":2,"4":4},"fnMap":{"1":{"name":"(anonymous_1)","line":16,"loc":{"start":{"line":16,"column":9},"end":{"line":16,"column":27}}},"2":{"name":"(anonymous_2)","line":17,"loc":{"start":{"line":17,"column":26},"end":{"line":17,"column":43}}},"3":{"name":"(anonymous_3)","line":24,"loc":{"start":{"line":24,"column":12},"end":{"line":24,"column":39}}},"4":{"name":"(anonymous_4)","line":28,"loc":{"start":{"line":28,"column":32},"end":{"line":28,"column":53}}}},"statementMap":{"1":{"start":{"line":10,"column":0},"end":{"line":13,"column":33}},"2":{"start":{"line":15,"column":0},"end":{"line":26,"column":11}},"3":{"start":{"line":17,"column":8},"end":{"line":22,"column":11}},"4":{"start":{"line":18,"column":12},"end":{"line":22,"column":8}},"5":{"start":{"line":25,"column":8},"end":{"line":25,"column":38}},"6":{"start":{"line":28,"column":0},"end":{"line":41,"column":3}},"7":{"start":{"line":29,"column":4},"end":{"line":30,"column":34}},"8":{"start":{"line":31,"column":4},"end":{"line":40,"column":6}}},"branchMap":{}},"/Users/okuni/WebstormProjects/fur/ci/config/catalog-task-config.js":{"path":"/Users/okuni/WebstormProjects/fur/ci/config/catalog-task-config.js","s":{"1":1,"2":1},"b":{},"f":{},"fnMap":{},"statementMap":{"1":{"start":{"line":11,"column":0},"end":{"line":17,"column":2}},"2":{"start":{"line":20,"column":0},"end":{"line":53,"column":2}}},"branchMap":{}},"/Users/okuni/WebstormProjects/fur/ci/config/chmod-task-config.js":{"path":"/Users/okuni/WebstormProjects/fur/ci/config/chmod-task-config.js","s":{"1":1,"2":1,"3":1},"b":{},"f":{},"fnMap":{},"statementMap":{"1":{"start":{"line":11,"column":0},"end":{"line":14,"column":2}},"2":{"start":{"line":16,"column":0},"end":{"line":22,"column":2}},"3":{"start":{"line":24,"column":0},"end":{"line":28,"column":2}}},"branchMap":{}},"/Users/okuni/WebstormProjects/fur/ci/config/exec-task-config.js":{"path":"/Users/okuni/WebstormProjects/fur/ci/config/exec-task-config.js","s":{"1":1,"2":1,"3":1,"4":1,"5":1,"6":1},"b":{},"f":{},"fnMap":{},"statementMap":{"1":{"start":{"line":16,"column":0},"end":{"line":19,"column":2}},"2":{"start":{"line":21,"column":0},"end":{"line":24,"column":2}},"3":{"start":{"line":26,"column":0},"end":{"line":28,"column":2}},"4":{"start":{"line":30,"column":0},"end":{"line":32,"column":2}},"5":{"start":{"line":34,"column":0},"end":{"line":36,"column":2}},"6":{"start":{"line":38,"column":0},"end":{"line":40,"column":2}}},"branchMap":{}},"/Users/okuni/WebstormProjects/fur/ci/config/favicon-task-config.js":{"path":"/Users/okuni/WebstormProjects/fur/ci/config/favicon-task-config.js","s":{"1":1,"2":1,"3":1,"4":3,"5":1,"6":2,"7":1,"8":2,"9":1,"10":2,"11":1,"12":2},"b":{},"f":{"1":3,"2":2,"3":2,"4":2,"5":2},"fnMap":{"1":{"name":"(anonymous_1)","line":19,"loc":{"start":{"line":19,"column":29},"end":{"line":19,"column":46}}},"2":{"name":"(anonymous_2)","line":34,"loc":{"start":{"line":34,"column":31},"end":{"line":34,"column":49}}},"3":{"name":"(anonymous_3)","line":46,"loc":{"start":{"line":46,"column":26},"end":{"line":46,"column":44}}},"4":{"name":"(anonymous_4)","line":58,"loc":{"start":{"line":58,"column":33},"end":{"line":58,"column":51}}},"5":{"name":"(anonymous_5)","line":74,"loc":{"start":{"line":74,"column":31},"end":{"line":74,"column":49}}}},"statementMap":{"1":{"start":{"line":14,"column":0},"end":{"line":15,"column":29}},"2":{"start":{"line":17,"column":0},"end":{"line":17,"column":58}},"3":{"start":{"line":19,"column":0},"end":{"line":31,"column":3}},"4":{"start":{"line":20,"column":4},"end":{"line":31,"column":0}},"5":{"start":{"line":34,"column":0},"end":{"line":44,"column":3}},"6":{"start":{"line":35,"column":4},"end":{"line":44,"column":0}},"7":{"start":{"line":46,"column":0},"end":{"line":56,"column":3}},"8":{"start":{"line":47,"column":4},"end":{"line":56,"column":0}},"9":{"start":{"line":58,"column":0},"end":{"line":72,"column":3}},"10":{"start":{"line":59,"column":4},"end":{"line":72,"column":0}},"11":{"start":{"line":74,"column":0},"end":{"line":85,"column":3}},"12":{"start":{"line":75,"column":4},"end":{"line":85,"column":0}}},"branchMap":{}},"/Users/okuni/WebstormProjects/fur/lib/generate_favicon.js":{"path":"/Users/okuni/WebstormProjects/fur/lib/generate_favicon.js","s":{"1":1,"2":1,"3":1,"4":1,"5":2,"6":2,"7":2,"8":2,"9":2,"10":2,"11":1,"12":1,"13":5,"14":5,"15":5,"16":1,"17":4},"b":{"1":[2,2],"2":[5,5],"3":[1,4]},"f":{"1":2,"2":5},"fnMap":{"1":{"name":"generateFavicon","line":38,"loc":{"start":{"line":38,"column":27},"end":{"line":38,"column":81}}},"2":{"name":"(anonymous_2)","line":76,"loc":{"start":{"line":76,"column":24},"end":{"line":76,"column":41}}}},"statementMap":{"1":{"start":{"line":23,"column":0},"end":{"line":27,"column":37}},"2":{"start":{"line":29,"column":0},"end":{"line":29,"column":45}},"3":{"start":{"line":31,"column":0},"end":{"line":35,"column":2}},"4":{"start":{"line":38,"column":0},"end":{"line":70,"column":2}},"5":{"start":{"line":39,"column":4},"end":{"line":48,"column":16}},"6":{"start":{"line":51,"column":4},"end":{"line":52,"column":56}},"7":{"start":{"line":54,"column":4},"end":{"line":54,"column":47}},"8":{"start":{"line":55,"column":4},"end":{"line":64,"column":7}},"9":{"start":{"line":66,"column":4},"end":{"line":66,"column":84}},"10":{"start":{"line":68,"column":4},"end":{"line":69,"column":46}},"11":{"start":{"line":73,"column":0},"end":{"line":73,"column":42}},"12":{"start":{"line":76,"column":0},"end":{"line":83,"column":2}},"13":{"start":{"line":77,"column":4},"end":{"line":77,"column":58}},"14":{"start":{"line":78,"column":4},"end":{"line":78,"column":36}},"15":{"start":{"line":79,"column":4},"end":{"line":81,"column":5}},"16":{"start":{"line":80,"column":8},"end":{"line":80,"column":51}},"17":{"start":{"line":82,"column":4},"end":{"line":82,"column":20}}},"branchMap":{"1":{"line":60,"type":"binary-expr","locations":[{"start":{"line":60,"column":18},"end":{"line":60,"column":29}},{"start":{"line":60,"column":33},"end":{"line":60,"column":48}}]},"2":{"line":77,"type":"binary-expr","locations":[{"start":{"line":77,"column":14},"end":{"line":77,"column":19}},{"start":{"line":77,"column":23},"end":{"line":77,"column":57}}]},"3":{"line":79,"type":"if","locations":[{"start":{"line":79,"column":4},"end":{"line":79,"column":4}},{"start":{"line":79,"column":4},"end":{"line":79,"column":4}}]}}},"/Users/okuni/WebstormProjects/fur/lib/icons/index.js":{"path":"/Users/okuni/WebstormProjects/fur/lib/icons/index.js","s":{"1":1,"2":1,"3":1,"4":1},"b":{},"f":{},"fnMap":{},"statementMap":{"1":{"start":{"line":10,"column":0},"end":{"line":10,"column":62}},"2":{"start":{"line":11,"column":0},"end":{"line":11,"column":58}},"3":{"start":{"line":12,"column":0},"end":{"line":12,"column":36}},"4":{"start":{"line":13,"column":0},"end":{"line":13,"column":45}}},"branchMap":{}},"/Users/okuni/WebstormProjects/fur/lib/icons/bordered_text_icon.js":{"path":"/Users/okuni/WebstormProjects/fur/lib/icons/bordered_text_icon.js","s":{"1":1,"2":1,"3":1,"4":1,"5":1,"6":4,"7":4},"b":{"1":[1,1]},"f":{"1":1,"2":1,"3":4},"fnMap":{"1":{"name":"(anonymous_1)","line":22,"loc":{"start":{"line":22,"column":25},"end":{"line":22,"column":37}}},"2":{"name":"(anonymous_2)","line":25,"loc":{"start":{"line":25,"column":15},"end":{"line":25,"column":27}}},"3":{"name":"(anonymous_3)","line":29,"loc":{"start":{"line":29,"column":21},"end":{"line":29,"column":33}}}},"statementMap":{"1":{"start":{"line":12,"column":0},"end":{"line":14,"column":38}},"2":{"start":{"line":16,"column":0},"end":{"line":34,"column":3}},"3":{"start":{"line":23,"column":12},"end":{"line":23,"column":26}},"4":{"start":{"line":26,"column":12},"end":{"line":26,"column":25}},"5":{"start":{"line":27,"column":12},"end":{"line":27,"column":47}},"6":{"start":{"line":30,"column":12},"end":{"line":30,"column":25}},"7":{"start":{"line":31,"column":12},"end":{"line":31,"column":34}}},"branchMap":{"1":{"line":27,"type":"binary-expr","locations":[{"start":{"line":27,"column":19},"end":{"line":27,"column":27}},{"start":{"line":27,"column":31},"end":{"line":27,"column":46}}]}}},"/Users/okuni/WebstormProjects/fur/lib/icons/_define_icon.js":{"path":"/Users/okuni/WebstormProjects/fur/lib/icons/_define_icon.js","s":{"1":1,"2":1,"3":4,"4":4},"b":{"1":[4,2]},"f":{"1":4},"fnMap":{"1":{"name":"(anonymous_1)","line":14,"loc":{"start":{"line":14,"column":17},"end":{"line":14,"column":32}}}},"statementMap":{"1":{"start":{"line":12,"column":0},"end":{"line":12,"column":39}},"2":{"start":{"line":14,"column":0},"end":{"line":17,"column":2}},"3":{"start":{"line":15,"column":4},"end":{"line":15,"column":55}},"4":{"start":{"line":16,"column":4},"end":{"line":16,"column":23}}},"branchMap":{"1":{"line":15,"type":"binary-expr","locations":[{"start":{"line":15,"column":20},"end":{"line":15,"column":33}},{"start":{"line":15,"column":37},"end":{"line":15,"column":54}}]}}},"/Users/okuni/WebstormProjects/fur/lib/util/define.js":{"path":"/Users/okuni/WebstormProjects/fur/lib/util/define.js","s":{"1":1,"2":12,"3":27,"4":27,"5":26,"6":12,"7":12,"8":10,"9":12,"10":12,"11":12,"12":12,"13":2,"14":12,"15":0,"16":12,"17":12,"18":12,"19":12,"20":12,"21":1,"22":26,"23":26,"24":39,"25":0,"26":39,"27":39,"28":26,"29":1,"30":0,"31":0,"32":1,"33":12,"34":45,"35":1,"36":12,"37":0,"38":12,"39":17,"40":17,"41":1,"42":17,"43":180,"44":180,"45":40,"46":40,"47":140,"48":12},"b":{"1":[26,1],"2":[12,2],"3":[10,2],"4":[12,3,3],"5":[12,10],"6":[2,10],"7":[12,12,6],"8":[26,8],"9":[0,39],"10":[0,12],"11":[1,16],"12":[17,17],"13":[40,140]},"f":{"1":12,"2":27,"3":0,"4":26,"5":39,"6":0,"7":12,"8":45,"9":12,"10":17,"11":180},"fnMap":{"1":{"name":"(anonymous_1)","line":12,"loc":{"start":{"line":12,"column":27},"end":{"line":12,"column":42}}},"2":{"name":"(anonymous_2)","line":13,"loc":{"start":{"line":13,"column":22},"end":{"line":13,"column":34}}},"3":{"name":"(anonymous_3)","line":33,"loc":{"start":{"line":33,"column":37},"end":{"line":33,"column":49}}},"4":{"name":"(anonymous_4)","line":47,"loc":{"start":{"line":47,"column":15},"end":{"line":47,"column":33}}},"5":{"name":"(anonymous_5)","line":49,"loc":{"start":{"line":49,"column":42},"end":{"line":49,"column":57}}},"6":{"name":"(anonymous_6)","line":59,"loc":{"start":{"line":59,"column":15},"end":{"line":59,"column":30}}},"7":{"name":"(anonymous_7)","line":72,"loc":{"start":{"line":72,"column":23},"end":{"line":72,"column":56}}},"8":{"name":"(anonymous_8)","line":73,"loc":{"start":{"line":73,"column":34},"end":{"line":73,"column":50}}},"9":{"name":"(anonymous_9)","line":86,"loc":{"start":{"line":86,"column":23},"end":{"line":86,"column":52}}},"10":{"name":"(anonymous_10)","line":88,"loc":{"start":{"line":88,"column":17},"end":{"line":88,"column":33}}},"11":{"name":"(anonymous_11)","line":93,"loc":{"start":{"line":93,"column":69},"end":{"line":93,"column":81}}}},"statementMap":{"1":{"start":{"line":12,"column":0},"end":{"line":44,"column":2}},"2":{"start":{"line":13,"column":4},"end":{"line":18,"column":6}},"3":{"start":{"line":14,"column":8},"end":{"line":14,"column":21}},"4":{"start":{"line":15,"column":8},"end":{"line":17,"column":9}},"5":{"start":{"line":16,"column":12},"end":{"line":16,"column":39}},"6":{"start":{"line":20,"column":4},"end":{"line":20,"column":51}},"7":{"start":{"line":21,"column":4},"end":{"line":23,"column":5}},"8":{"start":{"line":22,"column":8},"end":{"line":22,"column":48}},"9":{"start":{"line":25,"column":4},"end":{"line":25,"column":58}},"10":{"start":{"line":26,"column":4},"end":{"line":26,"column":50}},"11":{"start":{"line":28,"column":4},"end":{"line":28,"column":42}},"12":{"start":{"line":29,"column":4},"end":{"line":31,"column":5}},"13":{"start":{"line":30,"column":8},"end":{"line":30,"column":42}},"14":{"start":{"line":33,"column":4},"end":{"line":35,"column":6}},"15":{"start":{"line":34,"column":8},"end":{"line":34,"column":19}},"16":{"start":{"line":37,"column":4},"end":{"line":37,"column":45}},"17":{"start":{"line":38,"column":4},"end":{"line":38,"column":45}},"18":{"start":{"line":40,"column":4},"end":{"line":40,"column":55}},"19":{"start":{"line":41,"column":4},"end":{"line":41,"column":48}},"20":{"start":{"line":43,"column":4},"end":{"line":43,"column":23}},"21":{"start":{"line":47,"column":0},"end":{"line":57,"column":2}},"22":{"start":{"line":48,"column":4},"end":{"line":48,"column":17}},"23":{"start":{"line":49,"column":4},"end":{"line":55,"column":7}},"24":{"start":{"line":50,"column":8},"end":{"line":52,"column":9}},"25":{"start":{"line":51,"column":12},"end":{"line":51,"column":51}},"26":{"start":{"line":53,"column":8},"end":{"line":53,"column":30}},"27":{"start":{"line":54,"column":8},"end":{"line":54,"column":20}},"28":{"start":{"line":56,"column":4},"end":{"line":56,"column":13}},"29":{"start":{"line":59,"column":0},"end":{"line":62,"column":2}},"30":{"start":{"line":60,"column":4},"end":{"line":60,"column":17}},"31":{"start":{"line":61,"column":4},"end":{"line":61,"column":20}},"32":{"start":{"line":72,"column":0},"end":{"line":76,"column":2}},"33":{"start":{"line":73,"column":4},"end":{"line":75,"column":7}},"34":{"start":{"line":74,"column":8},"end":{"line":74,"column":53}},"35":{"start":{"line":86,"column":0},"end":{"line":104,"column":2}},"36":{"start":{"line":87,"column":4},"end":{"line":87,"column":57}},"37":{"start":{"line":87,"column":34},"end":{"line":87,"column":57}},"38":{"start":{"line":88,"column":4},"end":{"line":102,"column":7}},"39":{"start":{"line":89,"column":8},"end":{"line":89,"column":36}},"40":{"start":{"line":90,"column":8},"end":{"line":92,"column":9}},"41":{"start":{"line":91,"column":12},"end":{"line":91,"column":51}},"42":{"start":{"line":93,"column":8},"end":{"line":101,"column":10}},"43":{"start":{"line":94,"column":12},"end":{"line":94,"column":25}},"44":{"start":{"line":95,"column":12},"end":{"line":100,"column":13}},"45":{"start":{"line":96,"column":16},"end":{"line":96,"column":43}},"46":{"start":{"line":97,"column":16},"end":{"line":97,"column":25}},"47":{"start":{"line":99,"column":16},"end":{"line":99,"column":35}},"48":{"start":{"line":103,"column":4},"end":{"line":103,"column":23}}},"branchMap":{"1":{"line":15,"type":"if","locations":[{"start":{"line":15,"column":8},"end":{"line":15,"column":8}},{"start":{"line":15,"column":8},"end":{"line":15,"column":8}}]},"2":{"line":20,"type":"binary-expr","locations":[{"start":{"line":20,"column":20},"end":{"line":20,"column":33}},{"start":{"line":20,"column":37},"end":{"line":20,"column":50}}]},"3":{"line":21,"type":"if","locations":[{"start":{"line":21,"column":4},"end":{"line":21,"column":4}},{"start":{"line":21,"column":4},"end":{"line":21,"column":4}}]},"4":{"line":25,"type":"binary-expr","locations":[{"start":{"line":25,"column":21},"end":{"line":25,"column":35}},{"start":{"line":25,"column":39},"end":{"line":25,"column":51}},{"start":{"line":25,"column":55},"end":{"line":25,"column":57}}]},"5":{"line":28,"type":"binary-expr","locations":[{"start":{"line":28,"column":15},"end":{"line":28,"column":23}},{"start":{"line":28,"column":27},"end":{"line":28,"column":41}}]},"6":{"line":29,"type":"if","locations":[{"start":{"line":29,"column":4},"end":{"line":29,"column":4}},{"start":{"line":29,"column":4},"end":{"line":29,"column":4}}]},"7":{"line":40,"type":"binary-expr","locations":[{"start":{"line":40,"column":19},"end":{"line":40,"column":31}},{"start":{"line":40,"column":35},"end":{"line":40,"column":48}},{"start":{"line":40,"column":52},"end":{"line":40,"column":54}}]},"8":{"line":49,"type":"binary-expr","locations":[{"start":{"line":49,"column":4},"end":{"line":49,"column":10}},{"start":{"line":49,"column":14},"end":{"line":55,"column":6}}]},"9":{"line":50,"type":"if","locations":[{"start":{"line":50,"column":8},"end":{"line":50,"column":8}},{"start":{"line":50,"column":8},"end":{"line":50,"column":8}}]},"10":{"line":87,"type":"if","locations":[{"start":{"line":87,"column":4},"end":{"line":87,"column":4}},{"start":{"line":87,"column":4},"end":{"line":87,"column":4}}]},"11":{"line":90,"type":"if","locations":[{"start":{"line":90,"column":8},"end":{"line":90,"column":8}},{"start":{"line":90,"column":8},"end":{"line":90,"column":8}}]},"12":{"line":93,"type":"binary-expr","locations":[{"start":{"line":93,"column":38},"end":{"line":93,"column":65}},{"start":{"line":93,"column":69},"end":{"line":101,"column":9}}]},"13":{"line":95,"type":"if","locations":[{"start":{"line":95,"column":12},"end":{"line":95,"column":12}},{"start":{"line":95,"column":12},"end":{"line":95,"column":12}}]}}},"/Users/okuni/WebstormProjects/fur/lib/icons/text_icon.js":{"path":"/Users/okuni/WebstormProjects/fur/lib/icons/text_icon.js","s":{"1":1,"2":1,"3":5,"4":5,"5":5,"6":5,"7":5},"b":{"1":[5,5],"2":[5,5]},"f":{"1":5,"2":5},"fnMap":{"1":{"name":"(anonymous_1)","line":65,"loc":{"start":{"line":65,"column":23},"end":{"line":65,"column":35}}},"2":{"name":"(anonymous_2)","line":89,"loc":{"start":{"line":89,"column":19},"end":{"line":89,"column":31}}}},"statementMap":{"1":{"start":{"line":13,"column":0},"end":{"line":15,"column":38}},"2":{"start":{"line":18,"column":0},"end":{"line":97,"column":3}},"3":{"start":{"line":66,"column":12},"end":{"line":66,"column":25}},"4":{"start":{"line":67,"column":12},"end":{"line":70,"column":41}},"5":{"start":{"line":72,"column":12},"end":{"line":82,"column":15}},"6":{"start":{"line":90,"column":12},"end":{"line":91,"column":61}},"7":{"start":{"line":92,"column":12},"end":{"line":94,"column":15}}},"branchMap":{"1":{"line":69,"type":"binary-expr","locations":[{"start":{"line":69,"column":22},"end":{"line":69,"column":33}},{"start":{"line":69,"column":37},"end":{"line":69,"column":38}}]},"2":{"line":70,"type":"binary-expr","locations":[{"start":{"line":70,"column":23},"end":{"line":70,"column":35}},{"start":{"line":70,"column":39},"end":{"line":70,"column":40}}]}}},"/Users/okuni/WebstormProjects/fur/lib/icons/icon.js":{"path":"/Users/okuni/WebstormProjects/fur/lib/icons/icon.js","s":{"1":1,"2":1,"3":1,"4":9,"5":9,"6":9,"7":9,"8":8,"9":8,"10":9,"11":9},"b":{},"f":{"1":9,"2":9,"3":8,"4":9},"fnMap":{"1":{"name":"(anonymous_1)","line":58,"loc":{"start":{"line":58,"column":15},"end":{"line":58,"column":30}}},"2":{"name":"(anonymous_2)","line":62,"loc":{"start":{"line":62,"column":16},"end":{"line":62,"column":31}}},"3":{"name":"(anonymous_3)","line":71,"loc":{"start":{"line":71,"column":29},"end":{"line":71,"column":41}}},"4":{"name":"(anonymous_4)","line":95,"loc":{"start":{"line":95,"column":19},"end":{"line":95,"column":31}}}},"statementMap":{"1":{"start":{"line":14,"column":0},"end":{"line":16,"column":52}},"2":{"start":{"line":19,"column":0},"end":{"line":19,"column":9}},"3":{"start":{"line":20,"column":0},"end":{"line":102,"column":3}},"4":{"start":{"line":59,"column":12},"end":{"line":59,"column":25}},"5":{"start":{"line":60,"column":12},"end":{"line":60,"column":46}},"6":{"start":{"line":63,"column":12},"end":{"line":63,"column":25}},"7":{"start":{"line":64,"column":12},"end":{"line":64,"column":46}},"8":{"start":{"line":72,"column":12},"end":{"line":73,"column":32}},"9":{"start":{"line":74,"column":12},"end":{"line":89,"column":8}},"10":{"start":{"line":96,"column":12},"end":{"line":96,"column":25}},"11":{"start":{"line":97,"column":12},"end":{"line":99,"column":14}}},"branchMap":{}},"/Users/okuni/WebstormProjects/fur/lib/images/fabric_image.js":{"path":"/Users/okuni/WebstormProjects/fur/lib/images/fabric_image.js","s":{"1":1,"2":1,"3":14,"4":14,"5":14,"6":3,"7":3,"8":3,"9":9,"10":9,"11":0,"12":0,"13":9,"14":2,"15":2,"16":2,"17":0,"18":9,"19":9,"20":9,"21":9,"22":9,"23":0,"24":9,"25":9,"26":9,"27":9,"28":14,"29":9,"30":9,"31":6,"32":6,"33":6,"34":0,"35":0,"36":6,"37":6,"38":6,"39":7,"40":7,"41":3,"42":3,"43":0,"44":0,"45":3,"46":3,"47":7,"48":0,"49":0,"50":7,"51":7,"52":1,"53":1,"54":1,"55":1,"56":1,"57":1,"58":1,"59":2,"60":2,"61":2,"62":2,"63":0,"64":0,"65":0,"66":0,"67":1,"68":1,"69":1,"70":1,"71":1,"72":0,"73":1,"74":1,"75":0,"76":0,"77":1,"78":1,"79":1,"80":1,"81":0,"82":0,"83":1,"84":1,"85":1},"b":{"1":[0,9],"2":[0,6],"3":[0,3],"4":[0,7],"5":[2,0,0],"6":[1,0],"7":[0,1],"8":[0,0],"9":[1,1]},"f":{"1":14,"2":3,"3":9,"4":2,"5":9,"6":0,"7":9,"8":6,"9":6,"10":7,"11":3,"12":3,"13":7,"14":1,"15":1,"16":1,"17":1,"18":2,"19":1,"20":1,"21":1,"22":1,"23":1,"24":1,"25":0,"26":1},"fnMap":{"1":{"name":"(anonymous_1)","line":23,"loc":{"start":{"line":23,"column":10},"end":{"line":23,"column":28}}},"2":{"name":"(anonymous_2)","line":41,"loc":{"start":{"line":41,"column":23},"end":{"line":41,"column":55}}},"3":{"name":"(anonymous_3)","line":54,"loc":{"start":{"line":54,"column":25},"end":{"line":54,"column":43}}},"4":{"name":"(anonymous_4)","line":60,"loc":{"start":{"line":60,"column":38},"end":{"line":60,"column":54}}},"5":{"name":"(anonymous_5)","line":75,"loc":{"start":{"line":75,"column":22},"end":{"line":75,"column":34}}},"6":{"name":"(anonymous_6)","line":86,"loc":{"start":{"line":86,"column":19},"end":{"line":86,"column":31}}},"7":{"name":"(anonymous_7)","line":94,"loc":{"start":{"line":94,"column":14},"end":{"line":94,"column":26}}},"8":{"name":"(anonymous_8)","line":110,"loc":{"start":{"line":110,"column":15},"end":{"line":110,"column":35}}},"9":{"name":"(anonymous_9)","line":113,"loc":{"start":{"line":113,"column":33},"end":{"line":113,"column":55}}},"10":{"name":"(anonymous_10)","line":123,"loc":{"start":{"line":123,"column":28},"end":{"line":123,"column":48}}},"11":{"name":"(anonymous_11)","line":125,"loc":{"start":{"line":125,"column":41},"end":{"line":125,"column":71}}},"12":{"name":"(anonymous_12)","line":126,"loc":{"start":{"line":126,"column":47},"end":{"line":126,"column":70}}},"13":{"name":"(anonymous_13)","line":137,"loc":{"start":{"line":137,"column":15},"end":{"line":137,"column":37}}},"14":{"name":"(anonymous_14)","line":152,"loc":{"start":{"line":152,"column":20},"end":{"line":152,"column":50}}},"15":{"name":"(anonymous_15)","line":155,"loc":{"start":{"line":155,"column":29},"end":{"line":155,"column":41}}},"16":{"name":"(anonymous_16)","line":157,"loc":{"start":{"line":157,"column":20},"end":{"line":157,"column":40}}},"17":{"name":"(anonymous_17)","line":160,"loc":{"start":{"line":160,"column":20},"end":{"line":160,"column":51}}},"18":{"name":"(anonymous_18)","line":176,"loc":{"start":{"line":176,"column":15},"end":{"line":176,"column":53}}},"19":{"name":"(anonymous_19)","line":194,"loc":{"start":{"line":194,"column":27},"end":{"line":194,"column":57}}},"20":{"name":"(anonymous_20)","line":196,"loc":{"start":{"line":196,"column":8},"end":{"line":196,"column":28}}},"21":{"name":"(anonymous_21)","line":197,"loc":{"start":{"line":197,"column":32},"end":{"line":197,"column":50}}},"22":{"name":"(anonymous_22)","line":205,"loc":{"start":{"line":205,"column":8},"end":{"line":205,"column":28}}},"23":{"name":"(anonymous_23)","line":208,"loc":{"start":{"line":208,"column":7},"end":{"line":208,"column":22}}},"24":{"name":"(anonymous_24)","line":217,"loc":{"start":{"line":217,"column":20},"end":{"line":217,"column":56}}},"25":{"name":"(anonymous_25)","line":219,"loc":{"start":{"line":219,"column":23},"end":{"line":219,"column":38}}},"26":{"name":"(anonymous_26)","line":223,"loc":{"start":{"line":223,"column":21},"end":{"line":223,"column":45}}}},"statementMap":{"1":{"start":{"line":12,"column":0},"end":{"line":20,"column":31}},"2":{"start":{"line":22,"column":0},"end":{"line":191,"column":3}},"3":{"start":{"line":24,"column":8},"end":{"line":24,"column":21}},"4":{"start":{"line":25,"column":8},"end":{"line":25,"column":22}},"5":{"start":{"line":26,"column":8},"end":{"line":26,"column":31}},"6":{"start":{"line":42,"column":12},"end":{"line":42,"column":25}},"7":{"start":{"line":43,"column":12},"end":{"line":46,"column":15}},"8":{"start":{"line":47,"column":12},"end":{"line":47,"column":21}},"9":{"start":{"line":55,"column":12},"end":{"line":55,"column":25}},"10":{"start":{"line":56,"column":12},"end":{"line":59,"column":13}},"11":{"start":{"line":57,"column":16},"end":{"line":57,"column":59}},"12":{"start":{"line":58,"column":16},"end":{"line":58,"column":30}},"13":{"start":{"line":60,"column":12},"end":{"line":67,"column":15}},"14":{"start":{"line":61,"column":16},"end":{"line":66,"column":17}},"15":{"start":{"line":62,"column":20},"end":{"line":62,"column":79}},"16":{"start":{"line":63,"column":20},"end":{"line":63,"column":58}},"17":{"start":{"line":65,"column":20},"end":{"line":65,"column":37}},"18":{"start":{"line":68,"column":12},"end":{"line":68,"column":26}},"19":{"start":{"line":76,"column":12},"end":{"line":76,"column":25}},"20":{"start":{"line":77,"column":12},"end":{"line":77,"column":75}},"21":{"start":{"line":78,"column":12},"end":{"line":78,"column":38}},"22":{"start":{"line":79,"column":12},"end":{"line":79,"column":27}},"23":{"start":{"line":87,"column":12},"end":{"line":87,"column":22}},"24":{"start":{"line":95,"column":12},"end":{"line":96,"column":42}},"25":{"start":{"line":97,"column":12},"end":{"line":97,"column":31}},"26":{"start":{"line":98,"column":12},"end":{"line":98,"column":42}},"27":{"start":{"line":99,"column":12},"end":{"line":101,"column":13}},"28":{"start":{"line":100,"column":16},"end":{"line":100,"column":41}},"29":{"start":{"line":102,"column":12},"end":{"line":102,"column":31}},"30":{"start":{"line":103,"column":12},"end":{"line":103,"column":26}},"31":{"start":{"line":111,"column":12},"end":{"line":112,"column":39}},"32":{"start":{"line":113,"column":12},"end":{"line":121,"column":15}},"33":{"start":{"line":114,"column":16},"end":{"line":117,"column":17}},"34":{"start":{"line":115,"column":20},"end":{"line":115,"column":34}},"35":{"start":{"line":116,"column":20},"end":{"line":116,"column":27}},"36":{"start":{"line":118,"column":16},"end":{"line":118,"column":59}},"37":{"start":{"line":119,"column":16},"end":{"line":119,"column":40}},"38":{"start":{"line":120,"column":16},"end":{"line":120,"column":41}},"39":{"start":{"line":124,"column":12},"end":{"line":124,"column":25}},"40":{"start":{"line":125,"column":12},"end":{"line":144,"column":15}},"41":{"start":{"line":126,"column":16},"end":{"line":137,"column":12}},"42":{"start":{"line":127,"column":20},"end":{"line":130,"column":21}},"43":{"start":{"line":128,"column":24},"end":{"line":128,"column":38}},"44":{"start":{"line":129,"column":24},"end":{"line":129,"column":31}},"45":{"start":{"line":131,"column":20},"end":{"line":134,"column":22}},"46":{"start":{"line":135,"column":20},"end":{"line":135,"column":42}},"47":{"start":{"line":138,"column":16},"end":{"line":141,"column":17}},"48":{"start":{"line":139,"column":20},"end":{"line":139,"column":34}},"49":{"start":{"line":140,"column":20},"end":{"line":140,"column":27}},"50":{"start":{"line":142,"column":16},"end":{"line":142,"column":94}},"51":{"start":{"line":143,"column":16},"end":{"line":143,"column":38}},"52":{"start":{"line":153,"column":12},"end":{"line":153,"column":25}},"53":{"start":{"line":154,"column":12},"end":{"line":154,"column":34}},"54":{"start":{"line":155,"column":12},"end":{"line":168,"column":15}},"55":{"start":{"line":156,"column":16},"end":{"line":166,"column":29}},"56":{"start":{"line":158,"column":24},"end":{"line":158,"column":69}},"57":{"start":{"line":161,"column":24},"end":{"line":162,"column":24}},"58":{"start":{"line":162,"column":24},"end":{"line":164,"column":26}},"59":{"start":{"line":177,"column":12},"end":{"line":177,"column":25}},"60":{"start":{"line":178,"column":12},"end":{"line":188,"column":13}},"61":{"start":{"line":180,"column":20},"end":{"line":180,"column":53}},"62":{"start":{"line":181,"column":20},"end":{"line":181,"column":26}},"63":{"start":{"line":183,"column":20},"end":{"line":183,"column":53}},"64":{"start":{"line":184,"column":20},"end":{"line":184,"column":26}},"65":{"start":{"line":186,"column":20},"end":{"line":186,"column":69}},"66":{"start":{"line":187,"column":20},"end":{"line":187,"column":26}},"67":{"start":{"line":194,"column":0},"end":{"line":215,"column":2}},"68":{"start":{"line":195,"column":4},"end":{"line":214,"column":7}},"69":{"start":{"line":197,"column":12},"end":{"line":204,"column":8}},"70":{"start":{"line":198,"column":16},"end":{"line":202,"column":17}},"71":{"start":{"line":199,"column":20},"end":{"line":199,"column":50}},"72":{"start":{"line":201,"column":20},"end":{"line":201,"column":31}},"73":{"start":{"line":206,"column":12},"end":{"line":206,"column":53}},"74":{"start":{"line":209,"column":8},"end":{"line":212,"column":9}},"75":{"start":{"line":210,"column":12},"end":{"line":210,"column":26}},"76":{"start":{"line":211,"column":12},"end":{"line":211,"column":19}},"77":{"start":{"line":213,"column":8},"end":{"line":213,"column":55}},"78":{"start":{"line":217,"column":0},"end":{"line":227,"column":2}},"79":{"start":{"line":218,"column":4},"end":{"line":218,"column":24}},"80":{"start":{"line":219,"column":4},"end":{"line":222,"column":7}},"81":{"start":{"line":220,"column":8},"end":{"line":220,"column":34}},"82":{"start":{"line":221,"column":8},"end":{"line":221,"column":24}},"83":{"start":{"line":223,"column":4},"end":{"line":226,"column":7}},"84":{"start":{"line":224,"column":8},"end":{"line":224,"column":31}},"85":{"start":{"line":225,"column":8},"end":{"line":225,"column":24}}},"branchMap":{"1":{"line":56,"type":"if","locations":[{"start":{"line":56,"column":12},"end":{"line":56,"column":12}},{"start":{"line":56,"column":12},"end":{"line":56,"column":12}}]},"2":{"line":114,"type":"if","locations":[{"start":{"line":114,"column":16},"end":{"line":114,"column":16}},{"start":{"line":114,"column":16},"end":{"line":114,"column":16}}]},"3":{"line":127,"type":"if","locations":[{"start":{"line":127,"column":20},"end":{"line":127,"column":20}},{"start":{"line":127,"column":20},"end":{"line":127,"column":20}}]},"4":{"line":138,"type":"if","locations":[{"start":{"line":138,"column":16},"end":{"line":138,"column":16}},{"start":{"line":138,"column":16},"end":{"line":138,"column":16}}]},"5":{"line":178,"type":"switch","locations":[{"start":{"line":179,"column":16},"end":{"line":181,"column":26}},{"start":{"line":182,"column":16},"end":{"line":184,"column":26}},{"start":{"line":185,"column":16},"end":{"line":187,"column":26}}]},"6":{"line":198,"type":"if","locations":[{"start":{"line":198,"column":16},"end":{"line":198,"column":16}},{"start":{"line":198,"column":16},"end":{"line":198,"column":16}}]},"7":{"line":209,"type":"if","locations":[{"start":{"line":209,"column":8},"end":{"line":209,"column":8}},{"start":{"line":209,"column":8},"end":{"line":209,"column":8}}]},"8":{"line":220,"type":"binary-expr","locations":[{"start":{"line":220,"column":8},"end":{"line":220,"column":16}},{"start":{"line":220,"column":20},"end":{"line":220,"column":33}}]},"9":{"line":224,"type":"binary-expr","locations":[{"start":{"line":224,"column":8},"end":{"line":224,"column":16}},{"start":{"line":224,"column":20},"end":{"line":224,"column":30}}]}}},"/Users/okuni/WebstormProjects/fur/lib/images/image.js":{"path":"/Users/okuni/WebstormProjects/fur/lib/images/image.js","s":{"1":1,"2":1,"3":12,"4":12,"5":1,"6":9,"7":9,"8":9,"9":9,"10":9,"11":9,"12":0,"13":9,"14":9,"15":9,"16":1,"17":9,"18":9,"19":9,"20":9},"b":{},"f":{"1":12,"2":1,"3":9,"4":9,"5":9,"6":9,"7":9,"8":9,"9":9,"10":9,"11":9,"12":9},"fnMap":{"1":{"name":"(anonymous_1)","line":19,"loc":{"start":{"line":19,"column":10},"end":{"line":19,"column":28}}},"2":{"name":"(anonymous_2)","line":33,"loc":{"start":{"line":33,"column":15},"end":{"line":33,"column":35}}},"3":{"name":"(anonymous_3)","line":42,"loc":{"start":{"line":42,"column":20},"end":{"line":42,"column":50}}},"4":{"name":"(anonymous_4)","line":45,"loc":{"start":{"line":45,"column":16},"end":{"line":45,"column":36}}},"5":{"name":"(anonymous_5)","line":48,"loc":{"start":{"line":48,"column":16},"end":{"line":48,"column":42}}},"6":{"name":"(anonymous_6)","line":50,"loc":{"start":{"line":50,"column":63},"end":{"line":50,"column":79}}},"7":{"name":"(anonymous_7)","line":58,"loc":{"start":{"line":58,"column":16},"end":{"line":58,"column":42}}},"8":{"name":"(anonymous_8)","line":61,"loc":{"start":{"line":61,"column":15},"end":{"line":61,"column":30}}},"9":{"name":"(anonymous_9)","line":62,"loc":{"start":{"line":62,"column":33},"end":{"line":62,"column":45}}},"10":{"name":"(anonymous_10)","line":70,"loc":{"start":{"line":70,"column":19},"end":{"line":70,"column":58}}},"11":{"name":"(anonymous_11)","line":72,"loc":{"start":{"line":72,"column":8},"end":{"line":72,"column":28}}},"12":{"name":"(anonymous_12)","line":76,"loc":{"start":{"line":76,"column":8},"end":{"line":76,"column":28}}}},"statementMap":{"1":{"start":{"line":11,"column":0},"end":{"line":16,"column":29}},"2":{"start":{"line":18,"column":0},"end":{"line":68,"column":3}},"3":{"start":{"line":20,"column":8},"end":{"line":20,"column":21}},"4":{"start":{"line":21,"column":8},"end":{"line":21,"column":22}},"5":{"start":{"line":34,"column":12},"end":{"line":34,"column":52}},"6":{"start":{"line":43,"column":12},"end":{"line":43,"column":25}},"7":{"start":{"line":44,"column":12},"end":{"line":65,"column":15}},"8":{"start":{"line":46,"column":20},"end":{"line":46,"column":38}},"9":{"start":{"line":49,"column":20},"end":{"line":55,"column":21}},"10":{"start":{"line":50,"column":24},"end":{"line":52,"column":27}},"11":{"start":{"line":51,"column":28},"end":{"line":51,"column":54}},"12":{"start":{"line":54,"column":24},"end":{"line":54,"column":87}},"13":{"start":{"line":59,"column":20},"end":{"line":59,"column":63}},"14":{"start":{"line":62,"column":16},"end":{"line":64,"column":19}},"15":{"start":{"line":63,"column":20},"end":{"line":63,"column":34}},"16":{"start":{"line":70,"column":0},"end":{"line":80,"column":2}},"17":{"start":{"line":71,"column":4},"end":{"line":79,"column":17}},"18":{"start":{"line":73,"column":12},"end":{"line":73,"column":49}},"19":{"start":{"line":74,"column":12},"end":{"line":74,"column":38}},"20":{"start":{"line":77,"column":12},"end":{"line":77,"column":54}}},"branchMap":{}},"/Users/okuni/WebstormProjects/fur/lib/icons/circle_text_icon.js":{"path":"/Users/okuni/WebstormProjects/fur/lib/icons/circle_text_icon.js","s":{"1":1,"2":1,"3":1,"4":1,"5":1},"b":{},"f":{"1":1},"fnMap":{"1":{"name":"(anonymous_1)","line":26,"loc":{"start":{"line":26,"column":29},"end":{"line":26,"column":41}}}},"statementMap":{"1":{"start":{"line":12,"column":0},"end":{"line":14,"column":38}},"2":{"start":{"line":16,"column":0},"end":{"line":42,"column":3}},"3":{"start":{"line":27,"column":12},"end":{"line":28,"column":32}},"4":{"start":{"line":29,"column":12},"end":{"line":29,"column":54}},"5":{"start":{"line":30,"column":12},"end":{"line":40,"column":8}}},"branchMap":{}},"/Users/okuni/WebstormProjects/fur/lib/util/fallback_copy.js":{"path":"/Users/okuni/WebstormProjects/fur/lib/util/fallback_copy.js","s":{"1":1,"2":8,"3":2,"4":8,"5":29,"6":29,"7":27,"8":8},"b":{"1":[2,6],"2":[29,0],"3":[27,2]},"f":{"1":8},"fnMap":{"1":{"name":"fallbackCopy","line":11,"loc":{"start":{"line":11,"column":17},"end":{"line":11,"column":50}}}},"statementMap":{"1":{"start":{"line":11,"column":0},"end":{"line":23,"column":2}},"2":{"start":{"line":12,"column":4},"end":{"line":14,"column":5}},"3":{"start":{"line":13,"column":8},"end":{"line":13,"column":18}},"4":{"start":{"line":15,"column":4},"end":{"line":21,"column":5}},"5":{"start":{"line":16,"column":8},"end":{"line":20,"column":9}},"6":{"start":{"line":17,"column":12},"end":{"line":19,"column":13}},"7":{"start":{"line":18,"column":16},"end":{"line":18,"column":37}},"8":{"start":{"line":22,"column":4},"end":{"line":22,"column":16}}},"branchMap":{"1":{"line":12,"type":"if","locations":[{"start":{"line":12,"column":4},"end":{"line":12,"column":4}},{"start":{"line":12,"column":4},"end":{"line":12,"column":4}}]},"2":{"line":16,"type":"if","locations":[{"start":{"line":16,"column":8},"end":{"line":16,"column":8}},{"start":{"line":16,"column":8},"end":{"line":16,"column":8}}]},"3":{"line":17,"type":"if","locations":[{"start":{"line":17,"column":12},"end":{"line":17,"column":12}},{"start":{"line":17,"column":12},"end":{"line":17,"column":12}}]}}},"/Users/okuni/WebstormProjects/fur/lib/catalogs.js":{"path":"/Users/okuni/WebstormProjects/fur/lib/catalogs.js","s":{"1":1,"2":6,"3":3},"b":{},"f":{"1":6,"2":3},"fnMap":{"1":{"name":"(anonymous_1)","line":15,"loc":{"start":{"line":15,"column":29},"end":{"line":15,"column":29}}},"2":{"name":"(anonymous_2)","line":23,"loc":{"start":{"line":23,"column":25},"end":{"line":23,"column":25}}}},"statementMap":{"1":{"start":{"line":9,"column":0},"end":{"line":26,"column":2}},"2":{"start":{"line":16,"column":8},"end":{"line":17,"column":4}},"3":{"start":{"line":24,"column":8},"end":{"line":25,"column":4}}},"branchMap":{}},"/Users/okuni/WebstormProjects/fur/ci/config/font-task-config.js":{"path":"/Users/okuni/WebstormProjects/fur/ci/config/font-task-config.js","s":{"1":1,"2":1},"b":{},"f":{},"fnMap":{},"statementMap":{"1":{"start":{"line":12,"column":0},"end":{"line":15,"column":2}},"2":{"start":{"line":18,"column":0},"end":{"line":21,"column":2}}},"branchMap":{}},"/Users/okuni/WebstormProjects/fur/ci/config/ico-task-config.js":{"path":"/Users/okuni/WebstormProjects/fur/ci/config/ico-task-config.js","s":{"1":1,"2":1,"3":1},"b":{},"f":{},"fnMap":{},"statementMap":{"1":{"start":{"line":13,"column":0},"end":{"line":16,"column":2}},"2":{"start":{"line":19,"column":0},"end":{"line":22,"column":2}},"3":{"start":{"line":25,"column":0},"end":{"line":28,"column":2}}},"branchMap":{}},"/Users/okuni/WebstormProjects/fur/ci/config/index-task-config.js":{"path":"/Users/okuni/WebstormProjects/fur/ci/config/index-task-config.js","s":{"1":1,"2":1,"3":1,"4":1,"5":1,"6":1,"7":1,"8":1,"9":1,"10":1,"11":1,"12":1,"13":1},"b":{},"f":{},"fnMap":{},"statementMap":{"1":{"start":{"line":21,"column":0},"end":{"line":21,"column":35}},"2":{"start":{"line":23,"column":0},"end":{"line":27,"column":2}},"3":{"start":{"line":29,"column":0},"end":{"line":33,"column":2}},"4":{"start":{"line":35,"column":0},"end":{"line":39,"column":2}},"5":{"start":{"line":41,"column":0},"end":{"line":45,"column":2}},"6":{"start":{"line":47,"column":0},"end":{"line":51,"column":2}},"7":{"start":{"line":53,"column":0},"end":{"line":57,"column":2}},"8":{"start":{"line":60,"column":0},"end":{"line":66,"column":2}},"9":{"start":{"line":68,"column":0},"end":{"line":73,"column":2}},"10":{"start":{"line":75,"column":0},"end":{"line":81,"column":2}},"11":{"start":{"line":83,"column":0},"end":{"line":89,"column":2}},"12":{"start":{"line":91,"column":0},"end":{"line":96,"column":2}},"13":{"start":{"line":98,"column":0},"end":{"line":105,"column":2}}},"branchMap":{}},"/Users/okuni/WebstormProjects/fur/ci/config/jsdoc-task-config.js":{"path":"/Users/okuni/WebstormProjects/fur/ci/config/jsdoc-task-config.js","s":{"1":1,"2":0,"3":0,"4":1,"5":0,"6":1,"7":0,"8":1,"9":0},"b":{},"f":{"1":0,"2":0,"3":0,"4":0},"fnMap":{"1":{"name":"docstrap","line":13,"loc":{"start":{"line":13,"column":0},"end":{"line":13,"column":20}}},"2":{"name":"(anonymous_2)","line":27,"loc":{"start":{"line":27,"column":23},"end":{"line":27,"column":23}}},"3":{"name":"(anonymous_3)","line":43,"loc":{"start":{"line":43,"column":23},"end":{"line":43,"column":23}}},"4":{"name":"(anonymous_4)","line":58,"loc":{"start":{"line":58,"column":23},"end":{"line":58,"column":23}}}},"statementMap":{"1":{"start":{"line":13,"column":0},"end":{"line":16,"column":1}},"2":{"start":{"line":14,"column":4},"end":{"line":14,"column":31}},"3":{"start":{"line":15,"column":4},"end":{"line":15,"column":57}},"4":{"start":{"line":18,"column":0},"end":{"line":31,"column":2}},"5":{"start":{"line":28,"column":12},"end":{"line":28,"column":30}},"6":{"start":{"line":33,"column":0},"end":{"line":47,"column":2}},"7":{"start":{"line":44,"column":12},"end":{"line":44,"column":31}},"8":{"start":{"line":49,"column":0},"end":{"line":62,"column":2}},"9":{"start":{"line":59,"column":12},"end":{"line":59,"column":31}}},"branchMap":{}},"/Users/okuni/WebstormProjects/fur/ci/config/tag-task-config.js":{"path":"/Users/okuni/WebstormProjects/fur/ci/config/tag-task-config.js","s":{"1":1},"b":{},"f":{},"fnMap":{},"statementMap":{"1":{"start":{"line":10,"column":0},"end":{"line":12,"column":2}}},"branchMap":{}},"/Users/okuni/WebstormProjects/fur/ci/config/gallery-task-config.js":{"path":"/Users/okuni/WebstormProjects/fur/ci/config/gallery-task-config.js","s":{"1":1,"2":1,"3":1,"4":1},"b":{},"f":{},"fnMap":{},"statementMap":{"1":{"start":{"line":13,"column":0},"end":{"line":22,"column":2}},"2":{"start":{"line":24,"column":0},"end":{"line":27,"column":2}},"3":{"start":{"line":29,"column":0},"end":{"line":37,"column":2}},"4":{"start":{"line":39,"column":0},"end":{"line":46,"column":2}}},"branchMap":{}},"/Users/okuni/WebstormProjects/fur/ci/config/mkdir-task-config.js":{"path":"/Users/okuni/WebstormProjects/fur/ci/config/mkdir-task-config.js","s":{"1":1},"b":{},"f":{},"fnMap":{},"statementMap":{"1":{"start":{"line":10,"column":0},"end":{"line":43,"column":2}}},"branchMap":{}},"/Users/okuni/WebstormProjects/fur/ci/config/nodeunit-task-config.js":{"path":"/Users/okuni/WebstormProjects/fur/ci/config/nodeunit-task-config.js","s":{"1":1},"b":{},"f":{},"fnMap":{},"statementMap":{"1":{"start":{"line":10,"column":0},"end":{"line":12,"column":2}}},"branchMap":{}},"/Users/okuni/WebstormProjects/fur/ci/config/readme-task-config.js":{"path":"/Users/okuni/WebstormProjects/fur/ci/config/readme-task-config.js","s":{"1":1},"b":{},"f":{},"fnMap":{},"statementMap":{"1":{"start":{"line":10,"column":0},"end":{"line":12,"column":2}}},"branchMap":{}},"/Users/okuni/WebstormProjects/fur/ci/config/scaffold-task-config.js":{"path":"/Users/okuni/WebstormProjects/fur/ci/config/scaffold-task-config.js","s":{"1":1,"2":1,"3":1,"4":29,"5":1,"6":20,"7":1,"8":11,"9":1,"10":1,"11":1,"12":13,"13":1,"14":13,"15":1,"16":6,"17":1,"18":10,"19":5,"20":1,"21":10,"22":10,"23":10,"24":5,"25":29,"26":24,"27":5,"28":10,"29":29,"30":29,"31":29,"32":10},"b":{"1":[5,5]},"f":{"1":29,"2":20,"3":11,"4":13,"5":13,"6":6,"7":10,"8":5,"9":10,"10":29,"11":24,"12":29,"13":10},"fnMap":{"1":{"name":"capitalize","line":22,"loc":{"start":{"line":22,"column":0},"end":{"line":22,"column":28}}},"2":{"name":"isDir","line":26,"loc":{"start":{"line":26,"column":0},"end":{"line":26,"column":25}}},"3":{"name":"(anonymous_3)","line":32,"loc":{"start":{"line":32,"column":12},"end":{"line":32,"column":32}}},"4":{"name":"(anonymous_4)","line":62,"loc":{"start":{"line":62,"column":31},"end":{"line":62,"column":47}}},"5":{"name":"(anonymous_5)","line":72,"loc":{"start":{"line":72,"column":33},"end":{"line":72,"column":49}}},"6":{"name":"(anonymous_6)","line":83,"loc":{"start":{"line":83,"column":29},"end":{"line":83,"column":45}}},"7":{"name":"(anonymous_7)","line":94,"loc":{"start":{"line":94,"column":12},"end":{"line":94,"column":32}}},"8":{"name":"(anonymous_8)","line":97,"loc":{"start":{"line":97,"column":9},"end":{"line":97,"column":25}}},"9":{"name":"(anonymous_9)","line":107,"loc":{"start":{"line":107,"column":39},"end":{"line":107,"column":61}}},"10":{"name":"(anonymous_10)","line":113,"loc":{"start":{"line":113,"column":20},"end":{"line":113,"column":40}}},"11":{"name":"(anonymous_11)","line":116,"loc":{"start":{"line":116,"column":17},"end":{"line":116,"column":37}}},"12":{"name":"(anonymous_12)","line":123,"loc":{"start":{"line":123,"column":13},"end":{"line":123,"column":33}}},"13":{"name":"(anonymous_13)","line":145,"loc":{"start":{"line":145,"column":11},"end":{"line":145,"column":34}}}},"statementMap":{"1":{"start":{"line":14,"column":0},"end":{"line":17,"column":40}},"2":{"start":{"line":19,"column":0},"end":{"line":20,"column":42}},"3":{"start":{"line":22,"column":0},"end":{"line":24,"column":1}},"4":{"start":{"line":23,"column":4},"end":{"line":23,"column":64}},"5":{"start":{"line":26,"column":0},"end":{"line":28,"column":1}},"6":{"start":{"line":27,"column":4},"end":{"line":27,"column":47}},"7":{"start":{"line":31,"column":0},"end":{"line":34,"column":7}},"8":{"start":{"line":33,"column":8},"end":{"line":33,"column":39}},"9":{"start":{"line":37,"column":0},"end":{"line":44,"column":2}},"10":{"start":{"line":46,"column":0},"end":{"line":60,"column":2}},"11":{"start":{"line":62,"column":0},"end":{"line":70,"column":3}},"12":{"start":{"line":63,"column":4},"end":{"line":69,"column":6}},"13":{"start":{"line":72,"column":0},"end":{"line":80,"column":3}},"14":{"start":{"line":73,"column":4},"end":{"line":79,"column":6}},"15":{"start":{"line":83,"column":0},"end":{"line":91,"column":3}},"16":{"start":{"line":84,"column":4},"end":{"line":90,"column":6}},"17":{"start":{"line":93,"column":0},"end":{"line":105,"column":7}},"18":{"start":{"line":95,"column":8},"end":{"line":95,"column":53}},"19":{"start":{"line":98,"column":8},"end":{"line":104,"column":10}},"20":{"start":{"line":107,"column":0},"end":{"line":147,"column":11}},"21":{"start":{"line":109,"column":4},"end":{"line":109,"column":51}},"22":{"start":{"line":110,"column":4},"end":{"line":110,"column":18}},"23":{"start":{"line":111,"column":4},"end":{"line":121,"column":5}},"24":{"start":{"line":112,"column":8},"end":{"line":118,"column":15}},"25":{"start":{"line":114,"column":16},"end":{"line":114,"column":47}},"26":{"start":{"line":117,"column":16},"end":{"line":117,"column":55}},"27":{"start":{"line":120,"column":8},"end":{"line":120,"column":30}},"28":{"start":{"line":122,"column":4},"end":{"line":143,"column":8}},"29":{"start":{"line":124,"column":12},"end":{"line":125,"column":60}},"30":{"start":{"line":126,"column":12},"end":{"line":131,"column":18}},"31":{"start":{"line":132,"column":12},"end":{"line":141,"column":14}},"32":{"start":{"line":146,"column":8},"end":{"line":146,"column":34}}},"branchMap":{"1":{"line":111,"type":"if","locations":[{"start":{"line":111,"column":4},"end":{"line":111,"column":4}},{"start":{"line":111,"column":4},"end":{"line":111,"column":4}}]}}},"/Users/okuni/WebstormProjects/fur/ci/config/taskguide-task-config.js":{"path":"/Users/okuni/WebstormProjects/fur/ci/config/taskguide-task-config.js","s":{"1":1},"b":{},"f":{},"fnMap":{},"statementMap":{"1":{"start":{"line":10,"column":0},"end":{"line":21,"column":2}}},"branchMap":{}},"/Users/okuni/WebstormProjects/fur/ci/config/testcase-task-config.js":{"path":"/Users/okuni/WebstormProjects/fur/ci/config/testcase-task-config.js","s":{"1":1},"b":{},"f":{},"fnMap":{},"statementMap":{"1":{"start":{"line":10,"column":0},"end":{"line":16,"column":2}}},"branchMap":{}},"/Users/okuni/WebstormProjects/fur/ci/config/versionup-task-config.js":{"path":"/Users/okuni/WebstormProjects/fur/ci/config/versionup-task-config.js","s":{"1":1},"b":{},"f":{},"fnMap":{},"statementMap":{"1":{"start":{"line":10,"column":0},"end":{"line":12,"column":2}}},"branchMap":{}},"/Users/okuni/WebstormProjects/fur/lib/badges/_define_badge.js":{"path":"/Users/okuni/WebstormProjects/fur/lib/badges/_define_badge.js","s":{"1":1,"2":1,"3":3,"4":3},"b":{},"f":{"1":3},"fnMap":{"1":{"name":"(anonymous_1)","line":14,"loc":{"start":{"line":14,"column":17},"end":{"line":14,"column":32}}}},"statementMap":{"1":{"start":{"line":12,"column":0},"end":{"line":12,"column":39}},"2":{"start":{"line":14,"column":0},"end":{"line":17,"column":2}},"3":{"start":{"line":15,"column":4},"end":{"line":15,"column":39}},"4":{"start":{"line":16,"column":4},"end":{"line":16,"column":23}}},"branchMap":{}},"/Users/okuni/WebstormProjects/fur/lib/badges/badge.js":{"path":"/Users/okuni/WebstormProjects/fur/lib/badges/badge.js","s":{"1":1,"2":1,"3":7,"4":7,"5":7,"6":1,"7":1,"8":1,"9":1},"b":{"1":[7,7]},"f":{"1":7,"2":7,"3":1,"4":1,"5":1},"fnMap":{"1":{"name":"(anonymous_1)","line":63,"loc":{"start":{"line":63,"column":15},"end":{"line":63,"column":35}}},"2":{"name":"(anonymous_2)","line":71,"loc":{"start":{"line":71,"column":15},"end":{"line":71,"column":31}}},"3":{"name":"(anonymous_3)","line":81,"loc":{"start":{"line":81,"column":20},"end":{"line":81,"column":50}}},"4":{"name":"(anonymous_4)","line":84,"loc":{"start":{"line":84,"column":16},"end":{"line":84,"column":36}}},"5":{"name":"(anonymous_5)","line":87,"loc":{"start":{"line":87,"column":16},"end":{"line":87,"column":41}}}},"statementMap":{"1":{"start":{"line":14,"column":0},"end":{"line":18,"column":39}},"2":{"start":{"line":20,"column":0},"end":{"line":93,"column":3}},"3":{"start":{"line":64,"column":12},"end":{"line":65,"column":37}},"4":{"start":{"line":66,"column":12},"end":{"line":73,"column":15}},"5":{"start":{"line":72,"column":16},"end":{"line":72,"column":57}},"6":{"start":{"line":82,"column":12},"end":{"line":82,"column":25}},"7":{"start":{"line":83,"column":12},"end":{"line":91,"column":8}},"8":{"start":{"line":85,"column":20},"end":{"line":85,"column":38}},"9":{"start":{"line":88,"column":20},"end":{"line":88,"column":54}}},"branchMap":{"1":{"line":72,"type":"binary-expr","locations":[{"start":{"line":72,"column":16},"end":{"line":72,"column":24}},{"start":{"line":72,"column":28},"end":{"line":72,"column":56}}]}}},"/Users/okuni/WebstormProjects/fur/lib/badges/_gh_badge.js":{"path":"/Users/okuni/WebstormProjects/fur/lib/badges/_gh_badge.js","s":{"1":1,"2":1,"3":8,"4":8,"5":8,"6":8,"7":8},"b":{},"f":{"1":8},"fnMap":{"1":{"name":"(anonymous_1)","line":14,"loc":{"start":{"line":14,"column":17},"end":{"line":14,"column":29}}}},"statementMap":{"1":{"start":{"line":12,"column":0},"end":{"line":12,"column":27}},"2":{"start":{"line":14,"column":0},"end":{"line":21,"column":2}},"3":{"start":{"line":15,"column":4},"end":{"line":16,"column":29}},"4":{"start":{"line":17,"column":4},"end":{"line":17,"column":28}},"5":{"start":{"line":18,"column":4},"end":{"line":18,"column":58}},"6":{"start":{"line":19,"column":4},"end":{"line":19,"column":24}},"7":{"start":{"line":20,"column":4},"end":{"line":20,"column":20}}},"branchMap":{}},"/Users/okuni/WebstormProjects/fur/lib/badges/_svg2png.js":{"path":"/Users/okuni/WebstormProjects/fur/lib/badges/_svg2png.js","s":{"1":1,"2":1,"3":1,"4":1,"5":1,"6":1,"7":1,"8":1,"9":1,"10":0,"11":1,"12":1},"b":{},"f":{"1":1,"2":0,"3":1},"fnMap":{"1":{"name":"(anonymous_1)","line":14,"loc":{"start":{"line":14,"column":17},"end":{"line":14,"column":52}}},"2":{"name":"(anonymous_2)","line":22,"loc":{"start":{"line":22,"column":28},"end":{"line":22,"column":40}}},"3":{"name":"(anonymous_3)","line":25,"loc":{"start":{"line":25,"column":28},"end":{"line":25,"column":40}}}},"statementMap":{"1":{"start":{"line":11,"column":0},"end":{"line":12,"column":23}},"2":{"start":{"line":14,"column":0},"end":{"line":28,"column":2}},"3":{"start":{"line":15,"column":4},"end":{"line":16,"column":29}},"4":{"start":{"line":17,"column":4},"end":{"line":17,"column":28}},"5":{"start":{"line":18,"column":4},"end":{"line":18,"column":62}},"6":{"start":{"line":19,"column":4},"end":{"line":19,"column":24}},"7":{"start":{"line":20,"column":4},"end":{"line":20,"column":53}},"8":{"start":{"line":21,"column":4},"end":{"line":21,"column":37}},"9":{"start":{"line":22,"column":4},"end":{"line":24,"column":7}},"10":{"start":{"line":23,"column":8},"end":{"line":23,"column":58}},"11":{"start":{"line":25,"column":4},"end":{"line":27,"column":7}},"12":{"start":{"line":26,"column":8},"end":{"line":26,"column":19}}},"branchMap":{}},"/Users/okuni/WebstormProjects/fur/support/shields/badge.js":{"path":"/Users/okuni/WebstormProjects/fur/support/shields/badge.js","s":{"1":1,"2":1,"3":1,"4":1,"5":1,"6":1,"7":1,"8":1,"9":1,"10":1,"11":0,"12":1,"13":1,"14":1,"15":1,"16":2,"17":2,"18":2,"19":1,"20":1,"21":7,"22":7,"23":1,"24":7,"25":7,"26":0,"27":0,"28":7,"29":7,"30":7,"31":7,"32":1},"b":{"1":[7,0],"2":[0,7]},"f":{"1":2,"2":7,"3":7,"4":7},"fnMap":{"1":{"name":"(anonymous_1)","line":21,"loc":{"start":{"line":21,"column":22},"end":{"line":21,"column":41}}},"2":{"name":"optimize","line":30,"loc":{"start":{"line":30,"column":0},"end":{"line":30,"column":36}}},"3":{"name":"makeImage","line":35,"loc":{"start":{"line":35,"column":0},"end":{"line":35,"column":29}}},"4":{"name":"(anonymous_4)","line":47,"loc":{"start":{"line":47,"column":19},"end":{"line":47,"column":36}}}},"statementMap":{"1":{"start":{"line":1,"column":0},"end":{"line":1,"column":23}},"2":{"start":{"line":2,"column":0},"end":{"line":2,"column":27}},"3":{"start":{"line":3,"column":0},"end":{"line":3,"column":27}},"4":{"start":{"line":4,"column":0},"end":{"line":4,"column":25}},"5":{"start":{"line":7,"column":0},"end":{"line":7,"column":31}},"6":{"start":{"line":8,"column":0},"end":{"line":8,"column":37}},"7":{"start":{"line":9,"column":0},"end":{"line":9,"column":51}},"8":{"start":{"line":10,"column":0},"end":{"line":10,"column":29}},"9":{"start":{"line":11,"column":0},"end":{"line":15,"column":13}},"10":{"start":{"line":12,"column":2},"end":{"line":13,"column":43}},"11":{"start":{"line":14,"column":2},"end":{"line":14,"column":34}},"12":{"start":{"line":16,"column":0},"end":{"line":16,"column":51}},"13":{"start":{"line":19,"column":0},"end":{"line":19,"column":19}},"14":{"start":{"line":20,"column":0},"end":{"line":20,"column":48}},"15":{"start":{"line":21,"column":0},"end":{"line":26,"column":3}},"16":{"start":{"line":22,"column":2},"end":{"line":23,"column":60}},"17":{"start":{"line":24,"column":2},"end":{"line":24,"column":59}},"18":{"start":{"line":25,"column":2},"end":{"line":25,"column":48}},"19":{"start":{"line":28,"column":0},"end":{"line":28,"column":68}},"20":{"start":{"line":30,"column":0},"end":{"line":33,"column":1}},"21":{"start":{"line":31,"column":2},"end":{"line":31,"column":24}},"22":{"start":{"line":32,"column":2},"end":{"line":32,"column":34}},"23":{"start":{"line":35,"column":0},"end":{"line":48,"column":1}},"24":{"start":{"line":36,"column":2},"end":{"line":36,"column":55}},"25":{"start":{"line":37,"column":2},"end":{"line":40,"column":3}},"26":{"start":{"line":38,"column":4},"end":{"line":38,"column":55}},"27":{"start":{"line":39,"column":4},"end":{"line":39,"column":55}},"28":{"start":{"line":41,"column":2},"end":{"line":44,"column":4}},"29":{"start":{"line":45,"column":2},"end":{"line":45,"column":30}},"30":{"start":{"line":47,"column":2},"end":{"line":47,"column":58}},"31":{"start":{"line":47,"column":38},"end":{"line":47,"column":54}},"32":{"start":{"line":50,"column":0},"end":{"line":50,"column":27}}},"branchMap":{"1":{"line":36,"type":"binary-expr","locations":[{"start":{"line":36,"column":27},"end":{"line":36,"column":40}},{"start":{"line":36,"column":44},"end":{"line":36,"column":53}}]},"2":{"line":37,"type":"if","locations":[{"start":{"line":37,"column":2},"end":{"line":37,"column":2}},{"start":{"line":37,"column":2},"end":{"line":37,"column":2}}]}}},"/Users/okuni/WebstormProjects/fur/lib/badges/default_badge.js":{"path":"/Users/okuni/WebstormProjects/fur/lib/badges/default_badge.js","s":{"1":1,"2":1},"b":{},"f":{},"fnMap":{},"statementMap":{"1":{"start":{"line":13,"column":0},"end":{"line":13,"column":46}},"2":{"start":{"line":15,"column":0},"end":{"line":19,"column":3}}},"branchMap":{}},"/Users/okuni/WebstormProjects/fur/lib/badges/flat_badge.js":{"path":"/Users/okuni/WebstormProjects/fur/lib/badges/flat_badge.js","s":{"1":1,"2":1},"b":{},"f":{},"fnMap":{},"statementMap":{"1":{"start":{"line":13,"column":0},"end":{"line":13,"column":46}},"2":{"start":{"line":15,"column":0},"end":{"line":19,"column":3}}},"branchMap":{}},"/Users/okuni/WebstormProjects/fur/lib/commands/badge.js":{"path":"/Users/okuni/WebstormProjects/fur/lib/commands/badge.js","s":{"1":1,"2":1,"3":1,"4":1,"5":1,"6":1},"b":{"1":[1,0],"2":[1,1]},"f":{"1":1,"2":1},"fnMap":{"1":{"name":"badge","line":26,"loc":{"start":{"line":26,"column":17},"end":{"line":26,"column":61}}},"2":{"name":"(anonymous_2)","line":27,"loc":{"start":{"line":27,"column":37},"end":{"line":27,"column":52}}}},"statementMap":{"1":{"start":{"line":23,"column":0},"end":{"line":24,"column":37}},"2":{"start":{"line":26,"column":0},"end":{"line":33,"column":2}},"3":{"start":{"line":27,"column":4},"end":{"line":32,"column":7}},"4":{"start":{"line":28,"column":8},"end":{"line":30,"column":9}},"5":{"start":{"line":29,"column":12},"end":{"line":29,"column":52}},"6":{"start":{"line":31,"column":8},"end":{"line":31,"column":34}}},"branchMap":{"1":{"line":28,"type":"if","locations":[{"start":{"line":28,"column":8},"end":{"line":28,"column":8}},{"start":{"line":28,"column":8},"end":{"line":28,"column":8}}]},"2":{"line":31,"type":"binary-expr","locations":[{"start":{"line":31,"column":8},"end":{"line":31,"column":16}},{"start":{"line":31,"column":20},"end":{"line":31,"column":33}}]}}},"/Users/okuni/WebstormProjects/fur/lib/generate_badge.js":{"path":"/Users/okuni/WebstormProjects/fur/lib/generate_badge.js","s":{"1":1,"2":1,"3":3,"4":3,"5":3,"6":3,"7":3,"8":2,"9":2,"10":1,"11":1,"12":0,"13":0},"b":{"1":[2,1,0]},"f":{"1":3},"fnMap":{"1":{"name":"generateBadge","line":27,"loc":{"start":{"line":27,"column":17},"end":{"line":27,"column":69}}}},"statementMap":{"1":{"start":{"line":23,"column":0},"end":{"line":25,"column":37}},"2":{"start":{"line":27,"column":0},"end":{"line":59,"column":2}},"3":{"start":{"line":28,"column":4},"end":{"line":33,"column":16}},"4":{"start":{"line":35,"column":4},"end":{"line":36,"column":36}},"5":{"start":{"line":38,"column":4},"end":{"line":38,"column":36}},"6":{"start":{"line":40,"column":4},"end":{"line":46,"column":7}},"7":{"start":{"line":48,"column":4},"end":{"line":58,"column":5}},"8":{"start":{"line":50,"column":12},"end":{"line":50,"column":49}},"9":{"start":{"line":51,"column":12},"end":{"line":51,"column":18}},"10":{"start":{"line":53,"column":12},"end":{"line":53,"column":49}},"11":{"start":{"line":54,"column":12},"end":{"line":54,"column":18}},"12":{"start":{"line":56,"column":12},"end":{"line":56,"column":61}},"13":{"start":{"line":57,"column":12},"end":{"line":57,"column":18}}},"branchMap":{"1":{"line":48,"type":"switch","locations":[{"start":{"line":49,"column":8},"end":{"line":51,"column":18}},{"start":{"line":52,"column":8},"end":{"line":54,"column":18}},{"start":{"line":55,"column":8},"end":{"line":57,"column":18}}]}}},"/Users/okuni/WebstormProjects/fur/lib/util/print.js":{"path":"/Users/okuni/WebstormProjects/fur/lib/util/print.js","s":{"1":1,"2":1,"3":24,"4":38,"5":1,"6":37,"7":1,"8":36,"9":1,"10":20,"11":20,"12":1,"13":1,"14":9,"15":9,"16":9,"17":10,"18":9,"19":1,"20":4,"21":4,"22":1,"23":5,"24":5,"25":1,"26":2,"27":2,"28":2,"29":2,"30":1,"31":2,"32":2,"33":2,"34":2,"35":1,"36":2,"37":2},"b":{"1":[1,37],"2":[1,36],"3":[20,8],"4":[9,8]},"f":{"1":24,"2":38,"3":20,"4":9,"5":4,"6":5,"7":2,"8":2,"9":2},"fnMap":{"1":{"name":"join","line":11,"loc":{"start":{"line":11,"column":0},"end":{"line":11,"column":24}}},"2":{"name":"(anonymous_2)","line":13,"loc":{"start":{"line":13,"column":13},"end":{"line":13,"column":29}}},"3":{"name":"(anonymous_3)","line":25,"loc":{"start":{"line":25,"column":27},"end":{"line":25,"column":39}}},"4":{"name":"(anonymous_4)","line":31,"loc":{"start":{"line":31,"column":15},"end":{"line":31,"column":27}}},"5":{"name":"(anonymous_5)","line":40,"loc":{"start":{"line":40,"column":16},"end":{"line":40,"column":31}}},"6":{"name":"(anonymous_6)","line":46,"loc":{"start":{"line":46,"column":15},"end":{"line":46,"column":30}}},"7":{"name":"(anonymous_7)","line":51,"loc":{"start":{"line":51,"column":13},"end":{"line":51,"column":28}}},"8":{"name":"(anonymous_8)","line":58,"loc":{"start":{"line":58,"column":20},"end":{"line":58,"column":35}}},"9":{"name":"(anonymous_9)","line":66,"loc":{"start":{"line":66,"column":13},"end":{"line":66,"column":28}}}},"statementMap":{"1":{"start":{"line":9,"column":0},"end":{"line":9,"column":33}},"2":{"start":{"line":11,"column":0},"end":{"line":23,"column":1}},"3":{"start":{"line":12,"column":4},"end":{"line":22,"column":19}},"4":{"start":{"line":14,"column":12},"end":{"line":16,"column":13}},"5":{"start":{"line":15,"column":16},"end":{"line":15,"column":34}},"6":{"start":{"line":17,"column":12},"end":{"line":19,"column":13}},"7":{"start":{"line":18,"column":16},"end":{"line":18,"column":53}},"8":{"start":{"line":20,"column":12},"end":{"line":20,"column":24}},"9":{"start":{"line":25,"column":0},"end":{"line":28,"column":2}},"10":{"start":{"line":26,"column":4},"end":{"line":26,"column":61}},"11":{"start":{"line":27,"column":4},"end":{"line":27,"column":54}},"12":{"start":{"line":30,"column":0},"end":{"line":30,"column":22}},"13":{"start":{"line":31,"column":0},"end":{"line":38,"column":2}},"14":{"start":{"line":32,"column":4},"end":{"line":32,"column":30}},"15":{"start":{"line":33,"column":4},"end":{"line":33,"column":68}},"16":{"start":{"line":34,"column":4},"end":{"line":36,"column":5}},"17":{"start":{"line":35,"column":8},"end":{"line":35,"column":25}},"18":{"start":{"line":37,"column":4},"end":{"line":37,"column":21}},"19":{"start":{"line":40,"column":0},"end":{"line":43,"column":2}},"20":{"start":{"line":41,"column":4},"end":{"line":41,"column":39}},"21":{"start":{"line":42,"column":4},"end":{"line":42,"column":17}},"22":{"start":{"line":46,"column":0},"end":{"line":49,"column":2}},"23":{"start":{"line":47,"column":4},"end":{"line":47,"column":41}},"24":{"start":{"line":48,"column":4},"end":{"line":48,"column":17}},"25":{"start":{"line":51,"column":0},"end":{"line":56,"column":2}},"26":{"start":{"line":52,"column":4},"end":{"line":52,"column":42}},"27":{"start":{"line":53,"column":4},"end":{"line":53,"column":29}},"28":{"start":{"line":54,"column":4},"end":{"line":54,"column":17}},"29":{"start":{"line":55,"column":4},"end":{"line":55,"column":27}},"30":{"start":{"line":58,"column":0},"end":{"line":63,"column":2}},"31":{"start":{"line":59,"column":4},"end":{"line":59,"column":37}},"32":{"start":{"line":60,"column":4},"end":{"line":60,"column":29}},"33":{"start":{"line":61,"column":4},"end":{"line":61,"column":17}},"34":{"start":{"line":62,"column":4},"end":{"line":62,"column":27}},"35":{"start":{"line":66,"column":0},"end":{"line":69,"column":2}},"36":{"start":{"line":67,"column":4},"end":{"line":67,"column":44}},"37":{"start":{"line":68,"column":4},"end":{"line":68,"column":17}}},"branchMap":{"1":{"line":14,"type":"if","locations":[{"start":{"line":14,"column":12},"end":{"line":14,"column":12}},{"start":{"line":14,"column":12},"end":{"line":14,"column":12}}]},"2":{"line":17,"type":"if","locations":[{"start":{"line":17,"column":12},"end":{"line":17,"column":12}},{"start":{"line":17,"column":12},"end":{"line":17,"column":12}}]},"3":{"line":27,"type":"binary-expr","locations":[{"start":{"line":27,"column":4},"end":{"line":27,"column":11}},{"start":{"line":27,"column":15},"end":{"line":27,"column":53}}]},"4":{"line":33,"type":"binary-expr","locations":[{"start":{"line":33,"column":17},"end":{"line":33,"column":62}},{"start":{"line":33,"column":66},"end":{"line":33,"column":67}}]}}},"/Users/okuni/WebstormProjects/fur/lib/commands/favicon.js":{"path":"/Users/okuni/WebstormProjects/fur/lib/commands/favicon.js","s":{"1":1,"2":1,"3":1,"4":1,"5":1,"6":1},"b":{"1":[1,0],"2":[1,1]},"f":{"1":1,"2":1},"fnMap":{"1":{"name":"favicon","line":34,"loc":{"start":{"line":34,"column":17},"end":{"line":34,"column":63}}},"2":{"name":"(anonymous_2)","line":35,"loc":{"start":{"line":35,"column":39},"end":{"line":35,"column":54}}}},"statementMap":{"1":{"start":{"line":31,"column":0},"end":{"line":32,"column":37}},"2":{"start":{"line":34,"column":0},"end":{"line":41,"column":2}},"3":{"start":{"line":35,"column":4},"end":{"line":40,"column":7}},"4":{"start":{"line":36,"column":8},"end":{"line":38,"column":9}},"5":{"start":{"line":37,"column":12},"end":{"line":37,"column":52}},"6":{"start":{"line":39,"column":8},"end":{"line":39,"column":34}}},"branchMap":{"1":{"line":36,"type":"if","locations":[{"start":{"line":36,"column":8},"end":{"line":36,"column":8}},{"start":{"line":36,"column":8},"end":{"line":36,"column":8}}]},"2":{"line":39,"type":"binary-expr","locations":[{"start":{"line":39,"column":8},"end":{"line":39,"column":16}},{"start":{"line":39,"column":20},"end":{"line":39,"column":33}}]}}},"/Users/okuni/WebstormProjects/fur/lib/commands/ico.js":{"path":"/Users/okuni/WebstormProjects/fur/lib/commands/ico.js","s":{"1":1,"2":1,"3":1,"4":1,"5":1,"6":1},"b":{"1":[1,0],"2":[1,1]},"f":{"1":1,"2":1},"fnMap":{"1":{"name":"ico","line":18,"loc":{"start":{"line":18,"column":17},"end":{"line":18,"column":60}}},"2":{"name":"(anonymous_2)","line":19,"loc":{"start":{"line":19,"column":31},"end":{"line":19,"column":46}}}},"statementMap":{"1":{"start":{"line":15,"column":0},"end":{"line":16,"column":37}},"2":{"start":{"line":18,"column":0},"end":{"line":25,"column":2}},"3":{"start":{"line":19,"column":4},"end":{"line":24,"column":7}},"4":{"start":{"line":20,"column":8},"end":{"line":22,"column":9}},"5":{"start":{"line":21,"column":12},"end":{"line":21,"column":48}},"6":{"start":{"line":23,"column":8},"end":{"line":23,"column":34}}},"branchMap":{"1":{"line":20,"type":"if","locations":[{"start":{"line":20,"column":8},"end":{"line":20,"column":8}},{"start":{"line":20,"column":8},"end":{"line":20,"column":8}}]},"2":{"line":23,"type":"binary-expr","locations":[{"start":{"line":23,"column":8},"end":{"line":23,"column":16}},{"start":{"line":23,"column":20},"end":{"line":23,"column":33}}]}}},"/Users/okuni/WebstormProjects/fur/lib/convert_png_to_ico.js":{"path":"/Users/okuni/WebstormProjects/fur/lib/convert_png_to_ico.js","s":{"1":1,"2":1,"3":2,"4":2},"b":{"1":[2,2,2]},"f":{"1":2,"2":2},"fnMap":{"1":{"name":"convertPngToIco","line":14,"loc":{"start":{"line":14,"column":17},"end":{"line":14,"column":63}}},"2":{"name":"(anonymous_2)","line":24,"loc":{"start":{"line":24,"column":7},"end":{"line":24,"column":38}}}},"statementMap":{"1":{"start":{"line":12,"column":0},"end":{"line":12,"column":41}},"2":{"start":{"line":14,"column":0},"end":{"line":27,"column":2}},"3":{"start":{"line":15,"column":4},"end":{"line":26,"column":7}},"4":{"start":{"line":25,"column":8},"end":{"line":25,"column":40}}},"branchMap":{"1":{"line":25,"type":"binary-expr","locations":[{"start":{"line":25,"column":17},"end":{"line":25,"column":20}},{"start":{"line":25,"column":24},"end":{"line":25,"column":30}},{"start":{"line":25,"column":34},"end":{"line":25,"column":38}}]}}},"/Users/okuni/WebstormProjects/fur/lib/convert_ttf_to_woff.js":{"path":"/Users/okuni/WebstormProjects/fur/lib/convert_ttf_to_woff.js","s":{"1":1,"2":1,"3":1,"4":1,"5":1,"6":1,"7":1},"b":{},"f":{"1":1,"2":1,"3":1,"4":1},"fnMap":{"1":{"name":"convertTtfToWoff","line":15,"loc":{"start":{"line":15,"column":17},"end":{"line":15,"column":64}}},"2":{"name":"(anonymous_2)","line":17,"loc":{"start":{"line":17,"column":8},"end":{"line":17,"column":28}}},"3":{"name":"(anonymous_3)","line":20,"loc":{"start":{"line":20,"column":8},"end":{"line":20,"column":36}}},"4":{"name":"(anonymous_4)","line":25,"loc":{"start":{"line":25,"column":8},"end":{"line":25,"column":34}}}},"statementMap":{"1":{"start":{"line":11,"column":0},"end":{"line":13,"column":23}},"2":{"start":{"line":15,"column":0},"end":{"line":29,"column":2}},"3":{"start":{"line":16,"column":4},"end":{"line":28,"column":17}},"4":{"start":{"line":18,"column":12},"end":{"line":18,"column":39}},"5":{"start":{"line":21,"column":12},"end":{"line":22,"column":60}},"6":{"start":{"line":23,"column":12},"end":{"line":23,"column":33}},"7":{"start":{"line":26,"column":12},"end":{"line":26,"column":47}}},"branchMap":{}},"/Users/okuni/WebstormProjects/fur/support/shields/svg-to-img.js":{"path":"/Users/okuni/WebstormProjects/fur/support/shields/svg-to-img.js","s":{"1":1,"2":1,"3":1,"4":1,"5":1,"6":1,"7":1,"8":1,"9":1,"10":1,"11":1,"12":1,"13":1,"14":0,"15":0,"16":0,"17":1,"18":1,"19":1,"20":0,"21":1,"22":0,"23":1,"24":0,"25":0,"26":0,"27":0,"28":1,"29":1,"30":1,"31":1,"32":1,"33":1,"34":1,"35":1,"36":1,"37":1,"38":1,"39":1,"40":1,"41":1,"42":1,"43":0,"44":0,"45":0,"46":0,"47":0,"48":0,"49":0,"50":1,"51":1,"52":1,"53":1,"54":0,"55":0,"56":0,"57":1,"58":1,"59":0,"60":0,"61":0,"62":0,"63":0,"64":0},"b":{"1":[0,1],"2":[0,1],"3":[0,1],"4":[0,1],"5":[0,0],"6":[0,1],"7":[0,0],"8":[0,0]},"f":{"1":1,"2":1,"3":1,"4":1,"5":1,"6":0,"7":0},"fnMap":{"1":{"name":"(anonymous_1)","line":14,"loc":{"start":{"line":14,"column":17},"end":{"line":14,"column":49}}},"2":{"name":"(anonymous_2)","line":26,"loc":{"start":{"line":26,"column":2},"end":{"line":26,"column":32}}},"3":{"name":"(anonymous_3)","line":32,"loc":{"start":{"line":32,"column":24},"end":{"line":32,"column":40}}},"4":{"name":"(anonymous_4)","line":37,"loc":{"start":{"line":37,"column":23},"end":{"line":37,"column":34}}},"5":{"name":"addToCache","line":45,"loc":{"start":{"line":45,"column":0},"end":{"line":45,"column":40}}},"6":{"name":"DataStream","line":69,"loc":{"start":{"line":69,"column":0},"end":{"line":69,"column":26}}},"7":{"name":"(anonymous_7)","line":75,"loc":{"start":{"line":75,"column":29},"end":{"line":75,"column":40}}}},"statementMap":{"1":{"start":{"line":1,"column":0},"end":{"line":1,"column":23}},"2":{"start":{"line":2,"column":0},"end":{"line":2,"column":23}},"3":{"start":{"line":3,"column":0},"end":{"line":3,"column":27}},"4":{"start":{"line":4,"column":0},"end":{"line":4,"column":35}},"5":{"start":{"line":5,"column":0},"end":{"line":5,"column":44}},"6":{"start":{"line":6,"column":0},"end":{"line":6,"column":65}},"7":{"start":{"line":8,"column":0},"end":{"line":8,"column":35}},"8":{"start":{"line":9,"column":0},"end":{"line":9,"column":39}},"9":{"start":{"line":10,"column":0},"end":{"line":10,"column":21}},"10":{"start":{"line":12,"column":0},"end":{"line":12,"column":27}},"11":{"start":{"line":14,"column":0},"end":{"line":43,"column":2}},"12":{"start":{"line":15,"column":2},"end":{"line":15,"column":32}},"13":{"start":{"line":16,"column":2},"end":{"line":21,"column":3}},"14":{"start":{"line":18,"column":4},"end":{"line":18,"column":53}},"15":{"start":{"line":19,"column":4},"end":{"line":19,"column":45}},"16":{"start":{"line":20,"column":4},"end":{"line":20,"column":11}},"17":{"start":{"line":22,"column":2},"end":{"line":23,"column":64}},"18":{"start":{"line":25,"column":2},"end":{"line":42,"column":5}},"19":{"start":{"line":27,"column":4},"end":{"line":27,"column":40}},"20":{"start":{"line":27,"column":18},"end":{"line":27,"column":38}},"21":{"start":{"line":28,"column":4},"end":{"line":28,"column":42}},"22":{"start":{"line":28,"column":18},"end":{"line":28,"column":40}},"23":{"start":{"line":29,"column":4},"end":{"line":29,"column":79}},"24":{"start":{"line":29,"column":23},"end":{"line":29,"column":48}},"25":{"start":{"line":29,"column":49},"end":{"line":29,"column":69}},"26":{"start":{"line":29,"column":59},"end":{"line":29,"column":67}},"27":{"start":{"line":29,"column":70},"end":{"line":29,"column":77}},"28":{"start":{"line":30,"column":4},"end":{"line":30,"column":48}},"29":{"start":{"line":31,"column":4},"end":{"line":31,"column":20}},"30":{"start":{"line":32,"column":4},"end":{"line":35,"column":7}},"31":{"start":{"line":33,"column":6},"end":{"line":33,"column":25}},"32":{"start":{"line":34,"column":6},"end":{"line":34,"column":23}},"33":{"start":{"line":37,"column":4},"end":{"line":41,"column":7}},"34":{"start":{"line":38,"column":6},"end":{"line":38,"column":36}},"35":{"start":{"line":38,"column":12},"end":{"line":38,"column":22}},"36":{"start":{"line":39,"column":6},"end":{"line":39,"column":37}},"37":{"start":{"line":40,"column":6},"end":{"line":40,"column":29}},"38":{"start":{"line":45,"column":0},"end":{"line":64,"column":1}},"39":{"start":{"line":46,"column":2},"end":{"line":46,"column":32}},"40":{"start":{"line":47,"column":2},"end":{"line":47,"column":34}},"41":{"start":{"line":48,"column":2},"end":{"line":48,"column":41}},"42":{"start":{"line":49,"column":2},"end":{"line":63,"column":3}},"43":{"start":{"line":51,"column":4},"end":{"line":51,"column":39}},"44":{"start":{"line":52,"column":4},"end":{"line":57,"column":5}},"45":{"start":{"line":53,"column":6},"end":{"line":56,"column":7}},"46":{"start":{"line":54,"column":8},"end":{"line":54,"column":54}},"47":{"start":{"line":55,"column":8},"end":{"line":55,"column":46}},"48":{"start":{"line":59,"column":4},"end":{"line":59,"column":39}},"49":{"start":{"line":60,"column":4},"end":{"line":60,"column":43}},"50":{"start":{"line":62,"column":4},"end":{"line":62,"column":19}},"51":{"start":{"line":67,"column":0},"end":{"line":67,"column":42}},"52":{"start":{"line":68,"column":0},"end":{"line":68,"column":27}},"53":{"start":{"line":69,"column":0},"end":{"line":73,"column":1}},"54":{"start":{"line":70,"column":2},"end":{"line":70,"column":22}},"55":{"start":{"line":71,"column":2},"end":{"line":71,"column":19}},"56":{"start":{"line":72,"column":2},"end":{"line":72,"column":13}},"57":{"start":{"line":74,"column":0},"end":{"line":74,"column":36}},"58":{"start":{"line":75,"column":0},"end":{"line":82,"column":2}},"59":{"start":{"line":76,"column":2},"end":{"line":80,"column":3}},"60":{"start":{"line":77,"column":4},"end":{"line":77,"column":44}},"61":{"start":{"line":78,"column":4},"end":{"line":78,"column":13}},"62":{"start":{"line":79,"column":4},"end":{"line":79,"column":25}},"63":{"start":{"line":79,"column":16},"end":{"line":79,"column":23}},"64":{"start":{"line":81,"column":2},"end":{"line":81,"column":18}}},"branchMap":{"1":{"line":16,"type":"if","locations":[{"start":{"line":16,"column":2},"end":{"line":16,"column":2}},{"start":{"line":16,"column":2},"end":{"line":16,"column":2}}]},"2":{"line":27,"type":"if","locations":[{"start":{"line":27,"column":4},"end":{"line":27,"column":4}},{"start":{"line":27,"column":4},"end":{"line":27,"column":4}}]},"3":{"line":28,"type":"if","locations":[{"start":{"line":28,"column":4},"end":{"line":28,"column":4}},{"start":{"line":28,"column":4},"end":{"line":28,"column":4}}]},"4":{"line":29,"type":"if","locations":[{"start":{"line":29,"column":4},"end":{"line":29,"column":4}},{"start":{"line":29,"column":4},"end":{"line":29,"column":4}}]},"5":{"line":29,"type":"if","locations":[{"start":{"line":29,"column":49},"end":{"line":29,"column":49}},{"start":{"line":29,"column":49},"end":{"line":29,"column":49}}]},"6":{"line":49,"type":"if","locations":[{"start":{"line":49,"column":2},"end":{"line":49,"column":2}},{"start":{"line":49,"column":2},"end":{"line":49,"column":2}}]},"7":{"line":53,"type":"if","locations":[{"start":{"line":53,"column":6},"end":{"line":53,"column":6}},{"start":{"line":53,"column":6},"end":{"line":53,"column":6}}]},"8":{"line":79,"type":"if","locations":[{"start":{"line":79,"column":4},"end":{"line":79,"column":4}},{"start":{"line":79,"column":4},"end":{"line":79,"column":4}}]}}},"/Users/okuni/WebstormProjects/fur/lib/util/alphabetical_index.js":{"path":"/Users/okuni/WebstormProjects/fur/lib/util/alphabetical_index.js","s":{"1":1,"2":11,"3":11,"4":4,"5":11,"6":11},"b":{"1":[4,7]},"f":{"1":11},"fnMap":{"1":{"name":"alphabeticalIndex","line":12,"loc":{"start":{"line":12,"column":17},"end":{"line":12,"column":47}}}},"statementMap":{"1":{"start":{"line":12,"column":0},"end":{"line":19,"column":2}},"2":{"start":{"line":13,"column":4},"end":{"line":13,"column":20}},"3":{"start":{"line":14,"column":4},"end":{"line":16,"column":5}},"4":{"start":{"line":15,"column":8},"end":{"line":15,"column":57}},"5":{"start":{"line":17,"column":4},"end":{"line":17,"column":47}},"6":{"start":{"line":18,"column":4},"end":{"line":18,"column":18}}},"branchMap":{"1":{"line":14,"type":"if","locations":[{"start":{"line":14,"column":4},"end":{"line":14,"column":4}},{"start":{"line":14,"column":4},"end":{"line":14,"column":4}}]}}},"/Users/okuni/WebstormProjects/fur/lib/util/copy_file.js":{"path":"/Users/okuni/WebstormProjects/fur/lib/util/copy_file.js","s":{"1":1,"2":1,"3":2,"4":2,"5":1,"6":1,"7":1,"8":1,"9":1,"10":1,"11":1,"12":1,"13":1,"14":1,"15":2,"16":2,"17":2},"b":{"1":[1,1],"2":[2,1]},"f":{"1":2,"2":2,"3":1,"4":2,"5":2},"fnMap":{"1":{"name":"copyFile","line":13,"loc":{"start":{"line":13,"column":27},"end":{"line":13,"column":66}}},"2":{"name":"(anonymous_2)","line":14,"loc":{"start":{"line":14,"column":19},"end":{"line":14,"column":37}}},"3":{"name":"(anonymous_3)","line":25,"loc":{"start":{"line":25,"column":32},"end":{"line":25,"column":44}}},"4":{"name":"(anonymous_4)","line":32,"loc":{"start":{"line":32,"column":24},"end":{"line":32,"column":44}}},"5":{"name":"(anonymous_5)","line":33,"loc":{"start":{"line":33,"column":11},"end":{"line":33,"column":26}}}},"statementMap":{"1":{"start":{"line":12,"column":0},"end":{"line":12,"column":23}},"2":{"start":{"line":13,"column":0},"end":{"line":30,"column":2}},"3":{"start":{"line":14,"column":4},"end":{"line":29,"column":7}},"4":{"start":{"line":15,"column":8},"end":{"line":18,"column":9}},"5":{"start":{"line":16,"column":12},"end":{"line":16,"column":59}},"6":{"start":{"line":17,"column":12},"end":{"line":17,"column":19}},"7":{"start":{"line":19,"column":8},"end":{"line":20,"column":53}},"8":{"start":{"line":22,"column":8},"end":{"line":22,"column":59}},"9":{"start":{"line":23,"column":8},"end":{"line":23,"column":45}},"10":{"start":{"line":24,"column":8},"end":{"line":24,"column":46}},"11":{"start":{"line":25,"column":8},"end":{"line":27,"column":11}},"12":{"start":{"line":26,"column":12},"end":{"line":26,"column":27}},"13":{"start":{"line":28,"column":8},"end":{"line":28,"column":37}},"14":{"start":{"line":32,"column":0},"end":{"line":37,"column":2}},"15":{"start":{"line":33,"column":4},"end":{"line":36,"column":6}},"16":{"start":{"line":34,"column":8},"end":{"line":34,"column":34}},"17":{"start":{"line":35,"column":8},"end":{"line":35,"column":24}}},"branchMap":{"1":{"line":15,"type":"if","locations":[{"start":{"line":15,"column":8},"end":{"line":15,"column":8}},{"start":{"line":15,"column":8},"end":{"line":15,"column":8}}]},"2":{"line":34,"type":"binary-expr","locations":[{"start":{"line":34,"column":8},"end":{"line":34,"column":16}},{"start":{"line":34,"column":20},"end":{"line":34,"column":33}}]}}},"/Users/okuni/WebstormProjects/fur/lib/util/render_dot_tmpl.js":{"path":"/Users/okuni/WebstormProjects/fur/lib/util/render_dot_tmpl.js","s":{"1":1,"2":1,"3":1,"4":1,"5":1,"6":1,"7":1,"8":1,"9":1,"10":1,"11":0,"12":1,"13":1,"14":1,"15":0,"16":1,"17":1,"18":2,"19":2,"20":2,"21":2,"22":0,"23":1,"24":2,"25":2,"26":2,"27":2,"28":0,"29":1},"b":{"1":[0,1],"2":[1,0],"3":[0,1],"4":[2,0]},"f":{"1":1,"2":1,"3":1,"4":1,"5":1,"6":1,"7":1,"8":2,"9":2,"10":2,"11":2},"fnMap":{"1":{"name":"(anonymous_1)","line":18,"loc":{"start":{"line":18,"column":27},"end":{"line":18,"column":65}}},"2":{"name":"(anonymous_2)","line":20,"loc":{"start":{"line":20,"column":8},"end":{"line":20,"column":28}}},"3":{"name":"(anonymous_3)","line":23,"loc":{"start":{"line":23,"column":8},"end":{"line":23,"column":34}}},"4":{"name":"(anonymous_4)","line":30,"loc":{"start":{"line":30,"column":17},"end":{"line":30,"column":52}}},"5":{"name":"(anonymous_5)","line":32,"loc":{"start":{"line":32,"column":8},"end":{"line":32,"column":28}}},"6":{"name":"(anonymous_6)","line":33,"loc":{"start":{"line":33,"column":28},"end":{"line":33,"column":46}}},"7":{"name":"(anonymous_7)","line":41,"loc":{"start":{"line":41,"column":8},"end":{"line":41,"column":33}}},"8":{"name":"(anonymous_8)","line":52,"loc":{"start":{"line":52,"column":20},"end":{"line":52,"column":46}}},"9":{"name":"(anonymous_9)","line":55,"loc":{"start":{"line":55,"column":12},"end":{"line":55,"column":32}}},"10":{"name":"(anonymous_10)","line":58,"loc":{"start":{"line":58,"column":12},"end":{"line":58,"column":40}}},"11":{"name":"(anonymous_11)","line":67,"loc":{"start":{"line":67,"column":19},"end":{"line":67,"column":44}}}},"statementMap":{"1":{"start":{"line":14,"column":0},"end":{"line":16,"column":29}},"2":{"start":{"line":18,"column":0},"end":{"line":28,"column":2}},"3":{"start":{"line":19,"column":4},"end":{"line":27,"column":17}},"4":{"start":{"line":21,"column":12},"end":{"line":21,"column":46}},"5":{"start":{"line":24,"column":12},"end":{"line":24,"column":38}},"6":{"start":{"line":25,"column":12},"end":{"line":25,"column":53}},"7":{"start":{"line":30,"column":0},"end":{"line":50,"column":2}},"8":{"start":{"line":31,"column":4},"end":{"line":49,"column":17}},"9":{"start":{"line":33,"column":12},"end":{"line":39,"column":15}},"10":{"start":{"line":34,"column":16},"end":{"line":38,"column":17}},"11":{"start":{"line":35,"column":20},"end":{"line":35,"column":48}},"12":{"start":{"line":37,"column":20},"end":{"line":37,"column":41}},"13":{"start":{"line":42,"column":12},"end":{"line":42,"column":70}},"14":{"start":{"line":43,"column":12},"end":{"line":47,"column":13}},"15":{"start":{"line":44,"column":16},"end":{"line":44,"column":37}},"16":{"start":{"line":46,"column":16},"end":{"line":46,"column":54}},"17":{"start":{"line":52,"column":0},"end":{"line":65,"column":2}},"18":{"start":{"line":53,"column":4},"end":{"line":64,"column":5}},"19":{"start":{"line":54,"column":8},"end":{"line":61,"column":21}},"20":{"start":{"line":56,"column":16},"end":{"line":57,"column":12}},"21":{"start":{"line":59,"column":16},"end":{"line":59,"column":51}},"22":{"start":{"line":63,"column":8},"end":{"line":63,"column":29}},"23":{"start":{"line":67,"column":0},"end":{"line":75,"column":2}},"24":{"start":{"line":68,"column":4},"end":{"line":68,"column":45}},"25":{"start":{"line":69,"column":4},"end":{"line":74,"column":5}},"26":{"start":{"line":70,"column":8},"end":{"line":70,"column":62}},"27":{"start":{"line":71,"column":8},"end":{"line":71,"column":33}},"28":{"start":{"line":73,"column":8},"end":{"line":73,"column":20}},"29":{"start":{"line":78,"column":0},"end":{"line":92,"column":2}}},"branchMap":{"1":{"line":34,"type":"if","locations":[{"start":{"line":34,"column":16},"end":{"line":34,"column":16}},{"start":{"line":34,"column":16},"end":{"line":34,"column":16}}]},"2":{"line":42,"type":"binary-expr","locations":[{"start":{"line":42,"column":24},"end":{"line":42,"column":27}},{"start":{"line":42,"column":31},"end":{"line":42,"column":45}}]},"3":{"line":43,"type":"if","locations":[{"start":{"line":43,"column":12},"end":{"line":43,"column":12}},{"start":{"line":43,"column":12},"end":{"line":43,"column":12}}]},"4":{"line":53,"type":"if","locations":[{"start":{"line":53,"column":4},"end":{"line":53,"column":4}},{"start":{"line":53,"column":4},"end":{"line":53,"column":4}}]}}},"/Users/okuni/WebstormProjects/fur/lib/util/write_readonly_file.js":{"path":"/Users/okuni/WebstormProjects/fur/lib/util/write_readonly_file.js","s":{"1":1,"2":1,"3":2,"4":2,"5":2,"6":2,"7":0,"8":2,"9":2},"b":{"1":[2,0]},"f":{"1":2,"2":2,"3":2,"4":2,"5":2},"fnMap":{"1":{"name":"(anonymous_1)","line":14,"loc":{"start":{"line":14,"column":17},"end":{"line":14,"column":56}}},"2":{"name":"(anonymous_2)","line":16,"loc":{"start":{"line":16,"column":8},"end":{"line":16,"column":28}}},"3":{"name":"(anonymous_3)","line":17,"loc":{"start":{"line":17,"column":32},"end":{"line":17,"column":50}}},"4":{"name":"(anonymous_4)","line":25,"loc":{"start":{"line":25,"column":8},"end":{"line":25,"column":28}}},"5":{"name":"(anonymous_5)","line":28,"loc":{"start":{"line":28,"column":8},"end":{"line":28,"column":28}}}},"statementMap":{"1":{"start":{"line":11,"column":0},"end":{"line":12,"column":29}},"2":{"start":{"line":14,"column":0},"end":{"line":32,"column":2}},"3":{"start":{"line":15,"column":4},"end":{"line":31,"column":17}},"4":{"start":{"line":17,"column":12},"end":{"line":24,"column":8}},"5":{"start":{"line":18,"column":16},"end":{"line":22,"column":17}},"6":{"start":{"line":19,"column":20},"end":{"line":19,"column":56}},"7":{"start":{"line":21,"column":20},"end":{"line":21,"column":35}},"8":{"start":{"line":26,"column":12},"end":{"line":26,"column":54}},"9":{"start":{"line":29,"column":12},"end":{"line":29,"column":48}}},"branchMap":{"1":{"line":18,"type":"if","locations":[{"start":{"line":18,"column":16},"end":{"line":18,"column":16}},{"start":{"line":18,"column":16},"end":{"line":18,"column":16}}]}}},"/Users/okuni/WebstormProjects/fur/lib/util/write_svg_file.js":{"path":"/Users/okuni/WebstormProjects/fur/lib/util/write_svg_file.js","s":{"1":1,"2":1,"3":1,"4":1,"5":0,"6":0,"7":1},"b":{"1":[0,1]},"f":{"1":1,"2":1},"fnMap":{"1":{"name":"(anonymous_1)","line":16,"loc":{"start":{"line":16,"column":17},"end":{"line":16,"column":53}}},"2":{"name":"(anonymous_2)","line":17,"loc":{"start":{"line":17,"column":35},"end":{"line":17,"column":50}}}},"statementMap":{"1":{"start":{"line":12,"column":0},"end":{"line":14,"column":31}},"2":{"start":{"line":16,"column":0},"end":{"line":24,"column":2}},"3":{"start":{"line":17,"column":4},"end":{"line":23,"column":7}},"4":{"start":{"line":18,"column":8},"end":{"line":21,"column":9}},"5":{"start":{"line":19,"column":12},"end":{"line":19,"column":26}},"6":{"start":{"line":20,"column":12},"end":{"line":20,"column":19}},"7":{"start":{"line":22,"column":8},"end":{"line":22,"column":47}}},"branchMap":{"1":{"line":18,"type":"if","locations":[{"start":{"line":18,"column":8},"end":{"line":18,"column":8}},{"start":{"line":18,"column":8},"end":{"line":18,"column":8}}]}}}}