TN:
SF:/Users/okuni/WebstormProjects/fur/Gruntfile.js
FN:14,(anonymous_1)
FN:21,ciTask
FN:22,(anonymous_3)
FN:25,(anonymous_4)
FNF:4
FNH:2
FNDA:1,(anonymous_1)
FNDA:17,ciTask
FNDA:0,(anonymous_3)
FNDA:0,(anonymous_4)
DA:10,1
DA:14,1
DA:21,1
DA:22,17
DA:23,0
DA:25,0
DA:26,0
DA:27,0
DA:29,0
DA:30,0
DA:36,1
DA:61,1
DA:62,1
DA:63,1
DA:64,1
DA:65,1
DA:67,1
DA:68,1
DA:69,1
DA:70,1
DA:71,1
DA:72,1
DA:73,1
DA:74,1
DA:75,1
DA:76,1
DA:77,1
DA:78,1
DA:79,1
DA:80,1
DA:81,1
DA:82,1
DA:83,1
DA:86,1
DA:96,1
DA:100,1
DA:104,1
DA:116,1
DA:121,1
DA:128,1
DA:134,1
DA:141,1
DA:149,1
DA:157,1
LF:44
LH:38
BRDA:26,1,0,0
BRDA:26,1,1,0
BRF:2
BRH:0
end_of_record
TN:
SF:/Users/okuni/WebstormProjects/fur/ci/config/badge-task-config.js
FN:16,(anonymous_1)
FN:17,(anonymous_2)
FN:24,(anonymous_3)
FN:28,(anonymous_4)
FNF:4
FNH:4
FNDA:2,(anonymous_1)
FNDA:4,(anonymous_2)
FNDA:2,(anonymous_3)
FNDA:4,(anonymous_4)
DA:10,1
DA:15,1
DA:17,2
DA:18,4
DA:25,2
DA:28,1
DA:29,4
DA:31,4
LF:8
LH:8
BRF:0
BRH:0
end_of_record
TN:
SF:/Users/okuni/WebstormProjects/fur/ci/config/catalog-task-config.js
FNF:0
FNH:0
DA:11,1
DA:20,1
LF:2
LH:2
BRF:0
BRH:0
end_of_record
TN:
SF:/Users/okuni/WebstormProjects/fur/ci/config/chmod-task-config.js
FNF:0
FNH:0
DA:11,1
DA:16,1
DA:24,1
LF:3
LH:3
BRF:0
BRH:0
end_of_record
TN:
SF:/Users/okuni/WebstormProjects/fur/ci/config/exec-task-config.js
FN:27,(anonymous_1)
FN:40,(anonymous_2)
FN:50,(anonymous_3)
FNF:3
FNH:3
FNDA:2,(anonymous_1)
FNDA:2,(anonymous_2)
FNDA:2,(anonymous_3)
DA:23,1
DA:26,1
DA:28,2
DA:41,2
DA:51,2
DA:65,1
DA:70,1
DA:75,1
DA:79,1
DA:83,1
DA:87,1
DA:91,1
DA:95,1
DA:99,1
DA:103,1
DA:104,1
DA:105,1
DA:108,1
DA:109,1
DA:110,1
DA:113,1
DA:114,1
LF:22
LH:22
BRF:0
BRH:0
end_of_record
TN:
SF:/Users/okuni/WebstormProjects/fur/ci/config/favicon-task-config.js
FN:19,(anonymous_1)
FN:34,(anonymous_2)
FN:48,(anonymous_3)
FN:60,(anonymous_4)
FN:72,(anonymous_5)
FN:88,(anonymous_6)
FNF:6
FNH:6
FNDA:4,(anonymous_1)
FNDA:2,(anonymous_2)
FNDA:2,(anonymous_3)
FNDA:2,(anonymous_4)
FNDA:2,(anonymous_5)
FNDA:2,(anonymous_6)
DA:14,1
DA:17,1
DA:19,1
DA:20,4
DA:34,1
DA:35,2
DA:48,1
DA:49,2
DA:60,1
DA:61,2
DA:72,1
DA:73,2
DA:88,1
DA:89,2
LF:14
LH:14
BRF:0
BRH:0
end_of_record
TN:
SF:/Users/okuni/WebstormProjects/fur/lib/generate_favicon.js
FN:40,generateFavicon
FN:78,(anonymous_2)
FNF:2
FNH:2
FNDA:1,generateFavicon
FNDA:1,(anonymous_2)
DA:24,1
DA:30,1
DA:32,1
DA:40,1
DA:41,1
DA:53,1
DA:56,1
DA:57,1
DA:68,1
DA:70,1
DA:75,1
DA:78,1
DA:79,1
DA:80,1
DA:81,1
DA:82,0
DA:84,1
LF:17
LH:16
BRDA:62,1,0,1
BRDA:62,1,1,1
BRDA:79,2,0,1
BRDA:79,2,1,1
BRDA:81,3,0,0
BRDA:81,3,1,1
BRF:6
BRH:5
end_of_record
TN:
SF:/Users/okuni/WebstormProjects/fur/lib/icons/index.js
FNF:0
FNH:0
DA:10,1
DA:11,1
DA:12,1
DA:13,1
DA:14,1
LF:5
LH:5
BRF:0
BRH:0
end_of_record
TN:
SF:/Users/okuni/WebstormProjects/fur/lib/icons/bordered_text_icon.js
FN:21,(anonymous_1)
FN:24,(anonymous_2)
FN:28,(anonymous_3)
FNF:3
FNH:0
FNDA:0,(anonymous_1)
FNDA:0,(anonymous_2)
FNDA:0,(anonymous_3)
DA:12,1
DA:15,1
DA:22,0
DA:25,0
DA:26,0
DA:29,0
DA:30,0
LF:7
LH:2
BRDA:26,1,0,0
BRDA:26,1,1,0
BRF:2
BRH:0
end_of_record
TN:
SF:/Users/okuni/WebstormProjects/fur/lib/icons/_define_icon.js
FN:14,(anonymous_1)
FNF:1
FNH:1
FNDA:4,(anonymous_1)
DA:12,1
DA:14,1
DA:15,4
DA:16,4
LF:4
LH:4
BRDA:15,1,0,4
BRDA:15,1,1,1
BRF:2
BRH:2
end_of_record
TN:
SF:/Users/okuni/WebstormProjects/fur/lib/util/define.js
FN:12,(anonymous_1)
FN:13,(anonymous_2)
FN:33,(anonymous_3)
FN:47,(anonymous_4)
FN:49,(anonymous_5)
FN:59,(anonymous_6)
FN:72,(anonymous_7)
FN:73,(anonymous_8)
FN:86,(anonymous_9)
FN:88,(anonymous_10)
FN:93,(anonymous_11)
FNF:11
FNH:9
FNDA:13,(anonymous_1)
FNDA:17,(anonymous_2)
FNDA:0,(anonymous_3)
FNDA:17,(anonymous_4)
FNDA:13,(anonymous_5)
FNDA:0,(anonymous_6)
FNDA:13,(anonymous_7)
FNDA:56,(anonymous_8)
FNDA:13,(anonymous_9)
FNDA:25,(anonymous_10)
FNDA:34,(anonymous_11)
DA:12,1
DA:13,13
DA:14,17
DA:15,17
DA:16,17
DA:20,13
DA:21,13
DA:22,12
DA:25,13
DA:26,13
DA:28,13
DA:29,13
DA:30,2
DA:33,13
DA:34,0
DA:37,13
DA:38,13
DA:40,13
DA:41,13
DA:43,13
DA:47,1
DA:48,17
DA:49,17
DA:50,13
DA:51,0
DA:53,13
DA:54,13
DA:56,17
DA:59,1
DA:60,0
DA:61,0
DA:72,1
DA:73,13
DA:74,56
DA:86,1
DA:87,13
DA:88,13
DA:89,25
DA:90,25
DA:91,1
DA:93,25
DA:94,34
DA:95,34
DA:96,13
DA:97,13
DA:99,21
DA:103,13
LF:47
LH:43
BRDA:15,1,0,17
BRDA:15,1,1,0
BRDA:20,2,0,13
BRDA:20,2,1,1
BRDA:21,3,0,12
BRDA:21,3,1,1
BRDA:25,4,0,13
BRDA:25,4,1,1
BRDA:25,4,2,1
BRDA:28,5,0,13
BRDA:28,5,1,11
BRDA:29,6,0,2
BRDA:29,6,1,11
BRDA:40,7,0,13
BRDA:40,7,1,13
BRDA:40,7,2,4
BRDA:49,8,0,17
BRDA:49,8,1,2
BRDA:50,9,0,0
BRDA:50,9,1,13
BRDA:87,10,0,0
BRDA:87,10,1,13
BRDA:90,11,0,1
BRDA:90,11,1,24
BRDA:93,12,0,25
BRDA:93,12,1,25
BRDA:95,13,0,13
BRDA:95,13,1,21
BRF:28
BRH:25
end_of_record
TN:
SF:/Users/okuni/WebstormProjects/fur/lib/icons/text_icon.js
FN:65,(anonymous_1)
FN:89,(anonymous_2)
FNF:2
FNH:2
FNDA:1,(anonymous_1)
FNDA:1,(anonymous_2)
DA:13,1
DA:18,1
DA:66,1
DA:67,1
DA:72,1
DA:90,1
DA:92,1
LF:7
LH:7
BRDA:69,1,0,1
BRDA:69,1,1,1
BRDA:70,2,0,1
BRDA:70,2,1,1
BRF:4
BRH:4
end_of_record
TN:
SF:/Users/okuni/WebstormProjects/fur/lib/icons/icon.js
FN:57,(anonymous_1)
FN:61,(anonymous_2)
FN:70,(anonymous_3)
FN:94,(anonymous_4)
FNF:4
FNH:4
FNDA:1,(anonymous_1)
FNDA:1,(anonymous_2)
FNDA:1,(anonymous_3)
FNDA:1,(anonymous_4)
DA:14,1
DA:19,1
DA:58,1
DA:59,1
DA:62,1
DA:63,1
DA:71,1
DA:73,1
DA:95,1
DA:96,1
LF:10
LH:10
BRF:0
BRH:0
end_of_record
TN:
SF:/Users/okuni/WebstormProjects/fur/lib/images/fabric_image.js
FN:24,(anonymous_1)
FN:54,(anonymous_2)
FN:67,(anonymous_3)
FN:73,(anonymous_4)
FN:88,(anonymous_5)
FN:99,(anonymous_6)
FN:107,(anonymous_7)
FN:123,(anonymous_8)
FN:126,(anonymous_9)
FN:136,(anonymous_10)
FN:138,(anonymous_11)
FN:141,(anonymous_12)
FN:155,(anonymous_13)
FN:170,(anonymous_14)
FN:173,(anonymous_15)
FN:175,(anonymous_16)
FN:178,(anonymous_17)
FN:194,(anonymous_18)
FN:212,(anonymous_19)
FN:214,(anonymous_20)
FN:215,(anonymous_21)
FN:223,(anonymous_22)
FN:226,(anonymous_23)
FN:235,(anonymous_24)
FN:237,(anonymous_25)
FN:241,(anonymous_26)
FN:247,(anonymous_27)
FN:252,(anonymous_28)
FNF:28
FNH:15
FNDA:8,(anonymous_1)
FNDA:1,(anonymous_2)
FNDA:1,(anonymous_3)
FNDA:1,(anonymous_4)
FNDA:1,(anonymous_5)
FNDA:0,(anonymous_6)
FNDA:1,(anonymous_7)
FNDA:1,(anonymous_8)
FNDA:1,(anonymous_9)
FNDA:1,(anonymous_10)
FNDA:1,(anonymous_11)
FNDA:1,(anonymous_12)
FNDA:1,(anonymous_13)
FNDA:0,(anonymous_14)
FNDA:0,(anonymous_15)
FNDA:0,(anonymous_16)
FNDA:0,(anonymous_17)
FNDA:1,(anonymous_18)
FNDA:0,(anonymous_19)
FNDA:0,(anonymous_20)
FNDA:0,(anonymous_21)
FNDA:0,(anonymous_22)
FNDA:0,(anonymous_23)
FNDA:0,(anonymous_24)
FNDA:0,(anonymous_25)
FNDA:0,(anonymous_26)
FNDA:1,(anonymous_27)
FNDA:1,(anonymous_28)
DA:12,1
DA:23,1
DA:25,8
DA:26,8
DA:27,8
DA:55,1
DA:56,1
DA:60,1
DA:68,1
DA:69,1
DA:70,0
DA:71,0
DA:73,1
DA:74,1
DA:75,1
DA:76,1
DA:78,0
DA:81,1
DA:89,1
DA:90,1
DA:91,1
DA:92,1
DA:100,0
DA:108,1
DA:110,1
DA:111,1
DA:112,1
DA:113,2
DA:115,1
DA:116,1
DA:124,1
DA:126,1
DA:127,1
DA:128,0
DA:129,0
DA:131,1
DA:132,1
DA:133,1
DA:137,1
DA:138,1
DA:139,1
DA:141,1
DA:142,1
DA:143,1
DA:145,1
DA:146,0
DA:147,0
DA:149,1
DA:153,1
DA:156,1
DA:157,0
DA:158,0
DA:160,1
DA:161,1
DA:171,0
DA:172,0
DA:173,0
DA:174,0
DA:176,0
DA:179,0
DA:180,0
DA:195,1
DA:196,1
DA:198,1
DA:199,1
DA:201,0
DA:202,0
DA:204,0
DA:205,0
DA:212,1
DA:213,0
DA:215,0
DA:216,0
DA:217,0
DA:219,0
DA:224,0
DA:227,0
DA:228,0
DA:229,0
DA:231,0
DA:235,1
DA:236,0
DA:237,0
DA:238,0
DA:239,0
DA:241,0
DA:242,0
DA:243,0
DA:247,1
DA:248,1
DA:249,1
DA:252,1
DA:253,1
DA:254,1
LF:94
LH:56
BRDA:69,1,0,0
BRDA:69,1,1,1
BRDA:127,2,0,0
BRDA:127,2,1,1
BRDA:142,3,0,1
BRDA:142,3,1,0
BRDA:145,4,0,0
BRDA:145,4,1,1
BRDA:156,5,0,0
BRDA:156,5,1,1
BRDA:196,6,0,1
BRDA:196,6,1,0
BRDA:196,6,2,0
BRDA:216,7,0,0
BRDA:216,7,1,0
BRDA:227,8,0,0
BRDA:227,8,1,0
BRDA:238,9,0,0
BRDA:238,9,1,0
BRDA:242,10,0,0
BRDA:242,10,1,0
BRF:21
BRH:6
end_of_record
TN:
SF:/Users/okuni/WebstormProjects/fur/lib/images/image.js
FN:19,(anonymous_1)
FN:33,(anonymous_2)
FN:42,(anonymous_3)
FN:45,(anonymous_4)
FN:48,(anonymous_5)
FN:50,(anonymous_6)
FN:58,(anonymous_7)
FN:61,(anonymous_8)
FN:62,(anonymous_9)
FN:70,(anonymous_10)
FN:72,(anonymous_11)
FN:76,(anonymous_12)
FNF:12
FNH:11
FNDA:9,(anonymous_1)
FNDA:0,(anonymous_2)
FNDA:3,(anonymous_3)
FNDA:3,(anonymous_4)
FNDA:3,(anonymous_5)
FNDA:3,(anonymous_6)
FNDA:3,(anonymous_7)
FNDA:4,(anonymous_8)
FNDA:4,(anonymous_9)
FNDA:3,(anonymous_10)
FNDA:3,(anonymous_11)
FNDA:3,(anonymous_12)
DA:11,1
DA:18,1
DA:20,9
DA:21,9
DA:34,0
DA:43,3
DA:44,3
DA:46,3
DA:49,3
DA:50,3
DA:51,3
DA:54,1
DA:59,3
DA:62,4
DA:63,4
DA:70,1
DA:71,3
DA:73,3
DA:74,3
DA:77,3
LF:20
LH:19
BRF:0
BRH:0
end_of_record
TN:
SF:/Users/okuni/WebstormProjects/fur/lib/icons/circle_text_icon.js
FN:26,(anonymous_1)
FNF:1
FNH:0
FNDA:0,(anonymous_1)
DA:12,1
DA:16,1
DA:27,0
DA:29,0
DA:30,0
LF:5
LH:2
BRF:0
BRH:0
end_of_record
TN:
SF:/Users/okuni/WebstormProjects/fur/lib/icons/round_text_icon.js
FN:20,(anonymous_1)
FNF:1
FNH:0
FNDA:0,(anonymous_1)
DA:12,1
DA:15,1
DA:21,0
DA:22,0
LF:4
LH:2
BRDA:22,1,0,0
BRDA:22,1,1,0
BRF:2
BRH:0
end_of_record
TN:
SF:/Users/okuni/WebstormProjects/fur/lib/util/fallback_copy.js
FN:11,fallbackCopy
FNF:1
FNH:1
FNDA:2,fallbackCopy
DA:11,1
DA:12,2
DA:13,0
DA:15,2
DA:16,12
DA:17,12
DA:18,11
DA:22,2
LF:8
LH:7
BRDA:12,1,0,0
BRDA:12,1,1,2
BRDA:16,2,0,12
BRDA:16,2,1,0
BRDA:17,3,0,11
BRDA:17,3,1,1
BRF:6
BRH:4
end_of_record
TN:
SF:/Users/okuni/WebstormProjects/fur/lib/catalogs.js
FN:15,(anonymous_1)
FN:23,(anonymous_2)
FNF:2
FNH:2
FNDA:3,(anonymous_1)
FNDA:2,(anonymous_2)
DA:9,1
DA:16,3
DA:24,2
LF:3
LH:3
BRF:0
BRH:0
end_of_record
TN:
SF:/Users/okuni/WebstormProjects/fur/ci/config/font-task-config.js
FNF:0
FNH:0
DA:12,1
DA:18,1
LF:2
LH:2
BRF:0
BRH:0
end_of_record
TN:
SF:/Users/okuni/WebstormProjects/fur/ci/config/ico-task-config.js
FNF:0
FNH:0
DA:13,1
DA:19,1
DA:25,1
LF:3
LH:3
BRF:0
BRH:0
end_of_record
TN:
SF:/Users/okuni/WebstormProjects/fur/ci/config/index-task-config.js
FNF:0
FNH:0
DA:23,1
DA:25,1
DA:31,1
DA:37,1
DA:43,1
DA:49,1
DA:55,1
DA:61,1
DA:68,1
DA:75,1
DA:83,1
DA:90,1
DA:98,1
DA:106,1
DA:114,1
DA:121,1
LF:16
LH:16
BRF:0
BRH:0
end_of_record
TN:
SF:/Users/okuni/WebstormProjects/fur/ci/config/jsdoc-task-config.js
FN:13,docstrap
FN:27,(anonymous_2)
FN:43,(anonymous_3)
FN:58,(anonymous_4)
FNF:4
FNH:0
FNDA:0,docstrap
FNDA:0,(anonymous_2)
FNDA:0,(anonymous_3)
FNDA:0,(anonymous_4)
DA:13,1
DA:14,0
DA:15,0
DA:18,1
DA:28,0
DA:33,1
DA:44,0
DA:49,1
DA:59,0
LF:9
LH:4
BRF:0
BRH:0
end_of_record
TN:
SF:/Users/okuni/WebstormProjects/fur/ci/config/logo-task-config.js
FN:22,(anonymous_1)
FN:38,(anonymous_2)
FN:53,(anonymous_3)
FN:68,(anonymous_4)
FN:83,(anonymous_5)
FN:98,(anonymous_6)
FNF:6
FNH:6
FNDA:1,(anonymous_1)
FNDA:2,(anonymous_2)
FNDA:2,(anonymous_3)
FNDA:2,(anonymous_4)
FNDA:2,(anonymous_5)
FNDA:2,(anonymous_6)
DA:17,1
DA:20,1
DA:22,1
DA:23,1
DA:38,1
DA:39,2
DA:53,1
DA:54,2
DA:68,1
DA:69,2
DA:83,1
DA:84,2
DA:98,1
DA:99,2
LF:14
LH:14
BRF:0
BRH:0
end_of_record
TN:
SF:/Users/okuni/WebstormProjects/fur/lib/generate_logo.js
FN:38,generateLogo
FN:77,(anonymous_2)
FNF:2
FNH:0
FNDA:0,generateLogo
FNDA:0,(anonymous_2)
DA:25,1
DA:31,1
DA:33,1
DA:38,1
DA:39,0
DA:52,0
DA:55,0
DA:56,0
DA:67,0
DA:69,0
DA:74,1
DA:77,1
DA:78,0
DA:79,0
DA:80,0
DA:81,0
DA:83,0
LF:17
LH:6
BRDA:62,1,0,0
BRDA:62,1,1,0
BRDA:78,2,0,0
BRDA:78,2,1,0
BRDA:80,3,0,0
BRDA:80,3,1,0
BRF:6
BRH:0
end_of_record
TN:
SF:/Users/okuni/WebstormProjects/fur/lib/logos/index.js
FNF:0
FNH:0
DA:10,1
DA:11,1
LF:2
LH:2
BRF:0
BRH:0
end_of_record
TN:
SF:/Users/okuni/WebstormProjects/fur/lib/logos/logo.js
FN:37,(anonymous_1)
FN:56,(anonymous_2)
FNF:2
FNH:0
FNDA:0,(anonymous_1)
FNDA:0,(anonymous_2)
DA:14,1
DA:19,1
DA:38,0
DA:39,0
DA:41,0
DA:57,0
DA:58,0
LF:7
LH:2
BRF:0
BRH:0
end_of_record
TN:
SF:/Users/okuni/WebstormProjects/fur/lib/logos/text_logo.js
FN:65,(anonymous_1)
FN:89,(anonymous_2)
FNF:2
FNH:0
FNDA:0,(anonymous_1)
FNDA:0,(anonymous_2)
DA:13,1
DA:18,1
DA:66,0
DA:67,0
DA:72,0
DA:90,0
DA:92,0
LF:7
LH:2
BRDA:69,1,0,0
BRDA:69,1,1,0
BRDA:70,2,0,0
BRDA:70,2,1,0
BRF:4
BRH:0
end_of_record
TN:
SF:/Users/okuni/WebstormProjects/fur/lib/logos/_define_logo.js
FN:14,(anonymous_1)
FNF:1
FNH:1
FNDA:1,(anonymous_1)
DA:12,1
DA:14,1
DA:15,1
DA:16,1
LF:4
LH:4
BRDA:15,1,0,1
BRDA:15,1,1,1
BRF:2
BRH:2
end_of_record
TN:
SF:/Users/okuni/WebstormProjects/fur/ci/config/tag-task-config.js
FNF:0
FNH:0
DA:10,1
LF:1
LH:1
BRF:0
BRH:0
end_of_record
TN:
SF:/Users/okuni/WebstormProjects/fur/ci/config/gallery-task-config.js
FNF:0
FNH:0
DA:13,1
DA:24,1
DA:29,1
DA:39,1
LF:4
LH:4
BRF:0
BRH:0
end_of_record
TN:
SF:/Users/okuni/WebstormProjects/fur/ci/config/mkdir-task-config.js
FNF:0
FNH:0
DA:10,1
LF:1
LH:1
BRF:0
BRH:0
end_of_record
TN:
SF:/Users/okuni/WebstormProjects/fur/ci/config/nodeunit-task-config.js
FNF:0
FNH:0
DA:10,1
LF:1
LH:1
BRF:0
BRH:0
end_of_record
TN:
SF:/Users/okuni/WebstormProjects/fur/ci/config/readme-task-config.js
FN:22,(anonymous_1)
FNF:1
FNH:1
FNDA:6,(anonymous_1)
DA:10,1
DA:23,6
LF:2
LH:2
BRF:0
BRH:0
end_of_record
TN:
SF:/Users/okuni/WebstormProjects/fur/ci/config/scaffold-task-config.js
FN:22,capitalize
FN:26,isDir
FN:32,(anonymous_3)
FN:68,(anonymous_4)
FN:78,(anonymous_5)
FN:89,(anonymous_6)
FN:100,(anonymous_7)
FN:103,(anonymous_8)
FN:113,(anonymous_9)
FN:119,(anonymous_10)
FN:122,(anonymous_11)
FN:129,(anonymous_12)
FN:151,(anonymous_13)
FNF:13
FNH:13
FNDA:38,capitalize
FNDA:26,isDir
FNDA:14,(anonymous_3)
FNDA:17,(anonymous_4)
FNDA:17,(anonymous_5)
FNDA:8,(anonymous_6)
FNDA:13,(anonymous_7)
FNDA:6,(anonymous_8)
FNDA:13,(anonymous_9)
FNDA:37,(anonymous_10)
FNDA:31,(anonymous_11)
FNDA:38,(anonymous_12)
FNDA:13,(anonymous_13)
DA:14,1
DA:19,1
DA:22,1
DA:23,38
DA:26,1
DA:27,26
DA:31,1
DA:33,14
DA:37,1
DA:48,1
DA:68,1
DA:69,17
DA:78,1
DA:79,17
DA:89,1
DA:90,8
DA:99,1
DA:101,13
DA:104,6
DA:113,1
DA:115,13
DA:116,13
DA:117,13
DA:118,6
DA:120,37
DA:123,31
DA:126,7
DA:128,13
DA:130,38
DA:132,38
DA:138,38
DA:152,13
LF:32
LH:32
BRDA:117,1,0,6
BRDA:117,1,1,7
BRF:2
BRH:2
end_of_record
TN:
SF:/Users/okuni/WebstormProjects/fur/ci/config/static-task-config.js
FNF:0
FNH:0
DA:12,1
LF:1
LH:1
BRF:0
BRH:0
end_of_record
TN:
SF:/Users/okuni/WebstormProjects/fur/ci/config/taskguide-task-config.js
FNF:0
FNH:0
DA:10,1
LF:1
LH:1
BRF:0
BRH:0
end_of_record
TN:
SF:/Users/okuni/WebstormProjects/fur/ci/config/tick-tack-resources-task-config.js
FNF:0
FNH:0
DA:9,1
DA:18,1
LF:2
LH:2
BRF:0
BRH:0
end_of_record
TN:
SF:/Users/okuni/WebstormProjects/fur/ci/config/testcase-task-config.js
FNF:0
FNH:0
DA:10,1
LF:1
LH:1
BRF:0
BRH:0
end_of_record
TN:
SF:/Users/okuni/WebstormProjects/fur/ci/config/versionup-task-config.js
FNF:0
FNH:0
DA:10,1
LF:1
LH:1
BRF:0
BRH:0
end_of_record
TN:
SF:/Users/okuni/WebstormProjects/fur/ci/config/wiki-task-config.js
FN:131,(anonymous_1)
FNF:1
FNH:1
FNDA:6,(anonymous_1)
DA:16,1
DA:21,1
DA:26,1
DA:29,1
DA:41,1
DA:52,1
DA:71,1
DA:83,1
DA:103,1
DA:115,1
DA:127,1
DA:132,6
LF:12
LH:12
BRF:0
BRH:0
end_of_record
TN:
SF:/Users/okuni/WebstormProjects/fur/lib/commands/index.js
FNF:0
FNH:0
DA:10,1
DA:11,1
DA:12,1
DA:13,1
DA:14,1
DA:15,1
LF:6
LH:6
BRF:0
BRH:0
end_of_record
TN:
SF:/Users/okuni/WebstormProjects/fur/lib/commands/badge.js
FN:26,badge
FN:27,(anonymous_2)
FNF:2
FNH:2
FNDA:1,badge
FNDA:1,(anonymous_2)
DA:23,1
DA:26,1
DA:27,1
DA:28,1
DA:29,1
DA:31,1
LF:6
LH:6
BRDA:28,1,0,1
BRDA:28,1,1,0
BRDA:31,2,0,1
BRDA:31,2,1,1
BRF:4
BRH:3
end_of_record
TN:
SF:/Users/okuni/WebstormProjects/fur/lib/generate_badge.js
FN:27,generateBadge
FNF:1
FNH:1
FNDA:1,generateBadge
DA:23,1
DA:27,1
DA:28,1
DA:35,1
DA:38,1
DA:40,1
DA:48,1
DA:50,1
DA:51,1
DA:53,0
DA:54,0
DA:56,0
DA:57,0
LF:13
LH:9
BRDA:48,1,0,1
BRDA:48,1,1,0
BRDA:48,1,2,0
BRF:3
BRH:1
end_of_record
TN:
SF:/Users/okuni/WebstormProjects/fur/lib/badges/badge.js
FN:63,(anonymous_1)
FN:71,(anonymous_2)
FN:81,(anonymous_3)
FN:84,(anonymous_4)
FN:87,(anonymous_5)
FNF:5
FNH:2
FNDA:5,(anonymous_1)
FNDA:5,(anonymous_2)
FNDA:0,(anonymous_3)
FNDA:0,(anonymous_4)
FNDA:0,(anonymous_5)
DA:14,1
DA:20,1
DA:64,5
DA:66,5
DA:72,5
DA:82,0
DA:83,0
DA:85,0
DA:88,0
LF:9
LH:5
BRDA:72,1,0,5
BRDA:72,1,1,5
BRF:2
BRH:2
end_of_record
TN:
SF:/Users/okuni/WebstormProjects/fur/lib/badges/_gh_badge.js
FN:14,(anonymous_1)
FNF:1
FNH:1
FNDA:6,(anonymous_1)
DA:12,1
DA:14,1
DA:15,6
DA:17,6
DA:18,6
DA:19,6
DA:20,6
LF:7
LH:7
BRF:0
BRH:0
end_of_record
TN:
SF:/Users/okuni/WebstormProjects/fur/lib/badges/_svg2png.js
FN:14,(anonymous_1)
FN:22,(anonymous_2)
FN:25,(anonymous_3)
FNF:3
FNH:0
FNDA:0,(anonymous_1)
FNDA:0,(anonymous_2)
FNDA:0,(anonymous_3)
DA:11,1
DA:14,1
DA:15,0
DA:17,0
DA:18,0
DA:19,0
DA:20,0
DA:21,0
DA:22,0
DA:23,0
DA:25,0
DA:26,0
LF:12
LH:2
BRF:0
BRH:0
end_of_record
TN:
SF:/Users/okuni/WebstormProjects/fur/lib/util/print.js
FN:11,join
FN:13,(anonymous_2)
FN:25,(anonymous_3)
FN:31,(anonymous_4)
FN:40,(anonymous_5)
FN:46,(anonymous_6)
FN:51,(anonymous_7)
FN:58,(anonymous_8)
FN:66,(anonymous_9)
FNF:9
FNH:4
FNDA:2,join
FNDA:4,(anonymous_2)
FNDA:2,(anonymous_3)
FNDA:0,(anonymous_4)
FNDA:0,(anonymous_5)
FNDA:2,(anonymous_6)
FNDA:0,(anonymous_7)
FNDA:0,(anonymous_8)
FNDA:0,(anonymous_9)
DA:9,1
DA:11,1
DA:12,2
DA:14,4
DA:15,0
DA:17,4
DA:18,0
DA:20,4
DA:25,1
DA:26,2
DA:27,2
DA:30,1
DA:31,1
DA:32,0
DA:33,0
DA:34,0
DA:35,0
DA:37,0
DA:40,1
DA:41,0
DA:42,0
DA:46,1
DA:47,2
DA:48,2
DA:51,1
DA:52,0
DA:53,0
DA:54,0
DA:55,0
DA:58,1
DA:59,0
DA:60,0
DA:61,0
DA:62,0
DA:66,1
DA:67,0
DA:68,0
LF:37
LH:18
BRDA:14,1,0,0
BRDA:14,1,1,4
BRDA:17,2,0,0
BRDA:17,2,1,4
BRDA:27,3,0,2
BRDA:27,3,1,0
BRDA:33,4,0,0
BRDA:33,4,1,0
BRF:8
BRH:3
end_of_record
TN:
SF:/Users/okuni/WebstormProjects/fur/lib/commands/favicon.js
FN:34,favicon
FN:35,(anonymous_2)
FNF:2
FNH:2
FNDA:1,favicon
FNDA:2,(anonymous_2)
DA:31,1
DA:34,1
DA:35,1
DA:36,2
DA:37,1
DA:39,2
DA:43,1
LF:7
LH:7
BRDA:36,1,0,1
BRDA:36,1,1,1
BRDA:39,2,0,2
BRDA:39,2,1,2
BRF:4
BRH:4
end_of_record
TN:
SF:/Users/okuni/WebstormProjects/fur/lib/commands/ico.js
FN:18,ico
FN:19,(anonymous_2)
FNF:2
FNH:1
FNDA:1,ico
FNDA:0,(anonymous_2)
DA:15,1
DA:18,1
DA:19,1
DA:20,0
DA:21,0
DA:23,0
LF:6
LH:3
BRDA:20,1,0,0
BRDA:20,1,1,0
BRDA:23,2,0,0
BRDA:23,2,1,0
BRF:4
BRH:0
end_of_record
TN:
SF:/Users/okuni/WebstormProjects/fur/lib/convert_png_to_ico.js
FN:15,convertPngToIco
FN:25,(anonymous_2)
FNF:2
FNH:1
FNDA:1,convertPngToIco
FNDA:0,(anonymous_2)
DA:13,1
DA:15,1
DA:16,1
DA:26,0
LF:4
LH:3
BRDA:26,1,0,0
BRDA:26,1,1,0
BRDA:26,1,2,0
BRF:3
BRH:0
end_of_record
TN:
SF:/Users/okuni/WebstormProjects/fur/lib/commands/logo.js
FN:34,logo
FN:35,(anonymous_2)
FNF:2
FNH:0
FNDA:0,logo
FNDA:0,(anonymous_2)
DA:31,1
DA:34,1
DA:35,0
DA:36,0
DA:37,0
DA:39,0
DA:43,1
LF:7
LH:3
BRDA:36,1,0,0
BRDA:36,1,1,0
BRDA:39,2,0,0
BRDA:39,2,1,0
BRF:4
BRH:0
end_of_record
TN:
SF:/Users/okuni/WebstormProjects/fur/lib/commands/resize.js
FN:27,resize
FN:28,(anonymous_2)
FNF:2
FNH:0
FNDA:0,resize
FNDA:0,(anonymous_2)
DA:24,1
DA:27,1
DA:28,0
DA:29,0
DA:30,0
DA:32,0
LF:6
LH:2
BRDA:29,1,0,0
BRDA:29,1,1,0
BRDA:32,2,0,0
BRDA:32,2,1,0
BRF:4
BRH:0
end_of_record
TN:
SF:/Users/okuni/WebstormProjects/fur/lib/resize_image.js
FN:14,resizeImage
FN:29,(anonymous_2)
FN:41,(anonymous_3)
FN:42,(anonymous_4)
FNF:4
FNH:0
FNDA:0,resizeImage
FNDA:0,(anonymous_2)
FNDA:0,(anonymous_3)
FNDA:0,(anonymous_4)
DA:14,1
DA:15,0
DA:16,0
DA:17,0
DA:18,0
DA:22,0
DA:23,0
DA:24,0
DA:30,0
DA:33,0
DA:37,1
DA:41,1
DA:42,0
DA:43,0
LF:14
LH:3
BRDA:15,1,0,0
BRDA:15,1,1,0
BRDA:16,2,0,0
BRDA:16,2,1,0
BRF:4
BRH:0
end_of_record
TN:
SF:/Users/okuni/WebstormProjects/fur/lib/commands/woff.js
FN:25,resize
FN:26,(anonymous_2)
FNF:2
FNH:0
FNDA:0,resize
FNDA:0,(anonymous_2)
DA:22,1
DA:25,1
DA:26,0
DA:27,0
DA:28,0
DA:30,0
LF:6
LH:2
BRDA:27,1,0,0
BRDA:27,1,1,0
BRDA:30,2,0,0
BRDA:30,2,1,0
BRF:4
BRH:0
end_of_record
TN:
SF:/Users/okuni/WebstormProjects/fur/lib/convert_ttf_to_woff.js
FN:17,convertTtfToWoff
FN:25,(anonymous_2)
FN:28,(anonymous_3)
FN:33,(anonymous_4)
FN:39,(anonymous_5)
FNF:5
FNH:0
FNDA:0,convertTtfToWoff
FNDA:0,(anonymous_2)
FNDA:0,(anonymous_3)
FNDA:0,(anonymous_4)
FNDA:0,(anonymous_5)
DA:12,1
DA:17,1
DA:18,0
DA:19,0
DA:20,0
DA:21,0
DA:24,0
DA:26,0
DA:29,0
DA:31,0
DA:34,0
DA:39,1
DA:40,0
LF:13
LH:3
BRDA:19,1,0,0
BRDA:19,1,1,0
BRF:2
BRH:0
end_of_record
TN:
SF:/Users/okuni/WebstormProjects/fur/lib/badges/_define_badge.js
FN:14,(anonymous_1)
FNF:1
FNH:1
FNDA:3,(anonymous_1)
DA:12,1
DA:14,1
DA:15,3
DA:16,3
LF:4
LH:4
BRF:0
BRH:0
end_of_record
TN:
SF:/Users/okuni/WebstormProjects/fur/support/shields/badge.js
FN:21,(anonymous_1)
FN:30,optimize
FN:35,makeImage
FN:47,(anonymous_4)
FNF:4
FNH:4
FNDA:2,(anonymous_1)
FNDA:5,optimize
FNDA:5,makeImage
FNDA:5,(anonymous_4)
DA:1,1
DA:2,1
DA:3,1
DA:4,1
DA:7,1
DA:8,1
DA:9,1
DA:10,1
DA:11,1
DA:12,1
DA:14,0
DA:16,1
DA:19,1
DA:20,1
DA:21,1
DA:22,2
DA:24,2
DA:25,2
DA:28,1
DA:30,1
DA:31,5
DA:32,5
DA:35,1
DA:36,5
DA:37,5
DA:38,0
DA:39,0
DA:41,5
DA:45,5
DA:47,5
DA:50,1
LF:31
LH:28
BRDA:36,1,0,5
BRDA:36,1,1,0
BRDA:37,2,0,0
BRDA:37,2,1,5
BRF:4
BRH:2
end_of_record
TN:
SF:/Users/okuni/WebstormProjects/fur/lib/badges/default_badge.js
FNF:0
FNH:0
DA:13,1
DA:15,1
LF:2
LH:2
BRF:0
BRH:0
end_of_record
TN:
SF:/Users/okuni/WebstormProjects/fur/lib/badges/flat_badge.js
FNF:0
FNH:0
DA:13,1
DA:15,1
LF:2
LH:2
BRF:0
BRH:0
end_of_record
