TN:
SF:/Users/okuni/WebstormProjects/fur/Gruntfile.js
FN:14,(anonymous_1)
FN:21,ciTask
FN:22,(anonymous_3)
FN:25,(anonymous_4)
FNF:4
FNH:2
FNDA:1,(anonymous_1)
FNDA:12,ciTask
FNDA:0,(anonymous_3)
FNDA:0,(anonymous_4)
DA:10,1
DA:14,1
DA:21,1
DA:22,12
DA:23,0
DA:25,0
DA:26,0
DA:27,0
DA:29,0
DA:30,0
DA:36,1
DA:56,1
DA:57,1
DA:58,1
DA:59,1
DA:60,1
DA:62,1
DA:63,1
DA:64,1
DA:65,1
DA:66,1
DA:67,1
DA:68,1
DA:69,1
DA:70,1
DA:71,1
DA:72,1
DA:73,1
DA:76,1
DA:85,1
DA:89,1
DA:93,1
DA:102,1
DA:108,1
DA:114,1
DA:119,1
LF:36
LH:30
BRDA:26,1,0,0
BRDA:26,1,1,0
BRF:2
BRH:0
end_of_record
TN:
SF:/Users/okuni/WebstormProjects/fur/ci/config/badge-task-config.js
FN:16,(anonymous_1)
FN:17,(anonymous_2)
FN:24,(anonymous_3)
FN:28,(anonymous_4)
FNF:4
FNH:4
FNDA:2,(anonymous_1)
FNDA:4,(anonymous_2)
FNDA:2,(anonymous_3)
FNDA:4,(anonymous_4)
DA:10,1
DA:15,1
DA:17,2
DA:18,4
DA:25,2
DA:28,1
DA:29,4
DA:31,4
LF:8
LH:8
BRF:0
BRH:0
end_of_record
TN:
SF:/Users/okuni/WebstormProjects/fur/ci/config/catalog-task-config.js
FNF:0
FNH:0
DA:11,1
DA:20,1
LF:2
LH:2
BRF:0
BRH:0
end_of_record
TN:
SF:/Users/okuni/WebstormProjects/fur/ci/config/chmod-task-config.js
FNF:0
FNH:0
DA:11,1
DA:16,1
DA:24,1
LF:3
LH:3
BRF:0
BRH:0
end_of_record
TN:
SF:/Users/okuni/WebstormProjects/fur/ci/config/exec-task-config.js
FNF:0
FNH:0
DA:16,1
DA:21,1
DA:26,1
DA:30,1
DA:34,1
DA:38,1
LF:6
LH:6
BRF:0
BRH:0
end_of_record
TN:
SF:/Users/okuni/WebstormProjects/fur/ci/config/favicon-task-config.js
FN:15,(anonymous_1)
FN:27,(anonymous_2)
FN:39,(anonymous_3)
FNF:3
FNH:3
FNDA:2,(anonymous_1)
FNDA:2,(anonymous_2)
FNDA:2,(anonymous_3)
DA:12,1
DA:15,1
DA:16,2
DA:27,1
DA:28,2
DA:39,1
DA:40,2
LF:7
LH:7
BRF:0
BRH:0
end_of_record
TN:
SF:/Users/okuni/WebstormProjects/fur/ci/config/ico-task-config.js
FNF:0
FNH:0
DA:13,1
DA:19,1
DA:25,1
LF:3
LH:3
BRF:0
BRH:0
end_of_record
TN:
SF:/Users/okuni/WebstormProjects/fur/ci/config/index-task-config.js
FNF:0
FNH:0
DA:21,1
DA:23,1
DA:29,1
DA:35,1
DA:41,1
DA:47,1
DA:53,1
DA:60,1
DA:68,1
DA:75,1
DA:83,1
DA:91,1
DA:98,1
LF:13
LH:13
BRF:0
BRH:0
end_of_record
TN:
SF:/Users/okuni/WebstormProjects/fur/ci/config/jsdoc-task-config.js
FN:13,docstrap
FN:27,(anonymous_2)
FN:43,(anonymous_3)
FN:58,(anonymous_4)
FNF:4
FNH:0
FNDA:0,docstrap
FNDA:0,(anonymous_2)
FNDA:0,(anonymous_3)
FNDA:0,(anonymous_4)
DA:13,1
DA:14,0
DA:15,0
DA:18,1
DA:28,0
DA:33,1
DA:44,0
DA:49,1
DA:59,0
LF:9
LH:4
BRF:0
BRH:0
end_of_record
TN:
SF:/Users/okuni/WebstormProjects/fur/ci/config/tag-task-config.js
FNF:0
FNH:0
DA:10,1
LF:1
LH:1
BRF:0
BRH:0
end_of_record
TN:
SF:/Users/okuni/WebstormProjects/fur/ci/config/gallery-task-config.js
FNF:0
FNH:0
DA:13,1
DA:24,1
DA:29,1
DA:38,1
LF:4
LH:4
BRF:0
BRH:0
end_of_record
TN:
SF:/Users/okuni/WebstormProjects/fur/ci/config/mkdir-task-config.js
FNF:0
FNH:0
DA:10,1
LF:1
LH:1
BRF:0
BRH:0
end_of_record
TN:
SF:/Users/okuni/WebstormProjects/fur/ci/config/nodeunit-task-config.js
FNF:0
FNH:0
DA:10,1
LF:1
LH:1
BRF:0
BRH:0
end_of_record
TN:
SF:/Users/okuni/WebstormProjects/fur/ci/config/readme-task-config.js
FNF:0
FNH:0
DA:10,1
LF:1
LH:1
BRF:0
BRH:0
end_of_record
TN:
SF:/Users/okuni/WebstormProjects/fur/ci/config/scaffold-task-config.js
FN:22,capitalize
FN:26,isDir
FN:32,(anonymous_3)
FN:61,(anonymous_4)
FN:71,(anonymous_5)
FN:82,(anonymous_6)
FN:93,(anonymous_7)
FN:96,(anonymous_8)
FN:106,(anonymous_9)
FN:112,(anonymous_10)
FN:115,(anonymous_11)
FN:122,(anonymous_12)
FN:144,(anonymous_13)
FNF:13
FNH:13
FNDA:25,capitalize
FNDA:18,isDir
FNDA:10,(anonymous_3)
FNDA:12,(anonymous_4)
FNDA:12,(anonymous_5)
FNDA:6,(anonymous_6)
FNDA:9,(anonymous_7)
FNDA:5,(anonymous_8)
FNDA:9,(anonymous_9)
FNDA:26,(anonymous_10)
FNDA:21,(anonymous_11)
FNDA:25,(anonymous_12)
FNDA:9,(anonymous_13)
DA:14,1
DA:19,1
DA:22,1
DA:23,25
DA:26,1
DA:27,18
DA:31,1
DA:33,10
DA:37,1
DA:46,1
DA:61,1
DA:62,12
DA:71,1
DA:72,12
DA:82,1
DA:83,6
DA:92,1
DA:94,9
DA:97,5
DA:106,1
DA:108,9
DA:109,9
DA:110,9
DA:111,5
DA:113,26
DA:116,21
DA:119,4
DA:121,9
DA:123,25
DA:125,25
DA:131,25
DA:145,9
LF:32
LH:32
BRDA:110,1,0,5
BRDA:110,1,1,4
BRF:2
BRH:2
end_of_record
TN:
SF:/Users/okuni/WebstormProjects/fur/ci/config/taskguide-task-config.js
FNF:0
FNH:0
DA:10,1
LF:1
LH:1
BRF:0
BRH:0
end_of_record
TN:
SF:/Users/okuni/WebstormProjects/fur/ci/config/testcase-task-config.js
FNF:0
FNH:0
DA:10,1
LF:1
LH:1
BRF:0
BRH:0
end_of_record
TN:
SF:/Users/okuni/WebstormProjects/fur/ci/config/versionup-task-config.js
FNF:0
FNH:0
DA:10,1
LF:1
LH:1
BRF:0
BRH:0
end_of_record
TN:
SF:/Users/okuni/WebstormProjects/fur/lib/badges/_define_badge.js
FN:14,(anonymous_1)
FNF:1
FNH:1
FNDA:3,(anonymous_1)
DA:12,1
DA:14,1
DA:15,3
DA:16,3
LF:4
LH:4
BRF:0
BRH:0
end_of_record
TN:
SF:/Users/okuni/WebstormProjects/fur/lib/util/define.js
FN:12,(anonymous_1)
FN:13,(anonymous_2)
FN:33,(anonymous_3)
FN:47,(anonymous_4)
FN:49,(anonymous_5)
FN:59,(anonymous_6)
FN:72,(anonymous_7)
FN:73,(anonymous_8)
FN:86,(anonymous_9)
FN:88,(anonymous_10)
FN:93,(anonymous_11)
FNF:11
FNH:9
FNDA:10,(anonymous_1)
FNDA:22,(anonymous_2)
FNDA:0,(anonymous_3)
FNDA:21,(anonymous_4)
FNDA:29,(anonymous_5)
FNDA:0,(anonymous_6)
FNDA:10,(anonymous_7)
FNDA:40,(anonymous_8)
FNDA:10,(anonymous_9)
FNDA:17,(anonymous_10)
FNDA:110,(anonymous_11)
DA:12,1
DA:13,10
DA:14,22
DA:15,22
DA:16,21
DA:20,10
DA:21,10
DA:22,8
DA:25,10
DA:26,10
DA:28,10
DA:29,10
DA:30,2
DA:33,10
DA:34,0
DA:37,10
DA:38,10
DA:40,10
DA:41,10
DA:43,10
DA:47,1
DA:48,21
DA:49,21
DA:50,29
DA:51,0
DA:53,29
DA:54,29
DA:56,21
DA:59,1
DA:60,0
DA:61,0
DA:72,1
DA:73,10
DA:74,40
DA:86,1
DA:87,10
DA:88,10
DA:89,17
DA:90,17
DA:91,1
DA:93,17
DA:94,110
DA:95,110
DA:96,30
DA:97,30
DA:99,80
DA:103,10
LF:47
LH:43
BRDA:15,1,0,21
BRDA:15,1,1,1
BRDA:20,2,0,10
BRDA:20,2,1,2
BRDA:21,3,0,8
BRDA:21,3,1,2
BRDA:25,4,0,10
BRDA:25,4,1,3
BRDA:25,4,2,3
BRDA:28,5,0,10
BRDA:28,5,1,8
BRDA:29,6,0,2
BRDA:29,6,1,8
BRDA:40,7,0,10
BRDA:40,7,1,10
BRDA:40,7,2,6
BRDA:49,8,0,21
BRDA:49,8,1,5
BRDA:50,9,0,0
BRDA:50,9,1,29
BRDA:87,10,0,0
BRDA:87,10,1,10
BRDA:90,11,0,1
BRDA:90,11,1,16
BRDA:93,12,0,17
BRDA:93,12,1,17
BRDA:95,13,0,30
BRDA:95,13,1,80
BRF:28
BRH:26
end_of_record
TN:
SF:/Users/okuni/WebstormProjects/fur/lib/badges/badge.js
FN:63,(anonymous_1)
FN:71,(anonymous_2)
FN:81,(anonymous_3)
FN:84,(anonymous_4)
FN:87,(anonymous_5)
FNF:5
FNH:5
FNDA:6,(anonymous_1)
FNDA:6,(anonymous_2)
FNDA:1,(anonymous_3)
FNDA:1,(anonymous_4)
FNDA:1,(anonymous_5)
DA:14,1
DA:20,1
DA:64,6
DA:66,6
DA:72,6
DA:82,1
DA:83,1
DA:85,1
DA:88,1
LF:9
LH:9
BRDA:72,1,0,6
BRDA:72,1,1,6
BRF:2
BRH:2
end_of_record
TN:
SF:/Users/okuni/WebstormProjects/fur/lib/badges/_gh_badge.js
FN:13,(anonymous_1)
FNF:1
FNH:1
FNDA:7,(anonymous_1)
DA:11,1
DA:13,1
DA:14,7
DA:16,7
DA:17,7
DA:18,7
DA:19,7
LF:7
LH:7
BRF:0
BRH:0
end_of_record
TN:
SF:/Users/okuni/WebstormProjects/fur/lib/badges/_svg2png.js
FN:14,(anonymous_1)
FN:22,(anonymous_2)
FN:25,(anonymous_3)
FNF:3
FNH:2
FNDA:1,(anonymous_1)
FNDA:0,(anonymous_2)
FNDA:1,(anonymous_3)
DA:11,1
DA:14,1
DA:15,1
DA:17,1
DA:18,1
DA:19,1
DA:20,1
DA:21,1
DA:22,1
DA:23,0
DA:25,1
DA:26,1
LF:12
LH:11
BRF:0
BRH:0
end_of_record
TN:
SF:/Users/okuni/WebstormProjects/fur/lib/images/image.js
FN:18,(anonymous_1)
FN:32,(anonymous_2)
FN:41,(anonymous_3)
FN:44,(anonymous_4)
FN:47,(anonymous_5)
FN:50,(anonymous_6)
FN:51,(anonymous_7)
FN:59,(anonymous_8)
FN:61,(anonymous_9)
FN:65,(anonymous_10)
FNF:10
FNH:10
FNDA:11,(anonymous_1)
FNDA:1,(anonymous_2)
FNDA:6,(anonymous_3)
FNDA:6,(anonymous_4)
FNDA:6,(anonymous_5)
FNDA:6,(anonymous_6)
FNDA:6,(anonymous_7)
FNDA:6,(anonymous_8)
FNDA:6,(anonymous_9)
FNDA:6,(anonymous_10)
DA:11,1
DA:17,1
DA:19,11
DA:20,11
DA:33,1
DA:42,6
DA:43,6
DA:45,6
DA:48,6
DA:51,6
DA:52,6
DA:59,1
DA:60,6
DA:62,6
DA:63,6
DA:66,6
LF:16
LH:16
BRF:0
BRH:0
end_of_record
TN:
SF:/Users/okuni/WebstormProjects/fur/support/shields/badge.js
FN:21,(anonymous_1)
FN:30,optimize
FN:35,makeImage
FN:47,(anonymous_4)
FNF:4
FNH:4
FNDA:2,(anonymous_1)
FNDA:6,optimize
FNDA:6,makeImage
FNDA:6,(anonymous_4)
DA:1,1
DA:2,1
DA:3,1
DA:4,1
DA:7,1
DA:8,1
DA:9,1
DA:10,1
DA:11,1
DA:12,1
DA:14,0
DA:16,1
DA:19,1
DA:20,1
DA:21,1
DA:22,2
DA:24,2
DA:25,2
DA:28,1
DA:30,1
DA:31,6
DA:32,6
DA:35,1
DA:36,6
DA:37,6
DA:38,0
DA:39,0
DA:41,6
DA:45,6
DA:47,6
DA:50,1
LF:31
LH:28
BRDA:36,1,0,6
BRDA:36,1,1,0
BRDA:37,2,0,0
BRDA:37,2,1,6
BRF:4
BRH:2
end_of_record
TN:
SF:/Users/okuni/WebstormProjects/fur/lib/badges/default_badge.js
FNF:0
FNH:0
DA:13,1
DA:15,1
LF:2
LH:2
BRF:0
BRH:0
end_of_record
TN:
SF:/Users/okuni/WebstormProjects/fur/lib/badges/flat_badge.js
FNF:0
FNH:0
DA:13,1
DA:15,1
LF:2
LH:2
BRF:0
BRH:0
end_of_record
TN:
SF:/Users/okuni/WebstormProjects/fur/lib/catalogs.js
FN:15,(anonymous_1)
FN:23,(anonymous_2)
FNF:2
FNH:2
FNDA:5,(anonymous_1)
FNDA:3,(anonymous_2)
DA:9,1
DA:16,5
DA:24,3
LF:3
LH:3
BRF:0
BRH:0
end_of_record
TN:
SF:/Users/okuni/WebstormProjects/fur/lib/commands/favicon.js
FN:24,favicon
FN:25,(anonymous_2)
FNF:2
FNH:2
FNDA:1,favicon
FNDA:1,(anonymous_2)
DA:21,1
DA:24,1
DA:25,1
DA:26,1
DA:27,1
DA:29,1
LF:6
LH:6
BRDA:26,1,0,1
BRDA:26,1,1,0
BRDA:29,2,0,1
BRDA:29,2,1,1
BRF:4
BRH:3
end_of_record
TN:
SF:/Users/okuni/WebstormProjects/fur/lib/generate_favicon.js
FN:28,generateFavicon
FN:62,(anonymous_2)
FNF:2
FNH:2
FNDA:2,generateFavicon
FNDA:2,(anonymous_2)
DA:21,1
DA:26,1
DA:28,1
DA:29,2
DA:41,2
DA:44,2
DA:45,2
DA:56,2
DA:58,2
DA:62,1
DA:63,2
DA:65,2
DA:67,0
LF:13
LH:12
BRDA:51,1,0,2
BRDA:51,1,1,2
BRDA:63,2,0,2
BRDA:63,2,1,0
BRF:4
BRH:3
end_of_record
TN:
SF:/Users/okuni/WebstormProjects/fur/lib/icons/index.js
FNF:0
FNH:0
DA:10,1
DA:11,1
LF:2
LH:2
BRF:0
BRH:0
end_of_record
TN:
SF:/Users/okuni/WebstormProjects/fur/lib/icons/icon.js
FN:58,(anonymous_1)
FN:62,(anonymous_2)
FN:71,(anonymous_3)
FN:95,(anonymous_4)
FNF:4
FNH:4
FNDA:7,(anonymous_1)
FNDA:7,(anonymous_2)
FNDA:7,(anonymous_3)
FNDA:7,(anonymous_4)
DA:14,1
DA:19,1
DA:20,1
DA:59,7
DA:60,7
DA:63,7
DA:64,7
DA:72,7
DA:74,7
DA:96,7
DA:97,7
LF:11
LH:11
BRF:0
BRH:0
end_of_record
TN:
SF:/Users/okuni/WebstormProjects/fur/lib/images/fabric_image.js
FN:22,(anonymous_1)
FN:40,(anonymous_2)
FN:53,(anonymous_3)
FN:59,(anonymous_4)
FN:74,(anonymous_5)
FN:85,(anonymous_6)
FN:93,(anonymous_7)
FN:107,(anonymous_8)
FN:110,(anonymous_9)
FN:120,(anonymous_10)
FN:122,(anonymous_11)
FN:123,(anonymous_12)
FN:134,(anonymous_13)
FN:149,(anonymous_14)
FN:157,(anonymous_15)
FN:158,(anonymous_16)
FN:169,(anonymous_17)
FN:186,(anonymous_18)
FN:193,(anonymous_19)
FN:195,(anonymous_20)
FN:199,(anonymous_21)
FNF:21
FNH:19
FNDA:10,(anonymous_1)
FNDA:3,(anonymous_2)
FNDA:7,(anonymous_3)
FNDA:2,(anonymous_4)
FNDA:7,(anonymous_5)
FNDA:0,(anonymous_6)
FNDA:7,(anonymous_7)
FNDA:4,(anonymous_8)
FNDA:4,(anonymous_9)
FNDA:5,(anonymous_10)
FNDA:3,(anonymous_11)
FNDA:3,(anonymous_12)
FNDA:5,(anonymous_13)
FNDA:1,(anonymous_14)
FNDA:1,(anonymous_15)
FNDA:1,(anonymous_16)
FNDA:2,(anonymous_17)
FNDA:1,(anonymous_18)
FNDA:1,(anonymous_19)
FNDA:0,(anonymous_20)
FNDA:1,(anonymous_21)
DA:12,1
DA:21,1
DA:23,10
DA:24,10
DA:25,10
DA:41,3
DA:42,3
DA:46,3
DA:54,7
DA:55,7
DA:56,0
DA:57,0
DA:59,7
DA:60,2
DA:61,2
DA:62,2
DA:64,0
DA:67,7
DA:75,7
DA:76,7
DA:77,7
DA:78,7
DA:86,0
DA:94,7
DA:96,7
DA:97,7
DA:98,10
DA:100,7
DA:108,4
DA:110,4
DA:111,4
DA:112,0
DA:113,0
DA:115,4
DA:116,4
DA:117,4
DA:121,5
DA:122,5
DA:123,3
DA:124,3
DA:125,0
DA:126,0
DA:128,3
DA:132,3
DA:135,5
DA:136,0
DA:137,0
DA:139,5
DA:140,5
DA:150,1
DA:151,1
DA:152,1
DA:154,1
DA:158,1
DA:159,1
DA:170,2
DA:171,2
DA:173,2
DA:174,2
DA:176,0
DA:177,0
DA:179,0
DA:180,0
DA:186,1
DA:187,1
DA:188,1
DA:190,1
DA:193,1
DA:194,1
DA:195,1
DA:196,0
DA:197,0
DA:199,1
DA:200,1
DA:201,1
LF:75
LH:59
BRDA:55,1,0,0
BRDA:55,1,1,7
BRDA:111,2,0,0
BRDA:111,2,1,4
BRDA:124,3,0,0
BRDA:124,3,1,3
BRDA:135,4,0,0
BRDA:135,4,1,5
BRDA:171,5,0,2
BRDA:171,5,1,0
BRDA:171,5,2,0
BRDA:187,6,0,1
BRDA:187,6,1,0
BRDA:196,7,0,0
BRDA:196,7,1,0
BRDA:200,8,0,1
BRDA:200,8,1,1
BRF:17
BRH:8
end_of_record
TN:
SF:/Users/okuni/WebstormProjects/fur/lib/icons/text_icon.js
FN:64,(anonymous_1)
FN:80,(anonymous_2)
FNF:2
FNH:2
FNDA:3,(anonymous_1)
FNDA:3,(anonymous_2)
DA:13,1
DA:17,1
DA:65,3
DA:66,3
DA:81,3
DA:83,3
LF:6
LH:6
BRDA:70,1,0,3
BRDA:70,1,1,3
BRDA:71,2,0,3
BRDA:71,2,1,3
BRF:4
BRH:4
end_of_record
TN:
SF:/Users/okuni/WebstormProjects/fur/lib/icons/_define_icon.js
FN:14,(anonymous_1)
FNF:1
FNH:1
FNDA:2,(anonymous_1)
DA:12,1
DA:14,1
DA:15,2
DA:16,2
LF:4
LH:4
BRF:0
BRH:0
end_of_record
TN:
SF:/Users/okuni/WebstormProjects/fur/lib/util/fallback_copy.js
FN:11,fallbackCopy
FNF:1
FNH:1
FNDA:7,fallbackCopy
DA:11,1
DA:12,7
DA:13,2
DA:15,7
DA:16,25
DA:17,25
DA:18,23
DA:22,7
LF:8
LH:8
BRDA:12,1,0,2
BRDA:12,1,1,5
BRDA:16,2,0,25
BRDA:16,2,1,0
BRDA:17,3,0,23
BRDA:17,3,1,2
BRF:6
BRH:5
end_of_record
TN:
SF:/Users/okuni/WebstormProjects/fur/lib/util/print.js
FN:11,join
FN:13,(anonymous_2)
FN:25,(anonymous_3)
FN:31,(anonymous_4)
FN:40,(anonymous_5)
FN:46,(anonymous_6)
FN:51,(anonymous_7)
FN:58,(anonymous_8)
FN:66,(anonymous_9)
FNF:9
FNH:9
FNDA:23,join
FNDA:36,(anonymous_2)
FNDA:19,(anonymous_3)
FNDA:9,(anonymous_4)
FNDA:4,(anonymous_5)
FNDA:4,(anonymous_6)
FNDA:2,(anonymous_7)
FNDA:2,(anonymous_8)
FNDA:2,(anonymous_9)
DA:9,1
DA:11,1
DA:12,23
DA:14,36
DA:15,1
DA:17,35
DA:18,1
DA:20,34
DA:25,1
DA:26,19
DA:27,19
DA:30,1
DA:31,1
DA:32,9
DA:33,9
DA:34,9
DA:35,10
DA:37,9
DA:40,1
DA:41,4
DA:42,4
DA:46,1
DA:47,4
DA:48,4
DA:51,1
DA:52,2
DA:53,2
DA:54,2
DA:55,2
DA:58,1
DA:59,2
DA:60,2
DA:61,2
DA:62,2
DA:66,1
DA:67,2
DA:68,2
LF:37
LH:37
BRDA:14,1,0,1
BRDA:14,1,1,35
BRDA:17,2,0,1
BRDA:17,2,1,34
BRDA:27,3,0,19
BRDA:27,3,1,8
BRDA:33,4,0,9
BRDA:33,4,1,8
BRF:8
BRH:8
end_of_record
TN:
SF:/Users/okuni/WebstormProjects/fur/lib/commands/ico.js
FN:18,ico
FN:19,(anonymous_2)
FNF:2
FNH:2
FNDA:1,ico
FNDA:1,(anonymous_2)
DA:15,1
DA:18,1
DA:19,1
DA:20,1
DA:21,1
DA:23,1
LF:6
LH:6
BRDA:20,1,0,1
BRDA:20,1,1,0
BRDA:23,2,0,1
BRDA:23,2,1,1
BRF:4
BRH:3
end_of_record
TN:
SF:/Users/okuni/WebstormProjects/fur/lib/convert_png_to_ico.js
FN:14,convertPngToIco
FN:24,(anonymous_2)
FNF:2
FNH:2
FNDA:2,convertPngToIco
FNDA:2,(anonymous_2)
DA:12,1
DA:14,1
DA:15,2
DA:25,2
LF:4
LH:4
BRDA:25,1,0,2
BRDA:25,1,1,2
BRDA:25,1,2,2
BRF:3
BRH:3
end_of_record
TN:
SF:/Users/okuni/WebstormProjects/fur/lib/generate_badge.js
FN:26,generateBadge
FNF:1
FNH:1
FNDA:2,generateBadge
DA:22,1
DA:26,1
DA:27,2
DA:34,2
DA:37,2
DA:39,2
DA:47,2
DA:49,1
DA:50,1
DA:52,1
DA:53,1
DA:55,0
DA:56,0
LF:13
LH:11
BRDA:47,1,0,1
BRDA:47,1,1,1
BRDA:47,1,2,0
BRF:3
BRH:2
end_of_record
TN:
SF:/Users/okuni/WebstormProjects/fur/support/shields/svg-to-img.js
FN:14,(anonymous_1)
FN:26,(anonymous_2)
FN:32,(anonymous_3)
FN:37,(anonymous_4)
FN:45,addToCache
FN:69,DataStream
FN:75,(anonymous_7)
FNF:7
FNH:5
FNDA:1,(anonymous_1)
FNDA:1,(anonymous_2)
FNDA:1,(anonymous_3)
FNDA:1,(anonymous_4)
FNDA:1,addToCache
FNDA:0,DataStream
FNDA:0,(anonymous_7)
DA:1,1
DA:2,1
DA:3,1
DA:4,1
DA:5,1
DA:6,1
DA:8,1
DA:9,1
DA:10,1
DA:12,1
DA:14,1
DA:15,1
DA:16,1
DA:18,0
DA:19,0
DA:20,0
DA:22,1
DA:25,1
DA:27,1
DA:28,1
DA:29,1
DA:30,1
DA:31,1
DA:32,1
DA:33,1
DA:34,1
DA:37,1
DA:38,1
DA:39,1
DA:40,1
DA:45,1
DA:46,1
DA:47,1
DA:48,1
DA:49,1
DA:51,0
DA:52,0
DA:53,0
DA:54,0
DA:55,0
DA:59,0
DA:60,0
DA:62,1
DA:67,1
DA:68,1
DA:69,1
DA:70,0
DA:71,0
DA:72,0
DA:74,1
DA:75,1
DA:76,0
DA:77,0
DA:78,0
DA:79,0
DA:81,0
LF:56
LH:38
BRDA:16,1,0,0
BRDA:16,1,1,1
BRDA:27,2,0,0
BRDA:27,2,1,1
BRDA:28,3,0,0
BRDA:28,3,1,1
BRDA:29,4,0,0
BRDA:29,4,1,1
BRDA:29,5,0,0
BRDA:29,5,1,0
BRDA:49,6,0,0
BRDA:49,6,1,1
BRDA:53,7,0,0
BRDA:53,7,1,0
BRDA:79,8,0,0
BRDA:79,8,1,0
BRF:16
BRH:5
end_of_record
TN:
SF:/Users/okuni/WebstormProjects/fur/lib/util/alphabetical_index.js
FN:12,alphabeticalIndex
FNF:1
FNH:1
FNDA:11,alphabeticalIndex
DA:12,1
DA:13,11
DA:14,11
DA:15,4
DA:17,11
DA:18,11
LF:6
LH:6
BRDA:14,1,0,4
BRDA:14,1,1,7
BRF:2
BRH:2
end_of_record
TN:
SF:/Users/okuni/WebstormProjects/fur/lib/util/render_dot_tmpl.js
FN:18,(anonymous_1)
FN:20,(anonymous_2)
FN:23,(anonymous_3)
FN:30,(anonymous_4)
FN:32,(anonymous_5)
FN:33,(anonymous_6)
FN:41,(anonymous_7)
FN:52,(anonymous_8)
FN:55,(anonymous_9)
FN:58,(anonymous_10)
FN:67,(anonymous_11)
FNF:11
FNH:11
FNDA:1,(anonymous_1)
FNDA:1,(anonymous_2)
FNDA:1,(anonymous_3)
FNDA:1,(anonymous_4)
FNDA:1,(anonymous_5)
FNDA:1,(anonymous_6)
FNDA:1,(anonymous_7)
FNDA:2,(anonymous_8)
FNDA:2,(anonymous_9)
FNDA:2,(anonymous_10)
FNDA:2,(anonymous_11)
DA:14,1
DA:18,1
DA:19,1
DA:21,1
DA:24,1
DA:25,1
DA:30,1
DA:31,1
DA:33,1
DA:34,1
DA:35,0
DA:37,1
DA:42,1
DA:43,1
DA:44,0
DA:46,1
DA:52,1
DA:53,2
DA:54,2
DA:56,2
DA:59,2
DA:63,0
DA:67,1
DA:68,2
DA:69,2
DA:70,2
DA:71,2
DA:73,0
DA:78,1
LF:29
LH:25
BRDA:34,1,0,0
BRDA:34,1,1,1
BRDA:42,2,0,1
BRDA:42,2,1,0
BRDA:43,3,0,0
BRDA:43,3,1,1
BRDA:53,4,0,2
BRDA:53,4,1,0
BRF:8
BRH:4
end_of_record
TN:
SF:/Users/okuni/WebstormProjects/fur/lib/util/write_readonly_file.js
FN:14,(anonymous_1)
FN:16,(anonymous_2)
FN:17,(anonymous_3)
FN:25,(anonymous_4)
FN:28,(anonymous_5)
FNF:5
FNH:5
FNDA:2,(anonymous_1)
FNDA:2,(anonymous_2)
FNDA:2,(anonymous_3)
FNDA:2,(anonymous_4)
FNDA:2,(anonymous_5)
DA:11,1
DA:14,1
DA:15,2
DA:17,2
DA:18,2
DA:19,2
DA:21,0
DA:26,2
DA:29,2
LF:9
LH:8
BRDA:18,1,0,2
BRDA:18,1,1,0
BRF:2
BRH:1
end_of_record
TN:
SF:/Users/okuni/WebstormProjects/fur/lib/util/write_svg_file.js
FN:16,(anonymous_1)
FN:17,(anonymous_2)
FNF:2
FNH:2
FNDA:1,(anonymous_1)
FNDA:1,(anonymous_2)
DA:12,1
DA:16,1
DA:17,1
DA:18,1
DA:19,0
DA:20,0
DA:22,1
LF:7
LH:5
BRDA:18,1,0,0
BRDA:18,1,1,1
BRF:2
BRH:1
end_of_record
