{"/Users/okuni/WebstormProjects/fur/Gruntfile.js":{"path":"/Users/okuni/WebstormProjects/fur/Gruntfile.js","s":{"1":1,"2":1,"3":1,"4":12,"5":0,"6":0,"7":0,"8":0,"9":0,"10":0,"11":1,"12":1,"13":1,"14":1,"15":1,"16":1,"17":1,"18":1,"19":1,"20":1,"21":1,"22":1,"23":1,"24":1,"25":1,"26":1,"27":1,"28":1,"29":1,"30":1,"31":1,"32":1,"33":1,"34":1,"35":1,"36":1},"b":{"1":[0,0]},"f":{"1":1,"2":12,"3":0,"4":0},"fnMap":{"1":{"name":"(anonymous_1)","line":14,"loc":{"start":{"line":14,"column":17},"end":{"line":14,"column":34}}},"2":{"name":"ciTask","line":21,"loc":{"start":{"line":21,"column":4},"end":{"line":21,"column":30}}},"3":{"name":"(anonymous_3)","line":22,"loc":{"start":{"line":22,"column":15},"end":{"line":22,"column":27}}},"4":{"name":"(anonymous_4)","line":25,"loc":{"start":{"line":25,"column":56},"end":{"line":25,"column":71}}}},"statementMap":{"1":{"start":{"line":10,"column":0},"end":{"line":11,"column":23}},"2":{"start":{"line":14,"column":0},"end":{"line":122,"column":2}},"3":{"start":{"line":21,"column":4},"end":{"line":33,"column":5}},"4":{"start":{"line":22,"column":8},"end":{"line":33,"column":4}},"5":{"start":{"line":23,"column":12},"end":{"line":24,"column":35}},"6":{"start":{"line":25,"column":12},"end":{"line":31,"column":15}},"7":{"start":{"line":26,"column":16},"end":{"line":28,"column":17}},"8":{"start":{"line":27,"column":20},"end":{"line":27,"column":41}},"9":{"start":{"line":29,"column":16},"end":{"line":29,"column":23}},"10":{"start":{"line":30,"column":16},"end":{"line":30,"column":28}},"11":{"start":{"line":36,"column":4},"end":{"line":54,"column":7}},"12":{"start":{"line":56,"column":4},"end":{"line":56,"column":38}},"13":{"start":{"line":57,"column":4},"end":{"line":57,"column":38}},"14":{"start":{"line":58,"column":4},"end":{"line":58,"column":49}},"15":{"start":{"line":59,"column":4},"end":{"line":59,"column":37}},"16":{"start":{"line":60,"column":4},"end":{"line":60,"column":38}},"17":{"start":{"line":62,"column":4},"end":{"line":62,"column":101}},"18":{"start":{"line":63,"column":4},"end":{"line":63,"column":106}},"19":{"start":{"line":64,"column":4},"end":{"line":64,"column":95}},"20":{"start":{"line":65,"column":4},"end":{"line":65,"column":98}},"21":{"start":{"line":66,"column":4},"end":{"line":66,"column":101}},"22":{"start":{"line":67,"column":4},"end":{"line":67,"column":101}},"23":{"start":{"line":68,"column":4},"end":{"line":68,"column":95}},"24":{"start":{"line":69,"column":4},"end":{"line":69,"column":93}},"25":{"start":{"line":70,"column":4},"end":{"line":70,"column":104}},"26":{"start":{"line":71,"column":4},"end":{"line":71,"column":107}},"27":{"start":{"line":72,"column":4},"end":{"line":72,"column":104}},"28":{"start":{"line":73,"column":4},"end":{"line":73,"column":108}},"29":{"start":{"line":76,"column":4},"end":{"line":83,"column":7}},"30":{"start":{"line":85,"column":4},"end":{"line":87,"column":7}},"31":{"start":{"line":89,"column":4},"end":{"line":91,"column":7}},"32":{"start":{"line":93,"column":4},"end":{"line":100,"column":7}},"33":{"start":{"line":102,"column":4},"end":{"line":106,"column":7}},"34":{"start":{"line":108,"column":4},"end":{"line":112,"column":7}},"35":{"start":{"line":114,"column":4},"end":{"line":117,"column":7}},"36":{"start":{"line":119,"column":4},"end":{"line":121,"column":7}}},"branchMap":{"1":{"line":26,"type":"if","locations":[{"start":{"line":26,"column":16},"end":{"line":26,"column":16}},{"start":{"line":26,"column":16},"end":{"line":26,"column":16}}]}}},"/Users/okuni/WebstormProjects/fur/ci/config/badge-task-config.js":{"path":"/Users/okuni/WebstormProjects/fur/ci/config/badge-task-config.js","s":{"1":1,"2":1,"3":2},"b":{},"f":{"1":2},"fnMap":{"1":{"name":"(anonymous_1)","line":14,"loc":{"start":{"line":14,"column":28},"end":{"line":14,"column":45}}}},"statementMap":{"1":{"start":{"line":10,"column":0},"end":{"line":12,"column":33}},"2":{"start":{"line":14,"column":0},"end":{"line":24,"column":3}},"3":{"start":{"line":15,"column":4},"end":{"line":24,"column":0}}},"branchMap":{}},"/Users/okuni/WebstormProjects/fur/ci/config/catalog-task-config.js":{"path":"/Users/okuni/WebstormProjects/fur/ci/config/catalog-task-config.js","s":{"1":1,"2":1},"b":{},"f":{},"fnMap":{},"statementMap":{"1":{"start":{"line":11,"column":0},"end":{"line":17,"column":2}},"2":{"start":{"line":20,"column":0},"end":{"line":53,"column":2}}},"branchMap":{}},"/Users/okuni/WebstormProjects/fur/ci/config/chmod-task-config.js":{"path":"/Users/okuni/WebstormProjects/fur/ci/config/chmod-task-config.js","s":{"1":1,"2":1,"3":1},"b":{},"f":{},"fnMap":{},"statementMap":{"1":{"start":{"line":11,"column":0},"end":{"line":14,"column":2}},"2":{"start":{"line":16,"column":0},"end":{"line":22,"column":2}},"3":{"start":{"line":24,"column":0},"end":{"line":28,"column":2}}},"branchMap":{}},"/Users/okuni/WebstormProjects/fur/ci/config/exec-task-config.js":{"path":"/Users/okuni/WebstormProjects/fur/ci/config/exec-task-config.js","s":{"1":1,"2":1,"3":1,"4":1,"5":1,"6":1},"b":{},"f":{},"fnMap":{},"statementMap":{"1":{"start":{"line":16,"column":0},"end":{"line":19,"column":2}},"2":{"start":{"line":21,"column":0},"end":{"line":24,"column":2}},"3":{"start":{"line":26,"column":0},"end":{"line":28,"column":2}},"4":{"start":{"line":30,"column":0},"end":{"line":32,"column":2}},"5":{"start":{"line":34,"column":0},"end":{"line":36,"column":2}},"6":{"start":{"line":38,"column":0},"end":{"line":40,"column":2}}},"branchMap":{}},"/Users/okuni/WebstormProjects/fur/ci/config/favicon-task-config.js":{"path":"/Users/okuni/WebstormProjects/fur/ci/config/favicon-task-config.js","s":{"1":1,"2":1,"3":2,"4":1,"5":2,"6":1,"7":2},"b":{},"f":{"1":2,"2":2,"3":2},"fnMap":{"1":{"name":"(anonymous_1)","line":15,"loc":{"start":{"line":15,"column":31},"end":{"line":15,"column":49}}},"2":{"name":"(anonymous_2)","line":27,"loc":{"start":{"line":27,"column":26},"end":{"line":27,"column":44}}},"3":{"name":"(anonymous_3)","line":39,"loc":{"start":{"line":39,"column":33},"end":{"line":39,"column":51}}}},"statementMap":{"1":{"start":{"line":12,"column":0},"end":{"line":13,"column":29}},"2":{"start":{"line":15,"column":0},"end":{"line":25,"column":3}},"3":{"start":{"line":16,"column":4},"end":{"line":25,"column":0}},"4":{"start":{"line":27,"column":0},"end":{"line":37,"column":3}},"5":{"start":{"line":28,"column":4},"end":{"line":37,"column":0}},"6":{"start":{"line":39,"column":0},"end":{"line":49,"column":0}},"7":{"start":{"line":40,"column":4},"end":{"line":48,"column":0}}},"branchMap":{}},"/Users/okuni/WebstormProjects/fur/ci/config/ico-task-config.js":{"path":"/Users/okuni/WebstormProjects/fur/ci/config/ico-task-config.js","s":{"1":1,"2":1,"3":1},"b":{},"f":{},"fnMap":{},"statementMap":{"1":{"start":{"line":13,"column":0},"end":{"line":16,"column":2}},"2":{"start":{"line":19,"column":0},"end":{"line":22,"column":2}},"3":{"start":{"line":25,"column":0},"end":{"line":28,"column":2}}},"branchMap":{}},"/Users/okuni/WebstormProjects/fur/ci/config/index-task-config.js":{"path":"/Users/okuni/WebstormProjects/fur/ci/config/index-task-config.js","s":{"1":1,"2":1,"3":1,"4":1,"5":1,"6":1,"7":1,"8":1,"9":1,"10":1,"11":1,"12":1,"13":1},"b":{},"f":{},"fnMap":{},"statementMap":{"1":{"start":{"line":21,"column":0},"end":{"line":21,"column":35}},"2":{"start":{"line":23,"column":0},"end":{"line":27,"column":2}},"3":{"start":{"line":29,"column":0},"end":{"line":33,"column":2}},"4":{"start":{"line":35,"column":0},"end":{"line":39,"column":2}},"5":{"start":{"line":41,"column":0},"end":{"line":45,"column":2}},"6":{"start":{"line":47,"column":0},"end":{"line":51,"column":2}},"7":{"start":{"line":53,"column":0},"end":{"line":57,"column":2}},"8":{"start":{"line":60,"column":0},"end":{"line":66,"column":2}},"9":{"start":{"line":68,"column":0},"end":{"line":73,"column":2}},"10":{"start":{"line":75,"column":0},"end":{"line":81,"column":2}},"11":{"start":{"line":83,"column":0},"end":{"line":89,"column":2}},"12":{"start":{"line":91,"column":0},"end":{"line":96,"column":2}},"13":{"start":{"line":98,"column":0},"end":{"line":104,"column":2}}},"branchMap":{}},"/Users/okuni/WebstormProjects/fur/ci/config/jsdoc-task-config.js":{"path":"/Users/okuni/WebstormProjects/fur/ci/config/jsdoc-task-config.js","s":{"1":1,"2":0,"3":0,"4":1,"5":0,"6":1,"7":0,"8":1,"9":0},"b":{},"f":{"1":0,"2":0,"3":0,"4":0},"fnMap":{"1":{"name":"docstrap","line":13,"loc":{"start":{"line":13,"column":0},"end":{"line":13,"column":20}}},"2":{"name":"(anonymous_2)","line":27,"loc":{"start":{"line":27,"column":23},"end":{"line":27,"column":23}}},"3":{"name":"(anonymous_3)","line":43,"loc":{"start":{"line":43,"column":23},"end":{"line":43,"column":23}}},"4":{"name":"(anonymous_4)","line":58,"loc":{"start":{"line":58,"column":23},"end":{"line":58,"column":23}}}},"statementMap":{"1":{"start":{"line":13,"column":0},"end":{"line":16,"column":1}},"2":{"start":{"line":14,"column":4},"end":{"line":14,"column":31}},"3":{"start":{"line":15,"column":4},"end":{"line":15,"column":57}},"4":{"start":{"line":18,"column":0},"end":{"line":31,"column":2}},"5":{"start":{"line":28,"column":12},"end":{"line":28,"column":30}},"6":{"start":{"line":33,"column":0},"end":{"line":47,"column":2}},"7":{"start":{"line":44,"column":12},"end":{"line":44,"column":31}},"8":{"start":{"line":49,"column":0},"end":{"line":62,"column":2}},"9":{"start":{"line":59,"column":12},"end":{"line":59,"column":31}}},"branchMap":{}},"/Users/okuni/WebstormProjects/fur/ci/config/tag-task-config.js":{"path":"/Users/okuni/WebstormProjects/fur/ci/config/tag-task-config.js","s":{"1":1},"b":{},"f":{},"fnMap":{},"statementMap":{"1":{"start":{"line":10,"column":0},"end":{"line":12,"column":2}}},"branchMap":{}},"/Users/okuni/WebstormProjects/fur/ci/config/gallery-task-config.js":{"path":"/Users/okuni/WebstormProjects/fur/ci/config/gallery-task-config.js","s":{"1":1,"2":1,"3":1,"4":1},"b":{},"f":{},"fnMap":{},"statementMap":{"1":{"start":{"line":13,"column":0},"end":{"line":22,"column":2}},"2":{"start":{"line":24,"column":0},"end":{"line":27,"column":2}},"3":{"start":{"line":29,"column":0},"end":{"line":36,"column":2}},"4":{"start":{"line":38,"column":0},"end":{"line":45,"column":2}}},"branchMap":{}},"/Users/okuni/WebstormProjects/fur/ci/config/mkdir-task-config.js":{"path":"/Users/okuni/WebstormProjects/fur/ci/config/mkdir-task-config.js","s":{"1":1},"b":{},"f":{},"fnMap":{},"statementMap":{"1":{"start":{"line":10,"column":0},"end":{"line":41,"column":2}}},"branchMap":{}},"/Users/okuni/WebstormProjects/fur/ci/config/nodeunit-task-config.js":{"path":"/Users/okuni/WebstormProjects/fur/ci/config/nodeunit-task-config.js","s":{"1":1},"b":{},"f":{},"fnMap":{},"statementMap":{"1":{"start":{"line":10,"column":0},"end":{"line":12,"column":2}}},"branchMap":{}},"/Users/okuni/WebstormProjects/fur/ci/config/readme-task-config.js":{"path":"/Users/okuni/WebstormProjects/fur/ci/config/readme-task-config.js","s":{"1":1},"b":{},"f":{},"fnMap":{},"statementMap":{"1":{"start":{"line":10,"column":0},"end":{"line":12,"column":2}}},"branchMap":{}},"/Users/okuni/WebstormProjects/fur/ci/config/scaffold-task-config.js":{"path":"/Users/okuni/WebstormProjects/fur/ci/config/scaffold-task-config.js","s":{"1":1,"2":1,"3":1,"4":23,"5":1,"6":18,"7":1,"8":10,"9":1,"10":1,"11":1,"12":12,"13":1,"14":12,"15":1,"16":6,"17":1,"18":9,"19":5,"20":1,"21":9,"22":9,"23":9,"24":5,"25":24,"26":19,"27":4,"28":9,"29":23,"30":23,"31":23,"32":9},"b":{"1":[5,4]},"f":{"1":23,"2":18,"3":10,"4":12,"5":12,"6":6,"7":9,"8":5,"9":9,"10":24,"11":19,"12":23,"13":9},"fnMap":{"1":{"name":"capitalize","line":22,"loc":{"start":{"line":22,"column":0},"end":{"line":22,"column":28}}},"2":{"name":"isDir","line":26,"loc":{"start":{"line":26,"column":0},"end":{"line":26,"column":25}}},"3":{"name":"(anonymous_3)","line":32,"loc":{"start":{"line":32,"column":12},"end":{"line":32,"column":32}}},"4":{"name":"(anonymous_4)","line":61,"loc":{"start":{"line":61,"column":31},"end":{"line":61,"column":47}}},"5":{"name":"(anonymous_5)","line":71,"loc":{"start":{"line":71,"column":33},"end":{"line":71,"column":49}}},"6":{"name":"(anonymous_6)","line":82,"loc":{"start":{"line":82,"column":29},"end":{"line":82,"column":45}}},"7":{"name":"(anonymous_7)","line":93,"loc":{"start":{"line":93,"column":12},"end":{"line":93,"column":32}}},"8":{"name":"(anonymous_8)","line":96,"loc":{"start":{"line":96,"column":9},"end":{"line":96,"column":25}}},"9":{"name":"(anonymous_9)","line":106,"loc":{"start":{"line":106,"column":39},"end":{"line":106,"column":61}}},"10":{"name":"(anonymous_10)","line":112,"loc":{"start":{"line":112,"column":20},"end":{"line":112,"column":40}}},"11":{"name":"(anonymous_11)","line":115,"loc":{"start":{"line":115,"column":17},"end":{"line":115,"column":37}}},"12":{"name":"(anonymous_12)","line":122,"loc":{"start":{"line":122,"column":13},"end":{"line":122,"column":33}}},"13":{"name":"(anonymous_13)","line":144,"loc":{"start":{"line":144,"column":11},"end":{"line":144,"column":34}}}},"statementMap":{"1":{"start":{"line":14,"column":0},"end":{"line":17,"column":40}},"2":{"start":{"line":19,"column":0},"end":{"line":20,"column":42}},"3":{"start":{"line":22,"column":0},"end":{"line":24,"column":1}},"4":{"start":{"line":23,"column":4},"end":{"line":23,"column":64}},"5":{"start":{"line":26,"column":0},"end":{"line":28,"column":1}},"6":{"start":{"line":27,"column":4},"end":{"line":27,"column":47}},"7":{"start":{"line":31,"column":0},"end":{"line":34,"column":7}},"8":{"start":{"line":33,"column":8},"end":{"line":33,"column":39}},"9":{"start":{"line":37,"column":0},"end":{"line":44,"column":2}},"10":{"start":{"line":46,"column":0},"end":{"line":59,"column":2}},"11":{"start":{"line":61,"column":0},"end":{"line":69,"column":3}},"12":{"start":{"line":62,"column":4},"end":{"line":68,"column":6}},"13":{"start":{"line":71,"column":0},"end":{"line":79,"column":3}},"14":{"start":{"line":72,"column":4},"end":{"line":78,"column":6}},"15":{"start":{"line":82,"column":0},"end":{"line":90,"column":3}},"16":{"start":{"line":83,"column":4},"end":{"line":89,"column":6}},"17":{"start":{"line":92,"column":0},"end":{"line":104,"column":7}},"18":{"start":{"line":94,"column":8},"end":{"line":94,"column":53}},"19":{"start":{"line":97,"column":8},"end":{"line":103,"column":10}},"20":{"start":{"line":106,"column":0},"end":{"line":146,"column":11}},"21":{"start":{"line":108,"column":4},"end":{"line":108,"column":51}},"22":{"start":{"line":109,"column":4},"end":{"line":109,"column":18}},"23":{"start":{"line":110,"column":4},"end":{"line":120,"column":5}},"24":{"start":{"line":111,"column":8},"end":{"line":117,"column":15}},"25":{"start":{"line":113,"column":16},"end":{"line":113,"column":47}},"26":{"start":{"line":116,"column":16},"end":{"line":116,"column":55}},"27":{"start":{"line":119,"column":8},"end":{"line":119,"column":30}},"28":{"start":{"line":121,"column":4},"end":{"line":142,"column":8}},"29":{"start":{"line":123,"column":12},"end":{"line":124,"column":60}},"30":{"start":{"line":125,"column":12},"end":{"line":130,"column":18}},"31":{"start":{"line":131,"column":12},"end":{"line":140,"column":14}},"32":{"start":{"line":145,"column":8},"end":{"line":145,"column":34}}},"branchMap":{"1":{"line":110,"type":"if","locations":[{"start":{"line":110,"column":4},"end":{"line":110,"column":4}},{"start":{"line":110,"column":4},"end":{"line":110,"column":4}}]}}},"/Users/okuni/WebstormProjects/fur/ci/config/taskguide-task-config.js":{"path":"/Users/okuni/WebstormProjects/fur/ci/config/taskguide-task-config.js","s":{"1":1},"b":{},"f":{},"fnMap":{},"statementMap":{"1":{"start":{"line":10,"column":0},"end":{"line":21,"column":2}}},"branchMap":{}},"/Users/okuni/WebstormProjects/fur/ci/config/testcase-task-config.js":{"path":"/Users/okuni/WebstormProjects/fur/ci/config/testcase-task-config.js","s":{"1":1},"b":{},"f":{},"fnMap":{},"statementMap":{"1":{"start":{"line":10,"column":0},"end":{"line":16,"column":2}}},"branchMap":{}},"/Users/okuni/WebstormProjects/fur/ci/config/versionup-task-config.js":{"path":"/Users/okuni/WebstormProjects/fur/ci/config/versionup-task-config.js","s":{"1":1},"b":{},"f":{},"fnMap":{},"statementMap":{"1":{"start":{"line":10,"column":0},"end":{"line":12,"column":2}}},"branchMap":{}},"/Users/okuni/WebstormProjects/fur/lib/badges/_define_badge.js":{"path":"/Users/okuni/WebstormProjects/fur/lib/badges/_define_badge.js","s":{"1":1,"2":1,"3":3,"4":3},"b":{},"f":{"1":3},"fnMap":{"1":{"name":"(anonymous_1)","line":14,"loc":{"start":{"line":14,"column":17},"end":{"line":14,"column":32}}}},"statementMap":{"1":{"start":{"line":12,"column":0},"end":{"line":12,"column":39}},"2":{"start":{"line":14,"column":0},"end":{"line":17,"column":2}},"3":{"start":{"line":15,"column":4},"end":{"line":15,"column":39}},"4":{"start":{"line":16,"column":4},"end":{"line":16,"column":23}}},"branchMap":{}},"/Users/okuni/WebstormProjects/fur/lib/util/define.js":{"path":"/Users/okuni/WebstormProjects/fur/lib/util/define.js","s":{"1":1,"2":10,"3":21,"4":21,"5":20,"6":10,"7":10,"8":8,"9":10,"10":10,"11":10,"12":10,"13":2,"14":10,"15":0,"16":10,"17":10,"18":10,"19":10,"20":10,"21":1,"22":20,"23":20,"24":24,"25":0,"26":24,"27":24,"28":20,"29":1,"30":0,"31":0,"32":1,"33":10,"34":39,"35":1,"36":10,"37":0,"38":10,"39":17,"40":17,"41":1,"42":17,"43":105,"44":105,"45":25,"46":25,"47":80,"48":10},"b":{"1":[20,1],"2":[10,2],"3":[8,2],"4":[10,3,3],"5":[10,8],"6":[2,8],"7":[10,10,6],"8":[20,4],"9":[0,24],"10":[0,10],"11":[1,16],"12":[17,17],"13":[25,80]},"f":{"1":10,"2":21,"3":0,"4":20,"5":24,"6":0,"7":10,"8":39,"9":10,"10":17,"11":105},"fnMap":{"1":{"name":"(anonymous_1)","line":12,"loc":{"start":{"line":12,"column":27},"end":{"line":12,"column":42}}},"2":{"name":"(anonymous_2)","line":13,"loc":{"start":{"line":13,"column":22},"end":{"line":13,"column":34}}},"3":{"name":"(anonymous_3)","line":33,"loc":{"start":{"line":33,"column":37},"end":{"line":33,"column":49}}},"4":{"name":"(anonymous_4)","line":47,"loc":{"start":{"line":47,"column":15},"end":{"line":47,"column":33}}},"5":{"name":"(anonymous_5)","line":49,"loc":{"start":{"line":49,"column":42},"end":{"line":49,"column":57}}},"6":{"name":"(anonymous_6)","line":59,"loc":{"start":{"line":59,"column":15},"end":{"line":59,"column":30}}},"7":{"name":"(anonymous_7)","line":72,"loc":{"start":{"line":72,"column":23},"end":{"line":72,"column":56}}},"8":{"name":"(anonymous_8)","line":73,"loc":{"start":{"line":73,"column":34},"end":{"line":73,"column":50}}},"9":{"name":"(anonymous_9)","line":86,"loc":{"start":{"line":86,"column":23},"end":{"line":86,"column":52}}},"10":{"name":"(anonymous_10)","line":88,"loc":{"start":{"line":88,"column":17},"end":{"line":88,"column":33}}},"11":{"name":"(anonymous_11)","line":93,"loc":{"start":{"line":93,"column":69},"end":{"line":93,"column":81}}}},"statementMap":{"1":{"start":{"line":12,"column":0},"end":{"line":44,"column":2}},"2":{"start":{"line":13,"column":4},"end":{"line":18,"column":6}},"3":{"start":{"line":14,"column":8},"end":{"line":14,"column":21}},"4":{"start":{"line":15,"column":8},"end":{"line":17,"column":9}},"5":{"start":{"line":16,"column":12},"end":{"line":16,"column":39}},"6":{"start":{"line":20,"column":4},"end":{"line":20,"column":51}},"7":{"start":{"line":21,"column":4},"end":{"line":23,"column":5}},"8":{"start":{"line":22,"column":8},"end":{"line":22,"column":48}},"9":{"start":{"line":25,"column":4},"end":{"line":25,"column":58}},"10":{"start":{"line":26,"column":4},"end":{"line":26,"column":50}},"11":{"start":{"line":28,"column":4},"end":{"line":28,"column":42}},"12":{"start":{"line":29,"column":4},"end":{"line":31,"column":5}},"13":{"start":{"line":30,"column":8},"end":{"line":30,"column":42}},"14":{"start":{"line":33,"column":4},"end":{"line":35,"column":6}},"15":{"start":{"line":34,"column":8},"end":{"line":34,"column":19}},"16":{"start":{"line":37,"column":4},"end":{"line":37,"column":45}},"17":{"start":{"line":38,"column":4},"end":{"line":38,"column":45}},"18":{"start":{"line":40,"column":4},"end":{"line":40,"column":55}},"19":{"start":{"line":41,"column":4},"end":{"line":41,"column":48}},"20":{"start":{"line":43,"column":4},"end":{"line":43,"column":23}},"21":{"start":{"line":47,"column":0},"end":{"line":57,"column":2}},"22":{"start":{"line":48,"column":4},"end":{"line":48,"column":17}},"23":{"start":{"line":49,"column":4},"end":{"line":55,"column":7}},"24":{"start":{"line":50,"column":8},"end":{"line":52,"column":9}},"25":{"start":{"line":51,"column":12},"end":{"line":51,"column":51}},"26":{"start":{"line":53,"column":8},"end":{"line":53,"column":30}},"27":{"start":{"line":54,"column":8},"end":{"line":54,"column":20}},"28":{"start":{"line":56,"column":4},"end":{"line":56,"column":13}},"29":{"start":{"line":59,"column":0},"end":{"line":62,"column":2}},"30":{"start":{"line":60,"column":4},"end":{"line":60,"column":17}},"31":{"start":{"line":61,"column":4},"end":{"line":61,"column":20}},"32":{"start":{"line":72,"column":0},"end":{"line":76,"column":2}},"33":{"start":{"line":73,"column":4},"end":{"line":75,"column":7}},"34":{"start":{"line":74,"column":8},"end":{"line":74,"column":53}},"35":{"start":{"line":86,"column":0},"end":{"line":104,"column":2}},"36":{"start":{"line":87,"column":4},"end":{"line":87,"column":57}},"37":{"start":{"line":87,"column":34},"end":{"line":87,"column":57}},"38":{"start":{"line":88,"column":4},"end":{"line":102,"column":7}},"39":{"start":{"line":89,"column":8},"end":{"line":89,"column":36}},"40":{"start":{"line":90,"column":8},"end":{"line":92,"column":9}},"41":{"start":{"line":91,"column":12},"end":{"line":91,"column":51}},"42":{"start":{"line":93,"column":8},"end":{"line":101,"column":10}},"43":{"start":{"line":94,"column":12},"end":{"line":94,"column":25}},"44":{"start":{"line":95,"column":12},"end":{"line":100,"column":13}},"45":{"start":{"line":96,"column":16},"end":{"line":96,"column":43}},"46":{"start":{"line":97,"column":16},"end":{"line":97,"column":25}},"47":{"start":{"line":99,"column":16},"end":{"line":99,"column":35}},"48":{"start":{"line":103,"column":4},"end":{"line":103,"column":23}}},"branchMap":{"1":{"line":15,"type":"if","locations":[{"start":{"line":15,"column":8},"end":{"line":15,"column":8}},{"start":{"line":15,"column":8},"end":{"line":15,"column":8}}]},"2":{"line":20,"type":"binary-expr","locations":[{"start":{"line":20,"column":20},"end":{"line":20,"column":33}},{"start":{"line":20,"column":37},"end":{"line":20,"column":50}}]},"3":{"line":21,"type":"if","locations":[{"start":{"line":21,"column":4},"end":{"line":21,"column":4}},{"start":{"line":21,"column":4},"end":{"line":21,"column":4}}]},"4":{"line":25,"type":"binary-expr","locations":[{"start":{"line":25,"column":21},"end":{"line":25,"column":35}},{"start":{"line":25,"column":39},"end":{"line":25,"column":51}},{"start":{"line":25,"column":55},"end":{"line":25,"column":57}}]},"5":{"line":28,"type":"binary-expr","locations":[{"start":{"line":28,"column":15},"end":{"line":28,"column":23}},{"start":{"line":28,"column":27},"end":{"line":28,"column":41}}]},"6":{"line":29,"type":"if","locations":[{"start":{"line":29,"column":4},"end":{"line":29,"column":4}},{"start":{"line":29,"column":4},"end":{"line":29,"column":4}}]},"7":{"line":40,"type":"binary-expr","locations":[{"start":{"line":40,"column":19},"end":{"line":40,"column":31}},{"start":{"line":40,"column":35},"end":{"line":40,"column":48}},{"start":{"line":40,"column":52},"end":{"line":40,"column":54}}]},"8":{"line":49,"type":"binary-expr","locations":[{"start":{"line":49,"column":4},"end":{"line":49,"column":10}},{"start":{"line":49,"column":14},"end":{"line":55,"column":6}}]},"9":{"line":50,"type":"if","locations":[{"start":{"line":50,"column":8},"end":{"line":50,"column":8}},{"start":{"line":50,"column":8},"end":{"line":50,"column":8}}]},"10":{"line":87,"type":"if","locations":[{"start":{"line":87,"column":4},"end":{"line":87,"column":4}},{"start":{"line":87,"column":4},"end":{"line":87,"column":4}}]},"11":{"line":90,"type":"if","locations":[{"start":{"line":90,"column":8},"end":{"line":90,"column":8}},{"start":{"line":90,"column":8},"end":{"line":90,"column":8}}]},"12":{"line":93,"type":"binary-expr","locations":[{"start":{"line":93,"column":38},"end":{"line":93,"column":65}},{"start":{"line":93,"column":69},"end":{"line":101,"column":9}}]},"13":{"line":95,"type":"if","locations":[{"start":{"line":95,"column":12},"end":{"line":95,"column":12}},{"start":{"line":95,"column":12},"end":{"line":95,"column":12}}]}}},"/Users/okuni/WebstormProjects/fur/lib/badges/badge.js":{"path":"/Users/okuni/WebstormProjects/fur/lib/badges/badge.js","s":{"1":1,"2":1,"3":5,"4":5,"5":5},"b":{"1":[5,5]},"f":{"1":5,"2":5},"fnMap":{"1":{"name":"(anonymous_1)","line":61,"loc":{"start":{"line":61,"column":15},"end":{"line":61,"column":35}}},"2":{"name":"(anonymous_2)","line":69,"loc":{"start":{"line":69,"column":15},"end":{"line":69,"column":31}}}},"statementMap":{"1":{"start":{"line":14,"column":0},"end":{"line":16,"column":39}},"2":{"start":{"line":18,"column":0},"end":{"line":75,"column":3}},"3":{"start":{"line":62,"column":12},"end":{"line":63,"column":37}},"4":{"start":{"line":64,"column":12},"end":{"line":71,"column":15}},"5":{"start":{"line":70,"column":16},"end":{"line":70,"column":57}}},"branchMap":{"1":{"line":70,"type":"binary-expr","locations":[{"start":{"line":70,"column":16},"end":{"line":70,"column":24}},{"start":{"line":70,"column":28},"end":{"line":70,"column":56}}]}}},"/Users/okuni/WebstormProjects/fur/lib/badges/_gh_badge.js":{"path":"/Users/okuni/WebstormProjects/fur/lib/badges/_gh_badge.js","s":{"1":1,"2":1,"3":6,"4":6,"5":6,"6":6,"7":6},"b":{},"f":{"1":6},"fnMap":{"1":{"name":"(anonymous_1)","line":13,"loc":{"start":{"line":13,"column":17},"end":{"line":13,"column":29}}}},"statementMap":{"1":{"start":{"line":11,"column":0},"end":{"line":11,"column":27}},"2":{"start":{"line":13,"column":0},"end":{"line":20,"column":2}},"3":{"start":{"line":14,"column":4},"end":{"line":15,"column":29}},"4":{"start":{"line":16,"column":4},"end":{"line":16,"column":28}},"5":{"start":{"line":17,"column":4},"end":{"line":17,"column":58}},"6":{"start":{"line":18,"column":4},"end":{"line":18,"column":24}},"7":{"start":{"line":19,"column":4},"end":{"line":19,"column":20}}},"branchMap":{}},"/Users/okuni/WebstormProjects/fur/lib/images/image.js":{"path":"/Users/okuni/WebstormProjects/fur/lib/images/image.js","s":{"1":1,"2":1,"3":10,"4":10,"5":1,"6":6,"7":6,"8":6,"9":6,"10":6,"11":6,"12":1,"13":6,"14":6,"15":6,"16":6},"b":{},"f":{"1":10,"2":1,"3":6,"4":6,"5":6,"6":6,"7":6,"8":6,"9":6,"10":6},"fnMap":{"1":{"name":"(anonymous_1)","line":18,"loc":{"start":{"line":18,"column":10},"end":{"line":18,"column":28}}},"2":{"name":"(anonymous_2)","line":32,"loc":{"start":{"line":32,"column":15},"end":{"line":32,"column":35}}},"3":{"name":"(anonymous_3)","line":41,"loc":{"start":{"line":41,"column":20},"end":{"line":41,"column":50}}},"4":{"name":"(anonymous_4)","line":44,"loc":{"start":{"line":44,"column":16},"end":{"line":44,"column":36}}},"5":{"name":"(anonymous_5)","line":47,"loc":{"start":{"line":47,"column":16},"end":{"line":47,"column":42}}},"6":{"name":"(anonymous_6)","line":50,"loc":{"start":{"line":50,"column":15},"end":{"line":50,"column":30}}},"7":{"name":"(anonymous_7)","line":51,"loc":{"start":{"line":51,"column":33},"end":{"line":51,"column":45}}},"8":{"name":"(anonymous_8)","line":59,"loc":{"start":{"line":59,"column":19},"end":{"line":59,"column":58}}},"9":{"name":"(anonymous_9)","line":61,"loc":{"start":{"line":61,"column":8},"end":{"line":61,"column":28}}},"10":{"name":"(anonymous_10)","line":65,"loc":{"start":{"line":65,"column":8},"end":{"line":65,"column":28}}}},"statementMap":{"1":{"start":{"line":11,"column":0},"end":{"line":15,"column":29}},"2":{"start":{"line":17,"column":0},"end":{"line":57,"column":3}},"3":{"start":{"line":19,"column":8},"end":{"line":19,"column":21}},"4":{"start":{"line":20,"column":8},"end":{"line":20,"column":22}},"5":{"start":{"line":33,"column":12},"end":{"line":33,"column":52}},"6":{"start":{"line":42,"column":12},"end":{"line":42,"column":25}},"7":{"start":{"line":43,"column":12},"end":{"line":54,"column":15}},"8":{"start":{"line":45,"column":20},"end":{"line":45,"column":38}},"9":{"start":{"line":48,"column":20},"end":{"line":48,"column":63}},"10":{"start":{"line":51,"column":16},"end":{"line":53,"column":19}},"11":{"start":{"line":52,"column":20},"end":{"line":52,"column":34}},"12":{"start":{"line":59,"column":0},"end":{"line":69,"column":2}},"13":{"start":{"line":60,"column":4},"end":{"line":68,"column":17}},"14":{"start":{"line":62,"column":12},"end":{"line":62,"column":49}},"15":{"start":{"line":63,"column":12},"end":{"line":63,"column":38}},"16":{"start":{"line":66,"column":12},"end":{"line":66,"column":54}}},"branchMap":{}},"/Users/okuni/WebstormProjects/fur/support/shields/badge.js":{"path":"/Users/okuni/WebstormProjects/fur/support/shields/badge.js","s":{"1":1,"2":1,"3":1,"4":1,"5":1,"6":1,"7":1,"8":1,"9":1,"10":1,"11":0,"12":1,"13":1,"14":1,"15":1,"16":2,"17":2,"18":2,"19":1,"20":1,"21":5,"22":5,"23":1,"24":5,"25":5,"26":0,"27":0,"28":5,"29":5,"30":5,"31":5,"32":1},"b":{"1":[5,0],"2":[0,5]},"f":{"1":2,"2":5,"3":5,"4":5},"fnMap":{"1":{"name":"(anonymous_1)","line":21,"loc":{"start":{"line":21,"column":22},"end":{"line":21,"column":41}}},"2":{"name":"optimize","line":30,"loc":{"start":{"line":30,"column":0},"end":{"line":30,"column":36}}},"3":{"name":"makeImage","line":35,"loc":{"start":{"line":35,"column":0},"end":{"line":35,"column":29}}},"4":{"name":"(anonymous_4)","line":47,"loc":{"start":{"line":47,"column":19},"end":{"line":47,"column":36}}}},"statementMap":{"1":{"start":{"line":1,"column":0},"end":{"line":1,"column":23}},"2":{"start":{"line":2,"column":0},"end":{"line":2,"column":27}},"3":{"start":{"line":3,"column":0},"end":{"line":3,"column":27}},"4":{"start":{"line":4,"column":0},"end":{"line":4,"column":25}},"5":{"start":{"line":7,"column":0},"end":{"line":7,"column":31}},"6":{"start":{"line":8,"column":0},"end":{"line":8,"column":37}},"7":{"start":{"line":9,"column":0},"end":{"line":9,"column":51}},"8":{"start":{"line":10,"column":0},"end":{"line":10,"column":29}},"9":{"start":{"line":11,"column":0},"end":{"line":15,"column":13}},"10":{"start":{"line":12,"column":2},"end":{"line":13,"column":43}},"11":{"start":{"line":14,"column":2},"end":{"line":14,"column":34}},"12":{"start":{"line":16,"column":0},"end":{"line":16,"column":51}},"13":{"start":{"line":19,"column":0},"end":{"line":19,"column":19}},"14":{"start":{"line":20,"column":0},"end":{"line":20,"column":48}},"15":{"start":{"line":21,"column":0},"end":{"line":26,"column":3}},"16":{"start":{"line":22,"column":2},"end":{"line":23,"column":60}},"17":{"start":{"line":24,"column":2},"end":{"line":24,"column":59}},"18":{"start":{"line":25,"column":2},"end":{"line":25,"column":48}},"19":{"start":{"line":28,"column":0},"end":{"line":28,"column":68}},"20":{"start":{"line":30,"column":0},"end":{"line":33,"column":1}},"21":{"start":{"line":31,"column":2},"end":{"line":31,"column":24}},"22":{"start":{"line":32,"column":2},"end":{"line":32,"column":34}},"23":{"start":{"line":35,"column":0},"end":{"line":48,"column":1}},"24":{"start":{"line":36,"column":2},"end":{"line":36,"column":55}},"25":{"start":{"line":37,"column":2},"end":{"line":40,"column":3}},"26":{"start":{"line":38,"column":4},"end":{"line":38,"column":55}},"27":{"start":{"line":39,"column":4},"end":{"line":39,"column":55}},"28":{"start":{"line":41,"column":2},"end":{"line":44,"column":4}},"29":{"start":{"line":45,"column":2},"end":{"line":45,"column":30}},"30":{"start":{"line":47,"column":2},"end":{"line":47,"column":58}},"31":{"start":{"line":47,"column":38},"end":{"line":47,"column":54}},"32":{"start":{"line":50,"column":0},"end":{"line":50,"column":27}}},"branchMap":{"1":{"line":36,"type":"binary-expr","locations":[{"start":{"line":36,"column":27},"end":{"line":36,"column":40}},{"start":{"line":36,"column":44},"end":{"line":36,"column":53}}]},"2":{"line":37,"type":"if","locations":[{"start":{"line":37,"column":2},"end":{"line":37,"column":2}},{"start":{"line":37,"column":2},"end":{"line":37,"column":2}}]}}},"/Users/okuni/WebstormProjects/fur/lib/badges/default_badge.js":{"path":"/Users/okuni/WebstormProjects/fur/lib/badges/default_badge.js","s":{"1":1,"2":1},"b":{},"f":{},"fnMap":{},"statementMap":{"1":{"start":{"line":13,"column":0},"end":{"line":13,"column":46}},"2":{"start":{"line":15,"column":0},"end":{"line":19,"column":3}}},"branchMap":{}},"/Users/okuni/WebstormProjects/fur/lib/badges/flat_badge.js":{"path":"/Users/okuni/WebstormProjects/fur/lib/badges/flat_badge.js","s":{"1":1,"2":1},"b":{},"f":{},"fnMap":{},"statementMap":{"1":{"start":{"line":13,"column":0},"end":{"line":13,"column":46}},"2":{"start":{"line":15,"column":0},"end":{"line":19,"column":3}}},"branchMap":{}},"/Users/okuni/WebstormProjects/fur/lib/catalogs.js":{"path":"/Users/okuni/WebstormProjects/fur/lib/catalogs.js","s":{"1":1,"2":3,"3":3},"b":{},"f":{"1":3,"2":3},"fnMap":{"1":{"name":"(anonymous_1)","line":15,"loc":{"start":{"line":15,"column":29},"end":{"line":15,"column":29}}},"2":{"name":"(anonymous_2)","line":23,"loc":{"start":{"line":23,"column":25},"end":{"line":23,"column":25}}}},"statementMap":{"1":{"start":{"line":9,"column":0},"end":{"line":26,"column":2}},"2":{"start":{"line":16,"column":8},"end":{"line":17,"column":4}},"3":{"start":{"line":24,"column":8},"end":{"line":25,"column":4}}},"branchMap":{}},"/Users/okuni/WebstormProjects/fur/lib/commands/favicon.js":{"path":"/Users/okuni/WebstormProjects/fur/lib/commands/favicon.js","s":{"1":1,"2":1,"3":1,"4":1,"5":1,"6":1},"b":{"1":[1,0],"2":[1,1]},"f":{"1":1,"2":1},"fnMap":{"1":{"name":"favicon","line":24,"loc":{"start":{"line":24,"column":17},"end":{"line":24,"column":63}}},"2":{"name":"(anonymous_2)","line":25,"loc":{"start":{"line":25,"column":39},"end":{"line":25,"column":54}}}},"statementMap":{"1":{"start":{"line":21,"column":0},"end":{"line":22,"column":37}},"2":{"start":{"line":24,"column":0},"end":{"line":31,"column":2}},"3":{"start":{"line":25,"column":4},"end":{"line":30,"column":7}},"4":{"start":{"line":26,"column":8},"end":{"line":28,"column":9}},"5":{"start":{"line":27,"column":12},"end":{"line":27,"column":52}},"6":{"start":{"line":29,"column":8},"end":{"line":29,"column":34}}},"branchMap":{"1":{"line":26,"type":"if","locations":[{"start":{"line":26,"column":8},"end":{"line":26,"column":8}},{"start":{"line":26,"column":8},"end":{"line":26,"column":8}}]},"2":{"line":29,"type":"binary-expr","locations":[{"start":{"line":29,"column":8},"end":{"line":29,"column":16}},{"start":{"line":29,"column":20},"end":{"line":29,"column":33}}]}}},"/Users/okuni/WebstormProjects/fur/lib/generate_favicon.js":{"path":"/Users/okuni/WebstormProjects/fur/lib/generate_favicon.js","s":{"1":1,"2":1,"3":1,"4":2,"5":2,"6":2,"7":2,"8":2,"9":2,"10":1,"11":2,"12":2,"13":0},"b":{"1":[2,2],"2":[2,0]},"f":{"1":2,"2":2},"fnMap":{"1":{"name":"generateFavicon","line":28,"loc":{"start":{"line":28,"column":27},"end":{"line":28,"column":81}}},"2":{"name":"(anonymous_2)","line":62,"loc":{"start":{"line":62,"column":24},"end":{"line":62,"column":41}}}},"statementMap":{"1":{"start":{"line":21,"column":0},"end":{"line":24,"column":37}},"2":{"start":{"line":26,"column":0},"end":{"line":26,"column":45}},"3":{"start":{"line":28,"column":0},"end":{"line":60,"column":2}},"4":{"start":{"line":29,"column":4},"end":{"line":38,"column":16}},"5":{"start":{"line":41,"column":4},"end":{"line":42,"column":56}},"6":{"start":{"line":44,"column":4},"end":{"line":44,"column":47}},"7":{"start":{"line":45,"column":4},"end":{"line":54,"column":7}},"8":{"start":{"line":56,"column":4},"end":{"line":56,"column":84}},"9":{"start":{"line":58,"column":4},"end":{"line":59,"column":46}},"10":{"start":{"line":62,"column":0},"end":{"line":70,"column":2}},"11":{"start":{"line":63,"column":4},"end":{"line":69,"column":5}},"12":{"start":{"line":65,"column":12},"end":{"line":65,"column":34}},"13":{"start":{"line":67,"column":12},"end":{"line":67,"column":55}}},"branchMap":{"1":{"line":51,"type":"binary-expr","locations":[{"start":{"line":51,"column":18},"end":{"line":51,"column":29}},{"start":{"line":51,"column":33},"end":{"line":51,"column":48}}]},"2":{"line":63,"type":"switch","locations":[{"start":{"line":64,"column":8},"end":{"line":65,"column":34}},{"start":{"line":66,"column":8},"end":{"line":67,"column":55}}]}}},"/Users/okuni/WebstormProjects/fur/lib/icons/index.js":{"path":"/Users/okuni/WebstormProjects/fur/lib/icons/index.js","s":{"1":1,"2":1},"b":{},"f":{},"fnMap":{},"statementMap":{"1":{"start":{"line":10,"column":0},"end":{"line":10,"column":36}},"2":{"start":{"line":11,"column":0},"end":{"line":11,"column":45}}},"branchMap":{}},"/Users/okuni/WebstormProjects/fur/lib/icons/icon.js":{"path":"/Users/okuni/WebstormProjects/fur/lib/icons/icon.js","s":{"1":1,"2":1,"3":1,"4":7,"5":7,"6":7,"7":7,"8":7,"9":7,"10":7,"11":7},"b":{},"f":{"1":7,"2":7,"3":7,"4":7},"fnMap":{"1":{"name":"(anonymous_1)","line":58,"loc":{"start":{"line":58,"column":15},"end":{"line":58,"column":30}}},"2":{"name":"(anonymous_2)","line":62,"loc":{"start":{"line":62,"column":16},"end":{"line":62,"column":31}}},"3":{"name":"(anonymous_3)","line":71,"loc":{"start":{"line":71,"column":29},"end":{"line":71,"column":41}}},"4":{"name":"(anonymous_4)","line":95,"loc":{"start":{"line":95,"column":19},"end":{"line":95,"column":31}}}},"statementMap":{"1":{"start":{"line":14,"column":0},"end":{"line":16,"column":52}},"2":{"start":{"line":19,"column":0},"end":{"line":19,"column":9}},"3":{"start":{"line":20,"column":0},"end":{"line":102,"column":3}},"4":{"start":{"line":59,"column":12},"end":{"line":59,"column":25}},"5":{"start":{"line":60,"column":12},"end":{"line":60,"column":46}},"6":{"start":{"line":63,"column":12},"end":{"line":63,"column":25}},"7":{"start":{"line":64,"column":12},"end":{"line":64,"column":46}},"8":{"start":{"line":72,"column":12},"end":{"line":73,"column":32}},"9":{"start":{"line":74,"column":12},"end":{"line":89,"column":8}},"10":{"start":{"line":96,"column":12},"end":{"line":96,"column":25}},"11":{"start":{"line":97,"column":12},"end":{"line":99,"column":14}}},"branchMap":{}},"/Users/okuni/WebstormProjects/fur/lib/images/fabric_image.js":{"path":"/Users/okuni/WebstormProjects/fur/lib/images/fabric_image.js","s":{"1":1,"2":1,"3":10,"4":10,"5":10,"6":3,"7":3,"8":3,"9":7,"10":7,"11":0,"12":0,"13":7,"14":2,"15":2,"16":2,"17":0,"18":7,"19":7,"20":7,"21":7,"22":7,"23":0,"24":7,"25":7,"26":7,"27":10,"28":7,"29":4,"30":4,"31":4,"32":0,"33":0,"34":4,"35":4,"36":4,"37":5,"38":5,"39":3,"40":3,"41":0,"42":0,"43":3,"44":3,"45":5,"46":0,"47":0,"48":5,"49":5,"50":1,"51":1,"52":1,"53":1,"54":1,"55":1,"56":2,"57":2,"58":2,"59":2,"60":0,"61":0,"62":0,"63":0,"64":1,"65":1,"66":1,"67":1,"68":1,"69":1,"70":1,"71":0,"72":0,"73":1,"74":1,"75":1},"b":{"1":[0,7],"2":[0,4],"3":[0,3],"4":[0,5],"5":[2,0,0],"6":[1,0],"7":[0,0],"8":[1,1]},"f":{"1":10,"2":3,"3":7,"4":2,"5":7,"6":0,"7":7,"8":4,"9":4,"10":5,"11":3,"12":3,"13":5,"14":1,"15":1,"16":1,"17":2,"18":1,"19":1,"20":0,"21":1},"fnMap":{"1":{"name":"(anonymous_1)","line":22,"loc":{"start":{"line":22,"column":10},"end":{"line":22,"column":28}}},"2":{"name":"(anonymous_2)","line":40,"loc":{"start":{"line":40,"column":23},"end":{"line":40,"column":55}}},"3":{"name":"(anonymous_3)","line":53,"loc":{"start":{"line":53,"column":25},"end":{"line":53,"column":43}}},"4":{"name":"(anonymous_4)","line":59,"loc":{"start":{"line":59,"column":38},"end":{"line":59,"column":54}}},"5":{"name":"(anonymous_5)","line":74,"loc":{"start":{"line":74,"column":22},"end":{"line":74,"column":34}}},"6":{"name":"(anonymous_6)","line":85,"loc":{"start":{"line":85,"column":19},"end":{"line":85,"column":31}}},"7":{"name":"(anonymous_7)","line":93,"loc":{"start":{"line":93,"column":14},"end":{"line":93,"column":26}}},"8":{"name":"(anonymous_8)","line":107,"loc":{"start":{"line":107,"column":15},"end":{"line":107,"column":35}}},"9":{"name":"(anonymous_9)","line":110,"loc":{"start":{"line":110,"column":33},"end":{"line":110,"column":55}}},"10":{"name":"(anonymous_10)","line":120,"loc":{"start":{"line":120,"column":28},"end":{"line":120,"column":48}}},"11":{"name":"(anonymous_11)","line":122,"loc":{"start":{"line":122,"column":41},"end":{"line":122,"column":71}}},"12":{"name":"(anonymous_12)","line":123,"loc":{"start":{"line":123,"column":47},"end":{"line":123,"column":70}}},"13":{"name":"(anonymous_13)","line":134,"loc":{"start":{"line":134,"column":15},"end":{"line":134,"column":37}}},"14":{"name":"(anonymous_14)","line":149,"loc":{"start":{"line":149,"column":20},"end":{"line":149,"column":50}}},"15":{"name":"(anonymous_15)","line":157,"loc":{"start":{"line":157,"column":16},"end":{"line":157,"column":31}}},"16":{"name":"(anonymous_16)","line":158,"loc":{"start":{"line":158,"column":37},"end":{"line":158,"column":49}}},"17":{"name":"(anonymous_17)","line":169,"loc":{"start":{"line":169,"column":15},"end":{"line":169,"column":53}}},"18":{"name":"(anonymous_18)","line":186,"loc":{"start":{"line":186,"column":27},"end":{"line":186,"column":47}}},"19":{"name":"(anonymous_19)","line":193,"loc":{"start":{"line":193,"column":20},"end":{"line":193,"column":56}}},"20":{"name":"(anonymous_20)","line":195,"loc":{"start":{"line":195,"column":23},"end":{"line":195,"column":38}}},"21":{"name":"(anonymous_21)","line":199,"loc":{"start":{"line":199,"column":21},"end":{"line":199,"column":33}}}},"statementMap":{"1":{"start":{"line":12,"column":0},"end":{"line":19,"column":31}},"2":{"start":{"line":21,"column":0},"end":{"line":184,"column":3}},"3":{"start":{"line":23,"column":8},"end":{"line":23,"column":21}},"4":{"start":{"line":24,"column":8},"end":{"line":24,"column":22}},"5":{"start":{"line":25,"column":8},"end":{"line":25,"column":31}},"6":{"start":{"line":41,"column":12},"end":{"line":41,"column":25}},"7":{"start":{"line":42,"column":12},"end":{"line":45,"column":15}},"8":{"start":{"line":46,"column":12},"end":{"line":46,"column":21}},"9":{"start":{"line":54,"column":12},"end":{"line":54,"column":25}},"10":{"start":{"line":55,"column":12},"end":{"line":58,"column":13}},"11":{"start":{"line":56,"column":16},"end":{"line":56,"column":59}},"12":{"start":{"line":57,"column":16},"end":{"line":57,"column":30}},"13":{"start":{"line":59,"column":12},"end":{"line":66,"column":15}},"14":{"start":{"line":60,"column":16},"end":{"line":65,"column":17}},"15":{"start":{"line":61,"column":20},"end":{"line":61,"column":79}},"16":{"start":{"line":62,"column":20},"end":{"line":62,"column":58}},"17":{"start":{"line":64,"column":20},"end":{"line":64,"column":37}},"18":{"start":{"line":67,"column":12},"end":{"line":67,"column":26}},"19":{"start":{"line":75,"column":12},"end":{"line":75,"column":25}},"20":{"start":{"line":76,"column":12},"end":{"line":76,"column":75}},"21":{"start":{"line":77,"column":12},"end":{"line":77,"column":38}},"22":{"start":{"line":78,"column":12},"end":{"line":78,"column":27}},"23":{"start":{"line":86,"column":12},"end":{"line":86,"column":22}},"24":{"start":{"line":94,"column":12},"end":{"line":95,"column":42}},"25":{"start":{"line":96,"column":12},"end":{"line":96,"column":42}},"26":{"start":{"line":97,"column":12},"end":{"line":99,"column":13}},"27":{"start":{"line":98,"column":16},"end":{"line":98,"column":41}},"28":{"start":{"line":100,"column":12},"end":{"line":100,"column":26}},"29":{"start":{"line":108,"column":12},"end":{"line":109,"column":39}},"30":{"start":{"line":110,"column":12},"end":{"line":118,"column":15}},"31":{"start":{"line":111,"column":16},"end":{"line":114,"column":17}},"32":{"start":{"line":112,"column":20},"end":{"line":112,"column":34}},"33":{"start":{"line":113,"column":20},"end":{"line":113,"column":27}},"34":{"start":{"line":115,"column":16},"end":{"line":115,"column":60}},"35":{"start":{"line":116,"column":16},"end":{"line":116,"column":40}},"36":{"start":{"line":117,"column":16},"end":{"line":117,"column":41}},"37":{"start":{"line":121,"column":12},"end":{"line":121,"column":25}},"38":{"start":{"line":122,"column":12},"end":{"line":141,"column":15}},"39":{"start":{"line":123,"column":16},"end":{"line":134,"column":12}},"40":{"start":{"line":124,"column":20},"end":{"line":127,"column":21}},"41":{"start":{"line":125,"column":24},"end":{"line":125,"column":38}},"42":{"start":{"line":126,"column":24},"end":{"line":126,"column":31}},"43":{"start":{"line":128,"column":20},"end":{"line":131,"column":22}},"44":{"start":{"line":132,"column":20},"end":{"line":132,"column":42}},"45":{"start":{"line":135,"column":16},"end":{"line":138,"column":17}},"46":{"start":{"line":136,"column":20},"end":{"line":136,"column":34}},"47":{"start":{"line":137,"column":20},"end":{"line":137,"column":27}},"48":{"start":{"line":139,"column":16},"end":{"line":139,"column":94}},"49":{"start":{"line":140,"column":16},"end":{"line":140,"column":38}},"50":{"start":{"line":150,"column":12},"end":{"line":150,"column":25}},"51":{"start":{"line":151,"column":12},"end":{"line":151,"column":34}},"52":{"start":{"line":152,"column":12},"end":{"line":153,"column":63}},"53":{"start":{"line":154,"column":12},"end":{"line":161,"column":19}},"54":{"start":{"line":158,"column":20},"end":{"line":160,"column":23}},"55":{"start":{"line":159,"column":24},"end":{"line":159,"column":38}},"56":{"start":{"line":170,"column":12},"end":{"line":170,"column":25}},"57":{"start":{"line":171,"column":12},"end":{"line":181,"column":13}},"58":{"start":{"line":173,"column":20},"end":{"line":173,"column":53}},"59":{"start":{"line":174,"column":20},"end":{"line":174,"column":26}},"60":{"start":{"line":176,"column":20},"end":{"line":176,"column":53}},"61":{"start":{"line":177,"column":20},"end":{"line":177,"column":26}},"62":{"start":{"line":179,"column":20},"end":{"line":179,"column":69}},"63":{"start":{"line":180,"column":20},"end":{"line":180,"column":26}},"64":{"start":{"line":186,"column":0},"end":{"line":191,"column":2}},"65":{"start":{"line":187,"column":4},"end":{"line":189,"column":5}},"66":{"start":{"line":188,"column":8},"end":{"line":188,"column":32}},"67":{"start":{"line":190,"column":4},"end":{"line":190,"column":42}},"68":{"start":{"line":193,"column":0},"end":{"line":203,"column":2}},"69":{"start":{"line":194,"column":4},"end":{"line":194,"column":24}},"70":{"start":{"line":195,"column":4},"end":{"line":198,"column":7}},"71":{"start":{"line":196,"column":8},"end":{"line":196,"column":34}},"72":{"start":{"line":197,"column":8},"end":{"line":197,"column":24}},"73":{"start":{"line":199,"column":4},"end":{"line":202,"column":7}},"74":{"start":{"line":200,"column":8},"end":{"line":200,"column":31}},"75":{"start":{"line":201,"column":8},"end":{"line":201,"column":24}}},"branchMap":{"1":{"line":55,"type":"if","locations":[{"start":{"line":55,"column":12},"end":{"line":55,"column":12}},{"start":{"line":55,"column":12},"end":{"line":55,"column":12}}]},"2":{"line":111,"type":"if","locations":[{"start":{"line":111,"column":16},"end":{"line":111,"column":16}},{"start":{"line":111,"column":16},"end":{"line":111,"column":16}}]},"3":{"line":124,"type":"if","locations":[{"start":{"line":124,"column":20},"end":{"line":124,"column":20}},{"start":{"line":124,"column":20},"end":{"line":124,"column":20}}]},"4":{"line":135,"type":"if","locations":[{"start":{"line":135,"column":16},"end":{"line":135,"column":16}},{"start":{"line":135,"column":16},"end":{"line":135,"column":16}}]},"5":{"line":171,"type":"switch","locations":[{"start":{"line":172,"column":16},"end":{"line":174,"column":26}},{"start":{"line":175,"column":16},"end":{"line":177,"column":26}},{"start":{"line":178,"column":16},"end":{"line":180,"column":26}}]},"6":{"line":187,"type":"if","locations":[{"start":{"line":187,"column":4},"end":{"line":187,"column":4}},{"start":{"line":187,"column":4},"end":{"line":187,"column":4}}]},"7":{"line":196,"type":"binary-expr","locations":[{"start":{"line":196,"column":8},"end":{"line":196,"column":16}},{"start":{"line":196,"column":20},"end":{"line":196,"column":33}}]},"8":{"line":200,"type":"binary-expr","locations":[{"start":{"line":200,"column":8},"end":{"line":200,"column":16}},{"start":{"line":200,"column":20},"end":{"line":200,"column":30}}]}}},"/Users/okuni/WebstormProjects/fur/lib/icons/text_icon.js":{"path":"/Users/okuni/WebstormProjects/fur/lib/icons/text_icon.js","s":{"1":1,"2":1,"3":3,"4":3,"5":3,"6":3},"b":{"1":[3,3],"2":[3,3]},"f":{"1":3,"2":3},"fnMap":{"1":{"name":"(anonymous_1)","line":64,"loc":{"start":{"line":64,"column":23},"end":{"line":64,"column":35}}},"2":{"name":"(anonymous_2)","line":80,"loc":{"start":{"line":80,"column":19},"end":{"line":80,"column":31}}}},"statementMap":{"1":{"start":{"line":13,"column":0},"end":{"line":14,"column":38}},"2":{"start":{"line":17,"column":0},"end":{"line":88,"column":3}},"3":{"start":{"line":65,"column":12},"end":{"line":65,"column":25}},"4":{"start":{"line":66,"column":12},"end":{"line":73,"column":15}},"5":{"start":{"line":81,"column":12},"end":{"line":82,"column":68}},"6":{"start":{"line":83,"column":12},"end":{"line":85,"column":15}}},"branchMap":{"1":{"line":70,"type":"binary-expr","locations":[{"start":{"line":70,"column":21},"end":{"line":70,"column":31}},{"start":{"line":70,"column":35},"end":{"line":70,"column":36}}]},"2":{"line":71,"type":"binary-expr","locations":[{"start":{"line":71,"column":22},"end":{"line":71,"column":33}},{"start":{"line":71,"column":37},"end":{"line":71,"column":38}}]}}},"/Users/okuni/WebstormProjects/fur/lib/icons/_define_icon.js":{"path":"/Users/okuni/WebstormProjects/fur/lib/icons/_define_icon.js","s":{"1":1,"2":1,"3":2,"4":2},"b":{},"f":{"1":2},"fnMap":{"1":{"name":"(anonymous_1)","line":14,"loc":{"start":{"line":14,"column":17},"end":{"line":14,"column":32}}}},"statementMap":{"1":{"start":{"line":12,"column":0},"end":{"line":12,"column":39}},"2":{"start":{"line":14,"column":0},"end":{"line":17,"column":2}},"3":{"start":{"line":15,"column":4},"end":{"line":15,"column":38}},"4":{"start":{"line":16,"column":4},"end":{"line":16,"column":23}}},"branchMap":{}},"/Users/okuni/WebstormProjects/fur/lib/util/fallback_copy.js":{"path":"/Users/okuni/WebstormProjects/fur/lib/util/fallback_copy.js","s":{"1":1,"2":5,"3":2,"4":5,"5":17,"6":17,"7":15,"8":5},"b":{"1":[2,3],"2":[17,0],"3":[15,2]},"f":{"1":5},"fnMap":{"1":{"name":"fallbackCopy","line":11,"loc":{"start":{"line":11,"column":17},"end":{"line":11,"column":50}}}},"statementMap":{"1":{"start":{"line":11,"column":0},"end":{"line":23,"column":2}},"2":{"start":{"line":12,"column":4},"end":{"line":14,"column":5}},"3":{"start":{"line":13,"column":8},"end":{"line":13,"column":18}},"4":{"start":{"line":15,"column":4},"end":{"line":21,"column":5}},"5":{"start":{"line":16,"column":8},"end":{"line":20,"column":9}},"6":{"start":{"line":17,"column":12},"end":{"line":19,"column":13}},"7":{"start":{"line":18,"column":16},"end":{"line":18,"column":37}},"8":{"start":{"line":22,"column":4},"end":{"line":22,"column":16}}},"branchMap":{"1":{"line":12,"type":"if","locations":[{"start":{"line":12,"column":4},"end":{"line":12,"column":4}},{"start":{"line":12,"column":4},"end":{"line":12,"column":4}}]},"2":{"line":16,"type":"if","locations":[{"start":{"line":16,"column":8},"end":{"line":16,"column":8}},{"start":{"line":16,"column":8},"end":{"line":16,"column":8}}]},"3":{"line":17,"type":"if","locations":[{"start":{"line":17,"column":12},"end":{"line":17,"column":12}},{"start":{"line":17,"column":12},"end":{"line":17,"column":12}}]}}},"/Users/okuni/WebstormProjects/fur/lib/util/print.js":{"path":"/Users/okuni/WebstormProjects/fur/lib/util/print.js","s":{"1":1,"2":1,"3":23,"4":36,"5":1,"6":35,"7":1,"8":34,"9":1,"10":19,"11":19,"12":1,"13":1,"14":9,"15":9,"16":9,"17":10,"18":9,"19":1,"20":4,"21":4,"22":1,"23":4,"24":4,"25":1,"26":2,"27":2,"28":2,"29":2,"30":1,"31":2,"32":2,"33":2,"34":2,"35":1,"36":2,"37":2},"b":{"1":[1,35],"2":[1,34],"3":[19,8],"4":[9,8]},"f":{"1":23,"2":36,"3":19,"4":9,"5":4,"6":4,"7":2,"8":2,"9":2},"fnMap":{"1":{"name":"join","line":11,"loc":{"start":{"line":11,"column":0},"end":{"line":11,"column":24}}},"2":{"name":"(anonymous_2)","line":13,"loc":{"start":{"line":13,"column":13},"end":{"line":13,"column":29}}},"3":{"name":"(anonymous_3)","line":25,"loc":{"start":{"line":25,"column":27},"end":{"line":25,"column":39}}},"4":{"name":"(anonymous_4)","line":31,"loc":{"start":{"line":31,"column":15},"end":{"line":31,"column":27}}},"5":{"name":"(anonymous_5)","line":40,"loc":{"start":{"line":40,"column":16},"end":{"line":40,"column":31}}},"6":{"name":"(anonymous_6)","line":46,"loc":{"start":{"line":46,"column":15},"end":{"line":46,"column":30}}},"7":{"name":"(anonymous_7)","line":51,"loc":{"start":{"line":51,"column":13},"end":{"line":51,"column":28}}},"8":{"name":"(anonymous_8)","line":58,"loc":{"start":{"line":58,"column":20},"end":{"line":58,"column":35}}},"9":{"name":"(anonymous_9)","line":66,"loc":{"start":{"line":66,"column":13},"end":{"line":66,"column":28}}}},"statementMap":{"1":{"start":{"line":9,"column":0},"end":{"line":9,"column":33}},"2":{"start":{"line":11,"column":0},"end":{"line":23,"column":1}},"3":{"start":{"line":12,"column":4},"end":{"line":22,"column":19}},"4":{"start":{"line":14,"column":12},"end":{"line":16,"column":13}},"5":{"start":{"line":15,"column":16},"end":{"line":15,"column":34}},"6":{"start":{"line":17,"column":12},"end":{"line":19,"column":13}},"7":{"start":{"line":18,"column":16},"end":{"line":18,"column":53}},"8":{"start":{"line":20,"column":12},"end":{"line":20,"column":24}},"9":{"start":{"line":25,"column":0},"end":{"line":28,"column":2}},"10":{"start":{"line":26,"column":4},"end":{"line":26,"column":61}},"11":{"start":{"line":27,"column":4},"end":{"line":27,"column":54}},"12":{"start":{"line":30,"column":0},"end":{"line":30,"column":22}},"13":{"start":{"line":31,"column":0},"end":{"line":38,"column":2}},"14":{"start":{"line":32,"column":4},"end":{"line":32,"column":30}},"15":{"start":{"line":33,"column":4},"end":{"line":33,"column":68}},"16":{"start":{"line":34,"column":4},"end":{"line":36,"column":5}},"17":{"start":{"line":35,"column":8},"end":{"line":35,"column":25}},"18":{"start":{"line":37,"column":4},"end":{"line":37,"column":21}},"19":{"start":{"line":40,"column":0},"end":{"line":43,"column":2}},"20":{"start":{"line":41,"column":4},"end":{"line":41,"column":39}},"21":{"start":{"line":42,"column":4},"end":{"line":42,"column":17}},"22":{"start":{"line":46,"column":0},"end":{"line":49,"column":2}},"23":{"start":{"line":47,"column":4},"end":{"line":47,"column":41}},"24":{"start":{"line":48,"column":4},"end":{"line":48,"column":17}},"25":{"start":{"line":51,"column":0},"end":{"line":56,"column":2}},"26":{"start":{"line":52,"column":4},"end":{"line":52,"column":42}},"27":{"start":{"line":53,"column":4},"end":{"line":53,"column":29}},"28":{"start":{"line":54,"column":4},"end":{"line":54,"column":17}},"29":{"start":{"line":55,"column":4},"end":{"line":55,"column":27}},"30":{"start":{"line":58,"column":0},"end":{"line":63,"column":2}},"31":{"start":{"line":59,"column":4},"end":{"line":59,"column":37}},"32":{"start":{"line":60,"column":4},"end":{"line":60,"column":29}},"33":{"start":{"line":61,"column":4},"end":{"line":61,"column":17}},"34":{"start":{"line":62,"column":4},"end":{"line":62,"column":27}},"35":{"start":{"line":66,"column":0},"end":{"line":69,"column":2}},"36":{"start":{"line":67,"column":4},"end":{"line":67,"column":44}},"37":{"start":{"line":68,"column":4},"end":{"line":68,"column":17}}},"branchMap":{"1":{"line":14,"type":"if","locations":[{"start":{"line":14,"column":12},"end":{"line":14,"column":12}},{"start":{"line":14,"column":12},"end":{"line":14,"column":12}}]},"2":{"line":17,"type":"if","locations":[{"start":{"line":17,"column":12},"end":{"line":17,"column":12}},{"start":{"line":17,"column":12},"end":{"line":17,"column":12}}]},"3":{"line":27,"type":"binary-expr","locations":[{"start":{"line":27,"column":4},"end":{"line":27,"column":11}},{"start":{"line":27,"column":15},"end":{"line":27,"column":53}}]},"4":{"line":33,"type":"binary-expr","locations":[{"start":{"line":33,"column":17},"end":{"line":33,"column":62}},{"start":{"line":33,"column":66},"end":{"line":33,"column":67}}]}}},"/Users/okuni/WebstormProjects/fur/lib/commands/ico.js":{"path":"/Users/okuni/WebstormProjects/fur/lib/commands/ico.js","s":{"1":1,"2":1,"3":1,"4":1,"5":1,"6":1},"b":{"1":[1,0],"2":[1,1]},"f":{"1":1,"2":1},"fnMap":{"1":{"name":"ico","line":18,"loc":{"start":{"line":18,"column":17},"end":{"line":18,"column":60}}},"2":{"name":"(anonymous_2)","line":19,"loc":{"start":{"line":19,"column":31},"end":{"line":19,"column":46}}}},"statementMap":{"1":{"start":{"line":15,"column":0},"end":{"line":16,"column":37}},"2":{"start":{"line":18,"column":0},"end":{"line":25,"column":2}},"3":{"start":{"line":19,"column":4},"end":{"line":24,"column":7}},"4":{"start":{"line":20,"column":8},"end":{"line":22,"column":9}},"5":{"start":{"line":21,"column":12},"end":{"line":21,"column":48}},"6":{"start":{"line":23,"column":8},"end":{"line":23,"column":34}}},"branchMap":{"1":{"line":20,"type":"if","locations":[{"start":{"line":20,"column":8},"end":{"line":20,"column":8}},{"start":{"line":20,"column":8},"end":{"line":20,"column":8}}]},"2":{"line":23,"type":"binary-expr","locations":[{"start":{"line":23,"column":8},"end":{"line":23,"column":16}},{"start":{"line":23,"column":20},"end":{"line":23,"column":33}}]}}},"/Users/okuni/WebstormProjects/fur/lib/convert_png_to_ico.js":{"path":"/Users/okuni/WebstormProjects/fur/lib/convert_png_to_ico.js","s":{"1":1,"2":1,"3":2,"4":2},"b":{"1":[2,2,2]},"f":{"1":2,"2":2},"fnMap":{"1":{"name":"convertPngToIco","line":14,"loc":{"start":{"line":14,"column":17},"end":{"line":14,"column":63}}},"2":{"name":"(anonymous_2)","line":24,"loc":{"start":{"line":24,"column":7},"end":{"line":24,"column":38}}}},"statementMap":{"1":{"start":{"line":12,"column":0},"end":{"line":12,"column":41}},"2":{"start":{"line":14,"column":0},"end":{"line":27,"column":2}},"3":{"start":{"line":15,"column":4},"end":{"line":26,"column":7}},"4":{"start":{"line":25,"column":8},"end":{"line":25,"column":40}}},"branchMap":{"1":{"line":25,"type":"binary-expr","locations":[{"start":{"line":25,"column":17},"end":{"line":25,"column":20}},{"start":{"line":25,"column":24},"end":{"line":25,"column":30}},{"start":{"line":25,"column":34},"end":{"line":25,"column":38}}]}}},"/Users/okuni/WebstormProjects/fur/lib/generate_badge.js":{"path":"/Users/okuni/WebstormProjects/fur/lib/generate_badge.js","s":{"1":1,"2":1,"3":1,"4":1,"5":1,"6":1,"7":1,"8":0,"9":0},"b":{"1":[1,1],"2":[1,1],"3":[1,1],"4":[1,1],"5":[1,0]},"f":{"1":1},"fnMap":{"1":{"name":"generateBadge","line":26,"loc":{"start":{"line":26,"column":17},"end":{"line":26,"column":69}}}},"statementMap":{"1":{"start":{"line":24,"column":0},"end":{"line":24,"column":38}},"2":{"start":{"line":26,"column":0},"end":{"line":46,"column":2}},"3":{"start":{"line":27,"column":4},"end":{"line":30,"column":41}},"4":{"start":{"line":31,"column":4},"end":{"line":37,"column":7}},"5":{"start":{"line":38,"column":4},"end":{"line":45,"column":5}},"6":{"start":{"line":40,"column":12},"end":{"line":40,"column":49}},"7":{"start":{"line":41,"column":12},"end":{"line":41,"column":18}},"8":{"start":{"line":43,"column":12},"end":{"line":43,"column":61}},"9":{"start":{"line":44,"column":12},"end":{"line":44,"column":18}}},"branchMap":{"1":{"line":27,"type":"binary-expr","locations":[{"start":{"line":27,"column":17},"end":{"line":27,"column":31}},{"start":{"line":27,"column":35},"end":{"line":27,"column":37}}]},"2":{"line":28,"type":"binary-expr","locations":[{"start":{"line":28,"column":16},"end":{"line":28,"column":29}},{"start":{"line":28,"column":33},"end":{"line":28,"column":35}}]},"3":{"line":29,"type":"binary-expr","locations":[{"start":{"line":29,"column":16},"end":{"line":29,"column":29}},{"start":{"line":29,"column":33},"end":{"line":29,"column":42}}]},"4":{"line":30,"type":"binary-expr","locations":[{"start":{"line":30,"column":17},"end":{"line":30,"column":31}},{"start":{"line":30,"column":35},"end":{"line":30,"column":40}}]},"5":{"line":38,"type":"switch","locations":[{"start":{"line":39,"column":8},"end":{"line":41,"column":18}},{"start":{"line":42,"column":8},"end":{"line":44,"column":18}}]}}},"/Users/okuni/WebstormProjects/fur/lib/util/alphabetical_index.js":{"path":"/Users/okuni/WebstormProjects/fur/lib/util/alphabetical_index.js","s":{"1":1,"2":11,"3":11,"4":4,"5":11,"6":11},"b":{"1":[4,7]},"f":{"1":11},"fnMap":{"1":{"name":"alphabeticalIndex","line":12,"loc":{"start":{"line":12,"column":17},"end":{"line":12,"column":47}}}},"statementMap":{"1":{"start":{"line":12,"column":0},"end":{"line":19,"column":2}},"2":{"start":{"line":13,"column":4},"end":{"line":13,"column":20}},"3":{"start":{"line":14,"column":4},"end":{"line":16,"column":5}},"4":{"start":{"line":15,"column":8},"end":{"line":15,"column":57}},"5":{"start":{"line":17,"column":4},"end":{"line":17,"column":47}},"6":{"start":{"line":18,"column":4},"end":{"line":18,"column":18}}},"branchMap":{"1":{"line":14,"type":"if","locations":[{"start":{"line":14,"column":4},"end":{"line":14,"column":4}},{"start":{"line":14,"column":4},"end":{"line":14,"column":4}}]}}},"/Users/okuni/WebstormProjects/fur/lib/util/render_dot_tmpl.js":{"path":"/Users/okuni/WebstormProjects/fur/lib/util/render_dot_tmpl.js","s":{"1":1,"2":1,"3":1,"4":1,"5":1,"6":1,"7":1,"8":1,"9":1,"10":1,"11":0,"12":1,"13":1,"14":1,"15":0,"16":1,"17":1,"18":2,"19":2,"20":2,"21":2,"22":0,"23":1,"24":2,"25":2,"26":2,"27":2,"28":0,"29":1},"b":{"1":[0,1],"2":[1,0],"3":[0,1],"4":[2,0]},"f":{"1":1,"2":1,"3":1,"4":1,"5":1,"6":1,"7":1,"8":2,"9":2,"10":2,"11":2},"fnMap":{"1":{"name":"(anonymous_1)","line":18,"loc":{"start":{"line":18,"column":27},"end":{"line":18,"column":65}}},"2":{"name":"(anonymous_2)","line":20,"loc":{"start":{"line":20,"column":8},"end":{"line":20,"column":28}}},"3":{"name":"(anonymous_3)","line":23,"loc":{"start":{"line":23,"column":8},"end":{"line":23,"column":34}}},"4":{"name":"(anonymous_4)","line":30,"loc":{"start":{"line":30,"column":17},"end":{"line":30,"column":52}}},"5":{"name":"(anonymous_5)","line":32,"loc":{"start":{"line":32,"column":8},"end":{"line":32,"column":28}}},"6":{"name":"(anonymous_6)","line":33,"loc":{"start":{"line":33,"column":28},"end":{"line":33,"column":46}}},"7":{"name":"(anonymous_7)","line":41,"loc":{"start":{"line":41,"column":8},"end":{"line":41,"column":33}}},"8":{"name":"(anonymous_8)","line":52,"loc":{"start":{"line":52,"column":20},"end":{"line":52,"column":46}}},"9":{"name":"(anonymous_9)","line":55,"loc":{"start":{"line":55,"column":12},"end":{"line":55,"column":32}}},"10":{"name":"(anonymous_10)","line":58,"loc":{"start":{"line":58,"column":12},"end":{"line":58,"column":40}}},"11":{"name":"(anonymous_11)","line":67,"loc":{"start":{"line":67,"column":19},"end":{"line":67,"column":44}}}},"statementMap":{"1":{"start":{"line":14,"column":0},"end":{"line":16,"column":29}},"2":{"start":{"line":18,"column":0},"end":{"line":28,"column":2}},"3":{"start":{"line":19,"column":4},"end":{"line":27,"column":17}},"4":{"start":{"line":21,"column":12},"end":{"line":21,"column":46}},"5":{"start":{"line":24,"column":12},"end":{"line":24,"column":38}},"6":{"start":{"line":25,"column":12},"end":{"line":25,"column":53}},"7":{"start":{"line":30,"column":0},"end":{"line":50,"column":2}},"8":{"start":{"line":31,"column":4},"end":{"line":49,"column":17}},"9":{"start":{"line":33,"column":12},"end":{"line":39,"column":15}},"10":{"start":{"line":34,"column":16},"end":{"line":38,"column":17}},"11":{"start":{"line":35,"column":20},"end":{"line":35,"column":48}},"12":{"start":{"line":37,"column":20},"end":{"line":37,"column":41}},"13":{"start":{"line":42,"column":12},"end":{"line":42,"column":70}},"14":{"start":{"line":43,"column":12},"end":{"line":47,"column":13}},"15":{"start":{"line":44,"column":16},"end":{"line":44,"column":37}},"16":{"start":{"line":46,"column":16},"end":{"line":46,"column":54}},"17":{"start":{"line":52,"column":0},"end":{"line":65,"column":2}},"18":{"start":{"line":53,"column":4},"end":{"line":64,"column":5}},"19":{"start":{"line":54,"column":8},"end":{"line":61,"column":21}},"20":{"start":{"line":56,"column":16},"end":{"line":57,"column":12}},"21":{"start":{"line":59,"column":16},"end":{"line":59,"column":51}},"22":{"start":{"line":63,"column":8},"end":{"line":63,"column":29}},"23":{"start":{"line":67,"column":0},"end":{"line":75,"column":2}},"24":{"start":{"line":68,"column":4},"end":{"line":68,"column":45}},"25":{"start":{"line":69,"column":4},"end":{"line":74,"column":5}},"26":{"start":{"line":70,"column":8},"end":{"line":70,"column":62}},"27":{"start":{"line":71,"column":8},"end":{"line":71,"column":33}},"28":{"start":{"line":73,"column":8},"end":{"line":73,"column":20}},"29":{"start":{"line":78,"column":0},"end":{"line":92,"column":2}}},"branchMap":{"1":{"line":34,"type":"if","locations":[{"start":{"line":34,"column":16},"end":{"line":34,"column":16}},{"start":{"line":34,"column":16},"end":{"line":34,"column":16}}]},"2":{"line":42,"type":"binary-expr","locations":[{"start":{"line":42,"column":24},"end":{"line":42,"column":27}},{"start":{"line":42,"column":31},"end":{"line":42,"column":45}}]},"3":{"line":43,"type":"if","locations":[{"start":{"line":43,"column":12},"end":{"line":43,"column":12}},{"start":{"line":43,"column":12},"end":{"line":43,"column":12}}]},"4":{"line":53,"type":"if","locations":[{"start":{"line":53,"column":4},"end":{"line":53,"column":4}},{"start":{"line":53,"column":4},"end":{"line":53,"column":4}}]}}},"/Users/okuni/WebstormProjects/fur/lib/util/write_readonly_file.js":{"path":"/Users/okuni/WebstormProjects/fur/lib/util/write_readonly_file.js","s":{"1":1,"2":1,"3":2,"4":2,"5":2,"6":2,"7":0,"8":2,"9":2},"b":{"1":[2,0]},"f":{"1":2,"2":2,"3":2,"4":2,"5":2},"fnMap":{"1":{"name":"(anonymous_1)","line":14,"loc":{"start":{"line":14,"column":17},"end":{"line":14,"column":56}}},"2":{"name":"(anonymous_2)","line":16,"loc":{"start":{"line":16,"column":8},"end":{"line":16,"column":28}}},"3":{"name":"(anonymous_3)","line":17,"loc":{"start":{"line":17,"column":32},"end":{"line":17,"column":50}}},"4":{"name":"(anonymous_4)","line":25,"loc":{"start":{"line":25,"column":8},"end":{"line":25,"column":28}}},"5":{"name":"(anonymous_5)","line":28,"loc":{"start":{"line":28,"column":8},"end":{"line":28,"column":28}}}},"statementMap":{"1":{"start":{"line":11,"column":0},"end":{"line":12,"column":29}},"2":{"start":{"line":14,"column":0},"end":{"line":32,"column":2}},"3":{"start":{"line":15,"column":4},"end":{"line":31,"column":17}},"4":{"start":{"line":17,"column":12},"end":{"line":24,"column":8}},"5":{"start":{"line":18,"column":16},"end":{"line":22,"column":17}},"6":{"start":{"line":19,"column":20},"end":{"line":19,"column":56}},"7":{"start":{"line":21,"column":20},"end":{"line":21,"column":35}},"8":{"start":{"line":26,"column":12},"end":{"line":26,"column":54}},"9":{"start":{"line":29,"column":12},"end":{"line":29,"column":48}}},"branchMap":{"1":{"line":18,"type":"if","locations":[{"start":{"line":18,"column":16},"end":{"line":18,"column":16}},{"start":{"line":18,"column":16},"end":{"line":18,"column":16}}]}}},"/Users/okuni/WebstormProjects/fur/lib/util/write_svg_file.js":{"path":"/Users/okuni/WebstormProjects/fur/lib/util/write_svg_file.js","s":{"1":1,"2":1,"3":1,"4":1,"5":0,"6":0,"7":1},"b":{"1":[0,1]},"f":{"1":1,"2":1},"fnMap":{"1":{"name":"(anonymous_1)","line":16,"loc":{"start":{"line":16,"column":17},"end":{"line":16,"column":53}}},"2":{"name":"(anonymous_2)","line":17,"loc":{"start":{"line":17,"column":35},"end":{"line":17,"column":50}}}},"statementMap":{"1":{"start":{"line":12,"column":0},"end":{"line":14,"column":31}},"2":{"start":{"line":16,"column":0},"end":{"line":24,"column":2}},"3":{"start":{"line":17,"column":4},"end":{"line":23,"column":7}},"4":{"start":{"line":18,"column":8},"end":{"line":21,"column":9}},"5":{"start":{"line":19,"column":12},"end":{"line":19,"column":26}},"6":{"start":{"line":20,"column":12},"end":{"line":20,"column":19}},"7":{"start":{"line":22,"column":8},"end":{"line":22,"column":47}}},"branchMap":{"1":{"line":18,"type":"if","locations":[{"start":{"line":18,"column":8},"end":{"line":18,"column":8}},{"start":{"line":18,"column":8},"end":{"line":18,"column":8}}]}}}}