{"/Users/okuni/WebstormProjects/fur/Gruntfile.js":{"path":"/Users/okuni/WebstormProjects/fur/Gruntfile.js","s":{"1":1,"2":1,"3":1,"4":17,"5":0,"6":0,"7":0,"8":0,"9":0,"10":0,"11":1,"12":1,"13":1,"14":1,"15":1,"16":1,"17":1,"18":1,"19":1,"20":1,"21":1,"22":1,"23":1,"24":1,"25":1,"26":1,"27":1,"28":1,"29":1,"30":1,"31":1,"32":1,"33":1,"34":1,"35":1,"36":1,"37":1,"38":1,"39":1,"40":1,"41":1,"42":1,"43":1,"44":1},"b":{"1":[0,0]},"f":{"1":1,"2":17,"3":0,"4":0},"fnMap":{"1":{"name":"(anonymous_1)","line":14,"loc":{"start":{"line":14,"column":17},"end":{"line":14,"column":34}}},"2":{"name":"ciTask","line":21,"loc":{"start":{"line":21,"column":4},"end":{"line":21,"column":30}}},"3":{"name":"(anonymous_3)","line":22,"loc":{"start":{"line":22,"column":15},"end":{"line":22,"column":27}}},"4":{"name":"(anonymous_4)","line":25,"loc":{"start":{"line":25,"column":56},"end":{"line":25,"column":71}}}},"statementMap":{"1":{"start":{"line":10,"column":0},"end":{"line":11,"column":23}},"2":{"start":{"line":14,"column":0},"end":{"line":161,"column":2}},"3":{"start":{"line":21,"column":4},"end":{"line":33,"column":5}},"4":{"start":{"line":22,"column":8},"end":{"line":33,"column":4}},"5":{"start":{"line":23,"column":12},"end":{"line":24,"column":35}},"6":{"start":{"line":25,"column":12},"end":{"line":31,"column":15}},"7":{"start":{"line":26,"column":16},"end":{"line":28,"column":17}},"8":{"start":{"line":27,"column":20},"end":{"line":27,"column":41}},"9":{"start":{"line":29,"column":16},"end":{"line":29,"column":23}},"10":{"start":{"line":30,"column":16},"end":{"line":30,"column":28}},"11":{"start":{"line":36,"column":4},"end":{"line":59,"column":7}},"12":{"start":{"line":61,"column":4},"end":{"line":61,"column":38}},"13":{"start":{"line":62,"column":4},"end":{"line":62,"column":38}},"14":{"start":{"line":63,"column":4},"end":{"line":63,"column":49}},"15":{"start":{"line":64,"column":4},"end":{"line":64,"column":37}},"16":{"start":{"line":65,"column":4},"end":{"line":65,"column":38}},"17":{"start":{"line":67,"column":4},"end":{"line":67,"column":101}},"18":{"start":{"line":68,"column":4},"end":{"line":68,"column":106}},"19":{"start":{"line":69,"column":4},"end":{"line":69,"column":90}},"20":{"start":{"line":70,"column":4},"end":{"line":70,"column":95}},"21":{"start":{"line":71,"column":4},"end":{"line":71,"column":98}},"22":{"start":{"line":72,"column":4},"end":{"line":72,"column":97}},"23":{"start":{"line":73,"column":4},"end":{"line":73,"column":101}},"24":{"start":{"line":74,"column":4},"end":{"line":74,"column":101}},"25":{"start":{"line":75,"column":4},"end":{"line":75,"column":95}},"26":{"start":{"line":76,"column":4},"end":{"line":76,"column":93}},"27":{"start":{"line":77,"column":4},"end":{"line":77,"column":104}},"28":{"start":{"line":78,"column":4},"end":{"line":78,"column":121}},"29":{"start":{"line":79,"column":4},"end":{"line":79,"column":107}},"30":{"start":{"line":80,"column":4},"end":{"line":80,"column":104}},"31":{"start":{"line":81,"column":4},"end":{"line":81,"column":137}},"32":{"start":{"line":82,"column":4},"end":{"line":82,"column":108}},"33":{"start":{"line":83,"column":4},"end":{"line":83,"column":86}},"34":{"start":{"line":86,"column":4},"end":{"line":94,"column":7}},"35":{"start":{"line":96,"column":4},"end":{"line":98,"column":7}},"36":{"start":{"line":100,"column":4},"end":{"line":102,"column":7}},"37":{"start":{"line":104,"column":4},"end":{"line":113,"column":7}},"38":{"start":{"line":116,"column":4},"end":{"line":119,"column":7}},"39":{"start":{"line":121,"column":4},"end":{"line":126,"column":7}},"40":{"start":{"line":128,"column":4},"end":{"line":132,"column":7}},"41":{"start":{"line":134,"column":4},"end":{"line":139,"column":7}},"42":{"start":{"line":141,"column":4},"end":{"line":147,"column":7}},"43":{"start":{"line":149,"column":4},"end":{"line":155,"column":7}},"44":{"start":{"line":157,"column":4},"end":{"line":159,"column":7}}},"branchMap":{"1":{"line":26,"type":"if","locations":[{"start":{"line":26,"column":16},"end":{"line":26,"column":16}},{"start":{"line":26,"column":16},"end":{"line":26,"column":16}}]}}},"/Users/okuni/WebstormProjects/fur/ci/config/badge-task-config.js":{"path":"/Users/okuni/WebstormProjects/fur/ci/config/badge-task-config.js","s":{"1":1,"2":1,"3":2,"4":4,"5":2,"6":1,"7":4,"8":4},"b":{},"f":{"1":2,"2":4,"3":2,"4":4},"fnMap":{"1":{"name":"(anonymous_1)","line":16,"loc":{"start":{"line":16,"column":9},"end":{"line":16,"column":27}}},"2":{"name":"(anonymous_2)","line":17,"loc":{"start":{"line":17,"column":26},"end":{"line":17,"column":43}}},"3":{"name":"(anonymous_3)","line":24,"loc":{"start":{"line":24,"column":12},"end":{"line":24,"column":39}}},"4":{"name":"(anonymous_4)","line":28,"loc":{"start":{"line":28,"column":32},"end":{"line":28,"column":53}}}},"statementMap":{"1":{"start":{"line":10,"column":0},"end":{"line":13,"column":33}},"2":{"start":{"line":15,"column":0},"end":{"line":26,"column":11}},"3":{"start":{"line":17,"column":8},"end":{"line":22,"column":11}},"4":{"start":{"line":18,"column":12},"end":{"line":22,"column":8}},"5":{"start":{"line":25,"column":8},"end":{"line":25,"column":38}},"6":{"start":{"line":28,"column":0},"end":{"line":41,"column":3}},"7":{"start":{"line":29,"column":4},"end":{"line":30,"column":34}},"8":{"start":{"line":31,"column":4},"end":{"line":40,"column":6}}},"branchMap":{}},"/Users/okuni/WebstormProjects/fur/ci/config/catalog-task-config.js":{"path":"/Users/okuni/WebstormProjects/fur/ci/config/catalog-task-config.js","s":{"1":1,"2":1},"b":{},"f":{},"fnMap":{},"statementMap":{"1":{"start":{"line":11,"column":0},"end":{"line":17,"column":2}},"2":{"start":{"line":20,"column":0},"end":{"line":53,"column":2}}},"branchMap":{}},"/Users/okuni/WebstormProjects/fur/ci/config/chmod-task-config.js":{"path":"/Users/okuni/WebstormProjects/fur/ci/config/chmod-task-config.js","s":{"1":1,"2":1,"3":1},"b":{},"f":{},"fnMap":{},"statementMap":{"1":{"start":{"line":11,"column":0},"end":{"line":14,"column":2}},"2":{"start":{"line":16,"column":0},"end":{"line":22,"column":2}},"3":{"start":{"line":24,"column":0},"end":{"line":28,"column":2}}},"branchMap":{}},"/Users/okuni/WebstormProjects/fur/ci/config/exec-task-config.js":{"path":"/Users/okuni/WebstormProjects/fur/ci/config/exec-task-config.js","s":{"1":1,"2":1,"3":2,"4":2,"5":2,"6":1,"7":1,"8":1,"9":1,"10":1,"11":1,"12":1,"13":1,"14":1,"15":1,"16":1,"17":1,"18":1,"19":1,"20":1,"21":1,"22":1},"b":{},"f":{"1":2,"2":2,"3":2},"fnMap":{"1":{"name":"(anonymous_1)","line":27,"loc":{"start":{"line":27,"column":11},"end":{"line":27,"column":30}}},"2":{"name":"(anonymous_2)","line":40,"loc":{"start":{"line":40,"column":10},"end":{"line":40,"column":29}}},"3":{"name":"(anonymous_3)","line":50,"loc":{"start":{"line":50,"column":10},"end":{"line":50,"column":29}}}},"statementMap":{"1":{"start":{"line":23,"column":0},"end":{"line":24,"column":27}},"2":{"start":{"line":26,"column":0},"end":{"line":62,"column":2}},"3":{"start":{"line":28,"column":8},"end":{"line":38,"column":10}},"4":{"start":{"line":41,"column":8},"end":{"line":49,"column":4}},"5":{"start":{"line":51,"column":8},"end":{"line":59,"column":10}},"6":{"start":{"line":65,"column":0},"end":{"line":68,"column":2}},"7":{"start":{"line":70,"column":0},"end":{"line":73,"column":2}},"8":{"start":{"line":75,"column":0},"end":{"line":77,"column":2}},"9":{"start":{"line":79,"column":0},"end":{"line":81,"column":2}},"10":{"start":{"line":83,"column":0},"end":{"line":85,"column":2}},"11":{"start":{"line":87,"column":0},"end":{"line":89,"column":2}},"12":{"start":{"line":91,"column":0},"end":{"line":93,"column":2}},"13":{"start":{"line":95,"column":0},"end":{"line":97,"column":2}},"14":{"start":{"line":99,"column":0},"end":{"line":101,"column":2}},"15":{"start":{"line":103,"column":0},"end":{"line":103,"column":56}},"16":{"start":{"line":104,"column":0},"end":{"line":104,"column":54}},"17":{"start":{"line":105,"column":0},"end":{"line":105,"column":54}},"18":{"start":{"line":108,"column":0},"end":{"line":108,"column":84}},"19":{"start":{"line":109,"column":0},"end":{"line":109,"column":82}},"20":{"start":{"line":110,"column":0},"end":{"line":112,"column":2}},"21":{"start":{"line":113,"column":0},"end":{"line":113,"column":82}},"22":{"start":{"line":114,"column":0},"end":{"line":118,"column":2}}},"branchMap":{}},"/Users/okuni/WebstormProjects/fur/ci/config/favicon-task-config.js":{"path":"/Users/okuni/WebstormProjects/fur/ci/config/favicon-task-config.js","s":{"1":1,"2":1,"3":1,"4":4,"5":1,"6":2,"7":1,"8":2,"9":1,"10":2,"11":1,"12":2,"13":1,"14":2,"15":1,"16":2},"b":{},"f":{"1":4,"2":2,"3":2,"4":2,"5":2,"6":2,"7":2},"fnMap":{"1":{"name":"(anonymous_1)","line":19,"loc":{"start":{"line":19,"column":29},"end":{"line":19,"column":46}}},"2":{"name":"(anonymous_2)","line":34,"loc":{"start":{"line":34,"column":31},"end":{"line":34,"column":49}}},"3":{"name":"(anonymous_3)","line":48,"loc":{"start":{"line":48,"column":36},"end":{"line":48,"column":54}}},"4":{"name":"(anonymous_4)","line":60,"loc":{"start":{"line":60,"column":26},"end":{"line":60,"column":44}}},"5":{"name":"(anonymous_5)","line":72,"loc":{"start":{"line":72,"column":33},"end":{"line":72,"column":51}}},"6":{"name":"(anonymous_6)","line":88,"loc":{"start":{"line":88,"column":31},"end":{"line":88,"column":49}}},"7":{"name":"(anonymous_7)","line":102,"loc":{"start":{"line":102,"column":34},"end":{"line":102,"column":52}}}},"statementMap":{"1":{"start":{"line":14,"column":0},"end":{"line":15,"column":29}},"2":{"start":{"line":17,"column":0},"end":{"line":17,"column":58}},"3":{"start":{"line":19,"column":0},"end":{"line":31,"column":3}},"4":{"start":{"line":20,"column":4},"end":{"line":30,"column":6}},"5":{"start":{"line":34,"column":0},"end":{"line":46,"column":3}},"6":{"start":{"line":35,"column":4},"end":{"line":45,"column":6}},"7":{"start":{"line":48,"column":0},"end":{"line":58,"column":3}},"8":{"start":{"line":49,"column":4},"end":{"line":58,"column":0}},"9":{"start":{"line":60,"column":0},"end":{"line":70,"column":3}},"10":{"start":{"line":61,"column":4},"end":{"line":69,"column":6}},"11":{"start":{"line":72,"column":0},"end":{"line":86,"column":3}},"12":{"start":{"line":73,"column":4},"end":{"line":85,"column":6}},"13":{"start":{"line":88,"column":0},"end":{"line":99,"column":3}},"14":{"start":{"line":89,"column":4},"end":{"line":98,"column":6}},"15":{"start":{"line":102,"column":0},"end":{"line":114,"column":3}},"16":{"start":{"line":103,"column":4},"end":{"line":114,"column":0}}},"branchMap":{}},"/Users/okuni/WebstormProjects/fur/lib/generate_favicon.js":{"path":"/Users/okuni/WebstormProjects/fur/lib/generate_favicon.js","s":{"1":1,"2":1,"3":1,"4":1,"5":2,"6":2,"7":2,"8":2,"9":2,"10":2,"11":1,"12":1,"13":5,"14":5,"15":5,"16":1,"17":4},"b":{"1":[2,2],"2":[5,5],"3":[1,4]},"f":{"1":2,"2":5},"fnMap":{"1":{"name":"generateFavicon","line":40,"loc":{"start":{"line":40,"column":27},"end":{"line":40,"column":81}}},"2":{"name":"(anonymous_2)","line":78,"loc":{"start":{"line":78,"column":24},"end":{"line":78,"column":41}}}},"statementMap":{"1":{"start":{"line":24,"column":0},"end":{"line":28,"column":37}},"2":{"start":{"line":30,"column":0},"end":{"line":30,"column":45}},"3":{"start":{"line":32,"column":0},"end":{"line":37,"column":2}},"4":{"start":{"line":40,"column":0},"end":{"line":72,"column":2}},"5":{"start":{"line":41,"column":4},"end":{"line":50,"column":16}},"6":{"start":{"line":53,"column":4},"end":{"line":54,"column":56}},"7":{"start":{"line":56,"column":4},"end":{"line":56,"column":47}},"8":{"start":{"line":57,"column":4},"end":{"line":66,"column":7}},"9":{"start":{"line":68,"column":4},"end":{"line":68,"column":84}},"10":{"start":{"line":70,"column":4},"end":{"line":71,"column":46}},"11":{"start":{"line":75,"column":0},"end":{"line":75,"column":42}},"12":{"start":{"line":78,"column":0},"end":{"line":85,"column":2}},"13":{"start":{"line":79,"column":4},"end":{"line":79,"column":58}},"14":{"start":{"line":80,"column":4},"end":{"line":80,"column":36}},"15":{"start":{"line":81,"column":4},"end":{"line":83,"column":5}},"16":{"start":{"line":82,"column":8},"end":{"line":82,"column":51}},"17":{"start":{"line":84,"column":4},"end":{"line":84,"column":20}}},"branchMap":{"1":{"line":62,"type":"binary-expr","locations":[{"start":{"line":62,"column":18},"end":{"line":62,"column":37}},{"start":{"line":62,"column":41},"end":{"line":62,"column":56}}]},"2":{"line":79,"type":"binary-expr","locations":[{"start":{"line":79,"column":14},"end":{"line":79,"column":19}},{"start":{"line":79,"column":23},"end":{"line":79,"column":57}}]},"3":{"line":81,"type":"if","locations":[{"start":{"line":81,"column":4},"end":{"line":81,"column":4}},{"start":{"line":81,"column":4},"end":{"line":81,"column":4}}]}}},"/Users/okuni/WebstormProjects/fur/lib/icons/index.js":{"path":"/Users/okuni/WebstormProjects/fur/lib/icons/index.js","s":{"1":1,"2":1,"3":1,"4":1,"5":1},"b":{},"f":{},"fnMap":{},"statementMap":{"1":{"start":{"line":10,"column":0},"end":{"line":10,"column":62}},"2":{"start":{"line":11,"column":0},"end":{"line":11,"column":58}},"3":{"start":{"line":12,"column":0},"end":{"line":12,"column":36}},"4":{"start":{"line":13,"column":0},"end":{"line":13,"column":56}},"5":{"start":{"line":14,"column":0},"end":{"line":14,"column":45}}},"branchMap":{}},"/Users/okuni/WebstormProjects/fur/lib/icons/bordered_text_icon.js":{"path":"/Users/okuni/WebstormProjects/fur/lib/icons/bordered_text_icon.js","s":{"1":1,"2":1,"3":1,"4":1,"5":1,"6":4,"7":4},"b":{"1":[1,1]},"f":{"1":1,"2":1,"3":4},"fnMap":{"1":{"name":"(anonymous_1)","line":21,"loc":{"start":{"line":21,"column":25},"end":{"line":21,"column":37}}},"2":{"name":"(anonymous_2)","line":24,"loc":{"start":{"line":24,"column":15},"end":{"line":24,"column":27}}},"3":{"name":"(anonymous_3)","line":28,"loc":{"start":{"line":28,"column":21},"end":{"line":28,"column":33}}}},"statementMap":{"1":{"start":{"line":12,"column":0},"end":{"line":13,"column":38}},"2":{"start":{"line":15,"column":0},"end":{"line":33,"column":3}},"3":{"start":{"line":22,"column":12},"end":{"line":22,"column":26}},"4":{"start":{"line":25,"column":12},"end":{"line":25,"column":25}},"5":{"start":{"line":26,"column":12},"end":{"line":26,"column":47}},"6":{"start":{"line":29,"column":12},"end":{"line":29,"column":25}},"7":{"start":{"line":30,"column":12},"end":{"line":30,"column":34}}},"branchMap":{"1":{"line":26,"type":"binary-expr","locations":[{"start":{"line":26,"column":19},"end":{"line":26,"column":27}},{"start":{"line":26,"column":31},"end":{"line":26,"column":46}}]}}},"/Users/okuni/WebstormProjects/fur/lib/icons/_define_icon.js":{"path":"/Users/okuni/WebstormProjects/fur/lib/icons/_define_icon.js","s":{"1":1,"2":1,"3":5,"4":5},"b":{"1":[5,2]},"f":{"1":5},"fnMap":{"1":{"name":"(anonymous_1)","line":14,"loc":{"start":{"line":14,"column":17},"end":{"line":14,"column":32}}}},"statementMap":{"1":{"start":{"line":12,"column":0},"end":{"line":12,"column":39}},"2":{"start":{"line":14,"column":0},"end":{"line":17,"column":2}},"3":{"start":{"line":15,"column":4},"end":{"line":15,"column":55}},"4":{"start":{"line":16,"column":4},"end":{"line":16,"column":23}}},"branchMap":{"1":{"line":15,"type":"binary-expr","locations":[{"start":{"line":15,"column":20},"end":{"line":15,"column":33}},{"start":{"line":15,"column":37},"end":{"line":15,"column":54}}]}}},"/Users/okuni/WebstormProjects/fur/lib/util/define.js":{"path":"/Users/okuni/WebstormProjects/fur/lib/util/define.js","s":{"1":1,"2":16,"3":36,"4":36,"5":35,"6":16,"7":16,"8":14,"9":16,"10":16,"11":16,"12":16,"13":2,"14":16,"15":0,"16":16,"17":16,"18":16,"19":16,"20":16,"21":1,"22":35,"23":35,"24":52,"25":0,"26":52,"27":52,"28":35,"29":1,"30":0,"31":0,"32":1,"33":16,"34":56,"35":1,"36":16,"37":0,"38":16,"39":26,"40":26,"41":2,"42":26,"43":258,"44":258,"45":53,"46":53,"47":205,"48":16},"b":{"1":[35,1],"2":[16,2],"3":[14,2],"4":[16,4,4],"5":[16,14],"6":[2,14],"7":[16,16,6],"8":[35,11],"9":[0,52],"10":[0,16],"11":[2,24],"12":[26,26],"13":[53,205]},"f":{"1":16,"2":36,"3":0,"4":35,"5":52,"6":0,"7":16,"8":56,"9":16,"10":26,"11":258},"fnMap":{"1":{"name":"(anonymous_1)","line":12,"loc":{"start":{"line":12,"column":27},"end":{"line":12,"column":42}}},"2":{"name":"(anonymous_2)","line":13,"loc":{"start":{"line":13,"column":22},"end":{"line":13,"column":34}}},"3":{"name":"(anonymous_3)","line":33,"loc":{"start":{"line":33,"column":37},"end":{"line":33,"column":49}}},"4":{"name":"(anonymous_4)","line":47,"loc":{"start":{"line":47,"column":15},"end":{"line":47,"column":33}}},"5":{"name":"(anonymous_5)","line":49,"loc":{"start":{"line":49,"column":42},"end":{"line":49,"column":57}}},"6":{"name":"(anonymous_6)","line":59,"loc":{"start":{"line":59,"column":15},"end":{"line":59,"column":30}}},"7":{"name":"(anonymous_7)","line":72,"loc":{"start":{"line":72,"column":23},"end":{"line":72,"column":56}}},"8":{"name":"(anonymous_8)","line":73,"loc":{"start":{"line":73,"column":34},"end":{"line":73,"column":50}}},"9":{"name":"(anonymous_9)","line":86,"loc":{"start":{"line":86,"column":23},"end":{"line":86,"column":52}}},"10":{"name":"(anonymous_10)","line":88,"loc":{"start":{"line":88,"column":17},"end":{"line":88,"column":33}}},"11":{"name":"(anonymous_11)","line":93,"loc":{"start":{"line":93,"column":69},"end":{"line":93,"column":81}}}},"statementMap":{"1":{"start":{"line":12,"column":0},"end":{"line":44,"column":2}},"2":{"start":{"line":13,"column":4},"end":{"line":18,"column":6}},"3":{"start":{"line":14,"column":8},"end":{"line":14,"column":21}},"4":{"start":{"line":15,"column":8},"end":{"line":17,"column":9}},"5":{"start":{"line":16,"column":12},"end":{"line":16,"column":39}},"6":{"start":{"line":20,"column":4},"end":{"line":20,"column":51}},"7":{"start":{"line":21,"column":4},"end":{"line":23,"column":5}},"8":{"start":{"line":22,"column":8},"end":{"line":22,"column":48}},"9":{"start":{"line":25,"column":4},"end":{"line":25,"column":58}},"10":{"start":{"line":26,"column":4},"end":{"line":26,"column":50}},"11":{"start":{"line":28,"column":4},"end":{"line":28,"column":42}},"12":{"start":{"line":29,"column":4},"end":{"line":31,"column":5}},"13":{"start":{"line":30,"column":8},"end":{"line":30,"column":42}},"14":{"start":{"line":33,"column":4},"end":{"line":35,"column":6}},"15":{"start":{"line":34,"column":8},"end":{"line":34,"column":19}},"16":{"start":{"line":37,"column":4},"end":{"line":37,"column":45}},"17":{"start":{"line":38,"column":4},"end":{"line":38,"column":45}},"18":{"start":{"line":40,"column":4},"end":{"line":40,"column":55}},"19":{"start":{"line":41,"column":4},"end":{"line":41,"column":48}},"20":{"start":{"line":43,"column":4},"end":{"line":43,"column":23}},"21":{"start":{"line":47,"column":0},"end":{"line":57,"column":2}},"22":{"start":{"line":48,"column":4},"end":{"line":48,"column":17}},"23":{"start":{"line":49,"column":4},"end":{"line":55,"column":7}},"24":{"start":{"line":50,"column":8},"end":{"line":52,"column":9}},"25":{"start":{"line":51,"column":12},"end":{"line":51,"column":51}},"26":{"start":{"line":53,"column":8},"end":{"line":53,"column":30}},"27":{"start":{"line":54,"column":8},"end":{"line":54,"column":20}},"28":{"start":{"line":56,"column":4},"end":{"line":56,"column":13}},"29":{"start":{"line":59,"column":0},"end":{"line":62,"column":2}},"30":{"start":{"line":60,"column":4},"end":{"line":60,"column":17}},"31":{"start":{"line":61,"column":4},"end":{"line":61,"column":20}},"32":{"start":{"line":72,"column":0},"end":{"line":76,"column":2}},"33":{"start":{"line":73,"column":4},"end":{"line":75,"column":7}},"34":{"start":{"line":74,"column":8},"end":{"line":74,"column":53}},"35":{"start":{"line":86,"column":0},"end":{"line":104,"column":2}},"36":{"start":{"line":87,"column":4},"end":{"line":87,"column":57}},"37":{"start":{"line":87,"column":34},"end":{"line":87,"column":57}},"38":{"start":{"line":88,"column":4},"end":{"line":102,"column":7}},"39":{"start":{"line":89,"column":8},"end":{"line":89,"column":36}},"40":{"start":{"line":90,"column":8},"end":{"line":92,"column":9}},"41":{"start":{"line":91,"column":12},"end":{"line":91,"column":51}},"42":{"start":{"line":93,"column":8},"end":{"line":101,"column":10}},"43":{"start":{"line":94,"column":12},"end":{"line":94,"column":25}},"44":{"start":{"line":95,"column":12},"end":{"line":100,"column":13}},"45":{"start":{"line":96,"column":16},"end":{"line":96,"column":43}},"46":{"start":{"line":97,"column":16},"end":{"line":97,"column":25}},"47":{"start":{"line":99,"column":16},"end":{"line":99,"column":35}},"48":{"start":{"line":103,"column":4},"end":{"line":103,"column":23}}},"branchMap":{"1":{"line":15,"type":"if","locations":[{"start":{"line":15,"column":8},"end":{"line":15,"column":8}},{"start":{"line":15,"column":8},"end":{"line":15,"column":8}}]},"2":{"line":20,"type":"binary-expr","locations":[{"start":{"line":20,"column":20},"end":{"line":20,"column":33}},{"start":{"line":20,"column":37},"end":{"line":20,"column":50}}]},"3":{"line":21,"type":"if","locations":[{"start":{"line":21,"column":4},"end":{"line":21,"column":4}},{"start":{"line":21,"column":4},"end":{"line":21,"column":4}}]},"4":{"line":25,"type":"binary-expr","locations":[{"start":{"line":25,"column":21},"end":{"line":25,"column":35}},{"start":{"line":25,"column":39},"end":{"line":25,"column":51}},{"start":{"line":25,"column":55},"end":{"line":25,"column":57}}]},"5":{"line":28,"type":"binary-expr","locations":[{"start":{"line":28,"column":15},"end":{"line":28,"column":23}},{"start":{"line":28,"column":27},"end":{"line":28,"column":41}}]},"6":{"line":29,"type":"if","locations":[{"start":{"line":29,"column":4},"end":{"line":29,"column":4}},{"start":{"line":29,"column":4},"end":{"line":29,"column":4}}]},"7":{"line":40,"type":"binary-expr","locations":[{"start":{"line":40,"column":19},"end":{"line":40,"column":31}},{"start":{"line":40,"column":35},"end":{"line":40,"column":48}},{"start":{"line":40,"column":52},"end":{"line":40,"column":54}}]},"8":{"line":49,"type":"binary-expr","locations":[{"start":{"line":49,"column":4},"end":{"line":49,"column":10}},{"start":{"line":49,"column":14},"end":{"line":55,"column":6}}]},"9":{"line":50,"type":"if","locations":[{"start":{"line":50,"column":8},"end":{"line":50,"column":8}},{"start":{"line":50,"column":8},"end":{"line":50,"column":8}}]},"10":{"line":87,"type":"if","locations":[{"start":{"line":87,"column":4},"end":{"line":87,"column":4}},{"start":{"line":87,"column":4},"end":{"line":87,"column":4}}]},"11":{"line":90,"type":"if","locations":[{"start":{"line":90,"column":8},"end":{"line":90,"column":8}},{"start":{"line":90,"column":8},"end":{"line":90,"column":8}}]},"12":{"line":93,"type":"binary-expr","locations":[{"start":{"line":93,"column":38},"end":{"line":93,"column":65}},{"start":{"line":93,"column":69},"end":{"line":101,"column":9}}]},"13":{"line":95,"type":"if","locations":[{"start":{"line":95,"column":12},"end":{"line":95,"column":12}},{"start":{"line":95,"column":12},"end":{"line":95,"column":12}}]}}},"/Users/okuni/WebstormProjects/fur/lib/icons/text_icon.js":{"path":"/Users/okuni/WebstormProjects/fur/lib/icons/text_icon.js","s":{"1":1,"2":1,"3":6,"4":6,"5":6,"6":6,"7":6},"b":{"1":[6,6],"2":[6,6]},"f":{"1":6,"2":6},"fnMap":{"1":{"name":"(anonymous_1)","line":65,"loc":{"start":{"line":65,"column":23},"end":{"line":65,"column":35}}},"2":{"name":"(anonymous_2)","line":89,"loc":{"start":{"line":89,"column":19},"end":{"line":89,"column":31}}}},"statementMap":{"1":{"start":{"line":13,"column":0},"end":{"line":15,"column":38}},"2":{"start":{"line":18,"column":0},"end":{"line":97,"column":3}},"3":{"start":{"line":66,"column":12},"end":{"line":66,"column":25}},"4":{"start":{"line":67,"column":12},"end":{"line":70,"column":41}},"5":{"start":{"line":72,"column":12},"end":{"line":82,"column":15}},"6":{"start":{"line":90,"column":12},"end":{"line":91,"column":61}},"7":{"start":{"line":92,"column":12},"end":{"line":94,"column":15}}},"branchMap":{"1":{"line":69,"type":"binary-expr","locations":[{"start":{"line":69,"column":22},"end":{"line":69,"column":33}},{"start":{"line":69,"column":37},"end":{"line":69,"column":38}}]},"2":{"line":70,"type":"binary-expr","locations":[{"start":{"line":70,"column":23},"end":{"line":70,"column":35}},{"start":{"line":70,"column":39},"end":{"line":70,"column":40}}]}}},"/Users/okuni/WebstormProjects/fur/lib/icons/icon.js":{"path":"/Users/okuni/WebstormProjects/fur/lib/icons/icon.js","s":{"1":1,"2":1,"3":10,"4":10,"5":10,"6":10,"7":9,"8":9,"9":10,"10":10},"b":{},"f":{"1":10,"2":10,"3":9,"4":10},"fnMap":{"1":{"name":"(anonymous_1)","line":57,"loc":{"start":{"line":57,"column":15},"end":{"line":57,"column":30}}},"2":{"name":"(anonymous_2)","line":61,"loc":{"start":{"line":61,"column":16},"end":{"line":61,"column":31}}},"3":{"name":"(anonymous_3)","line":70,"loc":{"start":{"line":70,"column":29},"end":{"line":70,"column":41}}},"4":{"name":"(anonymous_4)","line":94,"loc":{"start":{"line":94,"column":19},"end":{"line":94,"column":31}}}},"statementMap":{"1":{"start":{"line":14,"column":0},"end":{"line":16,"column":52}},"2":{"start":{"line":19,"column":0},"end":{"line":101,"column":3}},"3":{"start":{"line":58,"column":12},"end":{"line":58,"column":25}},"4":{"start":{"line":59,"column":12},"end":{"line":59,"column":46}},"5":{"start":{"line":62,"column":12},"end":{"line":62,"column":25}},"6":{"start":{"line":63,"column":12},"end":{"line":63,"column":46}},"7":{"start":{"line":71,"column":12},"end":{"line":72,"column":32}},"8":{"start":{"line":73,"column":12},"end":{"line":88,"column":8}},"9":{"start":{"line":95,"column":12},"end":{"line":95,"column":25}},"10":{"start":{"line":96,"column":12},"end":{"line":98,"column":14}}},"branchMap":{}},"/Users/okuni/WebstormProjects/fur/lib/images/fabric_image.js":{"path":"/Users/okuni/WebstormProjects/fur/lib/images/fabric_image.js","s":{"1":1,"2":1,"3":23,"4":23,"5":23,"6":4,"7":4,"8":4,"9":16,"10":16,"11":0,"12":0,"13":16,"14":3,"15":3,"16":3,"17":0,"18":16,"19":16,"20":16,"21":16,"22":16,"23":0,"24":16,"25":16,"26":16,"27":16,"28":24,"29":16,"30":16,"31":10,"32":10,"33":10,"34":0,"35":0,"36":10,"37":10,"38":10,"39":11,"40":11,"41":4,"42":4,"43":4,"44":4,"45":4,"46":0,"47":0,"48":4,"49":4,"50":11,"51":0,"52":0,"53":11,"54":11,"55":2,"56":2,"57":2,"58":2,"59":2,"60":2,"61":2,"62":3,"63":3,"64":3,"65":3,"66":0,"67":0,"68":0,"69":0,"70":1,"71":2,"72":2,"73":2,"74":2,"75":0,"76":2,"77":2,"78":0,"79":0,"80":2,"81":1,"82":2,"83":2,"84":0,"85":0,"86":2,"87":2,"88":2,"89":1,"90":4,"91":4,"92":1,"93":4,"94":4},"b":{"1":[0,16],"2":[0,10],"3":[4,0],"4":[0,4],"5":[0,11],"6":[3,0,0],"7":[2,0],"8":[0,2],"9":[0,0],"10":[2,2]},"f":{"1":23,"2":4,"3":16,"4":3,"5":16,"6":0,"7":16,"8":10,"9":10,"10":11,"11":4,"12":4,"13":11,"14":2,"15":2,"16":2,"17":2,"18":3,"19":2,"20":2,"21":2,"22":2,"23":2,"24":2,"25":0,"26":2,"27":4,"28":4},"fnMap":{"1":{"name":"(anonymous_1)","line":24,"loc":{"start":{"line":24,"column":10},"end":{"line":24,"column":28}}},"2":{"name":"(anonymous_2)","line":54,"loc":{"start":{"line":54,"column":23},"end":{"line":54,"column":55}}},"3":{"name":"(anonymous_3)","line":67,"loc":{"start":{"line":67,"column":25},"end":{"line":67,"column":43}}},"4":{"name":"(anonymous_4)","line":73,"loc":{"start":{"line":73,"column":38},"end":{"line":73,"column":54}}},"5":{"name":"(anonymous_5)","line":88,"loc":{"start":{"line":88,"column":22},"end":{"line":88,"column":34}}},"6":{"name":"(anonymous_6)","line":99,"loc":{"start":{"line":99,"column":19},"end":{"line":99,"column":31}}},"7":{"name":"(anonymous_7)","line":107,"loc":{"start":{"line":107,"column":14},"end":{"line":107,"column":26}}},"8":{"name":"(anonymous_8)","line":123,"loc":{"start":{"line":123,"column":15},"end":{"line":123,"column":35}}},"9":{"name":"(anonymous_9)","line":126,"loc":{"start":{"line":126,"column":33},"end":{"line":126,"column":55}}},"10":{"name":"(anonymous_10)","line":136,"loc":{"start":{"line":136,"column":28},"end":{"line":136,"column":48}}},"11":{"name":"(anonymous_11)","line":138,"loc":{"start":{"line":138,"column":41},"end":{"line":138,"column":71}}},"12":{"name":"(anonymous_12)","line":141,"loc":{"start":{"line":141,"column":38},"end":{"line":141,"column":61}}},"13":{"name":"(anonymous_13)","line":155,"loc":{"start":{"line":155,"column":15},"end":{"line":155,"column":37}}},"14":{"name":"(anonymous_14)","line":170,"loc":{"start":{"line":170,"column":20},"end":{"line":170,"column":50}}},"15":{"name":"(anonymous_15)","line":173,"loc":{"start":{"line":173,"column":29},"end":{"line":173,"column":41}}},"16":{"name":"(anonymous_16)","line":175,"loc":{"start":{"line":175,"column":20},"end":{"line":175,"column":40}}},"17":{"name":"(anonymous_17)","line":178,"loc":{"start":{"line":178,"column":20},"end":{"line":178,"column":51}}},"18":{"name":"(anonymous_18)","line":194,"loc":{"start":{"line":194,"column":15},"end":{"line":194,"column":53}}},"19":{"name":"(anonymous_19)","line":212,"loc":{"start":{"line":212,"column":27},"end":{"line":212,"column":57}}},"20":{"name":"(anonymous_20)","line":214,"loc":{"start":{"line":214,"column":8},"end":{"line":214,"column":28}}},"21":{"name":"(anonymous_21)","line":215,"loc":{"start":{"line":215,"column":32},"end":{"line":215,"column":50}}},"22":{"name":"(anonymous_22)","line":223,"loc":{"start":{"line":223,"column":8},"end":{"line":223,"column":28}}},"23":{"name":"(anonymous_23)","line":226,"loc":{"start":{"line":226,"column":7},"end":{"line":226,"column":22}}},"24":{"name":"(anonymous_24)","line":235,"loc":{"start":{"line":235,"column":20},"end":{"line":235,"column":56}}},"25":{"name":"(anonymous_25)","line":237,"loc":{"start":{"line":237,"column":23},"end":{"line":237,"column":38}}},"26":{"name":"(anonymous_26)","line":241,"loc":{"start":{"line":241,"column":21},"end":{"line":241,"column":45}}},"27":{"name":"(anonymous_27)","line":247,"loc":{"start":{"line":247,"column":21},"end":{"line":247,"column":41}}},"28":{"name":"(anonymous_28)","line":252,"loc":{"start":{"line":252,"column":22},"end":{"line":252,"column":40}}}},"statementMap":{"1":{"start":{"line":12,"column":0},"end":{"line":21,"column":31}},"2":{"start":{"line":23,"column":0},"end":{"line":209,"column":3}},"3":{"start":{"line":25,"column":8},"end":{"line":25,"column":21}},"4":{"start":{"line":26,"column":8},"end":{"line":26,"column":22}},"5":{"start":{"line":27,"column":8},"end":{"line":27,"column":31}},"6":{"start":{"line":55,"column":12},"end":{"line":55,"column":25}},"7":{"start":{"line":56,"column":12},"end":{"line":59,"column":15}},"8":{"start":{"line":60,"column":12},"end":{"line":60,"column":21}},"9":{"start":{"line":68,"column":12},"end":{"line":68,"column":25}},"10":{"start":{"line":69,"column":12},"end":{"line":72,"column":13}},"11":{"start":{"line":70,"column":16},"end":{"line":70,"column":59}},"12":{"start":{"line":71,"column":16},"end":{"line":71,"column":30}},"13":{"start":{"line":73,"column":12},"end":{"line":80,"column":15}},"14":{"start":{"line":74,"column":16},"end":{"line":79,"column":17}},"15":{"start":{"line":75,"column":20},"end":{"line":75,"column":79}},"16":{"start":{"line":76,"column":20},"end":{"line":76,"column":58}},"17":{"start":{"line":78,"column":20},"end":{"line":78,"column":37}},"18":{"start":{"line":81,"column":12},"end":{"line":81,"column":26}},"19":{"start":{"line":89,"column":12},"end":{"line":89,"column":25}},"20":{"start":{"line":90,"column":12},"end":{"line":90,"column":75}},"21":{"start":{"line":91,"column":12},"end":{"line":91,"column":38}},"22":{"start":{"line":92,"column":12},"end":{"line":92,"column":27}},"23":{"start":{"line":100,"column":12},"end":{"line":100,"column":22}},"24":{"start":{"line":108,"column":12},"end":{"line":109,"column":42}},"25":{"start":{"line":110,"column":12},"end":{"line":110,"column":31}},"26":{"start":{"line":111,"column":12},"end":{"line":111,"column":42}},"27":{"start":{"line":112,"column":12},"end":{"line":114,"column":13}},"28":{"start":{"line":113,"column":16},"end":{"line":113,"column":41}},"29":{"start":{"line":115,"column":12},"end":{"line":115,"column":31}},"30":{"start":{"line":116,"column":12},"end":{"line":116,"column":26}},"31":{"start":{"line":124,"column":12},"end":{"line":125,"column":39}},"32":{"start":{"line":126,"column":12},"end":{"line":134,"column":15}},"33":{"start":{"line":127,"column":16},"end":{"line":130,"column":17}},"34":{"start":{"line":128,"column":20},"end":{"line":128,"column":34}},"35":{"start":{"line":129,"column":20},"end":{"line":129,"column":27}},"36":{"start":{"line":131,"column":16},"end":{"line":131,"column":59}},"37":{"start":{"line":132,"column":16},"end":{"line":132,"column":40}},"38":{"start":{"line":133,"column":16},"end":{"line":133,"column":41}},"39":{"start":{"line":137,"column":12},"end":{"line":137,"column":25}},"40":{"start":{"line":138,"column":12},"end":{"line":162,"column":15}},"41":{"start":{"line":139,"column":16},"end":{"line":140,"column":57}},"42":{"start":{"line":141,"column":16},"end":{"line":155,"column":12}},"43":{"start":{"line":142,"column":20},"end":{"line":144,"column":21}},"44":{"start":{"line":143,"column":24},"end":{"line":143,"column":61}},"45":{"start":{"line":145,"column":20},"end":{"line":148,"column":21}},"46":{"start":{"line":146,"column":24},"end":{"line":146,"column":38}},"47":{"start":{"line":147,"column":24},"end":{"line":147,"column":31}},"48":{"start":{"line":149,"column":20},"end":{"line":152,"column":22}},"49":{"start":{"line":153,"column":20},"end":{"line":153,"column":42}},"50":{"start":{"line":156,"column":16},"end":{"line":159,"column":17}},"51":{"start":{"line":157,"column":20},"end":{"line":157,"column":34}},"52":{"start":{"line":158,"column":20},"end":{"line":158,"column":27}},"53":{"start":{"line":160,"column":16},"end":{"line":160,"column":94}},"54":{"start":{"line":161,"column":16},"end":{"line":161,"column":38}},"55":{"start":{"line":171,"column":12},"end":{"line":171,"column":25}},"56":{"start":{"line":172,"column":12},"end":{"line":172,"column":34}},"57":{"start":{"line":173,"column":12},"end":{"line":186,"column":15}},"58":{"start":{"line":174,"column":16},"end":{"line":184,"column":29}},"59":{"start":{"line":176,"column":24},"end":{"line":176,"column":69}},"60":{"start":{"line":179,"column":24},"end":{"line":180,"column":24}},"61":{"start":{"line":180,"column":24},"end":{"line":182,"column":26}},"62":{"start":{"line":195,"column":12},"end":{"line":195,"column":25}},"63":{"start":{"line":196,"column":12},"end":{"line":206,"column":13}},"64":{"start":{"line":198,"column":20},"end":{"line":198,"column":53}},"65":{"start":{"line":199,"column":20},"end":{"line":199,"column":26}},"66":{"start":{"line":201,"column":20},"end":{"line":201,"column":53}},"67":{"start":{"line":202,"column":20},"end":{"line":202,"column":26}},"68":{"start":{"line":204,"column":20},"end":{"line":204,"column":69}},"69":{"start":{"line":205,"column":20},"end":{"line":205,"column":26}},"70":{"start":{"line":212,"column":0},"end":{"line":233,"column":2}},"71":{"start":{"line":213,"column":4},"end":{"line":232,"column":7}},"72":{"start":{"line":215,"column":12},"end":{"line":222,"column":8}},"73":{"start":{"line":216,"column":16},"end":{"line":220,"column":17}},"74":{"start":{"line":217,"column":20},"end":{"line":217,"column":50}},"75":{"start":{"line":219,"column":20},"end":{"line":219,"column":31}},"76":{"start":{"line":224,"column":12},"end":{"line":224,"column":53}},"77":{"start":{"line":227,"column":8},"end":{"line":230,"column":9}},"78":{"start":{"line":228,"column":12},"end":{"line":228,"column":26}},"79":{"start":{"line":229,"column":12},"end":{"line":229,"column":19}},"80":{"start":{"line":231,"column":8},"end":{"line":231,"column":55}},"81":{"start":{"line":235,"column":0},"end":{"line":245,"column":2}},"82":{"start":{"line":236,"column":4},"end":{"line":236,"column":24}},"83":{"start":{"line":237,"column":4},"end":{"line":240,"column":7}},"84":{"start":{"line":238,"column":8},"end":{"line":238,"column":34}},"85":{"start":{"line":239,"column":8},"end":{"line":239,"column":24}},"86":{"start":{"line":241,"column":4},"end":{"line":244,"column":7}},"87":{"start":{"line":242,"column":8},"end":{"line":242,"column":31}},"88":{"start":{"line":243,"column":8},"end":{"line":243,"column":24}},"89":{"start":{"line":247,"column":0},"end":{"line":250,"column":2}},"90":{"start":{"line":248,"column":4},"end":{"line":248,"column":41}},"91":{"start":{"line":249,"column":4},"end":{"line":249,"column":52}},"92":{"start":{"line":252,"column":0},"end":{"line":255,"column":2}},"93":{"start":{"line":253,"column":4},"end":{"line":253,"column":37}},"94":{"start":{"line":254,"column":4},"end":{"line":254,"column":48}}},"branchMap":{"1":{"line":69,"type":"if","locations":[{"start":{"line":69,"column":12},"end":{"line":69,"column":12}},{"start":{"line":69,"column":12},"end":{"line":69,"column":12}}]},"2":{"line":127,"type":"if","locations":[{"start":{"line":127,"column":16},"end":{"line":127,"column":16}},{"start":{"line":127,"column":16},"end":{"line":127,"column":16}}]},"3":{"line":142,"type":"if","locations":[{"start":{"line":142,"column":20},"end":{"line":142,"column":20}},{"start":{"line":142,"column":20},"end":{"line":142,"column":20}}]},"4":{"line":145,"type":"if","locations":[{"start":{"line":145,"column":20},"end":{"line":145,"column":20}},{"start":{"line":145,"column":20},"end":{"line":145,"column":20}}]},"5":{"line":156,"type":"if","locations":[{"start":{"line":156,"column":16},"end":{"line":156,"column":16}},{"start":{"line":156,"column":16},"end":{"line":156,"column":16}}]},"6":{"line":196,"type":"switch","locations":[{"start":{"line":197,"column":16},"end":{"line":199,"column":26}},{"start":{"line":200,"column":16},"end":{"line":202,"column":26}},{"start":{"line":203,"column":16},"end":{"line":205,"column":26}}]},"7":{"line":216,"type":"if","locations":[{"start":{"line":216,"column":16},"end":{"line":216,"column":16}},{"start":{"line":216,"column":16},"end":{"line":216,"column":16}}]},"8":{"line":227,"type":"if","locations":[{"start":{"line":227,"column":8},"end":{"line":227,"column":8}},{"start":{"line":227,"column":8},"end":{"line":227,"column":8}}]},"9":{"line":238,"type":"binary-expr","locations":[{"start":{"line":238,"column":8},"end":{"line":238,"column":16}},{"start":{"line":238,"column":20},"end":{"line":238,"column":33}}]},"10":{"line":242,"type":"binary-expr","locations":[{"start":{"line":242,"column":8},"end":{"line":242,"column":16}},{"start":{"line":242,"column":20},"end":{"line":242,"column":30}}]}}},"/Users/okuni/WebstormProjects/fur/lib/images/image.js":{"path":"/Users/okuni/WebstormProjects/fur/lib/images/image.js","s":{"1":1,"2":1,"3":12,"4":12,"5":1,"6":13,"7":13,"8":13,"9":13,"10":13,"11":13,"12":1,"13":13,"14":13,"15":13,"16":13},"b":{},"f":{"1":12,"2":1,"3":13,"4":13,"5":13,"6":13,"7":13,"8":13,"9":13,"10":13},"fnMap":{"1":{"name":"(anonymous_1)","line":19,"loc":{"start":{"line":19,"column":10},"end":{"line":19,"column":28}}},"2":{"name":"(anonymous_2)","line":33,"loc":{"start":{"line":33,"column":15},"end":{"line":33,"column":35}}},"3":{"name":"(anonymous_3)","line":42,"loc":{"start":{"line":42,"column":20},"end":{"line":42,"column":50}}},"4":{"name":"(anonymous_4)","line":45,"loc":{"start":{"line":45,"column":16},"end":{"line":45,"column":36}}},"5":{"name":"(anonymous_5)","line":48,"loc":{"start":{"line":48,"column":16},"end":{"line":48,"column":42}}},"6":{"name":"(anonymous_6)","line":51,"loc":{"start":{"line":51,"column":15},"end":{"line":51,"column":30}}},"7":{"name":"(anonymous_7)","line":52,"loc":{"start":{"line":52,"column":33},"end":{"line":52,"column":45}}},"8":{"name":"(anonymous_8)","line":60,"loc":{"start":{"line":60,"column":19},"end":{"line":60,"column":58}}},"9":{"name":"(anonymous_9)","line":62,"loc":{"start":{"line":62,"column":8},"end":{"line":62,"column":28}}},"10":{"name":"(anonymous_10)","line":66,"loc":{"start":{"line":66,"column":8},"end":{"line":66,"column":28}}}},"statementMap":{"1":{"start":{"line":11,"column":0},"end":{"line":16,"column":29}},"2":{"start":{"line":18,"column":0},"end":{"line":58,"column":3}},"3":{"start":{"line":20,"column":8},"end":{"line":20,"column":21}},"4":{"start":{"line":21,"column":8},"end":{"line":21,"column":22}},"5":{"start":{"line":34,"column":12},"end":{"line":34,"column":52}},"6":{"start":{"line":43,"column":12},"end":{"line":43,"column":25}},"7":{"start":{"line":44,"column":12},"end":{"line":55,"column":15}},"8":{"start":{"line":46,"column":20},"end":{"line":46,"column":38}},"9":{"start":{"line":49,"column":20},"end":{"line":49,"column":63}},"10":{"start":{"line":52,"column":16},"end":{"line":54,"column":19}},"11":{"start":{"line":53,"column":20},"end":{"line":53,"column":34}},"12":{"start":{"line":60,"column":0},"end":{"line":70,"column":2}},"13":{"start":{"line":61,"column":4},"end":{"line":69,"column":17}},"14":{"start":{"line":63,"column":12},"end":{"line":63,"column":49}},"15":{"start":{"line":64,"column":12},"end":{"line":64,"column":38}},"16":{"start":{"line":67,"column":12},"end":{"line":67,"column":54}}},"branchMap":{}},"/Users/okuni/WebstormProjects/fur/lib/icons/circle_text_icon.js":{"path":"/Users/okuni/WebstormProjects/fur/lib/icons/circle_text_icon.js","s":{"1":1,"2":1,"3":1,"4":1,"5":1},"b":{},"f":{"1":1},"fnMap":{"1":{"name":"(anonymous_1)","line":26,"loc":{"start":{"line":26,"column":29},"end":{"line":26,"column":41}}}},"statementMap":{"1":{"start":{"line":12,"column":0},"end":{"line":14,"column":38}},"2":{"start":{"line":16,"column":0},"end":{"line":42,"column":3}},"3":{"start":{"line":27,"column":12},"end":{"line":28,"column":32}},"4":{"start":{"line":29,"column":12},"end":{"line":29,"column":54}},"5":{"start":{"line":30,"column":12},"end":{"line":40,"column":8}}},"branchMap":{}},"/Users/okuni/WebstormProjects/fur/lib/icons/round_text_icon.js":{"path":"/Users/okuni/WebstormProjects/fur/lib/icons/round_text_icon.js","s":{"1":1,"2":1,"3":2,"4":2},"b":{"1":[2,2]},"f":{"1":2},"fnMap":{"1":{"name":"(anonymous_1)","line":20,"loc":{"start":{"line":20,"column":22},"end":{"line":20,"column":34}}}},"statementMap":{"1":{"start":{"line":12,"column":0},"end":{"line":13,"column":38}},"2":{"start":{"line":15,"column":0},"end":{"line":25,"column":3}},"3":{"start":{"line":21,"column":12},"end":{"line":21,"column":25}},"4":{"start":{"line":22,"column":12},"end":{"line":22,"column":51}}},"branchMap":{"1":{"line":22,"type":"binary-expr","locations":[{"start":{"line":22,"column":19},"end":{"line":22,"column":34}},{"start":{"line":22,"column":38},"end":{"line":22,"column":50}}]}}},"/Users/okuni/WebstormProjects/fur/lib/util/fallback_copy.js":{"path":"/Users/okuni/WebstormProjects/fur/lib/util/fallback_copy.js","s":{"1":1,"2":9,"3":2,"4":9,"5":38,"6":38,"7":35,"8":9},"b":{"1":[2,7],"2":[38,0],"3":[35,3]},"f":{"1":9},"fnMap":{"1":{"name":"fallbackCopy","line":11,"loc":{"start":{"line":11,"column":17},"end":{"line":11,"column":50}}}},"statementMap":{"1":{"start":{"line":11,"column":0},"end":{"line":23,"column":2}},"2":{"start":{"line":12,"column":4},"end":{"line":14,"column":5}},"3":{"start":{"line":13,"column":8},"end":{"line":13,"column":18}},"4":{"start":{"line":15,"column":4},"end":{"line":21,"column":5}},"5":{"start":{"line":16,"column":8},"end":{"line":20,"column":9}},"6":{"start":{"line":17,"column":12},"end":{"line":19,"column":13}},"7":{"start":{"line":18,"column":16},"end":{"line":18,"column":37}},"8":{"start":{"line":22,"column":4},"end":{"line":22,"column":16}}},"branchMap":{"1":{"line":12,"type":"if","locations":[{"start":{"line":12,"column":4},"end":{"line":12,"column":4}},{"start":{"line":12,"column":4},"end":{"line":12,"column":4}}]},"2":{"line":16,"type":"if","locations":[{"start":{"line":16,"column":8},"end":{"line":16,"column":8}},{"start":{"line":16,"column":8},"end":{"line":16,"column":8}}]},"3":{"line":17,"type":"if","locations":[{"start":{"line":17,"column":12},"end":{"line":17,"column":12}},{"start":{"line":17,"column":12},"end":{"line":17,"column":12}}]}}},"/Users/okuni/WebstormProjects/fur/lib/catalogs.js":{"path":"/Users/okuni/WebstormProjects/fur/lib/catalogs.js","s":{"1":1,"2":7,"3":4},"b":{},"f":{"1":7,"2":4},"fnMap":{"1":{"name":"(anonymous_1)","line":15,"loc":{"start":{"line":15,"column":29},"end":{"line":15,"column":29}}},"2":{"name":"(anonymous_2)","line":23,"loc":{"start":{"line":23,"column":25},"end":{"line":23,"column":25}}}},"statementMap":{"1":{"start":{"line":9,"column":0},"end":{"line":26,"column":2}},"2":{"start":{"line":16,"column":8},"end":{"line":17,"column":4}},"3":{"start":{"line":24,"column":8},"end":{"line":25,"column":4}}},"branchMap":{}},"/Users/okuni/WebstormProjects/fur/ci/config/font-task-config.js":{"path":"/Users/okuni/WebstormProjects/fur/ci/config/font-task-config.js","s":{"1":1,"2":1},"b":{},"f":{},"fnMap":{},"statementMap":{"1":{"start":{"line":12,"column":0},"end":{"line":15,"column":2}},"2":{"start":{"line":18,"column":0},"end":{"line":21,"column":2}}},"branchMap":{}},"/Users/okuni/WebstormProjects/fur/ci/config/ico-task-config.js":{"path":"/Users/okuni/WebstormProjects/fur/ci/config/ico-task-config.js","s":{"1":1,"2":1,"3":1},"b":{},"f":{},"fnMap":{},"statementMap":{"1":{"start":{"line":13,"column":0},"end":{"line":16,"column":2}},"2":{"start":{"line":19,"column":0},"end":{"line":22,"column":2}},"3":{"start":{"line":25,"column":0},"end":{"line":28,"column":2}}},"branchMap":{}},"/Users/okuni/WebstormProjects/fur/ci/config/index-task-config.js":{"path":"/Users/okuni/WebstormProjects/fur/ci/config/index-task-config.js","s":{"1":1,"2":1,"3":1,"4":1,"5":1,"6":1,"7":1,"8":1,"9":1,"10":1,"11":1,"12":1,"13":1,"14":1,"15":1,"16":1},"b":{},"f":{},"fnMap":{},"statementMap":{"1":{"start":{"line":23,"column":0},"end":{"line":23,"column":35}},"2":{"start":{"line":25,"column":0},"end":{"line":29,"column":2}},"3":{"start":{"line":31,"column":0},"end":{"line":35,"column":2}},"4":{"start":{"line":37,"column":0},"end":{"line":41,"column":2}},"5":{"start":{"line":43,"column":0},"end":{"line":47,"column":2}},"6":{"start":{"line":49,"column":0},"end":{"line":53,"column":2}},"7":{"start":{"line":55,"column":0},"end":{"line":59,"column":2}},"8":{"start":{"line":61,"column":0},"end":{"line":65,"column":2}},"9":{"start":{"line":68,"column":0},"end":{"line":72,"column":2}},"10":{"start":{"line":75,"column":0},"end":{"line":81,"column":2}},"11":{"start":{"line":83,"column":0},"end":{"line":88,"column":2}},"12":{"start":{"line":90,"column":0},"end":{"line":96,"column":2}},"13":{"start":{"line":98,"column":0},"end":{"line":104,"column":2}},"14":{"start":{"line":106,"column":0},"end":{"line":112,"column":2}},"15":{"start":{"line":114,"column":0},"end":{"line":119,"column":2}},"16":{"start":{"line":121,"column":0},"end":{"line":128,"column":2}}},"branchMap":{}},"/Users/okuni/WebstormProjects/fur/ci/config/jsdoc-task-config.js":{"path":"/Users/okuni/WebstormProjects/fur/ci/config/jsdoc-task-config.js","s":{"1":1,"2":0,"3":0,"4":1,"5":0,"6":1,"7":0,"8":1,"9":0},"b":{},"f":{"1":0,"2":0,"3":0,"4":0},"fnMap":{"1":{"name":"docstrap","line":13,"loc":{"start":{"line":13,"column":0},"end":{"line":13,"column":20}}},"2":{"name":"(anonymous_2)","line":27,"loc":{"start":{"line":27,"column":23},"end":{"line":27,"column":23}}},"3":{"name":"(anonymous_3)","line":43,"loc":{"start":{"line":43,"column":23},"end":{"line":43,"column":23}}},"4":{"name":"(anonymous_4)","line":58,"loc":{"start":{"line":58,"column":23},"end":{"line":58,"column":23}}}},"statementMap":{"1":{"start":{"line":13,"column":0},"end":{"line":16,"column":1}},"2":{"start":{"line":14,"column":4},"end":{"line":14,"column":31}},"3":{"start":{"line":15,"column":4},"end":{"line":15,"column":57}},"4":{"start":{"line":18,"column":0},"end":{"line":31,"column":2}},"5":{"start":{"line":28,"column":12},"end":{"line":28,"column":30}},"6":{"start":{"line":33,"column":0},"end":{"line":47,"column":2}},"7":{"start":{"line":44,"column":12},"end":{"line":44,"column":31}},"8":{"start":{"line":49,"column":0},"end":{"line":62,"column":2}},"9":{"start":{"line":59,"column":12},"end":{"line":59,"column":31}}},"branchMap":{}},"/Users/okuni/WebstormProjects/fur/ci/config/logo-task-config.js":{"path":"/Users/okuni/WebstormProjects/fur/ci/config/logo-task-config.js","s":{"1":1,"2":1,"3":1,"4":1,"5":1,"6":2,"7":1,"8":2,"9":1,"10":2,"11":1,"12":2,"13":1,"14":2,"15":1,"16":2},"b":{},"f":{"1":1,"2":2,"3":2,"4":2,"5":2,"6":2,"7":2},"fnMap":{"1":{"name":"(anonymous_1)","line":22,"loc":{"start":{"line":22,"column":29},"end":{"line":22,"column":46}}},"2":{"name":"(anonymous_2)","line":38,"loc":{"start":{"line":38,"column":26},"end":{"line":38,"column":44}}},"3":{"name":"(anonymous_3)","line":53,"loc":{"start":{"line":53,"column":31},"end":{"line":53,"column":49}}},"4":{"name":"(anonymous_4)","line":68,"loc":{"start":{"line":68,"column":36},"end":{"line":68,"column":54}}},"5":{"name":"(anonymous_5)","line":83,"loc":{"start":{"line":83,"column":33},"end":{"line":83,"column":51}}},"6":{"name":"(anonymous_6)","line":98,"loc":{"start":{"line":98,"column":31},"end":{"line":98,"column":49}}},"7":{"name":"(anonymous_7)","line":112,"loc":{"start":{"line":112,"column":34},"end":{"line":112,"column":52}}}},"statementMap":{"1":{"start":{"line":17,"column":0},"end":{"line":18,"column":29}},"2":{"start":{"line":20,"column":0},"end":{"line":20,"column":55}},"3":{"start":{"line":22,"column":0},"end":{"line":35,"column":3}},"4":{"start":{"line":23,"column":4},"end":{"line":35,"column":0}},"5":{"start":{"line":38,"column":0},"end":{"line":50,"column":3}},"6":{"start":{"line":39,"column":4},"end":{"line":50,"column":0}},"7":{"start":{"line":53,"column":0},"end":{"line":66,"column":3}},"8":{"start":{"line":54,"column":4},"end":{"line":66,"column":0}},"9":{"start":{"line":68,"column":0},"end":{"line":80,"column":3}},"10":{"start":{"line":69,"column":4},"end":{"line":80,"column":0}},"11":{"start":{"line":83,"column":0},"end":{"line":95,"column":3}},"12":{"start":{"line":84,"column":4},"end":{"line":95,"column":0}},"13":{"start":{"line":98,"column":0},"end":{"line":110,"column":3}},"14":{"start":{"line":99,"column":4},"end":{"line":110,"column":0}},"15":{"start":{"line":112,"column":0},"end":{"line":125,"column":3}},"16":{"start":{"line":113,"column":4},"end":{"line":125,"column":0}}},"branchMap":{}},"/Users/okuni/WebstormProjects/fur/lib/generate_logo.js":{"path":"/Users/okuni/WebstormProjects/fur/lib/generate_logo.js","s":{"1":1,"2":1,"3":1,"4":1,"5":1,"6":1,"7":1,"8":1,"9":1,"10":1,"11":1,"12":1,"13":3,"14":3,"15":3,"16":1,"17":2},"b":{"1":[1,1],"2":[3,3],"3":[1,2]},"f":{"1":1,"2":3},"fnMap":{"1":{"name":"generateLogo","line":38,"loc":{"start":{"line":38,"column":27},"end":{"line":38,"column":78}}},"2":{"name":"(anonymous_2)","line":77,"loc":{"start":{"line":77,"column":24},"end":{"line":77,"column":41}}}},"statementMap":{"1":{"start":{"line":25,"column":0},"end":{"line":29,"column":37}},"2":{"start":{"line":31,"column":0},"end":{"line":31,"column":45}},"3":{"start":{"line":33,"column":0},"end":{"line":35,"column":2}},"4":{"start":{"line":38,"column":0},"end":{"line":71,"column":2}},"5":{"start":{"line":39,"column":4},"end":{"line":49,"column":16}},"6":{"start":{"line":52,"column":4},"end":{"line":53,"column":56}},"7":{"start":{"line":55,"column":4},"end":{"line":55,"column":47}},"8":{"start":{"line":56,"column":4},"end":{"line":65,"column":7}},"9":{"start":{"line":67,"column":4},"end":{"line":67,"column":84}},"10":{"start":{"line":69,"column":4},"end":{"line":70,"column":46}},"11":{"start":{"line":74,"column":0},"end":{"line":74,"column":42}},"12":{"start":{"line":77,"column":0},"end":{"line":84,"column":2}},"13":{"start":{"line":78,"column":4},"end":{"line":78,"column":58}},"14":{"start":{"line":79,"column":4},"end":{"line":79,"column":36}},"15":{"start":{"line":80,"column":4},"end":{"line":82,"column":5}},"16":{"start":{"line":81,"column":8},"end":{"line":81,"column":51}},"17":{"start":{"line":83,"column":4},"end":{"line":83,"column":20}}},"branchMap":{"1":{"line":62,"type":"binary-expr","locations":[{"start":{"line":62,"column":18},"end":{"line":62,"column":37}},{"start":{"line":62,"column":41},"end":{"line":62,"column":64}}]},"2":{"line":78,"type":"binary-expr","locations":[{"start":{"line":78,"column":14},"end":{"line":78,"column":19}},{"start":{"line":78,"column":23},"end":{"line":78,"column":57}}]},"3":{"line":80,"type":"if","locations":[{"start":{"line":80,"column":4},"end":{"line":80,"column":4}},{"start":{"line":80,"column":4},"end":{"line":80,"column":4}}]}}},"/Users/okuni/WebstormProjects/fur/lib/logos/index.js":{"path":"/Users/okuni/WebstormProjects/fur/lib/logos/index.js","s":{"1":1,"2":1},"b":{},"f":{},"fnMap":{},"statementMap":{"1":{"start":{"line":10,"column":0},"end":{"line":10,"column":36}},"2":{"start":{"line":11,"column":0},"end":{"line":11,"column":45}}},"branchMap":{}},"/Users/okuni/WebstormProjects/fur/lib/logos/logo.js":{"path":"/Users/okuni/WebstormProjects/fur/lib/logos/logo.js","s":{"1":1,"2":1,"3":6,"4":6,"5":6,"6":6,"7":6},"b":{},"f":{"1":6,"2":6},"fnMap":{"1":{"name":"(anonymous_1)","line":37,"loc":{"start":{"line":37,"column":29},"end":{"line":37,"column":41}}},"2":{"name":"(anonymous_2)","line":56,"loc":{"start":{"line":56,"column":19},"end":{"line":56,"column":31}}}},"statementMap":{"1":{"start":{"line":14,"column":0},"end":{"line":16,"column":52}},"2":{"start":{"line":19,"column":0},"end":{"line":63,"column":3}},"3":{"start":{"line":38,"column":12},"end":{"line":38,"column":25}},"4":{"start":{"line":39,"column":12},"end":{"line":40,"column":31}},"5":{"start":{"line":41,"column":12},"end":{"line":50,"column":8}},"6":{"start":{"line":57,"column":12},"end":{"line":57,"column":25}},"7":{"start":{"line":58,"column":12},"end":{"line":60,"column":14}}},"branchMap":{}},"/Users/okuni/WebstormProjects/fur/lib/logos/text_logo.js":{"path":"/Users/okuni/WebstormProjects/fur/lib/logos/text_logo.js","s":{"1":1,"2":1,"3":2,"4":2,"5":2,"6":2,"7":2},"b":{"1":[2,2],"2":[2,2]},"f":{"1":2,"2":2},"fnMap":{"1":{"name":"(anonymous_1)","line":65,"loc":{"start":{"line":65,"column":23},"end":{"line":65,"column":35}}},"2":{"name":"(anonymous_2)","line":89,"loc":{"start":{"line":89,"column":19},"end":{"line":89,"column":31}}}},"statementMap":{"1":{"start":{"line":13,"column":0},"end":{"line":15,"column":38}},"2":{"start":{"line":18,"column":0},"end":{"line":97,"column":3}},"3":{"start":{"line":66,"column":12},"end":{"line":66,"column":25}},"4":{"start":{"line":67,"column":12},"end":{"line":70,"column":41}},"5":{"start":{"line":72,"column":12},"end":{"line":82,"column":15}},"6":{"start":{"line":90,"column":12},"end":{"line":91,"column":61}},"7":{"start":{"line":92,"column":12},"end":{"line":94,"column":15}}},"branchMap":{"1":{"line":69,"type":"binary-expr","locations":[{"start":{"line":69,"column":22},"end":{"line":69,"column":33}},{"start":{"line":69,"column":37},"end":{"line":69,"column":38}}]},"2":{"line":70,"type":"binary-expr","locations":[{"start":{"line":70,"column":23},"end":{"line":70,"column":35}},{"start":{"line":70,"column":39},"end":{"line":70,"column":40}}]}}},"/Users/okuni/WebstormProjects/fur/lib/logos/_define_logo.js":{"path":"/Users/okuni/WebstormProjects/fur/lib/logos/_define_logo.js","s":{"1":1,"2":1,"3":2,"4":2},"b":{"1":[2,2]},"f":{"1":2},"fnMap":{"1":{"name":"(anonymous_1)","line":14,"loc":{"start":{"line":14,"column":17},"end":{"line":14,"column":32}}}},"statementMap":{"1":{"start":{"line":12,"column":0},"end":{"line":12,"column":39}},"2":{"start":{"line":14,"column":0},"end":{"line":17,"column":2}},"3":{"start":{"line":15,"column":4},"end":{"line":15,"column":55}},"4":{"start":{"line":16,"column":4},"end":{"line":16,"column":23}}},"branchMap":{"1":{"line":15,"type":"binary-expr","locations":[{"start":{"line":15,"column":20},"end":{"line":15,"column":33}},{"start":{"line":15,"column":37},"end":{"line":15,"column":54}}]}}},"/Users/okuni/WebstormProjects/fur/ci/config/tag-task-config.js":{"path":"/Users/okuni/WebstormProjects/fur/ci/config/tag-task-config.js","s":{"1":1},"b":{},"f":{},"fnMap":{},"statementMap":{"1":{"start":{"line":10,"column":0},"end":{"line":12,"column":2}}},"branchMap":{}},"/Users/okuni/WebstormProjects/fur/ci/config/gallery-task-config.js":{"path":"/Users/okuni/WebstormProjects/fur/ci/config/gallery-task-config.js","s":{"1":1,"2":1,"3":1,"4":1,"5":1,"6":1,"7":0},"b":{},"f":{"1":0},"fnMap":{"1":{"name":"(anonymous_1)","line":74,"loc":{"start":{"line":74,"column":17},"end":{"line":74,"column":32}}}},"statementMap":{"1":{"start":{"line":13,"column":0},"end":{"line":22,"column":2}},"2":{"start":{"line":24,"column":0},"end":{"line":27,"column":2}},"3":{"start":{"line":29,"column":0},"end":{"line":37,"column":2}},"4":{"start":{"line":39,"column":0},"end":{"line":46,"column":2}},"5":{"start":{"line":49,"column":0},"end":{"line":65,"column":2}},"6":{"start":{"line":67,"column":0},"end":{"line":96,"column":2}},"7":{"start":{"line":75,"column":12},"end":{"line":75,"column":46}}},"branchMap":{}},"/Users/okuni/WebstormProjects/fur/ci/config/mkdir-task-config.js":{"path":"/Users/okuni/WebstormProjects/fur/ci/config/mkdir-task-config.js","s":{"1":1},"b":{},"f":{},"fnMap":{},"statementMap":{"1":{"start":{"line":10,"column":0},"end":{"line":50,"column":2}}},"branchMap":{}},"/Users/okuni/WebstormProjects/fur/ci/config/nodeunit-task-config.js":{"path":"/Users/okuni/WebstormProjects/fur/ci/config/nodeunit-task-config.js","s":{"1":1},"b":{},"f":{},"fnMap":{},"statementMap":{"1":{"start":{"line":10,"column":0},"end":{"line":12,"column":2}}},"branchMap":{}},"/Users/okuni/WebstormProjects/fur/ci/config/readme-task-config.js":{"path":"/Users/okuni/WebstormProjects/fur/ci/config/readme-task-config.js","s":{"1":1,"2":6},"b":{},"f":{"1":6},"fnMap":{"1":{"name":"(anonymous_1)","line":22,"loc":{"start":{"line":22,"column":10},"end":{"line":22,"column":29}}}},"statementMap":{"1":{"start":{"line":10,"column":0},"end":{"line":28,"column":2}},"2":{"start":{"line":23,"column":12},"end":{"line":27,"column":8}}},"branchMap":{}},"/Users/okuni/WebstormProjects/fur/ci/config/scaffold-task-config.js":{"path":"/Users/okuni/WebstormProjects/fur/ci/config/scaffold-task-config.js","s":{"1":1,"2":1,"3":1,"4":38,"5":1,"6":26,"7":1,"8":14,"9":1,"10":1,"11":1,"12":17,"13":1,"14":17,"15":1,"16":8,"17":1,"18":13,"19":6,"20":1,"21":13,"22":13,"23":13,"24":6,"25":37,"26":31,"27":7,"28":13,"29":38,"30":38,"31":38,"32":13},"b":{"1":[6,7]},"f":{"1":38,"2":26,"3":14,"4":17,"5":17,"6":8,"7":13,"8":6,"9":13,"10":37,"11":31,"12":38,"13":13},"fnMap":{"1":{"name":"capitalize","line":22,"loc":{"start":{"line":22,"column":0},"end":{"line":22,"column":28}}},"2":{"name":"isDir","line":26,"loc":{"start":{"line":26,"column":0},"end":{"line":26,"column":25}}},"3":{"name":"(anonymous_3)","line":32,"loc":{"start":{"line":32,"column":12},"end":{"line":32,"column":32}}},"4":{"name":"(anonymous_4)","line":68,"loc":{"start":{"line":68,"column":31},"end":{"line":68,"column":47}}},"5":{"name":"(anonymous_5)","line":78,"loc":{"start":{"line":78,"column":33},"end":{"line":78,"column":49}}},"6":{"name":"(anonymous_6)","line":89,"loc":{"start":{"line":89,"column":29},"end":{"line":89,"column":45}}},"7":{"name":"(anonymous_7)","line":100,"loc":{"start":{"line":100,"column":12},"end":{"line":100,"column":32}}},"8":{"name":"(anonymous_8)","line":103,"loc":{"start":{"line":103,"column":9},"end":{"line":103,"column":25}}},"9":{"name":"(anonymous_9)","line":113,"loc":{"start":{"line":113,"column":39},"end":{"line":113,"column":61}}},"10":{"name":"(anonymous_10)","line":119,"loc":{"start":{"line":119,"column":20},"end":{"line":119,"column":40}}},"11":{"name":"(anonymous_11)","line":122,"loc":{"start":{"line":122,"column":17},"end":{"line":122,"column":37}}},"12":{"name":"(anonymous_12)","line":129,"loc":{"start":{"line":129,"column":13},"end":{"line":129,"column":33}}},"13":{"name":"(anonymous_13)","line":151,"loc":{"start":{"line":151,"column":11},"end":{"line":151,"column":34}}}},"statementMap":{"1":{"start":{"line":14,"column":0},"end":{"line":17,"column":40}},"2":{"start":{"line":19,"column":0},"end":{"line":20,"column":42}},"3":{"start":{"line":22,"column":0},"end":{"line":24,"column":1}},"4":{"start":{"line":23,"column":4},"end":{"line":23,"column":64}},"5":{"start":{"line":26,"column":0},"end":{"line":28,"column":1}},"6":{"start":{"line":27,"column":4},"end":{"line":27,"column":47}},"7":{"start":{"line":31,"column":0},"end":{"line":34,"column":7}},"8":{"start":{"line":33,"column":8},"end":{"line":33,"column":39}},"9":{"start":{"line":37,"column":0},"end":{"line":46,"column":2}},"10":{"start":{"line":48,"column":0},"end":{"line":66,"column":2}},"11":{"start":{"line":68,"column":0},"end":{"line":76,"column":3}},"12":{"start":{"line":69,"column":4},"end":{"line":75,"column":6}},"13":{"start":{"line":78,"column":0},"end":{"line":86,"column":3}},"14":{"start":{"line":79,"column":4},"end":{"line":85,"column":6}},"15":{"start":{"line":89,"column":0},"end":{"line":97,"column":3}},"16":{"start":{"line":90,"column":4},"end":{"line":96,"column":6}},"17":{"start":{"line":99,"column":0},"end":{"line":111,"column":7}},"18":{"start":{"line":101,"column":8},"end":{"line":101,"column":53}},"19":{"start":{"line":104,"column":8},"end":{"line":110,"column":10}},"20":{"start":{"line":113,"column":0},"end":{"line":153,"column":11}},"21":{"start":{"line":115,"column":4},"end":{"line":115,"column":51}},"22":{"start":{"line":116,"column":4},"end":{"line":116,"column":18}},"23":{"start":{"line":117,"column":4},"end":{"line":127,"column":5}},"24":{"start":{"line":118,"column":8},"end":{"line":124,"column":15}},"25":{"start":{"line":120,"column":16},"end":{"line":120,"column":47}},"26":{"start":{"line":123,"column":16},"end":{"line":123,"column":55}},"27":{"start":{"line":126,"column":8},"end":{"line":126,"column":30}},"28":{"start":{"line":128,"column":4},"end":{"line":149,"column":9}},"29":{"start":{"line":130,"column":12},"end":{"line":131,"column":60}},"30":{"start":{"line":132,"column":12},"end":{"line":137,"column":18}},"31":{"start":{"line":138,"column":12},"end":{"line":147,"column":14}},"32":{"start":{"line":152,"column":8},"end":{"line":152,"column":34}}},"branchMap":{"1":{"line":117,"type":"if","locations":[{"start":{"line":117,"column":4},"end":{"line":117,"column":4}},{"start":{"line":117,"column":4},"end":{"line":117,"column":4}}]}}},"/Users/okuni/WebstormProjects/fur/ci/config/static-task-config.js":{"path":"/Users/okuni/WebstormProjects/fur/ci/config/static-task-config.js","s":{"1":1,"2":8},"b":{},"f":{"1":8},"fnMap":{"1":{"name":"(anonymous_1)","line":61,"loc":{"start":{"line":61,"column":9},"end":{"line":61,"column":34}}}},"statementMap":{"1":{"start":{"line":12,"column":0},"end":{"line":66,"column":7}},"2":{"start":{"line":62,"column":8},"end":{"line":66,"column":4}}},"branchMap":{}},"/Users/okuni/WebstormProjects/fur/ci/config/taskguide-task-config.js":{"path":"/Users/okuni/WebstormProjects/fur/ci/config/taskguide-task-config.js","s":{"1":1},"b":{},"f":{},"fnMap":{},"statementMap":{"1":{"start":{"line":10,"column":0},"end":{"line":21,"column":2}}},"branchMap":{}},"/Users/okuni/WebstormProjects/fur/ci/config/tick-tack-resources-task-config.js":{"path":"/Users/okuni/WebstormProjects/fur/ci/config/tick-tack-resources-task-config.js","s":{"1":1,"2":1,"3":1},"b":{},"f":{},"fnMap":{},"statementMap":{"1":{"start":{"line":9,"column":0},"end":{"line":16,"column":2}},"2":{"start":{"line":18,"column":0},"end":{"line":24,"column":2}},"3":{"start":{"line":26,"column":0},"end":{"line":32,"column":2}}},"branchMap":{}},"/Users/okuni/WebstormProjects/fur/ci/config/testcase-task-config.js":{"path":"/Users/okuni/WebstormProjects/fur/ci/config/testcase-task-config.js","s":{"1":1},"b":{},"f":{},"fnMap":{},"statementMap":{"1":{"start":{"line":10,"column":0},"end":{"line":16,"column":2}}},"branchMap":{}},"/Users/okuni/WebstormProjects/fur/ci/config/versionup-task-config.js":{"path":"/Users/okuni/WebstormProjects/fur/ci/config/versionup-task-config.js","s":{"1":1},"b":{},"f":{},"fnMap":{},"statementMap":{"1":{"start":{"line":10,"column":0},"end":{"line":12,"column":2}}},"branchMap":{}},"/Users/okuni/WebstormProjects/fur/ci/config/wiki-task-config.js":{"path":"/Users/okuni/WebstormProjects/fur/ci/config/wiki-task-config.js","s":{"1":1,"2":1,"3":1,"4":1,"5":1,"6":1,"7":1,"8":1,"9":1,"10":1,"11":1,"12":6},"b":{},"f":{"1":6},"fnMap":{"1":{"name":"(anonymous_1)","line":131,"loc":{"start":{"line":131,"column":41},"end":{"line":131,"column":60}}}},"statementMap":{"1":{"start":{"line":16,"column":0},"end":{"line":19,"column":45}},"2":{"start":{"line":21,"column":0},"end":{"line":24,"column":2}},"3":{"start":{"line":26,"column":0},"end":{"line":27,"column":71}},"4":{"start":{"line":29,"column":0},"end":{"line":39,"column":2}},"5":{"start":{"line":41,"column":0},"end":{"line":50,"column":2}},"6":{"start":{"line":52,"column":0},"end":{"line":69,"column":2}},"7":{"start":{"line":71,"column":0},"end":{"line":80,"column":2}},"8":{"start":{"line":83,"column":0},"end":{"line":100,"column":2}},"9":{"start":{"line":103,"column":0},"end":{"line":112,"column":2}},"10":{"start":{"line":115,"column":0},"end":{"line":124,"column":2}},"11":{"start":{"line":127,"column":0},"end":{"line":138,"column":2}},"12":{"start":{"line":132,"column":12},"end":{"line":136,"column":8}}},"branchMap":{}},"/Users/okuni/WebstormProjects/fur/lib/commands/index.js":{"path":"/Users/okuni/WebstormProjects/fur/lib/commands/index.js","s":{"1":1,"2":1,"3":1,"4":1,"5":1,"6":1},"b":{},"f":{},"fnMap":{},"statementMap":{"1":{"start":{"line":10,"column":0},"end":{"line":10,"column":38}},"2":{"start":{"line":11,"column":0},"end":{"line":11,"column":42}},"3":{"start":{"line":12,"column":0},"end":{"line":12,"column":34}},"4":{"start":{"line":13,"column":0},"end":{"line":13,"column":36}},"5":{"start":{"line":14,"column":0},"end":{"line":14,"column":40}},"6":{"start":{"line":15,"column":0},"end":{"line":15,"column":36}}},"branchMap":{}},"/Users/okuni/WebstormProjects/fur/lib/commands/badge.js":{"path":"/Users/okuni/WebstormProjects/fur/lib/commands/badge.js","s":{"1":1,"2":1,"3":1,"4":1,"5":1,"6":1},"b":{"1":[1,0],"2":[1,1]},"f":{"1":1,"2":1},"fnMap":{"1":{"name":"badge","line":26,"loc":{"start":{"line":26,"column":17},"end":{"line":26,"column":61}}},"2":{"name":"(anonymous_2)","line":27,"loc":{"start":{"line":27,"column":37},"end":{"line":27,"column":52}}}},"statementMap":{"1":{"start":{"line":23,"column":0},"end":{"line":24,"column":37}},"2":{"start":{"line":26,"column":0},"end":{"line":33,"column":2}},"3":{"start":{"line":27,"column":4},"end":{"line":32,"column":7}},"4":{"start":{"line":28,"column":8},"end":{"line":30,"column":9}},"5":{"start":{"line":29,"column":12},"end":{"line":29,"column":52}},"6":{"start":{"line":31,"column":8},"end":{"line":31,"column":34}}},"branchMap":{"1":{"line":28,"type":"if","locations":[{"start":{"line":28,"column":8},"end":{"line":28,"column":8}},{"start":{"line":28,"column":8},"end":{"line":28,"column":8}}]},"2":{"line":31,"type":"binary-expr","locations":[{"start":{"line":31,"column":8},"end":{"line":31,"column":16}},{"start":{"line":31,"column":20},"end":{"line":31,"column":33}}]}}},"/Users/okuni/WebstormProjects/fur/lib/generate_badge.js":{"path":"/Users/okuni/WebstormProjects/fur/lib/generate_badge.js","s":{"1":1,"2":1,"3":3,"4":3,"5":3,"6":3,"7":3,"8":2,"9":2,"10":1,"11":1,"12":0,"13":0},"b":{"1":[2,1,0]},"f":{"1":3},"fnMap":{"1":{"name":"generateBadge","line":27,"loc":{"start":{"line":27,"column":17},"end":{"line":27,"column":69}}}},"statementMap":{"1":{"start":{"line":23,"column":0},"end":{"line":25,"column":37}},"2":{"start":{"line":27,"column":0},"end":{"line":59,"column":2}},"3":{"start":{"line":28,"column":4},"end":{"line":33,"column":16}},"4":{"start":{"line":35,"column":4},"end":{"line":36,"column":36}},"5":{"start":{"line":38,"column":4},"end":{"line":38,"column":36}},"6":{"start":{"line":40,"column":4},"end":{"line":46,"column":7}},"7":{"start":{"line":48,"column":4},"end":{"line":58,"column":5}},"8":{"start":{"line":50,"column":12},"end":{"line":50,"column":49}},"9":{"start":{"line":51,"column":12},"end":{"line":51,"column":18}},"10":{"start":{"line":53,"column":12},"end":{"line":53,"column":49}},"11":{"start":{"line":54,"column":12},"end":{"line":54,"column":18}},"12":{"start":{"line":56,"column":12},"end":{"line":56,"column":61}},"13":{"start":{"line":57,"column":12},"end":{"line":57,"column":18}}},"branchMap":{"1":{"line":48,"type":"switch","locations":[{"start":{"line":49,"column":8},"end":{"line":51,"column":18}},{"start":{"line":52,"column":8},"end":{"line":54,"column":18}},{"start":{"line":55,"column":8},"end":{"line":57,"column":18}}]}}},"/Users/okuni/WebstormProjects/fur/lib/badges/badge.js":{"path":"/Users/okuni/WebstormProjects/fur/lib/badges/badge.js","s":{"1":1,"2":1,"3":7,"4":7,"5":7,"6":1,"7":1,"8":1,"9":1},"b":{"1":[7,7]},"f":{"1":7,"2":7,"3":1,"4":1,"5":1},"fnMap":{"1":{"name":"(anonymous_1)","line":63,"loc":{"start":{"line":63,"column":15},"end":{"line":63,"column":35}}},"2":{"name":"(anonymous_2)","line":71,"loc":{"start":{"line":71,"column":15},"end":{"line":71,"column":31}}},"3":{"name":"(anonymous_3)","line":81,"loc":{"start":{"line":81,"column":20},"end":{"line":81,"column":50}}},"4":{"name":"(anonymous_4)","line":84,"loc":{"start":{"line":84,"column":16},"end":{"line":84,"column":36}}},"5":{"name":"(anonymous_5)","line":87,"loc":{"start":{"line":87,"column":16},"end":{"line":87,"column":41}}}},"statementMap":{"1":{"start":{"line":14,"column":0},"end":{"line":18,"column":39}},"2":{"start":{"line":20,"column":0},"end":{"line":93,"column":3}},"3":{"start":{"line":64,"column":12},"end":{"line":65,"column":37}},"4":{"start":{"line":66,"column":12},"end":{"line":73,"column":15}},"5":{"start":{"line":72,"column":16},"end":{"line":72,"column":57}},"6":{"start":{"line":82,"column":12},"end":{"line":82,"column":25}},"7":{"start":{"line":83,"column":12},"end":{"line":91,"column":8}},"8":{"start":{"line":85,"column":20},"end":{"line":85,"column":38}},"9":{"start":{"line":88,"column":20},"end":{"line":88,"column":54}}},"branchMap":{"1":{"line":72,"type":"binary-expr","locations":[{"start":{"line":72,"column":16},"end":{"line":72,"column":24}},{"start":{"line":72,"column":28},"end":{"line":72,"column":56}}]}}},"/Users/okuni/WebstormProjects/fur/lib/badges/_gh_badge.js":{"path":"/Users/okuni/WebstormProjects/fur/lib/badges/_gh_badge.js","s":{"1":1,"2":1,"3":8,"4":8,"5":8,"6":8,"7":8},"b":{},"f":{"1":8},"fnMap":{"1":{"name":"(anonymous_1)","line":14,"loc":{"start":{"line":14,"column":17},"end":{"line":14,"column":29}}}},"statementMap":{"1":{"start":{"line":12,"column":0},"end":{"line":12,"column":27}},"2":{"start":{"line":14,"column":0},"end":{"line":21,"column":2}},"3":{"start":{"line":15,"column":4},"end":{"line":16,"column":29}},"4":{"start":{"line":17,"column":4},"end":{"line":17,"column":28}},"5":{"start":{"line":18,"column":4},"end":{"line":18,"column":58}},"6":{"start":{"line":19,"column":4},"end":{"line":19,"column":24}},"7":{"start":{"line":20,"column":4},"end":{"line":20,"column":20}}},"branchMap":{}},"/Users/okuni/WebstormProjects/fur/lib/badges/_svg2png.js":{"path":"/Users/okuni/WebstormProjects/fur/lib/badges/_svg2png.js","s":{"1":1,"2":1,"3":1,"4":1,"5":1,"6":1,"7":1,"8":1,"9":1,"10":0,"11":1,"12":1},"b":{},"f":{"1":1,"2":0,"3":1},"fnMap":{"1":{"name":"(anonymous_1)","line":14,"loc":{"start":{"line":14,"column":17},"end":{"line":14,"column":52}}},"2":{"name":"(anonymous_2)","line":22,"loc":{"start":{"line":22,"column":28},"end":{"line":22,"column":40}}},"3":{"name":"(anonymous_3)","line":25,"loc":{"start":{"line":25,"column":28},"end":{"line":25,"column":40}}}},"statementMap":{"1":{"start":{"line":11,"column":0},"end":{"line":12,"column":23}},"2":{"start":{"line":14,"column":0},"end":{"line":28,"column":2}},"3":{"start":{"line":15,"column":4},"end":{"line":16,"column":29}},"4":{"start":{"line":17,"column":4},"end":{"line":17,"column":28}},"5":{"start":{"line":18,"column":4},"end":{"line":18,"column":62}},"6":{"start":{"line":19,"column":4},"end":{"line":19,"column":24}},"7":{"start":{"line":20,"column":4},"end":{"line":20,"column":53}},"8":{"start":{"line":21,"column":4},"end":{"line":21,"column":37}},"9":{"start":{"line":22,"column":4},"end":{"line":24,"column":7}},"10":{"start":{"line":23,"column":8},"end":{"line":23,"column":58}},"11":{"start":{"line":25,"column":4},"end":{"line":27,"column":7}},"12":{"start":{"line":26,"column":8},"end":{"line":26,"column":19}}},"branchMap":{}},"/Users/okuni/WebstormProjects/fur/lib/util/print.js":{"path":"/Users/okuni/WebstormProjects/fur/lib/util/print.js","s":{"1":1,"2":1,"3":24,"4":38,"5":1,"6":37,"7":1,"8":36,"9":1,"10":20,"11":20,"12":1,"13":1,"14":9,"15":9,"16":9,"17":10,"18":9,"19":1,"20":4,"21":4,"22":1,"23":5,"24":5,"25":1,"26":2,"27":2,"28":2,"29":2,"30":1,"31":2,"32":2,"33":2,"34":2,"35":1,"36":2,"37":2},"b":{"1":[1,37],"2":[1,36],"3":[20,8],"4":[9,8]},"f":{"1":24,"2":38,"3":20,"4":9,"5":4,"6":5,"7":2,"8":2,"9":2},"fnMap":{"1":{"name":"join","line":11,"loc":{"start":{"line":11,"column":0},"end":{"line":11,"column":24}}},"2":{"name":"(anonymous_2)","line":13,"loc":{"start":{"line":13,"column":13},"end":{"line":13,"column":29}}},"3":{"name":"(anonymous_3)","line":25,"loc":{"start":{"line":25,"column":27},"end":{"line":25,"column":39}}},"4":{"name":"(anonymous_4)","line":31,"loc":{"start":{"line":31,"column":15},"end":{"line":31,"column":27}}},"5":{"name":"(anonymous_5)","line":40,"loc":{"start":{"line":40,"column":16},"end":{"line":40,"column":31}}},"6":{"name":"(anonymous_6)","line":46,"loc":{"start":{"line":46,"column":15},"end":{"line":46,"column":30}}},"7":{"name":"(anonymous_7)","line":51,"loc":{"start":{"line":51,"column":13},"end":{"line":51,"column":28}}},"8":{"name":"(anonymous_8)","line":58,"loc":{"start":{"line":58,"column":20},"end":{"line":58,"column":35}}},"9":{"name":"(anonymous_9)","line":66,"loc":{"start":{"line":66,"column":13},"end":{"line":66,"column":28}}}},"statementMap":{"1":{"start":{"line":9,"column":0},"end":{"line":9,"column":33}},"2":{"start":{"line":11,"column":0},"end":{"line":23,"column":1}},"3":{"start":{"line":12,"column":4},"end":{"line":22,"column":19}},"4":{"start":{"line":14,"column":12},"end":{"line":16,"column":13}},"5":{"start":{"line":15,"column":16},"end":{"line":15,"column":34}},"6":{"start":{"line":17,"column":12},"end":{"line":19,"column":13}},"7":{"start":{"line":18,"column":16},"end":{"line":18,"column":53}},"8":{"start":{"line":20,"column":12},"end":{"line":20,"column":24}},"9":{"start":{"line":25,"column":0},"end":{"line":28,"column":2}},"10":{"start":{"line":26,"column":4},"end":{"line":26,"column":61}},"11":{"start":{"line":27,"column":4},"end":{"line":27,"column":54}},"12":{"start":{"line":30,"column":0},"end":{"line":30,"column":22}},"13":{"start":{"line":31,"column":0},"end":{"line":38,"column":2}},"14":{"start":{"line":32,"column":4},"end":{"line":32,"column":30}},"15":{"start":{"line":33,"column":4},"end":{"line":33,"column":68}},"16":{"start":{"line":34,"column":4},"end":{"line":36,"column":5}},"17":{"start":{"line":35,"column":8},"end":{"line":35,"column":25}},"18":{"start":{"line":37,"column":4},"end":{"line":37,"column":21}},"19":{"start":{"line":40,"column":0},"end":{"line":43,"column":2}},"20":{"start":{"line":41,"column":4},"end":{"line":41,"column":39}},"21":{"start":{"line":42,"column":4},"end":{"line":42,"column":17}},"22":{"start":{"line":46,"column":0},"end":{"line":49,"column":2}},"23":{"start":{"line":47,"column":4},"end":{"line":47,"column":41}},"24":{"start":{"line":48,"column":4},"end":{"line":48,"column":17}},"25":{"start":{"line":51,"column":0},"end":{"line":56,"column":2}},"26":{"start":{"line":52,"column":4},"end":{"line":52,"column":42}},"27":{"start":{"line":53,"column":4},"end":{"line":53,"column":29}},"28":{"start":{"line":54,"column":4},"end":{"line":54,"column":17}},"29":{"start":{"line":55,"column":4},"end":{"line":55,"column":27}},"30":{"start":{"line":58,"column":0},"end":{"line":63,"column":2}},"31":{"start":{"line":59,"column":4},"end":{"line":59,"column":37}},"32":{"start":{"line":60,"column":4},"end":{"line":60,"column":29}},"33":{"start":{"line":61,"column":4},"end":{"line":61,"column":17}},"34":{"start":{"line":62,"column":4},"end":{"line":62,"column":27}},"35":{"start":{"line":66,"column":0},"end":{"line":69,"column":2}},"36":{"start":{"line":67,"column":4},"end":{"line":67,"column":44}},"37":{"start":{"line":68,"column":4},"end":{"line":68,"column":17}}},"branchMap":{"1":{"line":14,"type":"if","locations":[{"start":{"line":14,"column":12},"end":{"line":14,"column":12}},{"start":{"line":14,"column":12},"end":{"line":14,"column":12}}]},"2":{"line":17,"type":"if","locations":[{"start":{"line":17,"column":12},"end":{"line":17,"column":12}},{"start":{"line":17,"column":12},"end":{"line":17,"column":12}}]},"3":{"line":27,"type":"binary-expr","locations":[{"start":{"line":27,"column":4},"end":{"line":27,"column":11}},{"start":{"line":27,"column":15},"end":{"line":27,"column":53}}]},"4":{"line":33,"type":"binary-expr","locations":[{"start":{"line":33,"column":17},"end":{"line":33,"column":62}},{"start":{"line":33,"column":66},"end":{"line":33,"column":67}}]}}},"/Users/okuni/WebstormProjects/fur/lib/commands/favicon.js":{"path":"/Users/okuni/WebstormProjects/fur/lib/commands/favicon.js","s":{"1":1,"2":1,"3":1,"4":1,"5":1,"6":1,"7":1},"b":{"1":[1,0],"2":[1,1]},"f":{"1":1,"2":1},"fnMap":{"1":{"name":"favicon","line":34,"loc":{"start":{"line":34,"column":27},"end":{"line":34,"column":73}}},"2":{"name":"(anonymous_2)","line":35,"loc":{"start":{"line":35,"column":39},"end":{"line":35,"column":54}}}},"statementMap":{"1":{"start":{"line":31,"column":0},"end":{"line":32,"column":37}},"2":{"start":{"line":34,"column":0},"end":{"line":41,"column":2}},"3":{"start":{"line":35,"column":4},"end":{"line":40,"column":7}},"4":{"start":{"line":36,"column":8},"end":{"line":38,"column":9}},"5":{"start":{"line":37,"column":12},"end":{"line":37,"column":52}},"6":{"start":{"line":39,"column":8},"end":{"line":39,"column":34}},"7":{"start":{"line":43,"column":0},"end":{"line":43,"column":40}}},"branchMap":{"1":{"line":36,"type":"if","locations":[{"start":{"line":36,"column":8},"end":{"line":36,"column":8}},{"start":{"line":36,"column":8},"end":{"line":36,"column":8}}]},"2":{"line":39,"type":"binary-expr","locations":[{"start":{"line":39,"column":8},"end":{"line":39,"column":16}},{"start":{"line":39,"column":20},"end":{"line":39,"column":33}}]}}},"/Users/okuni/WebstormProjects/fur/lib/commands/ico.js":{"path":"/Users/okuni/WebstormProjects/fur/lib/commands/ico.js","s":{"1":1,"2":1,"3":1,"4":1,"5":1,"6":1},"b":{"1":[1,0],"2":[1,1]},"f":{"1":1,"2":1},"fnMap":{"1":{"name":"ico","line":18,"loc":{"start":{"line":18,"column":17},"end":{"line":18,"column":60}}},"2":{"name":"(anonymous_2)","line":19,"loc":{"start":{"line":19,"column":39},"end":{"line":19,"column":54}}}},"statementMap":{"1":{"start":{"line":15,"column":0},"end":{"line":16,"column":37}},"2":{"start":{"line":18,"column":0},"end":{"line":25,"column":2}},"3":{"start":{"line":19,"column":4},"end":{"line":24,"column":7}},"4":{"start":{"line":20,"column":8},"end":{"line":22,"column":9}},"5":{"start":{"line":21,"column":12},"end":{"line":21,"column":48}},"6":{"start":{"line":23,"column":8},"end":{"line":23,"column":34}}},"branchMap":{"1":{"line":20,"type":"if","locations":[{"start":{"line":20,"column":8},"end":{"line":20,"column":8}},{"start":{"line":20,"column":8},"end":{"line":20,"column":8}}]},"2":{"line":23,"type":"binary-expr","locations":[{"start":{"line":23,"column":8},"end":{"line":23,"column":16}},{"start":{"line":23,"column":20},"end":{"line":23,"column":33}}]}}},"/Users/okuni/WebstormProjects/fur/lib/convert_png_to_ico.js":{"path":"/Users/okuni/WebstormProjects/fur/lib/convert_png_to_ico.js","s":{"1":1,"2":1,"3":2,"4":2},"b":{"1":[2,2,2]},"f":{"1":2,"2":2},"fnMap":{"1":{"name":"convertPngToIco","line":15,"loc":{"start":{"line":15,"column":17},"end":{"line":15,"column":72}}},"2":{"name":"(anonymous_2)","line":25,"loc":{"start":{"line":25,"column":7},"end":{"line":25,"column":38}}}},"statementMap":{"1":{"start":{"line":13,"column":0},"end":{"line":13,"column":41}},"2":{"start":{"line":15,"column":0},"end":{"line":28,"column":2}},"3":
[...]
lumn":0},"end":{"line":16,"column":51}},"13":{"start":{"line":19,"column":0},"end":{"line":19,"column":19}},"14":{"start":{"line":20,"column":0},"end":{"line":20,"column":48}},"15":{"start":{"line":21,"column":0},"end":{"line":26,"column":3}},"16":{"start":{"line":22,"column":2},"end":{"line":23,"column":60}},"17":{"start":{"line":24,"column":2},"end":{"line":24,"column":59}},"18":{"start":{"line":25,"column":2},"end":{"line":25,"column":48}},"19":{"start":{"line":28,"column":0},"end":{"line":28,"column":68}},"20":{"start":{"line":30,"column":0},"end":{"line":33,"column":1}},"21":{"start":{"line":31,"column":2},"end":{"line":31,"column":24}},"22":{"start":{"line":32,"column":2},"end":{"line":32,"column":34}},"23":{"start":{"line":35,"column":0},"end":{"line":48,"column":1}},"24":{"start":{"line":36,"column":2},"end":{"line":36,"column":55}},"25":{"start":{"line":37,"column":2},"end":{"line":40,"column":3}},"26":{"start":{"line":38,"column":4},"end":{"line":38,"column":55}},"27":{"start":{"line":39,"column":4},"end":{"line":39,"column":55}},"28":{"start":{"line":41,"column":2},"end":{"line":44,"column":4}},"29":{"start":{"line":45,"column":2},"end":{"line":45,"column":30}},"30":{"start":{"line":47,"column":2},"end":{"line":47,"column":58}},"31":{"start":{"line":47,"column":38},"end":{"line":47,"column":54}},"32":{"start":{"line":50,"column":0},"end":{"line":50,"column":27}}},"branchMap":{"1":{"line":36,"type":"binary-expr","locations":[{"start":{"line":36,"column":27},"end":{"line":36,"column":40}},{"start":{"line":36,"column":44},"end":{"line":36,"column":53}}]},"2":{"line":37,"type":"if","locations":[{"start":{"line":37,"column":2},"end":{"line":37,"column":2}},{"start":{"line":37,"column":2},"end":{"line":37,"column":2}}]}}},"/Users/okuni/WebstormProjects/fur/lib/badges/default_badge.js":{"path":"/Users/okuni/WebstormProjects/fur/lib/badges/default_badge.js","s":{"1":1,"2":1},"b":{},"f":{},"fnMap":{},"statementMap":{"1":{"start":{"line":13,"column":0},"end":{"line":13,"column":46}},"2":{"start":{"line":15,"column":0},"end":{"line":19,"column":3}}},"branchMap":{}},"/Users/okuni/WebstormProjects/fur/lib/badges/flat_badge.js":{"path":"/Users/okuni/WebstormProjects/fur/lib/badges/flat_badge.js","s":{"1":1,"2":1},"b":{},"f":{},"fnMap":{},"statementMap":{"1":{"start":{"line":13,"column":0},"end":{"line":13,"column":46}},"2":{"start":{"line":15,"column":0},"end":{"line":19,"column":3}}},"branchMap":{}},"/Users/okuni/WebstormProjects/fur/support/shields/svg-to-img.js":{"path":"/Users/okuni/WebstormProjects/fur/support/shields/svg-to-img.js","s":{"1":1,"2":1,"3":1,"4":1,"5":1,"6":1,"7":1,"8":1,"9":1,"10":1,"11":1,"12":1,"13":1,"14":0,"15":0,"16":0,"17":1,"18":1,"19":1,"20":0,"21":1,"22":0,"23":1,"24":0,"25":0,"26":0,"27":0,"28":1,"29":1,"30":1,"31":1,"32":1,"33":1,"34":1,"35":1,"36":1,"37":1,"38":1,"39":1,"40":1,"41":1,"42":1,"43":0,"44":0,"45":0,"46":0,"47":0,"48":0,"49":0,"50":1,"51":1,"52":1,"53":1,"54":0,"55":0,"56":0,"57":1,"58":1,"59":0,"60":0,"61":0,"62":0,"63":0,"64":0},"b":{"1":[0,1],"2":[0,1],"3":[0,1],"4":[0,1],"5":[0,0],"6":[0,1],"7":[0,0],"8":[0,0]},"f":{"1":1,"2":1,"3":1,"4":1,"5":1,"6":0,"7":0},"fnMap":{"1":{"name":"(anonymous_1)","line":14,"loc":{"start":{"line":14,"column":17},"end":{"line":14,"column":49}}},"2":{"name":"(anonymous_2)","line":26,"loc":{"start":{"line":26,"column":2},"end":{"line":26,"column":32}}},"3":{"name":"(anonymous_3)","line":32,"loc":{"start":{"line":32,"column":24},"end":{"line":32,"column":40}}},"4":{"name":"(anonymous_4)","line":37,"loc":{"start":{"line":37,"column":23},"end":{"line":37,"column":34}}},"5":{"name":"addToCache","line":45,"loc":{"start":{"line":45,"column":0},"end":{"line":45,"column":40}}},"6":{"name":"DataStream","line":69,"loc":{"start":{"line":69,"column":0},"end":{"line":69,"column":26}}},"7":{"name":"(anonymous_7)","line":75,"loc":{"start":{"line":75,"column":29},"end":{"line":75,"column":40}}}},"statementMap":{"1":{"start":{"line":1,"column":0},"end":{"line":1,"column":23}},"2":{"start":{"line":2,"column":0},"end":{"line":2,"column":23}},"3":{"start":{"line":3,"column":0},"end":{"line":3,"column":27}},"4":{"start":{"line":4,"column":0},"end":{"line":4,"column":35}},"5":{"start":{"line":5,"column":0},"end":{"line":5,"column":44}},"6":{"start":{"line":6,"column":0},"end":{"line":6,"column":65}},"7":{"start":{"line":8,"column":0},"end":{"line":8,"column":35}},"8":{"start":{"line":9,"column":0},"end":{"line":9,"column":39}},"9":{"start":{"line":10,"column":0},"end":{"line":10,"column":21}},"10":{"start":{"line":12,"column":0},"end":{"line":12,"column":27}},"11":{"start":{"line":14,"column":0},"end":{"line":43,"column":2}},"12":{"start":{"line":15,"column":2},"end":{"line":15,"column":32}},"13":{"start":{"line":16,"column":2},"end":{"line":21,"column":3}},"14":{"start":{"line":18,"column":4},"end":{"line":18,"column":53}},"15":{"start":{"line":19,"column":4},"end":{"line":19,"column":45}},"16":{"start":{"line":20,"column":4},"end":{"line":20,"column":11}},"17":{"start":{"line":22,"column":2},"end":{"line":23,"column":64}},"18":{"start":{"line":25,"column":2},"end":{"line":42,"column":5}},"19":{"start":{"line":27,"column":4},"end":{"line":27,"column":40}},"20":{"start":{"line":27,"column":18},"end":{"line":27,"column":38}},"21":{"start":{"line":28,"column":4},"end":{"line":28,"column":42}},"22":{"start":{"line":28,"column":18},"end":{"line":28,"column":40}},"23":{"start":{"line":29,"column":4},"end":{"line":29,"column":79}},"24":{"start":{"line":29,"column":23},"end":{"line":29,"column":48}},"25":{"start":{"line":29,"column":49},"end":{"line":29,"column":69}},"26":{"start":{"line":29,"column":59},"end":{"line":29,"column":67}},"27":{"start":{"line":29,"column":70},"end":{"line":29,"column":77}},"28":{"start":{"line":30,"column":4},"end":{"line":30,"column":48}},"29":{"start":{"line":31,"column":4},"end":{"line":31,"column":20}},"30":{"start":{"line":32,"column":4},"end":{"line":35,"column":7}},"31":{"start":{"line":33,"column":6},"end":{"line":33,"column":25}},"32":{"start":{"line":34,"column":6},"end":{"line":34,"column":23}},"33":{"start":{"line":37,"column":4},"end":{"line":41,"column":7}},"34":{"start":{"line":38,"column":6},"end":{"line":38,"column":36}},"35":{"start":{"line":38,"column":12},"end":{"line":38,"column":22}},"36":{"start":{"line":39,"column":6},"end":{"line":39,"column":37}},"37":{"start":{"line":40,"column":6},"end":{"line":40,"column":29}},"38":{"start":{"line":45,"column":0},"end":{"line":64,"column":1}},"39":{"start":{"line":46,"column":2},"end":{"line":46,"column":32}},"40":{"start":{"line":47,"column":2},"end":{"line":47,"column":34}},"41":{"start":{"line":48,"column":2},"end":{"line":48,"column":41}},"42":{"start":{"line":49,"column":2},"end":{"line":63,"column":3}},"43":{"start":{"line":51,"column":4},"end":{"line":51,"column":39}},"44":{"start":{"line":52,"column":4},"end":{"line":57,"column":5}},"45":{"start":{"line":53,"column":6},"end":{"line":56,"column":7}},"46":{"start":{"line":54,"column":8},"end":{"line":54,"column":54}},"47":{"start":{"line":55,"column":8},"end":{"line":55,"column":46}},"48":{"start":{"line":59,"column":4},"end":{"line":59,"column":39}},"49":{"start":{"line":60,"column":4},"end":{"line":60,"column":43}},"50":{"start":{"line":62,"column":4},"end":{"line":62,"column":19}},"51":{"start":{"line":67,"column":0},"end":{"line":67,"column":42}},"52":{"start":{"line":68,"column":0},"end":{"line":68,"column":27}},"53":{"start":{"line":69,"column":0},"end":{"line":73,"column":1}},"54":{"start":{"line":70,"column":2},"end":{"line":70,"column":22}},"55":{"start":{"line":71,"column":2},"end":{"line":71,"column":19}},"56":{"start":{"line":72,"column":2},"end":{"line":72,"column":13}},"57":{"start":{"line":74,"column":0},"end":{"line":74,"column":36}},"58":{"start":{"line":75,"column":0},"end":{"line":82,"column":2}},"59":{"start":{"line":76,"column":2},"end":{"line":80,"column":3}},"60":{"start":{"line":77,"column":4},"end":{"line":77,"column":44}},"61":{"start":{"line":78,"column":4},"end":{"line":78,"column":13}},"62":{"start":{"line":79,"column":4},"end":{"line":79,"column":25}},"63":{"start":{"line":79,"column":16},"end":{"line":79,"column":23}},"64":{"start":{"line":81,"column":2},"end":{"line":81,"column":18}}},"branchMap":{"1":{"line":16,"type":"if","locations":[{"start":{"line":16,"column":2},"end":{"line":16,"column":2}},{"start":{"line":16,"column":2},"end":{"line":16,"column":2}}]},"2":{"line":27,"type":"if","locations":[{"start":{"line":27,"column":4},"end":{"line":27,"column":4}},{"start":{"line":27,"column":4},"end":{"line":27,"column":4}}]},"3":{"line":28,"type":"if","locations":[{"start":{"line":28,"column":4},"end":{"line":28,"column":4}},{"start":{"line":28,"column":4},"end":{"line":28,"column":4}}]},"4":{"line":29,"type":"if","locations":[{"start":{"line":29,"column":4},"end":{"line":29,"column":4}},{"start":{"line":29,"column":4},"end":{"line":29,"column":4}}]},"5":{"line":29,"type":"if","locations":[{"start":{"line":29,"column":49},"end":{"line":29,"column":49}},{"start":{"line":29,"column":49},"end":{"line":29,"column":49}}]},"6":{"line":49,"type":"if","locations":[{"start":{"line":49,"column":2},"end":{"line":49,"column":2}},{"start":{"line":49,"column":2},"end":{"line":49,"column":2}}]},"7":{"line":53,"type":"if","locations":[{"start":{"line":53,"column":6},"end":{"line":53,"column":6}},{"start":{"line":53,"column":6},"end":{"line":53,"column":6}}]},"8":{"line":79,"type":"if","locations":[{"start":{"line":79,"column":4},"end":{"line":79,"column":4}},{"start":{"line":79,"column":4},"end":{"line":79,"column":4}}]}}},"/Users/okuni/WebstormProjects/fur/lib/util/alphabetical_index.js":{"path":"/Users/okuni/WebstormProjects/fur/lib/util/alphabetical_index.js","s":{"1":1,"2":11,"3":11,"4":4,"5":11,"6":11},"b":{"1":[4,7]},"f":{"1":11},"fnMap":{"1":{"name":"alphabeticalIndex","line":12,"loc":{"start":{"line":12,"column":17},"end":{"line":12,"column":47}}}},"statementMap":{"1":{"start":{"line":12,"column":0},"end":{"line":19,"column":2}},"2":{"start":{"line":13,"column":4},"end":{"line":13,"column":20}},"3":{"start":{"line":14,"column":4},"end":{"line":16,"column":5}},"4":{"start":{"line":15,"column":8},"end":{"line":15,"column":57}},"5":{"start":{"line":17,"column":4},"end":{"line":17,"column":47}},"6":{"start":{"line":18,"column":4},"end":{"line":18,"column":18}}},"branchMap":{"1":{"line":14,"type":"if","locations":[{"start":{"line":14,"column":4},"end":{"line":14,"column":4}},{"start":{"line":14,"column":4},"end":{"line":14,"column":4}}]}}},"/Users/okuni/WebstormProjects/fur/lib/util/copy_file.js":{"path":"/Users/okuni/WebstormProjects/fur/lib/util/copy_file.js","s":{"1":1,"2":1,"3":2,"4":2,"5":1,"6":1,"7":1,"8":1,"9":1,"10":1,"11":1,"12":1,"13":1,"14":1,"15":2,"16":2,"17":2},"b":{"1":[1,1],"2":[2,1]},"f":{"1":2,"2":2,"3":1,"4":2,"5":2},"fnMap":{"1":{"name":"copyFile","line":13,"loc":{"start":{"line":13,"column":27},"end":{"line":13,"column":66}}},"2":{"name":"(anonymous_2)","line":14,"loc":{"start":{"line":14,"column":19},"end":{"line":14,"column":37}}},"3":{"name":"(anonymous_3)","line":25,"loc":{"start":{"line":25,"column":32},"end":{"line":25,"column":44}}},"4":{"name":"(anonymous_4)","line":32,"loc":{"start":{"line":32,"column":24},"end":{"line":32,"column":44}}},"5":{"name":"(anonymous_5)","line":33,"loc":{"start":{"line":33,"column":11},"end":{"line":33,"column":26}}}},"statementMap":{"1":{"start":{"line":12,"column":0},"end":{"line":12,"column":23}},"2":{"start":{"line":13,"column":0},"end":{"line":30,"column":2}},"3":{"start":{"line":14,"column":4},"end":{"line":29,"column":7}},"4":{"start":{"line":15,"column":8},"end":{"line":18,"column":9}},"5":{"start":{"line":16,"column":12},"end":{"line":16,"column":59}},"6":{"start":{"line":17,"column":12},"end":{"line":17,"column":19}},"7":{"start":{"line":19,"column":8},"end":{"line":20,"column":53}},"8":{"start":{"line":22,"column":8},"end":{"line":22,"column":59}},"9":{"start":{"line":23,"column":8},"end":{"line":23,"column":45}},"10":{"start":{"line":24,"column":8},"end":{"line":24,"column":46}},"11":{"start":{"line":25,"column":8},"end":{"line":27,"column":11}},"12":{"start":{"line":26,"column":12},"end":{"line":26,"column":27}},"13":{"start":{"line":28,"column":8},"end":{"line":28,"column":37}},"14":{"start":{"line":32,"column":0},"end":{"line":37,"column":2}},"15":{"start":{"line":33,"column":4},"end":{"line":36,"column":6}},"16":{"start":{"line":34,"column":8},"end":{"line":34,"column":34}},"17":{"start":{"line":35,"column":8},"end":{"line":35,"column":24}}},"branchMap":{"1":{"line":15,"type":"if","locations":[{"start":{"line":15,"column":8},"end":{"line":15,"column":8}},{"start":{"line":15,"column":8},"end":{"line":15,"column":8}}]},"2":{"line":34,"type":"binary-expr","locations":[{"start":{"line":34,"column":8},"end":{"line":34,"column":16}},{"start":{"line":34,"column":20},"end":{"line":34,"column":33}}]}}},"/Users/okuni/WebstormProjects/fur/lib/util/render_dot_tmpl.js":{"path":"/Users/okuni/WebstormProjects/fur/lib/util/render_dot_tmpl.js","s":{"1":1,"2":1,"3":1,"4":1,"5":1,"6":1,"7":1,"8":1,"9":1,"10":1,"11":0,"12":1,"13":1,"14":1,"15":0,"16":1,"17":1,"18":2,"19":2,"20":2,"21":2,"22":0,"23":1,"24":2,"25":2,"26":2,"27":2,"28":0,"29":1},"b":{"1":[0,1],"2":[1,0],"3":[0,1],"4":[2,0]},"f":{"1":1,"2":1,"3":1,"4":1,"5":1,"6":1,"7":1,"8":2,"9":2,"10":2,"11":2},"fnMap":{"1":{"name":"(anonymous_1)","line":18,"loc":{"start":{"line":18,"column":27},"end":{"line":18,"column":65}}},"2":{"name":"(anonymous_2)","line":20,"loc":{"start":{"line":20,"column":8},"end":{"line":20,"column":28}}},"3":{"name":"(anonymous_3)","line":23,"loc":{"start":{"line":23,"column":8},"end":{"line":23,"column":34}}},"4":{"name":"(anonymous_4)","line":30,"loc":{"start":{"line":30,"column":17},"end":{"line":30,"column":52}}},"5":{"name":"(anonymous_5)","line":32,"loc":{"start":{"line":32,"column":8},"end":{"line":32,"column":28}}},"6":{"name":"(anonymous_6)","line":33,"loc":{"start":{"line":33,"column":28},"end":{"line":33,"column":46}}},"7":{"name":"(anonymous_7)","line":41,"loc":{"start":{"line":41,"column":8},"end":{"line":41,"column":33}}},"8":{"name":"(anonymous_8)","line":52,"loc":{"start":{"line":52,"column":20},"end":{"line":52,"column":46}}},"9":{"name":"(anonymous_9)","line":55,"loc":{"start":{"line":55,"column":12},"end":{"line":55,"column":32}}},"10":{"name":"(anonymous_10)","line":58,"loc":{"start":{"line":58,"column":12},"end":{"line":58,"column":40}}},"11":{"name":"(anonymous_11)","line":67,"loc":{"start":{"line":67,"column":19},"end":{"line":67,"column":44}}}},"statementMap":{"1":{"start":{"line":14,"column":0},"end":{"line":16,"column":29}},"2":{"start":{"line":18,"column":0},"end":{"line":28,"column":2}},"3":{"start":{"line":19,"column":4},"end":{"line":27,"column":17}},"4":{"start":{"line":21,"column":12},"end":{"line":21,"column":46}},"5":{"start":{"line":24,"column":12},"end":{"line":24,"column":38}},"6":{"start":{"line":25,"column":12},"end":{"line":25,"column":53}},"7":{"start":{"line":30,"column":0},"end":{"line":50,"column":2}},"8":{"start":{"line":31,"column":4},"end":{"line":49,"column":17}},"9":{"start":{"line":33,"column":12},"end":{"line":39,"column":15}},"10":{"start":{"line":34,"column":16},"end":{"line":38,"column":17}},"11":{"start":{"line":35,"column":20},"end":{"line":35,"column":48}},"12":{"start":{"line":37,"column":20},"end":{"line":37,"column":41}},"13":{"start":{"line":42,"column":12},"end":{"line":42,"column":70}},"14":{"start":{"line":43,"column":12},"end":{"line":47,"column":13}},"15":{"start":{"line":44,"column":16},"end":{"line":44,"column":37}},"16":{"start":{"line":46,"column":16},"end":{"line":46,"column":54}},"17":{"start":{"line":52,"column":0},"end":{"line":65,"column":2}},"18":{"start":{"line":53,"column":4},"end":{"line":64,"column":5}},"19":{"start":{"line":54,"column":8},"end":{"line":61,"column":21}},"20":{"start":{"line":56,"column":16},"end":{"line":57,"column":12}},"21":{"start":{"line":59,"column":16},"end":{"line":59,"column":51}},"22":{"start":{"line":63,"column":8},"end":{"line":63,"column":29}},"23":{"start":{"line":67,"column":0},"end":{"line":75,"column":2}},"24":{"start":{"line":68,"column":4},"end":{"line":68,"column":45}},"25":{"start":{"line":69,"column":4},"end":{"line":74,"column":5}},"26":{"start":{"line":70,"column":8},"end":{"line":70,"column":62}},"27":{"start":{"line":71,"column":8},"end":{"line":71,"column":33}},"28":{"start":{"line":73,"column":8},"end":{"line":73,"column":20}},"29":{"start":{"line":78,"column":0},"end":{"line":92,"column":2}}},"branchMap":{"1":{"line":34,"type":"if","locations":[{"start":{"line":34,"column":16},"end":{"line":34,"column":16}},{"start":{"line":34,"column":16},"end":{"line":34,"column":16}}]},"2":{"line":42,"type":"binary-expr","locations":[{"start":{"line":42,"column":24},"end":{"line":42,"column":27}},{"start":{"line":42,"column":31},"end":{"line":42,"column":45}}]},"3":{"line":43,"type":"if","locations":[{"start":{"line":43,"column":12},"end":{"line":43,"column":12}},{"start":{"line":43,"column":12},"end":{"line":43,"column":12}}]},"4":{"line":53,"type":"if","locations":[{"start":{"line":53,"column":4},"end":{"line":53,"column":4}},{"start":{"line":53,"column":4},"end":{"line":53,"column":4}}]}}},"/Users/okuni/WebstormProjects/fur/lib/util/write_readonly_file.js":{"path":"/Users/okuni/WebstormProjects/fur/lib/util/write_readonly_file.js","s":{"1":1,"2":1,"3":2,"4":2,"5":2,"6":2,"7":0,"8":2,"9":2},"b":{"1":[2,0]},"f":{"1":2,"2":2,"3":2,"4":2,"5":2},"fnMap":{"1":{"name":"(anonymous_1)","line":14,"loc":{"start":{"line":14,"column":17},"end":{"line":14,"column":56}}},"2":{"name":"(anonymous_2)","line":16,"loc":{"start":{"line":16,"column":8},"end":{"line":16,"column":28}}},"3":{"name":"(anonymous_3)","line":17,"loc":{"start":{"line":17,"column":32},"end":{"line":17,"column":50}}},"4":{"name":"(anonymous_4)","line":25,"loc":{"start":{"line":25,"column":8},"end":{"line":25,"column":28}}},"5":{"name":"(anonymous_5)","line":28,"loc":{"start":{"line":28,"column":8},"end":{"line":28,"column":28}}}},"statementMap":{"1":{"start":{"line":11,"column":0},"end":{"line":12,"column":29}},"2":{"start":{"line":14,"column":0},"end":{"line":32,"column":2}},"3":{"start":{"line":15,"column":4},"end":{"line":31,"column":17}},"4":{"start":{"line":17,"column":12},"end":{"line":24,"column":8}},"5":{"start":{"line":18,"column":16},"end":{"line":22,"column":17}},"6":{"start":{"line":19,"column":20},"end":{"line":19,"column":56}},"7":{"start":{"line":21,"column":20},"end":{"line":21,"column":35}},"8":{"start":{"line":26,"column":12},"end":{"line":26,"column":54}},"9":{"start":{"line":29,"column":12},"end":{"line":29,"column":48}}},"branchMap":{"1":{"line":18,"type":"if","locations":[{"start":{"line":18,"column":16},"end":{"line":18,"column":16}},{"start":{"line":18,"column":16},"end":{"line":18,"column":16}}]}}},"/Users/okuni/WebstormProjects/fur/lib/util/write_svg_file.js":{"path":"/Users/okuni/WebstormProjects/fur/lib/util/write_svg_file.js","s":{"1":1,"2":1,"3":1,"4":1,"5":0,"6":0,"7":1},"b":{"1":[0,1]},"f":{"1":1,"2":1},"fnMap":{"1":{"name":"(anonymous_1)","line":16,"loc":{"start":{"line":16,"column":17},"end":{"line":16,"column":53}}},"2":{"name":"(anonymous_2)","line":17,"loc":{"start":{"line":17,"column":35},"end":{"line":17,"column":50}}}},"statementMap":{"1":{"start":{"line":12,"column":0},"end":{"line":14,"column":31}},"2":{"start":{"line":16,"column":0},"end":{"line":24,"column":2}},"3":{"start":{"line":17,"column":4},"end":{"line":23,"column":7}},"4":{"start":{"line":18,"column":8},"end":{"line":21,"column":9}},"5":{"start":{"line":19,"column":12},"end":{"line":19,"column":26}},"6":{"start":{"line":20,"column":12},"end":{"line":20,"column":19}},"7":{"start":{"line":22,"column":8},"end":{"line":22,"column":47}}},"branchMap":{"1":{"line":18,"type":"if","locations":[{"start":{"line":18,"column":8},"end":{"line":18,"column":8}},{"start":{"line":18,"column":8},"end":{"line":18,"column":8}}]}}}}