TN:
SF:/Users/okuni/WebstormProjects/fur/Gruntfile.js
FN:14,(anonymous_1)
FN:21,ciTask
FN:22,(anonymous_3)
FN:25,(anonymous_4)
FNF:4
FNH:2
FNDA:1,(anonymous_1)
FNDA:13,ciTask
FNDA:0,(anonymous_3)
FNDA:0,(anonymous_4)
DA:10,1
DA:14,1
DA:21,1
DA:22,13
DA:23,0
DA:25,0
DA:26,0
DA:27,0
DA:29,0
DA:30,0
DA:36,1
DA:57,1
DA:58,1
DA:59,1
DA:60,1
DA:61,1
DA:63,1
DA:64,1
DA:65,1
DA:66,1
DA:67,1
DA:68,1
DA:69,1
DA:70,1
DA:71,1
DA:72,1
DA:73,1
DA:74,1
DA:75,1
DA:78,1
DA:88,1
DA:92,1
DA:96,1
DA:105,1
DA:111,1
DA:117,1
DA:122,1
LF:37
LH:31
BRDA:26,1,0,0
BRDA:26,1,1,0
BRF:2
BRH:0
end_of_record
TN:
SF:/Users/okuni/WebstormProjects/fur/ci/config/badge-task-config.js
FN:16,(anonymous_1)
FN:17,(anonymous_2)
FN:24,(anonymous_3)
FN:28,(anonymous_4)
FNF:4
FNH:4
FNDA:2,(anonymous_1)
FNDA:4,(anonymous_2)
FNDA:2,(anonymous_3)
FNDA:4,(anonymous_4)
DA:10,1
DA:15,1
DA:17,2
DA:18,4
DA:25,2
DA:28,1
DA:29,4
DA:31,4
LF:8
LH:8
BRF:0
BRH:0
end_of_record
TN:
SF:/Users/okuni/WebstormProjects/fur/ci/config/catalog-task-config.js
FNF:0
FNH:0
DA:11,1
DA:20,1
LF:2
LH:2
BRF:0
BRH:0
end_of_record
TN:
SF:/Users/okuni/WebstormProjects/fur/ci/config/chmod-task-config.js
FNF:0
FNH:0
DA:11,1
DA:16,1
DA:24,1
LF:3
LH:3
BRF:0
BRH:0
end_of_record
TN:
SF:/Users/okuni/WebstormProjects/fur/ci/config/exec-task-config.js
FNF:0
FNH:0
DA:16,1
DA:21,1
DA:26,1
DA:30,1
DA:34,1
DA:38,1
LF:6
LH:6
BRF:0
BRH:0
end_of_record
TN:
SF:/Users/okuni/WebstormProjects/fur/ci/config/favicon-task-config.js
FN:15,(anonymous_1)
FN:27,(anonymous_2)
FN:39,(anonymous_3)
FNF:3
FNH:3
FNDA:2,(anonymous_1)
FNDA:2,(anonymous_2)
FNDA:2,(anonymous_3)
DA:12,1
DA:15,1
DA:16,2
DA:27,1
DA:28,2
DA:39,1
DA:40,2
LF:7
LH:7
BRF:0
BRH:0
end_of_record
TN:
SF:/Users/okuni/WebstormProjects/fur/ci/config/font-task-config.js
FNF:0
FNH:0
DA:11,1
LF:1
LH:1
BRF:0
BRH:0
end_of_record
TN:
SF:/Users/okuni/WebstormProjects/fur/ci/config/ico-task-config.js
FNF:0
FNH:0
DA:13,1
DA:19,1
DA:25,1
LF:3
LH:3
BRF:0
BRH:0
end_of_record
TN:
SF:/Users/okuni/WebstormProjects/fur/ci/config/index-task-config.js
FNF:0
FNH:0
DA:21,1
DA:23,1
DA:29,1
DA:35,1
DA:41,1
DA:47,1
DA:53,1
DA:60,1
DA:68,1
DA:75,1
DA:83,1
DA:91,1
DA:98,1
LF:13
LH:13
BRF:0
BRH:0
end_of_record
TN:
SF:/Users/okuni/WebstormProjects/fur/ci/config/jsdoc-task-config.js
FN:13,docstrap
FN:27,(anonymous_2)
FN:43,(anonymous_3)
FN:58,(anonymous_4)
FNF:4
FNH:0
FNDA:0,docstrap
FNDA:0,(anonymous_2)
FNDA:0,(anonymous_3)
FNDA:0,(anonymous_4)
DA:13,1
DA:14,0
DA:15,0
DA:18,1
DA:28,0
DA:33,1
DA:44,0
DA:49,1
DA:59,0
LF:9
LH:4
BRF:0
BRH:0
end_of_record
TN:
SF:/Users/okuni/WebstormProjects/fur/ci/config/tag-task-config.js
FNF:0
FNH:0
DA:10,1
LF:1
LH:1
BRF:0
BRH:0
end_of_record
TN:
SF:/Users/okuni/WebstormProjects/fur/ci/config/gallery-task-config.js
FNF:0
FNH:0
DA:13,1
DA:24,1
DA:29,1
DA:39,1
LF:4
LH:4
BRF:0
BRH:0
end_of_record
TN:
SF:/Users/okuni/WebstormProjects/fur/ci/config/mkdir-task-config.js
FNF:0
FNH:0
DA:10,1
LF:1
LH:1
BRF:0
BRH:0
end_of_record
TN:
SF:/Users/okuni/WebstormProjects/fur/ci/config/nodeunit-task-config.js
FNF:0
FNH:0
DA:10,1
LF:1
LH:1
BRF:0
BRH:0
end_of_record
TN:
SF:/Users/okuni/WebstormProjects/fur/ci/config/readme-task-config.js
FNF:0
FNH:0
DA:10,1
LF:1
LH:1
BRF:0
BRH:0
end_of_record
TN:
SF:/Users/okuni/WebstormProjects/fur/ci/config/scaffold-task-config.js
FN:22,capitalize
FN:26,isDir
FN:32,(anonymous_3)
FN:62,(anonymous_4)
FN:72,(anonymous_5)
FN:83,(anonymous_6)
FN:94,(anonymous_7)
FN:97,(anonymous_8)
FN:107,(anonymous_9)
FN:113,(anonymous_10)
FN:116,(anonymous_11)
FN:123,(anonymous_12)
FN:145,(anonymous_13)
FNF:13
FNH:13
FNDA:27,capitalize
FNDA:18,isDir
FNDA:10,(anonymous_3)
FNDA:13,(anonymous_4)
FNDA:13,(anonymous_5)
FNDA:6,(anonymous_6)
FNDA:9,(anonymous_7)
FNDA:5,(anonymous_8)
FNDA:9,(anonymous_9)
FNDA:28,(anonymous_10)
FNDA:23,(anonymous_11)
FNDA:27,(anonymous_12)
FNDA:9,(anonymous_13)
DA:14,1
DA:19,1
DA:22,1
DA:23,27
DA:26,1
DA:27,18
DA:31,1
DA:33,10
DA:37,1
DA:46,1
DA:62,1
DA:63,13
DA:72,1
DA:73,13
DA:83,1
DA:84,6
DA:93,1
DA:95,9
DA:98,5
DA:107,1
DA:109,9
DA:110,9
DA:111,9
DA:112,5
DA:114,28
DA:117,23
DA:120,4
DA:122,9
DA:124,27
DA:126,27
DA:132,27
DA:146,9
LF:32
LH:32
BRDA:111,1,0,5
BRDA:111,1,1,4
BRF:2
BRH:2
end_of_record
TN:
SF:/Users/okuni/WebstormProjects/fur/ci/config/taskguide-task-config.js
FNF:0
FNH:0
DA:10,1
LF:1
LH:1
BRF:0
BRH:0
end_of_record
TN:
SF:/Users/okuni/WebstormProjects/fur/ci/config/testcase-task-config.js
FNF:0
FNH:0
DA:10,1
LF:1
LH:1
BRF:0
BRH:0
end_of_record
TN:
SF:/Users/okuni/WebstormProjects/fur/ci/config/versionup-task-config.js
FNF:0
FNH:0
DA:10,1
LF:1
LH:1
BRF:0
BRH:0
end_of_record
TN:
SF:/Users/okuni/WebstormProjects/fur/lib/badges/_define_badge.js
FN:14,(anonymous_1)
FNF:1
FNH:1
FNDA:3,(anonymous_1)
DA:12,1
DA:14,1
DA:15,3
DA:16,3
LF:4
LH:4
BRF:0
BRH:0
end_of_record
TN:
SF:/Users/okuni/WebstormProjects/fur/lib/util/define.js
FN:12,(anonymous_1)
FN:13,(anonymous_2)
FN:33,(anonymous_3)
FN:47,(anonymous_4)
FN:49,(anonymous_5)
FN:59,(anonymous_6)
FN:72,(anonymous_7)
FN:73,(anonymous_8)
FN:86,(anonymous_9)
FN:88,(anonymous_10)
FN:93,(anonymous_11)
FNF:11
FNH:9
FNDA:11,(anonymous_1)
FNDA:25,(anonymous_2)
FNDA:0,(anonymous_3)
FNDA:24,(anonymous_4)
FNDA:37,(anonymous_5)
FNDA:0,(anonymous_6)
FNDA:11,(anonymous_7)
FNDA:41,(anonymous_8)
FNDA:11,(anonymous_9)
FNDA:17,(anonymous_10)
FNDA:136,(anonymous_11)
DA:12,1
DA:13,11
DA:14,25
DA:15,25
DA:16,24
DA:20,11
DA:21,11
DA:22,9
DA:25,11
DA:26,11
DA:28,11
DA:29,11
DA:30,2
DA:33,11
DA:34,0
DA:37,11
DA:38,11
DA:40,11
DA:41,11
DA:43,11
DA:47,1
DA:48,24
DA:49,24
DA:50,37
DA:51,0
DA:53,37
DA:54,37
DA:56,24
DA:59,1
DA:60,0
DA:61,0
DA:72,1
DA:73,11
DA:74,41
DA:86,1
DA:87,11
DA:88,11
DA:89,17
DA:90,17
DA:91,1
DA:93,17
DA:94,136
DA:95,136
DA:96,38
DA:97,38
DA:99,98
DA:103,11
LF:47
LH:43
BRDA:15,1,0,24
BRDA:15,1,1,1
BRDA:20,2,0,11
BRDA:20,2,1,2
BRDA:21,3,0,9
BRDA:21,3,1,2
BRDA:25,4,0,11
BRDA:25,4,1,3
BRDA:25,4,2,3
BRDA:28,5,0,11
BRDA:28,5,1,9
BRDA:29,6,0,2
BRDA:29,6,1,9
BRDA:40,7,0,11
BRDA:40,7,1,11
BRDA:40,7,2,6
BRDA:49,8,0,24
BRDA:49,8,1,7
BRDA:50,9,0,0
BRDA:50,9,1,37
BRDA:87,10,0,0
BRDA:87,10,1,11
BRDA:90,11,0,1
BRDA:90,11,1,16
BRDA:93,12,0,17
BRDA:93,12,1,17
BRDA:95,13,0,38
BRDA:95,13,1,98
BRF:28
BRH:26
end_of_record
TN:
SF:/Users/okuni/WebstormProjects/fur/lib/badges/badge.js
FN:63,(anonymous_1)
FN:71,(anonymous_2)
FN:81,(anonymous_3)
FN:84,(anonymous_4)
FN:87,(anonymous_5)
FNF:5
FNH:5
FNDA:7,(anonymous_1)
FNDA:7,(anonymous_2)
FNDA:1,(anonymous_3)
FNDA:1,(anonymous_4)
FNDA:1,(anonymous_5)
DA:14,1
DA:20,1
DA:64,7
DA:66,7
DA:72,7
DA:82,1
DA:83,1
DA:85,1
DA:88,1
LF:9
LH:9
BRDA:72,1,0,7
BRDA:72,1,1,7
BRF:2
BRH:2
end_of_record
TN:
SF:/Users/okuni/WebstormProjects/fur/lib/badges/_gh_badge.js
FN:14,(anonymous_1)
FNF:1
FNH:1
FNDA:8,(anonymous_1)
DA:12,1
DA:14,1
DA:15,8
DA:17,8
DA:18,8
DA:19,8
DA:20,8
LF:7
LH:7
BRF:0
BRH:0
end_of_record
TN:
SF:/Users/okuni/WebstormProjects/fur/lib/badges/_svg2png.js
FN:14,(anonymous_1)
FN:22,(anonymous_2)
FN:25,(anonymous_3)
FNF:3
FNH:2
FNDA:1,(anonymous_1)
FNDA:0,(anonymous_2)
FNDA:1,(anonymous_3)
DA:11,1
DA:14,1
DA:15,1
DA:17,1
DA:18,1
DA:19,1
DA:20,1
DA:21,1
DA:22,1
DA:23,0
DA:25,1
DA:26,1
LF:12
LH:11
BRF:0
BRH:0
end_of_record
TN:
SF:/Users/okuni/WebstormProjects/fur/lib/images/image.js
FN:18,(anonymous_1)
FN:32,(anonymous_2)
FN:41,(anonymous_3)
FN:44,(anonymous_4)
FN:47,(anonymous_5)
FN:50,(anonymous_6)
FN:51,(anonymous_7)
FN:59,(anonymous_8)
FN:61,(anonymous_9)
FN:65,(anonymous_10)
FNF:10
FNH:10
FNDA:12,(anonymous_1)
FNDA:1,(anonymous_2)
FNDA:8,(anonymous_3)
FNDA:8,(anonymous_4)
FNDA:8,(anonymous_5)
FNDA:8,(anonymous_6)
FNDA:8,(anonymous_7)
FNDA:8,(anonymous_8)
FNDA:8,(anonymous_9)
FNDA:8,(anonymous_10)
DA:11,1
DA:17,1
DA:19,12
DA:20,12
DA:33,1
DA:42,8
DA:43,8
DA:45,8
DA:48,8
DA:51,8
DA:52,8
DA:59,1
DA:60,8
DA:62,8
DA:63,8
DA:66,8
LF:16
LH:16
BRF:0
BRH:0
end_of_record
TN:
SF:/Users/okuni/WebstormProjects/fur/support/shields/badge.js
FN:21,(anonymous_1)
FN:30,optimize
FN:35,makeImage
FN:47,(anonymous_4)
FNF:4
FNH:4
FNDA:2,(anonymous_1)
FNDA:7,optimize
FNDA:7,makeImage
FNDA:7,(anonymous_4)
DA:1,1
DA:2,1
DA:3,1
DA:4,1
DA:7,1
DA:8,1
DA:9,1
DA:10,1
DA:11,1
DA:12,1
DA:14,0
DA:16,1
DA:19,1
DA:20,1
DA:21,1
DA:22,2
DA:24,2
DA:25,2
DA:28,1
DA:30,1
DA:31,7
DA:32,7
DA:35,1
DA:36,7
DA:37,7
DA:38,0
DA:39,0
DA:41,7
DA:45,7
DA:47,7
DA:50,1
LF:31
LH:28
BRDA:36,1,0,7
BRDA:36,1,1,0
BRDA:37,2,0,0
BRDA:37,2,1,7
BRF:4
BRH:2
end_of_record
TN:
SF:/Users/okuni/WebstormProjects/fur/lib/badges/default_badge.js
FNF:0
FNH:0
DA:13,1
DA:15,1
LF:2
LH:2
BRF:0
BRH:0
end_of_record
TN:
SF:/Users/okuni/WebstormProjects/fur/lib/badges/flat_badge.js
FNF:0
FNH:0
DA:13,1
DA:15,1
LF:2
LH:2
BRF:0
BRH:0
end_of_record
TN:
SF:/Users/okuni/WebstormProjects/fur/lib/catalogs.js
FN:15,(anonymous_1)
FN:23,(anonymous_2)
FNF:2
FNH:2
FNDA:6,(anonymous_1)
FNDA:3,(anonymous_2)
DA:9,1
DA:16,6
DA:24,3
LF:3
LH:3
BRF:0
BRH:0
end_of_record
TN:
SF:/Users/okuni/WebstormProjects/fur/lib/commands/badge.js
FN:26,badge
FN:27,(anonymous_2)
FNF:2
FNH:2
FNDA:1,badge
FNDA:1,(anonymous_2)
DA:23,1
DA:26,1
DA:27,1
DA:28,1
DA:29,1
DA:31,1
LF:6
LH:6
BRDA:28,1,0,1
BRDA:28,1,1,0
BRDA:31,2,0,1
BRDA:31,2,1,1
BRF:4
BRH:3
end_of_record
TN:
SF:/Users/okuni/WebstormProjects/fur/lib/generate_badge.js
FN:27,generateBadge
FNF:1
FNH:1
FNDA:3,generateBadge
DA:23,1
DA:27,1
DA:28,3
DA:35,3
DA:38,3
DA:40,3
DA:48,3
DA:50,2
DA:51,2
DA:53,1
DA:54,1
DA:56,0
DA:57,0
LF:13
LH:11
BRDA:48,1,0,2
BRDA:48,1,1,1
BRDA:48,1,2,0
BRF:3
BRH:2
end_of_record
TN:
SF:/Users/okuni/WebstormProjects/fur/lib/util/fallback_copy.js
FN:11,fallbackCopy
FNF:1
FNH:1
FNDA:8,fallbackCopy
DA:11,1
DA:12,8
DA:13,2
DA:15,8
DA:16,29
DA:17,29
DA:18,27
DA:22,8
LF:8
LH:8
BRDA:12,1,0,2
BRDA:12,1,1,6
BRDA:16,2,0,29
BRDA:16,2,1,0
BRDA:17,3,0,27
BRDA:17,3,1,2
BRF:6
BRH:5
end_of_record
TN:
SF:/Users/okuni/WebstormProjects/fur/lib/util/print.js
FN:11,join
FN:13,(anonymous_2)
FN:25,(anonymous_3)
FN:31,(anonymous_4)
FN:40,(anonymous_5)
FN:46,(anonymous_6)
FN:51,(anonymous_7)
FN:58,(anonymous_8)
FN:66,(anonymous_9)
FNF:9
FNH:9
FNDA:24,join
FNDA:38,(anonymous_2)
FNDA:20,(anonymous_3)
FNDA:9,(anonymous_4)
FNDA:4,(anonymous_5)
FNDA:5,(anonymous_6)
FNDA:2,(anonymous_7)
FNDA:2,(anonymous_8)
FNDA:2,(anonymous_9)
DA:9,1
DA:11,1
DA:12,24
DA:14,38
DA:15,1
DA:17,37
DA:18,1
DA:20,36
DA:25,1
DA:26,20
DA:27,20
DA:30,1
DA:31,1
DA:32,9
DA:33,9
DA:34,9
DA:35,10
DA:37,9
DA:40,1
DA:41,4
DA:42,4
DA:46,1
DA:47,5
DA:48,5
DA:51,1
DA:52,2
DA:53,2
DA:54,2
DA:55,2
DA:58,1
DA:59,2
DA:60,2
DA:61,2
DA:62,2
DA:66,1
DA:67,2
DA:68,2
LF:37
LH:37
BRDA:14,1,0,1
BRDA:14,1,1,37
BRDA:17,2,0,1
BRDA:17,2,1,36
BRDA:27,3,0,20
BRDA:27,3,1,8
BRDA:33,4,0,9
BRDA:33,4,1,8
BRF:8
BRH:8
end_of_record
TN:
SF:/Users/okuni/WebstormProjects/fur/lib/commands/favicon.js
FN:34,favicon
FN:35,(anonymous_2)
FNF:2
FNH:2
FNDA:1,favicon
FNDA:1,(anonymous_2)
DA:31,1
DA:34,1
DA:35,1
DA:36,1
DA:37,1
DA:39,1
LF:6
LH:6
BRDA:36,1,0,1
BRDA:36,1,1,0
BRDA:39,2,0,1
BRDA:39,2,1,1
BRF:4
BRH:3
end_of_record
TN:
SF:/Users/okuni/WebstormProjects/fur/lib/generate_favicon.js
FN:28,generateFavicon
FN:62,(anonymous_2)
FNF:2
FNH:2
FNDA:2,generateFavicon
FNDA:5,(anonymous_2)
DA:21,1
DA:26,1
DA:28,1
DA:29,2
DA:41,2
DA:44,2
DA:45,2
DA:56,2
DA:58,2
DA:62,1
DA:63,5
DA:65,3
DA:67,1
DA:69,1
LF:14
LH:14
BRDA:51,1,0,2
BRDA:51,1,1,2
BRDA:63,2,0,3
BRDA:63,2,1,1
BRDA:63,2,2,1
BRF:5
BRH:5
end_of_record
TN:
SF:/Users/okuni/WebstormProjects/fur/lib/icons/index.js
FNF:0
FNH:0
DA:10,1
DA:11,1
DA:12,1
LF:3
LH:3
BRF:0
BRH:0
end_of_record
TN:
SF:/Users/okuni/WebstormProjects/fur/lib/icons/circle_text_icon.js
FN:26,(anonymous_1)
FNF:1
FNH:1
FNDA:1,(anonymous_1)
DA:12,1
DA:16,1
DA:27,1
DA:29,1
DA:30,1
LF:5
LH:5
BRF:0
BRH:0
end_of_record
TN:
SF:/Users/okuni/WebstormProjects/fur/lib/icons/_define_icon.js
FN:14,(anonymous_1)
FNF:1
FNH:1
FNDA:3,(anonymous_1)
DA:12,1
DA:14,1
DA:15,3
DA:16,3
LF:4
LH:4
BRDA:15,1,0,3
BRDA:15,1,1,2
BRF:2
BRH:2
end_of_record
TN:
SF:/Users/okuni/WebstormProjects/fur/lib/icons/text_icon.js
FN:65,(anonymous_1)
FN:89,(anonymous_2)
FNF:2
FNH:2
FNDA:4,(anonymous_1)
FNDA:4,(anonymous_2)
DA:13,1
DA:18,1
DA:66,4
DA:67,4
DA:71,4
DA:72,4
DA:90,4
DA:92,4
LF:8
LH:8
BRDA:69,1,0,4
BRDA:69,1,1,4
BRDA:70,2,0,4
BRDA:70,2,1,4
BRF:4
BRH:4
end_of_record
TN:
SF:/Users/okuni/WebstormProjects/fur/lib/icons/icon.js
FN:58,(anonymous_1)
FN:62,(anonymous_2)
FN:71,(anonymous_3)
FN:95,(anonymous_4)
FNF:4
FNH:4
FNDA:8,(anonymous_1)
FNDA:8,(anonymous_2)
FNDA:7,(anonymous_3)
FNDA:8,(anonymous_4)
DA:14,1
DA:19,1
DA:20,1
DA:59,8
DA:60,8
DA:63,8
DA:64,8
DA:72,7
DA:74,7
DA:96,8
DA:97,8
LF:11
LH:11
BRF:0
BRH:0
end_of_record
TN:
SF:/Users/okuni/WebstormProjects/fur/lib/images/fabric_image.js
FN:22,(anonymous_1)
FN:40,(anonymous_2)
FN:53,(anonymous_3)
FN:59,(anonymous_4)
FN:74,(anonymous_5)
FN:85,(anonymous_6)
FN:93,(anonymous_7)
FN:109,(anonymous_8)
FN:112,(anonymous_9)
FN:122,(anonymous_10)
FN:124,(anonymous_11)
FN:125,(anonymous_12)
FN:136,(anonymous_13)
FN:151,(anonymous_14)
FN:154,(anonymous_15)
FN:161,(anonymous_16)
FN:162,(anonymous_17)
FN:174,(anonymous_18)
FN:191,(anonymous_19)
FN:198,(anonymous_20)
FN:200,(anonymous_21)
FN:204,(anonymous_22)
FNF:22
FNH:20
FNDA:12,(anonymous_1)
FNDA:3,(anonymous_2)
FNDA:8,(anonymous_3)
FNDA:2,(anonymous_4)
FNDA:8,(anonymous_5)
FNDA:0,(anonymous_6)
FNDA:8,(anonymous_7)
FNDA:5,(anonymous_8)
FNDA:5,(anonymous_9)
FNDA:6,(anonymous_10)
FNDA:3,(anonymous_11)
FNDA:3,(anonymous_12)
FNDA:6,(anonymous_13)
FNDA:1,(anonymous_14)
FNDA:1,(anonymous_15)
FNDA:1,(anonymous_16)
FNDA:1,(anonymous_17)
FNDA:2,(anonymous_18)
FNDA:1,(anonymous_19)
FNDA:1,(anonymous_20)
FNDA:0,(anonymous_21)
FNDA:1,(anonymous_22)
DA:12,1
DA:21,1
DA:23,12
DA:24,12
DA:25,12
DA:41,3
DA:42,3
DA:46,3
DA:54,8
DA:55,8
DA:56,0
DA:57,0
DA:59,8
DA:60,2
DA:61,2
DA:62,2
DA:64,0
DA:67,8
DA:75,8
DA:76,8
DA:77,8
DA:78,8
DA:86,0
DA:94,8
DA:96,8
DA:97,8
DA:98,8
DA:99,12
DA:101,8
DA:102,8
DA:110,5
DA:112,5
DA:113,5
DA:114,0
DA:115,0
DA:117,5
DA:118,5
DA:119,5
DA:123,6
DA:124,6
DA:125,3
DA:126,3
DA:127,0
DA:128,0
DA:130,3
DA:134,3
DA:137,6
DA:138,0
DA:139,0
DA:141,6
DA:142,6
DA:152,1
DA:153,1
DA:154,1
DA:156,1
DA:158,1
DA:162,1
DA:163,1
DA:175,2
DA:176,2
DA:178,2
DA:179,2
DA:181,0
DA:182,0
DA:184,0
DA:185,0
DA:191,1
DA:192,1
DA:193,1
DA:195,1
DA:198,1
DA:199,1
DA:200,1
DA:201,0
DA:202,0
DA:204,1
DA:205,1
DA:206,1
LF:78
LH:62
BRDA:55,1,0,0
BRDA:55,1,1,8
BRDA:113,2,0,0
BRDA:113,2,1,5
BRDA:126,3,0,0
BRDA:126,3,1,3
BRDA:137,4,0,0
BRDA:137,4,1,6
BRDA:176,5,0,2
BRDA:176,5,1,0
BRDA:176,5,2,0
BRDA:192,6,0,1
BRDA:192,6,1,0
BRDA:201,7,0,0
BRDA:201,7,1,0
BRDA:205,8,0,1
BRDA:205,8,1,1
BRF:17
BRH:8
end_of_record
TN:
SF:/Users/okuni/WebstormProjects/fur/lib/commands/ico.js
FN:18,ico
FN:19,(anonymous_2)
FNF:2
FNH:2
FNDA:1,ico
FNDA:1,(anonymous_2)
DA:15,1
DA:18,1
DA:19,1
DA:20,1
DA:21,1
DA:23,1
LF:6
LH:6
BRDA:20,1,0,1
BRDA:20,1,1,0
BRDA:23,2,0,1
BRDA:23,2,1,1
BRF:4
BRH:3
end_of_record
TN:
SF:/Users/okuni/WebstormProjects/fur/lib/convert_png_to_ico.js
FN:14,convertPngToIco
FN:24,(anonymous_2)
FNF:2
FNH:2
FNDA:2,convertPngToIco
FNDA:2,(anonymous_2)
DA:12,1
DA:14,1
DA:15,2
DA:25,2
LF:4
LH:4
BRDA:25,1,0,2
BRDA:25,1,1,2
BRDA:25,1,2,2
BRF:3
BRH:3
end_of_record
TN:
SF:/Users/okuni/WebstormProjects/fur/support/shields/svg-to-img.js
FN:14,(anonymous_1)
FN:26,(anonymous_2)
FN:32,(anonymous_3)
FN:37,(anonymous_4)
FN:45,addToCache
FN:69,DataStream
FN:75,(anonymous_7)
FNF:7
FNH:5
FNDA:1,(anonymous_1)
FNDA:1,(anonymous_2)
FNDA:1,(anonymous_3)
FNDA:1,(anonymous_4)
FNDA:1,addToCache
FNDA:0,DataStream
FNDA:0,(anonymous_7)
DA:1,1
DA:2,1
DA:3,1
DA:4,1
DA:5,1
DA:6,1
DA:8,1
DA:9,1
DA:10,1
DA:12,1
DA:14,1
DA:15,1
DA:16,1
DA:18,0
DA:19,0
DA:20,0
DA:22,1
DA:25,1
DA:27,1
DA:28,1
DA:29,1
DA:30,1
DA:31,1
DA:32,1
DA:33,1
DA:34,1
DA:37,1
DA:38,1
DA:39,1
DA:40,1
DA:45,1
DA:46,1
DA:47,1
DA:48,1
DA:49,1
DA:51,0
DA:52,0
DA:53,0
DA:54,0
DA:55,0
DA:59,0
DA:60,0
DA:62,1
DA:67,1
DA:68,1
DA:69,1
DA:70,0
DA:71,0
DA:72,0
DA:74,1
DA:75,1
DA:76,0
DA:77,0
DA:78,0
DA:79,0
DA:81,0
LF:56
LH:38
BRDA:16,1,0,0
BRDA:16,1,1,1
BRDA:27,2,0,0
BRDA:27,2,1,1
BRDA:28,3,0,0
BRDA:28,3,1,1
BRDA:29,4,0,0
BRDA:29,4,1,1
BRDA:29,5,0,0
BRDA:29,5,1,0
BRDA:49,6,0,0
BRDA:49,6,1,1
BRDA:53,7,0,0
BRDA:53,7,1,0
BRDA:79,8,0,0
BRDA:79,8,1,0
BRF:16
BRH:5
end_of_record
TN:
SF:/Users/okuni/WebstormProjects/fur/lib/util/alphabetical_index.js
FN:12,alphabeticalIndex
FNF:1
FNH:1
FNDA:11,alphabeticalIndex
DA:12,1
DA:13,11
DA:14,11
DA:15,4
DA:17,11
DA:18,11
LF:6
LH:6
BRDA:14,1,0,4
BRDA:14,1,1,7
BRF:2
BRH:2
end_of_record
TN:
SF:/Users/okuni/WebstormProjects/fur/lib/util/copy_file.js
FN:13,copyFile
FN:14,(anonymous_2)
FN:25,(anonymous_3)
FN:32,(anonymous_4)
FN:33,(anonymous_5)
FNF:5
FNH:5
FNDA:2,copyFile
FNDA:2,(anonymous_2)
FNDA:1,(anonymous_3)
FNDA:2,(anonymous_4)
FNDA:2,(anonymous_5)
DA:12,1
DA:13,1
DA:14,2
DA:15,2
DA:16,1
DA:17,1
DA:19,1
DA:22,1
DA:23,1
DA:24,1
DA:25,1
DA:26,1
DA:28,1
DA:32,1
DA:33,2
DA:34,2
DA:35,2
LF:17
LH:17
BRDA:15,1,0,1
BRDA:15,1,1,1
BRDA:34,2,0,2
BRDA:34,2,1,1
BRF:4
BRH:4
end_of_record
TN:
SF:/Users/okuni/WebstormProjects/fur/lib/util/render_dot_tmpl.js
FN:18,(anonymous_1)
FN:20,(anonymous_2)
FN:23,(anonymous_3)
FN:30,(anonymous_4)
FN:32,(anonymous_5)
FN:33,(anonymous_6)
FN:41,(anonymous_7)
FN:52,(anonymous_8)
FN:55,(anonymous_9)
FN:58,(anonymous_10)
FN:67,(anonymous_11)
FNF:11
FNH:11
FNDA:1,(anonymous_1)
FNDA:1,(anonymous_2)
FNDA:1,(anonymous_3)
FNDA:1,(anonymous_4)
FNDA:1,(anonymous_5)
FNDA:1,(anonymous_6)
FNDA:1,(anonymous_7)
FNDA:2,(anonymous_8)
FNDA:2,(anonymous_9)
FNDA:2,(anonymous_10)
FNDA:2,(anonymous_11)
DA:14,1
DA:18,1
DA:19,1
DA:21,1
DA:24,1
DA:25,1
DA:30,1
DA:31,1
DA:33,1
DA:34,1
DA:35,0
DA:37,1
DA:42,1
DA:43,1
DA:44,0
DA:46,1
DA:52,1
DA:53,2
DA:54,2
DA:56,2
DA:59,2
DA:63,0
DA:67,1
DA:68,2
DA:69,2
DA:70,2
DA:71,2
DA:73,0
DA:78,1
LF:29
LH:25
BRDA:34,1,0,0
BRDA:34,1,1,1
BRDA:42,2,0,1
BRDA:42,2,1,0
BRDA:43,3,0,0
BRDA:43,3,1,1
BRDA:53,4,0,2
BRDA:53,4,1,0
BRF:8
BRH:4
end_of_record
TN:
SF:/Users/okuni/WebstormProjects/fur/lib/util/write_readonly_file.js
FN:14,(anonymous_1)
FN:16,(anonymous_2)
FN:17,(anonymous_3)
FN:25,(anonymous_4)
FN:28,(anonymous_5)
FNF:5
FNH:5
FNDA:2,(anonymous_1)
FNDA:2,(anonymous_2)
FNDA:2,(anonymous_3)
FNDA:2,(anonymous_4)
FNDA:2,(anonymous_5)
DA:11,1
DA:14,1
DA:15,2
DA:17,2
DA:18,2
DA:19,2
DA:21,0
DA:26,2
DA:29,2
LF:9
LH:8
BRDA:18,1,0,2
BRDA:18,1,1,0
BRF:2
BRH:1
end_of_record
TN:
SF:/Users/okuni/WebstormProjects/fur/lib/util/write_svg_file.js
FN:16,(anonymous_1)
FN:17,(anonymous_2)
FNF:2
FNH:2
FNDA:1,(anonymous_1)
FNDA:1,(anonymous_2)
DA:12,1
DA:16,1
DA:17,1
DA:18,1
DA:19,0
DA:20,0
DA:22,1
LF:7
LH:5
BRDA:18,1,0,0
BRDA:18,1,1,1
BRF:2
BRH:1
end_of_record
